2023-05-11 12:13:38.7804|1|WARN|Microsoft.AspNetCore.Localization.RequestLocalizationMiddleware|CookieRequestCultureProvider returned the following unsupported cultures 'te-IN'. |url: http://localhost/|action: 
2023-05-11 12:13:38.8627|3|WARN|Microsoft.AspNetCore.HttpsPolicy.HttpsRedirectionMiddleware|Failed to determine the https port for redirect. |url: http://localhost/|action: 
2023-05-11 12:13:41.3853|1|WARN|Microsoft.AspNetCore.Localization.RequestLocalizationMiddleware|CookieRequestCultureProvider returned the following unsupported cultures 'te-IN'. |url: http://localhost/css/material.min.css|action: 
2023-05-11 12:13:41.3853|1|WARN|Microsoft.AspNetCore.Localization.RequestLocalizationMiddleware|CookieRequestCultureProvider returned the following unsupported cultures 'te-IN'. |url: http://localhost/css/all.min.css|action: 
2023-05-11 12:13:41.3985|1|WARN|Microsoft.AspNetCore.Localization.RequestLocalizationMiddleware|CookieRequestCultureProvider returned the following unsupported cultures 'te-IN'. |url: http://localhost/lib/bootstrap/dist/css/bootstrap.min.css|action: 
2023-05-11 12:13:41.4349|1|WARN|Microsoft.AspNetCore.Localization.RequestLocalizationMiddleware|CookieRequestCultureProvider returned the following unsupported cultures 'te-IN'. |url: http://localhost/css/bootstrap-select.css|action: 
2023-05-11 12:13:41.4523|1|WARN|Microsoft.AspNetCore.Localization.RequestLocalizationMiddleware|CookieRequestCultureProvider returned the following unsupported cultures 'te-IN'. |url: http://localhost/css/esyaTheme.css|action: 
2023-05-11 12:13:41.5233|1|WARN|Microsoft.AspNetCore.Localization.RequestLocalizationMiddleware|CookieRequestCultureProvider returned the following unsupported cultures 'te-IN'. |url: http://localhost/fonts/fa-solid-900.woff2|action: 
2023-05-11 12:13:41.6013|1|WARN|Microsoft.AspNetCore.Localization.RequestLocalizationMiddleware|CookieRequestCultureProvider returned the following unsupported cultures 'te-IN'. |url: http://localhost/fonts/esyaFonts/Roboto/Roboto-Regular.ttf|action: 
2023-05-11 12:13:41.6167|1|WARN|Microsoft.AspNetCore.Localization.RequestLocalizationMiddleware|CookieRequestCultureProvider returned the following unsupported cultures 'te-IN'. |url: http://localhost/favicon.ico|action: 
2023-05-11 12:13:41.3985|1|WARN|Microsoft.AspNetCore.Localization.RequestLocalizationMiddleware|CookieRequestCultureProvider returned the following unsupported cultures 'te-IN'. |url: http://localhost/js/Inputmask/bindings/inputmask.binding.js|action: 
2023-05-11 12:13:41.7345|1|WARN|Microsoft.AspNetCore.Localization.RequestLocalizationMiddleware|CookieRequestCultureProvider returned the following unsupported cultures 'te-IN'. |url: http://localhost/css/esyafonts.css|action: 
2023-05-11 12:13:41.7468|1|WARN|Microsoft.AspNetCore.Localization.RequestLocalizationMiddleware|CookieRequestCultureProvider returned the following unsupported cultures 'te-IN'. |url: http://localhost/css/animate.css|action: 
2023-05-11 12:13:41.8111|1|WARN|Microsoft.AspNetCore.Localization.RequestLocalizationMiddleware|CookieRequestCultureProvider returned the following unsupported cultures 'te-IN'. |url: http://localhost/css/login.css|action: 
2023-05-11 12:13:58.9294|1|WARN|Microsoft.AspNetCore.Localization.RequestLocalizationMiddleware|CookieRequestCultureProvider returned the following unsupported cultures 'te-IN'. |url: http://localhost/Home/SetLanguage|action: 
2023-05-11 12:13:59.1638|1|WARN|Microsoft.AspNetCore.Localization.RequestLocalizationMiddleware|CookieRequestCultureProvider returned the following unsupported cultures 'ta-IN'. |url: http://localhost/|action: 
2023-05-11 12:14:03.3540|1|WARN|Microsoft.AspNetCore.Localization.RequestLocalizationMiddleware|CookieRequestCultureProvider returned the following unsupported cultures 'ta-IN'. |url: http://localhost/Home/SetLanguage|action: 
2023-05-11 12:14:03.5131|1|WARN|Microsoft.AspNetCore.Localization.RequestLocalizationMiddleware|CookieRequestCultureProvider returned the following unsupported cultures 'te-IN'. |url: http://localhost/|action: 
2023-05-11 12:14:31.5786|1|WARN|Microsoft.AspNetCore.Localization.RequestLocalizationMiddleware|CookieRequestCultureProvider returned the following unsupported cultures 'te-IN'. |url: http://localhost/|action: 
2023-05-11 12:14:31.6285|3|WARN|Microsoft.AspNetCore.HttpsPolicy.HttpsRedirectionMiddleware|Failed to determine the https port for redirect. |url: http://localhost/|action: 
2023-05-11 12:14:33.1487|1|WARN|Microsoft.AspNetCore.Localization.RequestLocalizationMiddleware|CookieRequestCultureProvider returned the following unsupported cultures 'te-IN'. |url: http://localhost/images/logo/esya-logo-black.png|action: 
2023-05-11 12:14:33.1653|1|WARN|Microsoft.AspNetCore.Localization.RequestLocalizationMiddleware|CookieRequestCultureProvider returned the following unsupported cultures 'te-IN'. |url: http://localhost/images/esya-products-yellow-with-footer.jpg|action: 
2023-05-11 12:14:38.9604|1|WARN|Microsoft.AspNetCore.Localization.RequestLocalizationMiddleware|CookieRequestCultureProvider returned the following unsupported cultures 'te-IN'. |url: http://localhost/Home/SetLanguage|action: 
2023-05-11 12:14:42.0464|1|WARN|Microsoft.AspNetCore.Localization.RequestLocalizationMiddleware|CookieRequestCultureProvider returned the following unsupported cultures 'te-IN'. |url: http://localhost/|action: 
