2022-07-21 22:29:37.9937|1|WARN|Microsoft.AspNetCore.Localization.RequestLocalizationMiddleware|CookieRequestCultureProvider returned the following unsupported cultures 'en'. |url: http://localhost/|action: 
2022-07-21 22:29:38.1416|2|WARN|Microsoft.AspNetCore.Localization.RequestLocalizationMiddleware|CookieRequestCultureProvider returned the following unsupported UI Cultures 'en'. |url: http://localhost/|action: 
2022-07-21 22:29:38.1862|3|WARN|Microsoft.AspNetCore.HttpsPolicy.HttpsRedirectionMiddleware|Failed to determine the https port for redirect. |url: http://localhost/|action: 
2022-07-21 22:29:44.5034|1|WARN|Microsoft.AspNetCore.Localization.RequestLocalizationMiddleware|CookieRequestCultureProvider returned the following unsupported cultures 'en'. |url: http://localhost/css/all.min.css|action: 
2022-07-21 22:29:44.5457|1|WARN|Microsoft.AspNetCore.Localization.RequestLocalizationMiddleware|CookieRequestCultureProvider returned the following unsupported cultures 'en'. |url: http://localhost/css/animate.css|action: 
2022-07-21 22:29:44.5796|2|WARN|Microsoft.AspNetCore.Localization.RequestLocalizationMiddleware|CookieRequestCultureProvider returned the following unsupported UI Cultures 'en'. |url: http://localhost/css/all.min.css|action: 
2022-07-21 22:29:44.6122|1|WARN|Microsoft.AspNetCore.Localization.RequestLocalizationMiddleware|CookieRequestCultureProvider returned the following unsupported cultures 'en'. |url: http://localhost/css/material.min.css|action: 
2022-07-21 22:29:44.6452|2|WARN|Microsoft.AspNetCore.Localization.RequestLocalizationMiddleware|CookieRequestCultureProvider returned the following unsupported UI Cultures 'en'. |url: http://localhost/css/animate.css|action: 
2022-07-21 22:29:44.7255|2|WARN|Microsoft.AspNetCore.Localization.RequestLocalizationMiddleware|CookieRequestCultureProvider returned the following unsupported UI Cultures 'en'. |url: http://localhost/css/material.min.css|action: 
2022-07-21 22:29:44.7600|1|WARN|Microsoft.AspNetCore.Localization.RequestLocalizationMiddleware|CookieRequestCultureProvider returned the following unsupported cultures 'en'. |url: http://localhost/lib/bootstrap/dist/css/bootstrap.min.css|action: 
2022-07-21 22:29:44.9838|2|WARN|Microsoft.AspNetCore.Localization.RequestLocalizationMiddleware|CookieRequestCultureProvider returned the following unsupported UI Cultures 'en'. |url: http://localhost/lib/bootstrap/dist/css/bootstrap.min.css|action: 
2022-07-21 22:29:45.0245|1|WARN|Microsoft.AspNetCore.Localization.RequestLocalizationMiddleware|CookieRequestCultureProvider returned the following unsupported cultures 'en'. |url: http://localhost/css/esyaTheme.css|action: 
2022-07-21 22:29:45.0710|1|WARN|Microsoft.AspNetCore.Localization.RequestLocalizationMiddleware|CookieRequestCultureProvider returned the following unsupported cultures 'en'. |url: http://localhost/css/esyafonts.css|action: 
2022-07-21 22:29:45.1151|2|WARN|Microsoft.AspNetCore.Localization.RequestLocalizationMiddleware|CookieRequestCultureProvider returned the following unsupported UI Cultures 'en'. |url: http://localhost/css/esyaTheme.css|action: 
2022-07-21 22:29:45.1447|2|WARN|Microsoft.AspNetCore.Localization.RequestLocalizationMiddleware|CookieRequestCultureProvider returned the following unsupported UI Cultures 'en'. |url: http://localhost/css/esyafonts.css|action: 
2022-07-21 22:29:45.0460|1|WARN|Microsoft.AspNetCore.Localization.RequestLocalizationMiddleware|CookieRequestCultureProvider returned the following unsupported cultures 'en'. |url: http://localhost/js/Inputmask/bindings/inputmask.binding.js|action: 
2022-07-21 22:29:45.3191|2|WARN|Microsoft.AspNetCore.Localization.RequestLocalizationMiddleware|CookieRequestCultureProvider returned the following unsupported UI Cultures 'en'. |url: http://localhost/js/Inputmask/bindings/inputmask.binding.js|action: 
2022-07-21 22:29:45.5364|1|WARN|Microsoft.AspNetCore.Localization.RequestLocalizationMiddleware|CookieRequestCultureProvider returned the following unsupported cultures 'en'. |url: http://localhost/css/login.css|action: 
2022-07-21 22:29:45.5603|1|WARN|Microsoft.AspNetCore.Localization.RequestLocalizationMiddleware|CookieRequestCultureProvider returned the following unsupported cultures 'en'. |url: http://localhost/css/bootstrap-select.css|action: 
2022-07-21 22:29:45.6105|2|WARN|Microsoft.AspNetCore.Localization.RequestLocalizationMiddleware|CookieRequestCultureProvider returned the following unsupported UI Cultures 'en'. |url: http://localhost/css/login.css|action: 
2022-07-21 22:29:45.6335|2|WARN|Microsoft.AspNetCore.Localization.RequestLocalizationMiddleware|CookieRequestCultureProvider returned the following unsupported UI Cultures 'en'. |url: http://localhost/css/bootstrap-select.css|action: 
2022-07-21 22:29:45.8042|1|WARN|Microsoft.AspNetCore.Localization.RequestLocalizationMiddleware|CookieRequestCultureProvider returned the following unsupported cultures 'en'. |url: http://localhost/favicon.ico|action: 
2022-07-21 22:29:45.8343|1|WARN|Microsoft.AspNetCore.Localization.RequestLocalizationMiddleware|CookieRequestCultureProvider returned the following unsupported cultures 'en'. |url: http://localhost/fonts/esyaFonts/Roboto/Roboto-Regular.ttf|action: 
2022-07-21 22:29:45.8658|1|WARN|Microsoft.AspNetCore.Localization.RequestLocalizationMiddleware|CookieRequestCultureProvider returned the following unsupported cultures 'en'. |url: http://localhost/fonts/fa-solid-900.woff2|action: 
2022-07-21 22:29:45.8921|2|WARN|Microsoft.AspNetCore.Localization.RequestLocalizationMiddleware|CookieRequestCultureProvider returned the following unsupported UI Cultures 'en'. |url: http://localhost/favicon.ico|action: 
2022-07-21 22:29:45.9173|2|WARN|Microsoft.AspNetCore.Localization.RequestLocalizationMiddleware|CookieRequestCultureProvider returned the following unsupported UI Cultures 'en'. |url: http://localhost/fonts/esyaFonts/Roboto/Roboto-Regular.ttf|action: 
2022-07-21 22:29:45.9392|2|WARN|Microsoft.AspNetCore.Localization.RequestLocalizationMiddleware|CookieRequestCultureProvider returned the following unsupported UI Cultures 'en'. |url: http://localhost/fonts/fa-solid-900.woff2|action: 
2022-07-21 22:42:27.7600|1|WARN|Microsoft.AspNetCore.Localization.RequestLocalizationMiddleware|CookieRequestCultureProvider returned the following unsupported cultures 'en'. |url: http://localhost/|action: 
2022-07-21 22:42:27.8861|2|WARN|Microsoft.AspNetCore.Localization.RequestLocalizationMiddleware|CookieRequestCultureProvider returned the following unsupported UI Cultures 'en'. |url: http://localhost/|action: 
2022-07-21 22:42:27.9236|3|WARN|Microsoft.AspNetCore.HttpsPolicy.HttpsRedirectionMiddleware|Failed to determine the https port for redirect. |url: http://localhost/|action: 
2022-07-21 22:42:31.5928|1|WARN|Microsoft.AspNetCore.Localization.RequestLocalizationMiddleware|CookieRequestCultureProvider returned the following unsupported cultures 'en'. |url: http://localhost/js/Inputmask/bindings/inputmask.binding.js|action: 
2022-07-21 22:42:31.6156|1|WARN|Microsoft.AspNetCore.Localization.RequestLocalizationMiddleware|CookieRequestCultureProvider returned the following unsupported cultures 'en'. |url: http://localhost/css/material.min.css|action: 
2022-07-21 22:42:31.6598|2|WARN|Microsoft.AspNetCore.Localization.RequestLocalizationMiddleware|CookieRequestCultureProvider returned the following unsupported UI Cultures 'en'. |url: http://localhost/js/Inputmask/bindings/inputmask.binding.js|action: 
2022-07-21 22:42:31.6828|2|WARN|Microsoft.AspNetCore.Localization.RequestLocalizationMiddleware|CookieRequestCultureProvider returned the following unsupported UI Cultures 'en'. |url: http://localhost/css/material.min.css|action: 
2022-07-21 22:42:31.7040|1|WARN|Microsoft.AspNetCore.Localization.RequestLocalizationMiddleware|CookieRequestCultureProvider returned the following unsupported cultures 'en'. |url: http://localhost/fonts/fa-solid-900.woff2|action: 
2022-07-21 22:42:31.7860|2|WARN|Microsoft.AspNetCore.Localization.RequestLocalizationMiddleware|CookieRequestCultureProvider returned the following unsupported UI Cultures 'en'. |url: http://localhost/fonts/fa-solid-900.woff2|action: 
2022-07-21 22:42:31.8092|1|WARN|Microsoft.AspNetCore.Localization.RequestLocalizationMiddleware|CookieRequestCultureProvider returned the following unsupported cultures 'en'. |url: http://localhost/css/bootstrap-select.css|action: 
2022-07-21 22:42:31.5712|1|WARN|Microsoft.AspNetCore.Localization.RequestLocalizationMiddleware|CookieRequestCultureProvider returned the following unsupported cultures 'en'. |url: http://localhost/lib/bootstrap/dist/css/bootstrap.min.css|action: 
2022-07-21 22:42:31.9691|1|WARN|Microsoft.AspNetCore.Localization.RequestLocalizationMiddleware|CookieRequestCultureProvider returned the following unsupported cultures 'en'. |url: http://localhost/fonts/esyaFonts/Roboto/Roboto-Regular.ttf|action: 
2022-07-21 22:42:32.0112|2|WARN|Microsoft.AspNetCore.Localization.RequestLocalizationMiddleware|CookieRequestCultureProvider returned the following unsupported UI Cultures 'en'. |url: http://localhost/css/bootstrap-select.css|action: 
2022-07-21 22:42:32.0354|2|WARN|Microsoft.AspNetCore.Localization.RequestLocalizationMiddleware|CookieRequestCultureProvider returned the following unsupported UI Cultures 'en'. |url: http://localhost/lib/bootstrap/dist/css/bootstrap.min.css|action: 
2022-07-21 22:42:32.0573|2|WARN|Microsoft.AspNetCore.Localization.RequestLocalizationMiddleware|CookieRequestCultureProvider returned the following unsupported UI Cultures 'en'. |url: http://localhost/fonts/esyaFonts/Roboto/Roboto-Regular.ttf|action: 
2022-07-21 22:42:32.2364|1|WARN|Microsoft.AspNetCore.Localization.RequestLocalizationMiddleware|CookieRequestCultureProvider returned the following unsupported cultures 'en'. |url: http://localhost/css/animate.css|action: 
2022-07-21 22:42:32.2564|1|WARN|Microsoft.AspNetCore.Localization.RequestLocalizationMiddleware|CookieRequestCultureProvider returned the following unsupported cultures 'en'. |url: http://localhost/images/esya-products-yellow-with-footer.jpg|action: 
2022-07-21 22:42:32.3013|2|WARN|Microsoft.AspNetCore.Localization.RequestLocalizationMiddleware|CookieRequestCultureProvider returned the following unsupported UI Cultures 'en'. |url: http://localhost/css/animate.css|action: 
2022-07-21 22:42:32.3234|1|WARN|Microsoft.AspNetCore.Localization.RequestLocalizationMiddleware|CookieRequestCultureProvider returned the following unsupported cultures 'en'. |url: http://localhost/images/logo/esya-logo-black.png|action: 
2022-07-21 22:42:32.3500|2|WARN|Microsoft.AspNetCore.Localization.RequestLocalizationMiddleware|CookieRequestCultureProvider returned the following unsupported UI Cultures 'en'. |url: http://localhost/images/esya-products-yellow-with-footer.jpg|action: 
2022-07-21 22:42:32.3919|2|WARN|Microsoft.AspNetCore.Localization.RequestLocalizationMiddleware|CookieRequestCultureProvider returned the following unsupported UI Cultures 'en'. |url: http://localhost/images/logo/esya-logo-black.png|action: 
2022-07-21 22:42:32.5508|1|WARN|Microsoft.AspNetCore.Localization.RequestLocalizationMiddleware|CookieRequestCultureProvider returned the following unsupported cultures 'en'. |url: http://localhost/favicon.ico|action: 
2022-07-21 22:42:32.6240|2|WARN|Microsoft.AspNetCore.Localization.RequestLocalizationMiddleware|CookieRequestCultureProvider returned the following unsupported UI Cultures 'en'. |url: http://localhost/favicon.ico|action: 
2022-07-21 22:43:56.8445|1|WARN|Microsoft.AspNetCore.Localization.RequestLocalizationMiddleware|CookieRequestCultureProvider returned the following unsupported cultures 'en'. |url: http://localhost/|action: 
2022-07-21 22:43:56.8841|2|WARN|Microsoft.AspNetCore.Localization.RequestLocalizationMiddleware|CookieRequestCultureProvider returned the following unsupported UI Cultures 'en'. |url: http://localhost/|action: 
2022-07-21 22:44:04.6236|1|WARN|Microsoft.AspNetCore.Localization.RequestLocalizationMiddleware|CookieRequestCultureProvider returned the following unsupported cultures 'en'. |url: http://localhost/esyaAccount/Login|action: 
2022-07-21 22:44:04.6555|2|WARN|Microsoft.AspNetCore.Localization.RequestLocalizationMiddleware|CookieRequestCultureProvider returned the following unsupported UI Cultures 'en'. |url: http://localhost/esyaAccount/Login|action: 
2022-07-21 22:44:13.2510|1|WARN|Microsoft.AspNetCore.Localization.RequestLocalizationMiddleware|CookieRequestCultureProvider returned the following unsupported cultures 'en'. |url: http://localhost/eSyaAccount/Login|action: 
2022-07-21 22:44:13.2814|2|WARN|Microsoft.AspNetCore.Localization.RequestLocalizationMiddleware|CookieRequestCultureProvider returned the following unsupported UI Cultures 'en'. |url: http://localhost/eSyaAccount/Login|action: 
2022-07-21 22:44:13.7197|1|WARN|Microsoft.AspNetCore.Localization.RequestLocalizationMiddleware|CookieRequestCultureProvider returned the following unsupported cultures 'en'. |url: http://localhost/Configure/FormNames/ECA_01_00|action: 
2022-07-21 22:44:13.7483|2|WARN|Microsoft.AspNetCore.Localization.RequestLocalizationMiddleware|CookieRequestCultureProvider returned the following unsupported UI Cultures 'en'. |url: http://localhost/Configure/FormNames/ECA_01_00|action: 
2022-07-21 22:44:18.6194|1|WARN|Microsoft.AspNetCore.Localization.RequestLocalizationMiddleware|CookieRequestCultureProvider returned the following unsupported cultures 'en'. |url: http://localhost/css/jqgridcustomstyle.css|action: 
2022-07-21 22:44:18.6468|1|WARN|Microsoft.AspNetCore.Localization.RequestLocalizationMiddleware|CookieRequestCultureProvider returned the following unsupported cultures 'en'. |url: http://localhost/css/master.css|action: 
2022-07-21 22:44:18.6730|2|WARN|Microsoft.AspNetCore.Localization.RequestLocalizationMiddleware|CookieRequestCultureProvider returned the following unsupported UI Cultures 'en'. |url: http://localhost/css/jqgridcustomstyle.css|action: 
2022-07-21 22:44:18.7093|1|WARN|Microsoft.AspNetCore.Localization.RequestLocalizationMiddleware|CookieRequestCultureProvider returned the following unsupported cultures 'en'. |url: http://localhost/css/ui.jqgrid.css|action: 
2022-07-21 22:44:18.7314|2|WARN|Microsoft.AspNetCore.Localization.RequestLocalizationMiddleware|CookieRequestCultureProvider returned the following unsupported UI Cultures 'en'. |url: http://localhost/css/master.css|action: 
2022-07-21 22:44:18.7731|2|WARN|Microsoft.AspNetCore.Localization.RequestLocalizationMiddleware|CookieRequestCultureProvider returned the following unsupported UI Cultures 'en'. |url: http://localhost/css/ui.jqgrid.css|action: 
2022-07-21 22:44:18.7856|1|WARN|Microsoft.AspNetCore.Localization.RequestLocalizationMiddleware|CookieRequestCultureProvider returned the following unsupported cultures 'en'. |url: http://localhost/css/site.css|action: 
2022-07-21 22:44:18.9487|2|WARN|Microsoft.AspNetCore.Localization.RequestLocalizationMiddleware|CookieRequestCultureProvider returned the following unsupported UI Cultures 'en'. |url: http://localhost/css/site.css|action: 
2022-07-21 22:44:19.0063|1|WARN|Microsoft.AspNetCore.Localization.RequestLocalizationMiddleware|CookieRequestCultureProvider returned the following unsupported cultures 'en'. |url: http://localhost/images/logo/esya-logo-whitebg.jpeg|action: 
2022-07-21 22:44:19.0716|2|WARN|Microsoft.AspNetCore.Localization.RequestLocalizationMiddleware|CookieRequestCultureProvider returned the following unsupported UI Cultures 'en'. |url: http://localhost/images/logo/esya-logo-whitebg.jpeg|action: 
2022-07-21 22:44:19.1229|1|WARN|Microsoft.AspNetCore.Localization.RequestLocalizationMiddleware|CookieRequestCultureProvider returned the following unsupported cultures 'en'. |url: http://localhost/fonts/fa-regular-400.woff2|action: 
2022-07-21 22:44:19.1947|2|WARN|Microsoft.AspNetCore.Localization.RequestLocalizationMiddleware|CookieRequestCultureProvider returned the following unsupported UI Cultures 'en'. |url: http://localhost/fonts/fa-regular-400.woff2|action: 
2022-07-21 22:44:19.3256|1|WARN|Microsoft.AspNetCore.Localization.RequestLocalizationMiddleware|CookieRequestCultureProvider returned the following unsupported cultures 'en'. |url: http://localhost/css/listswap.css|action: 
2022-07-21 22:44:19.3435|1|WARN|Microsoft.AspNetCore.Localization.RequestLocalizationMiddleware|CookieRequestCultureProvider returned the following unsupported cultures 'en'. |url: http://localhost/js/Inputmask/inputmask-userdefined.js|action: 
2022-07-21 22:44:19.3835|2|WARN|Microsoft.AspNetCore.Localization.RequestLocalizationMiddleware|CookieRequestCultureProvider returned the following unsupported UI Cultures 'en'. |url: http://localhost/css/listswap.css|action: 
2022-07-21 22:44:19.4066|2|WARN|Microsoft.AspNetCore.Localization.RequestLocalizationMiddleware|CookieRequestCultureProvider returned the following unsupported UI Cultures 'en'. |url: http://localhost/js/Inputmask/inputmask-userdefined.js|action: 
2022-07-21 22:44:19.4695|1|WARN|Microsoft.AspNetCore.Localization.RequestLocalizationMiddleware|CookieRequestCultureProvider returned the following unsupported cultures 'en'. |url: http://localhost/js/jsTree.js|action: 
2022-07-21 22:44:19.5601|2|WARN|Microsoft.AspNetCore.Localization.RequestLocalizationMiddleware|CookieRequestCultureProvider returned the following unsupported UI Cultures 'en'. |url: http://localhost/js/jsTree.js|action: 
2022-07-21 22:44:19.4911|1|WARN|Microsoft.AspNetCore.Localization.RequestLocalizationMiddleware|CookieRequestCultureProvider returned the following unsupported cultures 'en'. |url: http://localhost/js/Config/FormsMenu.js|action: 
2022-07-21 22:44:19.6444|2|WARN|Microsoft.AspNetCore.Localization.RequestLocalizationMiddleware|CookieRequestCultureProvider returned the following unsupported UI Cultures 'en'. |url: http://localhost/js/Config/FormsMenu.js|action: 
2022-07-21 22:44:19.6653|1|WARN|Microsoft.AspNetCore.Localization.RequestLocalizationMiddleware|CookieRequestCultureProvider returned the following unsupported cultures 'en'. |url: http://localhost/css/jsTree.css|action: 
2022-07-21 22:44:19.7550|2|WARN|Microsoft.AspNetCore.Localization.RequestLocalizationMiddleware|CookieRequestCultureProvider returned the following unsupported UI Cultures 'en'. |url: http://localhost/css/jsTree.css|action: 
2022-07-21 22:44:19.7368|1|WARN|Microsoft.AspNetCore.Localization.RequestLocalizationMiddleware|CookieRequestCultureProvider returned the following unsupported cultures 'en'. |url: http://localhost/js/jquery.listswap.js|action: 
2022-07-21 22:44:19.8909|2|WARN|Microsoft.AspNetCore.Localization.RequestLocalizationMiddleware|CookieRequestCultureProvider returned the following unsupported UI Cultures 'en'. |url: http://localhost/js/jquery.listswap.js|action: 
2022-07-21 22:44:19.9091|1|WARN|Microsoft.AspNetCore.Localization.RequestLocalizationMiddleware|CookieRequestCultureProvider returned the following unsupported cultures 'en'. |url: http://localhost/css/jquery-ui.min.css|action: 
2022-07-21 22:44:19.9856|2|WARN|Microsoft.AspNetCore.Localization.RequestLocalizationMiddleware|CookieRequestCultureProvider returned the following unsupported UI Cultures 'en'. |url: http://localhost/css/jquery-ui.min.css|action: 
2022-07-21 22:44:20.1367|1|WARN|Microsoft.AspNetCore.Localization.RequestLocalizationMiddleware|CookieRequestCultureProvider returned the following unsupported cultures 'en'. |url: http://localhost/FormNames/GetFormList|action: 
2022-07-21 22:44:20.1638|2|WARN|Microsoft.AspNetCore.Localization.RequestLocalizationMiddleware|CookieRequestCultureProvider returned the following unsupported UI Cultures 'en'. |url: http://localhost/FormNames/GetFormList|action: 
2022-07-21 22:44:21.5032|1|WARN|Microsoft.AspNetCore.Localization.RequestLocalizationMiddleware|CookieRequestCultureProvider returned the following unsupported cultures 'en'. |url: http://localhost/json/menuitem.json|action: 
2022-07-21 22:44:21.5473|1|WARN|Microsoft.AspNetCore.Localization.RequestLocalizationMiddleware|CookieRequestCultureProvider returned the following unsupported cultures 'en'. |url: http://localhost/images/jsTree/openfolder.png|action: 
2022-07-21 22:44:21.5670|1|WARN|Microsoft.AspNetCore.Localization.RequestLocalizationMiddleware|CookieRequestCultureProvider returned the following unsupported cultures 'en'. |url: http://localhost/images/jsTree/foldergroupicon.png|action: 
2022-07-21 22:44:21.5913|2|WARN|Microsoft.AspNetCore.Localization.RequestLocalizationMiddleware|CookieRequestCultureProvider returned the following unsupported UI Cultures 'en'. |url: http://localhost/json/menuitem.json|action: 
2022-07-21 22:44:21.6144|2|WARN|Microsoft.AspNetCore.Localization.RequestLocalizationMiddleware|CookieRequestCultureProvider returned the following unsupported UI Cultures 'en'. |url: http://localhost/images/jsTree/openfolder.png|action: 
2022-07-21 22:44:21.6335|2|WARN|Microsoft.AspNetCore.Localization.RequestLocalizationMiddleware|CookieRequestCultureProvider returned the following unsupported UI Cultures 'en'. |url: http://localhost/images/jsTree/foldergroupicon.png|action: 
2022-07-21 22:44:21.4592|1|WARN|Microsoft.AspNetCore.Localization.RequestLocalizationMiddleware|CookieRequestCultureProvider returned the following unsupported cultures 'en'. |url: http://localhost/images/jsTree/throbber.gif|action: 
2022-07-21 22:44:21.7385|2|WARN|Microsoft.AspNetCore.Localization.RequestLocalizationMiddleware|CookieRequestCultureProvider returned the following unsupported UI Cultures 'en'. |url: http://localhost/images/jsTree/throbber.gif|action: 
2022-07-21 22:44:21.4964|1|WARN|Microsoft.AspNetCore.Localization.RequestLocalizationMiddleware|CookieRequestCultureProvider returned the following unsupported cultures 'en'. |url: http://localhost/json/errormessage.json|action: 
2022-07-21 22:44:21.8939|1|WARN|Microsoft.AspNetCore.Localization.RequestLocalizationMiddleware|CookieRequestCultureProvider returned the following unsupported cultures 'en'. |url: http://localhost/images/jsTree/32px.png|action: 
2022-07-21 22:44:21.9588|2|WARN|Microsoft.AspNetCore.Localization.RequestLocalizationMiddleware|CookieRequestCultureProvider returned the following unsupported UI Cultures 'en'. |url: http://localhost/json/errormessage.json|action: 
2022-07-21 22:44:21.9781|2|WARN|Microsoft.AspNetCore.Localization.RequestLocalizationMiddleware|CookieRequestCultureProvider returned the following unsupported UI Cultures 'en'. |url: http://localhost/images/jsTree/32px.png|action: 
2022-07-21 22:44:33.6377|1|WARN|Microsoft.AspNetCore.Localization.RequestLocalizationMiddleware|CookieRequestCultureProvider returned the following unsupported cultures 'en'. |url: http://localhost/eSyaConfig/SMSEngine/V_117_00|action: 
2022-07-21 22:44:33.6682|2|WARN|Microsoft.AspNetCore.Localization.RequestLocalizationMiddleware|CookieRequestCultureProvider returned the following unsupported UI Cultures 'en'. |url: http://localhost/eSyaConfig/SMSEngine/V_117_00|action: 
2022-07-21 22:44:35.8862|1|WARN|Microsoft.AspNetCore.Localization.RequestLocalizationMiddleware|CookieRequestCultureProvider returned the following unsupported cultures 'en'. |url: http://localhost/js/Config/SMSVariable.js|action: 
2022-07-21 22:44:35.9218|2|WARN|Microsoft.AspNetCore.Localization.RequestLocalizationMiddleware|CookieRequestCultureProvider returned the following unsupported UI Cultures 'en'. |url: http://localhost/js/Config/SMSVariable.js|action: 
2022-07-21 22:44:36.1274|1|WARN|Microsoft.AspNetCore.Localization.RequestLocalizationMiddleware|CookieRequestCultureProvider returned the following unsupported cultures 'en'. |url: http://localhost/json/esyaconfig/localization-en-US.json|action: 
2022-07-21 22:44:36.1650|1|WARN|Microsoft.AspNetCore.Localization.RequestLocalizationMiddleware|CookieRequestCultureProvider returned the following unsupported cultures 'en'. |url: http://localhost/css/images/ui-icons_gold_256x240.png|action: 
2022-07-21 22:44:36.1947|1|WARN|Microsoft.AspNetCore.Localization.RequestLocalizationMiddleware|CookieRequestCultureProvider returned the following unsupported cultures 'en'. |url: http://localhost/SMSEngine/GetSMSVariableInformation|action: 
2022-07-21 22:44:36.2214|2|WARN|Microsoft.AspNetCore.Localization.RequestLocalizationMiddleware|CookieRequestCultureProvider returned the following unsupported UI Cultures 'en'. |url: http://localhost/json/esyaconfig/localization-en-US.json|action: 
2022-07-21 22:44:36.2441|2|WARN|Microsoft.AspNetCore.Localization.RequestLocalizationMiddleware|CookieRequestCultureProvider returned the following unsupported UI Cultures 'en'. |url: http://localhost/css/images/ui-icons_gold_256x240.png|action: 
2022-07-21 22:44:36.2633|2|WARN|Microsoft.AspNetCore.Localization.RequestLocalizationMiddleware|CookieRequestCultureProvider returned the following unsupported UI Cultures 'en'. |url: http://localhost/SMSEngine/GetSMSVariableInformation|action: 
2022-07-21 22:44:36.4309|1|WARN|Microsoft.AspNetCore.Localization.RequestLocalizationMiddleware|CookieRequestCultureProvider returned the following unsupported cultures 'en'. |url: http://localhost/json/esyaconfig/localization.json|action: 
2022-07-21 22:44:36.4999|2|WARN|Microsoft.AspNetCore.Localization.RequestLocalizationMiddleware|CookieRequestCultureProvider returned the following unsupported UI Cultures 'en'. |url: http://localhost/json/esyaconfig/localization.json|action: 
2022-07-21 22:45:28.3428|1|WARN|Microsoft.AspNetCore.Localization.RequestLocalizationMiddleware|CookieRequestCultureProvider returned the following unsupported cultures 'en'. |url: http://localhost/eSyaConfig/SMSEngine/V_115_00|action: 
2022-07-21 22:45:28.3746|2|WARN|Microsoft.AspNetCore.Localization.RequestLocalizationMiddleware|CookieRequestCultureProvider returned the following unsupported UI Cultures 'en'. |url: http://localhost/eSyaConfig/SMSEngine/V_115_00|action: 
2022-07-21 22:45:31.1148|1|WARN|Microsoft.AspNetCore.Localization.RequestLocalizationMiddleware|CookieRequestCultureProvider returned the following unsupported cultures 'en'. |url: http://localhost/js/Config/SMSInformation.js|action: 
2022-07-21 22:45:31.1445|2|WARN|Microsoft.AspNetCore.Localization.RequestLocalizationMiddleware|CookieRequestCultureProvider returned the following unsupported UI Cultures 'en'. |url: http://localhost/js/Config/SMSInformation.js|action: 
2022-07-21 22:45:31.2920|1|WARN|Microsoft.AspNetCore.Localization.RequestLocalizationMiddleware|CookieRequestCultureProvider returned the following unsupported cultures 'en'. |url: http://localhost/json/esyaconfig/localization-en-US.json|action: 
2022-07-21 22:45:31.3115|1|WARN|Microsoft.AspNetCore.Localization.RequestLocalizationMiddleware|CookieRequestCultureProvider returned the following unsupported cultures 'en'. |url: http://localhost/SMSEngine/GetFormDetails|action: 
2022-07-21 22:45:31.3355|2|WARN|Microsoft.AspNetCore.Localization.RequestLocalizationMiddleware|CookieRequestCultureProvider returned the following unsupported UI Cultures 'en'. |url: http://localhost/json/esyaconfig/localization-en-US.json|action: 
2022-07-21 22:45:31.3597|2|WARN|Microsoft.AspNetCore.Localization.RequestLocalizationMiddleware|CookieRequestCultureProvider returned the following unsupported UI Cultures 'en'. |url: http://localhost/SMSEngine/GetFormDetails|action: 
2022-07-21 22:45:34.1737|1|WARN|Microsoft.AspNetCore.Localization.RequestLocalizationMiddleware|CookieRequestCultureProvider returned the following unsupported cultures 'en'. |url: http://localhost/SMSEngine/GetFormDetails|action: 
2022-07-21 22:45:34.1991|2|WARN|Microsoft.AspNetCore.Localization.RequestLocalizationMiddleware|CookieRequestCultureProvider returned the following unsupported UI Cultures 'en'. |url: http://localhost/SMSEngine/GetFormDetails|action: 
2022-07-21 22:45:36.1861|1|WARN|Microsoft.AspNetCore.Localization.RequestLocalizationMiddleware|CookieRequestCultureProvider returned the following unsupported cultures 'en'. |url: http://localhost/SMSEngine/GetSMSHeaderInformationByFormId|action: 
2022-07-21 22:45:36.2236|2|WARN|Microsoft.AspNetCore.Localization.RequestLocalizationMiddleware|CookieRequestCultureProvider returned the following unsupported UI Cultures 'en'. |url: http://localhost/SMSEngine/GetSMSHeaderInformationByFormId|action: 
2022-07-21 22:46:21.6582|1|WARN|Microsoft.AspNetCore.Localization.RequestLocalizationMiddleware|CookieRequestCultureProvider returned the following unsupported cultures 'en'. |url: http://localhost/SMSEngine/GetFormDetails|action: 
2022-07-21 22:46:21.6872|2|WARN|Microsoft.AspNetCore.Localization.RequestLocalizationMiddleware|CookieRequestCultureProvider returned the following unsupported UI Cultures 'en'. |url: http://localhost/SMSEngine/GetFormDetails|action: 
2022-07-21 22:51:39.8492|1|WARN|Microsoft.AspNetCore.Localization.RequestLocalizationMiddleware|CookieRequestCultureProvider returned the following unsupported cultures 'en'. |url: http://localhost/SMSEngine/GetSMSHeaderInformationByFormId|action: 
2022-07-21 22:51:39.8785|2|WARN|Microsoft.AspNetCore.Localization.RequestLocalizationMiddleware|CookieRequestCultureProvider returned the following unsupported UI Cultures 'en'. |url: http://localhost/SMSEngine/GetSMSHeaderInformationByFormId|action: 
2022-07-21 22:51:41.2404|1|WARN|Microsoft.AspNetCore.Localization.RequestLocalizationMiddleware|CookieRequestCultureProvider returned the following unsupported cultures 'en'. |url: http://localhost/SMSEngine/GetActiveSMSVariableInformation|action: 
2022-07-21 22:51:41.2852|2|WARN|Microsoft.AspNetCore.Localization.RequestLocalizationMiddleware|CookieRequestCultureProvider returned the following unsupported UI Cultures 'en'. |url: http://localhost/SMSEngine/GetActiveSMSVariableInformation|action: 
2022-07-21 22:51:49.2250|1|WARN|Microsoft.AspNetCore.Localization.RequestLocalizationMiddleware|CookieRequestCultureProvider returned the following unsupported cultures 'en'. |url: http://localhost/eSyaConfig/SMSEngine/V_117_00|action: 
2022-07-21 22:51:49.2505|2|WARN|Microsoft.AspNetCore.Localization.RequestLocalizationMiddleware|CookieRequestCultureProvider returned the following unsupported UI Cultures 'en'. |url: http://localhost/eSyaConfig/SMSEngine/V_117_00|action: 
2022-07-21 22:51:51.2370|1|WARN|Microsoft.AspNetCore.Localization.RequestLocalizationMiddleware|CookieRequestCultureProvider returned the following unsupported cultures 'en'. |url: http://localhost/json/esyaconfig/localization-en-US.json|action: 
2022-07-21 22:51:51.2628|1|WARN|Microsoft.AspNetCore.Localization.RequestLocalizationMiddleware|CookieRequestCultureProvider returned the following unsupported cultures 'en'. |url: http://localhost/SMSEngine/GetSMSVariableInformation|action: 
2022-07-21 22:51:51.2864|2|WARN|Microsoft.AspNetCore.Localization.RequestLocalizationMiddleware|CookieRequestCultureProvider returned the following unsupported UI Cultures 'en'. |url: http://localhost/json/esyaconfig/localization-en-US.json|action: 
2022-07-21 22:51:51.3085|2|WARN|Microsoft.AspNetCore.Localization.RequestLocalizationMiddleware|CookieRequestCultureProvider returned the following unsupported UI Cultures 'en'. |url: http://localhost/SMSEngine/GetSMSVariableInformation|action: 
2022-07-21 22:51:59.5675|1|WARN|Microsoft.AspNetCore.Localization.RequestLocalizationMiddleware|CookieRequestCultureProvider returned the following unsupported cultures 'en'. |url: http://localhost/eSyaConfig/SMSEngine/V_118_00|action: 
2022-07-21 22:51:59.5935|2|WARN|Microsoft.AspNetCore.Localization.RequestLocalizationMiddleware|CookieRequestCultureProvider returned the following unsupported UI Cultures 'en'. |url: http://localhost/eSyaConfig/SMSEngine/V_118_00|action: 
2022-07-21 22:52:01.1576|1|WARN|Microsoft.AspNetCore.Localization.RequestLocalizationMiddleware|CookieRequestCultureProvider returned the following unsupported cultures 'en'. |url: http://localhost/js/Config/SMSTriggerEvent.js|action: 
2022-07-21 22:52:01.1908|2|WARN|Microsoft.AspNetCore.Localization.RequestLocalizationMiddleware|CookieRequestCultureProvider returned the following unsupported UI Cultures 'en'. |url: http://localhost/js/Config/SMSTriggerEvent.js|action: 
2022-07-21 22:52:01.3652|1|WARN|Microsoft.AspNetCore.Localization.RequestLocalizationMiddleware|CookieRequestCultureProvider returned the following unsupported cultures 'en'. |url: http://localhost/json/esyaconfig/localization-en-US.json|action: 
2022-07-21 22:52:01.3955|1|WARN|Microsoft.AspNetCore.Localization.RequestLocalizationMiddleware|CookieRequestCultureProvider returned the following unsupported cultures 'en'. |url: http://localhost/SMSEngine/GetAllSMSTriggerEvents|action: 
2022-07-21 22:52:01.4140|2|WARN|Microsoft.AspNetCore.Localization.RequestLocalizationMiddleware|CookieRequestCultureProvider returned the following unsupported UI Cultures 'en'. |url: http://localhost/json/esyaconfig/localization-en-US.json|action: 
2022-07-21 22:52:01.4340|2|WARN|Microsoft.AspNetCore.Localization.RequestLocalizationMiddleware|CookieRequestCultureProvider returned the following unsupported UI Cultures 'en'. |url: http://localhost/SMSEngine/GetAllSMSTriggerEvents|action: 
2022-07-21 22:58:36.9322|1|WARN|Microsoft.AspNetCore.Localization.RequestLocalizationMiddleware|CookieRequestCultureProvider returned the following unsupported cultures 'en'. |url: http://localhost/SMSEngine/InsertIntoSMSTriggerEvent|action: 
2022-07-21 22:58:36.9632|2|WARN|Microsoft.AspNetCore.Localization.RequestLocalizationMiddleware|CookieRequestCultureProvider returned the following unsupported UI Cultures 'en'. |url: http://localhost/SMSEngine/InsertIntoSMSTriggerEvent|action: 
2022-07-21 22:58:39.9368|1|WARN|Microsoft.AspNetCore.Localization.RequestLocalizationMiddleware|CookieRequestCultureProvider returned the following unsupported cultures 'en'. |url: http://localhost/SMSEngine/GetAllSMSTriggerEvents|action: 
2022-07-21 22:58:39.9671|2|WARN|Microsoft.AspNetCore.Localization.RequestLocalizationMiddleware|CookieRequestCultureProvider returned the following unsupported UI Cultures 'en'. |url: http://localhost/SMSEngine/GetAllSMSTriggerEvents|action: 
2022-07-21 22:59:04.2043|1|WARN|Microsoft.AspNetCore.Localization.RequestLocalizationMiddleware|CookieRequestCultureProvider returned the following unsupported cultures 'en'. |url: http://localhost/eSyaConfig/SMSEngine/V_115_00|action: 
2022-07-21 22:59:04.2340|2|WARN|Microsoft.AspNetCore.Localization.RequestLocalizationMiddleware|CookieRequestCultureProvider returned the following unsupported UI Cultures 'en'. |url: http://localhost/eSyaConfig/SMSEngine/V_115_00|action: 
2022-07-21 22:59:08.5019|1|WARN|Microsoft.AspNetCore.Localization.RequestLocalizationMiddleware|CookieRequestCultureProvider returned the following unsupported cultures 'en'. |url: http://localhost/json/esyaconfig/localization-en-US.json|action: 
2022-07-21 22:59:08.5296|1|WARN|Microsoft.AspNetCore.Localization.RequestLocalizationMiddleware|CookieRequestCultureProvider returned the following unsupported cultures 'en'. |url: http://localhost/SMSEngine/GetFormDetails|action: 
2022-07-21 22:59:08.5530|2|WARN|Microsoft.AspNetCore.Localization.RequestLocalizationMiddleware|CookieRequestCultureProvider returned the following unsupported UI Cultures 'en'. |url: http://localhost/json/esyaconfig/localization-en-US.json|action: 
2022-07-21 22:59:08.5829|2|WARN|Microsoft.AspNetCore.Localization.RequestLocalizationMiddleware|CookieRequestCultureProvider returned the following unsupported UI Cultures 'en'. |url: http://localhost/SMSEngine/GetFormDetails|action: 
2022-07-21 22:59:15.6265|1|WARN|Microsoft.AspNetCore.Localization.RequestLocalizationMiddleware|CookieRequestCultureProvider returned the following unsupported cultures 'en'. |url: http://localhost/SMSEngine/GetSMSHeaderInformationByFormId|action: 
2022-07-21 22:59:15.6550|2|WARN|Microsoft.AspNetCore.Localization.RequestLocalizationMiddleware|CookieRequestCultureProvider returned the following unsupported UI Cultures 'en'. |url: http://localhost/SMSEngine/GetSMSHeaderInformationByFormId|action: 
2022-07-21 22:59:16.8166|1|WARN|Microsoft.AspNetCore.Localization.RequestLocalizationMiddleware|CookieRequestCultureProvider returned the following unsupported cultures 'en'. |url: http://localhost/SMSEngine/GetActiveSMSVariableInformation|action: 
2022-07-21 22:59:16.8526|2|WARN|Microsoft.AspNetCore.Localization.RequestLocalizationMiddleware|CookieRequestCultureProvider returned the following unsupported UI Cultures 'en'. |url: http://localhost/SMSEngine/GetActiveSMSVariableInformation|action: 
2022-07-21 23:01:36.4667|1|WARN|Microsoft.AspNetCore.Localization.RequestLocalizationMiddleware|CookieRequestCultureProvider returned the following unsupported cultures 'en'. |url: http://localhost/SMSEngine/InsertIntoSMSHeader|action: 
2022-07-21 23:01:36.4973|2|WARN|Microsoft.AspNetCore.Localization.RequestLocalizationMiddleware|CookieRequestCultureProvider returned the following unsupported UI Cultures 'en'. |url: http://localhost/SMSEngine/InsertIntoSMSHeader|action: 
2022-07-21 23:01:37.4163|1|WARN|Microsoft.AspNetCore.Localization.RequestLocalizationMiddleware|CookieRequestCultureProvider returned the following unsupported cultures 'en'. |url: http://localhost/SMSEngine/GetSMSHeaderInformationByFormId|action: 
2022-07-21 23:01:37.4463|2|WARN|Microsoft.AspNetCore.Localization.RequestLocalizationMiddleware|CookieRequestCultureProvider returned the following unsupported UI Cultures 'en'. |url: http://localhost/SMSEngine/GetSMSHeaderInformationByFormId|action: 
2022-07-21 23:01:42.7699|1|WARN|Microsoft.AspNetCore.Localization.RequestLocalizationMiddleware|CookieRequestCultureProvider returned the following unsupported cultures 'en'. |url: http://localhost/SMSEngine/GetSMSHeaderInformationByFormId|action: 
2022-07-21 23:01:42.7983|2|WARN|Microsoft.AspNetCore.Localization.RequestLocalizationMiddleware|CookieRequestCultureProvider returned the following unsupported UI Cultures 'en'. |url: http://localhost/SMSEngine/GetSMSHeaderInformationByFormId|action: 
2022-07-21 23:01:52.8152|1|WARN|Microsoft.AspNetCore.Localization.RequestLocalizationMiddleware|CookieRequestCultureProvider returned the following unsupported cultures 'en'. |url: http://localhost/SMSEngine/GetSMSHeaderInformationByFormId|action: 
2022-07-21 23:01:52.8625|2|WARN|Microsoft.AspNetCore.Localization.RequestLocalizationMiddleware|CookieRequestCultureProvider returned the following unsupported UI Cultures 'en'. |url: http://localhost/SMSEngine/GetSMSHeaderInformationByFormId|action: 
2022-07-21 23:01:54.6814|1|WARN|Microsoft.AspNetCore.Localization.RequestLocalizationMiddleware|CookieRequestCultureProvider returned the following unsupported cultures 'en'. |url: http://localhost/SMSEngine/GetActiveSMSVariableInformation|action: 
2022-07-21 23:01:54.7021|1|WARN|Microsoft.AspNetCore.Localization.RequestLocalizationMiddleware|CookieRequestCultureProvider returned the following unsupported cultures 'en'. |url: http://localhost/SMSEngine/GetSMSHeaderInformationBySMSId|action: 
2022-07-21 23:01:54.7317|2|WARN|Microsoft.AspNetCore.Localization.RequestLocalizationMiddleware|CookieRequestCultureProvider returned the following unsupported UI Cultures 'en'. |url: http://localhost/SMSEngine/GetActiveSMSVariableInformation|action: 
2022-07-21 23:01:54.7528|2|WARN|Microsoft.AspNetCore.Localization.RequestLocalizationMiddleware|CookieRequestCultureProvider returned the following unsupported UI Cultures 'en'. |url: http://localhost/SMSEngine/GetSMSHeaderInformationBySMSId|action: 
2022-07-21 23:02:01.6304|1|WARN|Microsoft.AspNetCore.Localization.RequestLocalizationMiddleware|CookieRequestCultureProvider returned the following unsupported cultures 'en'. |url: http://localhost/SMSEngine/UpdateSMSHeader|action: 
2022-07-21 23:02:01.6633|2|WARN|Microsoft.AspNetCore.Localization.RequestLocalizationMiddleware|CookieRequestCultureProvider returned the following unsupported UI Cultures 'en'. |url: http://localhost/SMSEngine/UpdateSMSHeader|action: 
2022-07-21 23:02:02.4284|1|WARN|Microsoft.AspNetCore.Localization.RequestLocalizationMiddleware|CookieRequestCultureProvider returned the following unsupported cultures 'en'. |url: http://localhost/SMSEngine/GetSMSHeaderInformationByFormId|action: 
2022-07-21 23:02:02.4606|2|WARN|Microsoft.AspNetCore.Localization.RequestLocalizationMiddleware|CookieRequestCultureProvider returned the following unsupported UI Cultures 'en'. |url: http://localhost/SMSEngine/GetSMSHeaderInformationByFormId|action: 
