2021-10-09 18:23:56.2057|3|WARN|Microsoft.AspNetCore.HttpsPolicy.HttpsRedirectionMiddleware|Failed to determine the https port for redirect. |url: http://localhost/|action: 
2021-10-09 18:26:55.8210||ERROR|eSyaEnterprise_UI.Areas.eSyaNursingStation.Controllers.PatientClinicalInformationController|UD:InsertIntoPatientMedicationDrug:params:{"BusinessKey":111,"UHID":831,"IPNumber":568,"DrugCode":0,"TransactionDate":"0001-01-01T00:00:00","TransactionTime":"00:00:00","DrugName":"\n                                Select Drug\n                                Nicip\n                                Nicip plus\n                            ","Dosages":"100 gm","Frequency":"1-0-2","Route":"Cap","MedicationStartDate":"2021-10-09T00:00:00+05:30","MedicationEndDate":null,"DoctorID":null,"DoctorName":null,"LastMedicationDate":null,"ActiveStatus":true,"FormID":"0","UserID":0,"TerminalID":"192.168.1.3"} System.Exception: Internal Server Error|url: http://localhost/PatientClinicalInformation/InsertIntoPatientMedicationDrug|action: InsertIntoPatientMedicationDrug
2021-10-09 18:28:24.0439||ERROR|eSyaEnterprise_UI.Areas.eSyaNursingStation.Controllers.PatientClinicalInformationController|UD:InsertIntoPatientMedicationDrug:params:{"BusinessKey":111,"UHID":831,"IPNumber":568,"DrugCode":0,"TransactionDate":"0001-01-01T00:00:00","TransactionTime":"00:00:00","DrugName":"\n                                Select Drug\n                                Nicip\n                                Nicip plus\n                            ","Dosages":"45","Frequency":"45","Route":"45","MedicationStartDate":"2021-10-09T00:00:00+05:30","MedicationEndDate":null,"DoctorID":null,"DoctorName":null,"LastMedicationDate":null,"ActiveStatus":true,"FormID":"0","UserID":0,"TerminalID":"192.168.1.3"} System.Exception: Internal Server Error|url: http://localhost/PatientClinicalInformation/InsertIntoPatientMedicationDrug|action: InsertIntoPatientMedicationDrug
2021-10-09 18:33:07.0241||ERROR|eSyaEnterprise_UI.Areas.eSyaNursingStation.Controllers.PatientClinicalInformationController|UD:InsertIntoPatientMedicationDrug:params:{"BusinessKey":111,"UHID":831,"IPNumber":568,"DrugCode":1,"TransactionDate":"0001-01-01T00:00:00","TransactionTime":"00:00:00","DrugName":"Nicip","Dosages":"34","Frequency":"343","Route":"34345","MedicationStartDate":"2021-10-09T00:00:00+05:30","MedicationEndDate":null,"DoctorID":null,"DoctorName":null,"LastMedicationDate":null,"ActiveStatus":true,"FormID":"0","UserID":0,"TerminalID":"192.168.1.3"} System.Exception: Internal Server Error|url: http://localhost/PatientClinicalInformation/InsertIntoPatientMedicationDrug|action: InsertIntoPatientMedicationDrug
2021-10-09 18:33:55.6262||ERROR|eSyaEnterprise_UI.Areas.eSyaNursingStation.Controllers.PatientClinicalInformationController|UD:InsertIntoPatientMedicationDrug:params:{"BusinessKey":111,"UHID":831,"IPNumber":568,"DrugCode":1,"TransactionDate":"0001-01-01T00:00:00","TransactionTime":"00:00:00","DrugName":"Nicip","Dosages":"34","Frequency":"343","Route":"34345","MedicationStartDate":"2021-10-09T00:00:00+05:30","MedicationEndDate":null,"DoctorID":null,"DoctorName":null,"LastMedicationDate":null,"ActiveStatus":true,"FormID":"0","UserID":0,"TerminalID":"192.168.1.3"} System.Net.Http.HttpRequestException: An error occurred while sending the request. ---> System.IO.IOException: Unable to read data from the transport connection: An existing connection was forcibly closed by the remote host. ---> System.Net.Sockets.SocketException: An existing connection was forcibly closed by the remote host
   --- End of inner exception stack trace ---
   at System.Net.Sockets.Socket.AwaitableSocketAsyncEventArgs.ThrowException(SocketError error)
   at System.Net.Sockets.Socket.AwaitableSocketAsyncEventArgs.GetResult(Int16 token)
   at System.Net.Security.SslStreamInternal.<FillBufferAsync>g__InternalFillBufferAsync|38_0[TReadAdapter](TReadAdapter adap, ValueTask`1 task, Int32 min, Int32 initial)
   at System.Net.Security.SslStreamInternal.ReadAsyncInternal[TReadAdapter](TReadAdapter adapter, Memory`1 buffer)
   at System.Net.Http.HttpConnection.SendAsyncCore(HttpRequestMessage request, CancellationToken cancellationToken)
   --- End of inner exception stack trace ---
   at System.Net.Http.HttpConnection.SendAsyncCore(HttpRequestMessage request, CancellationToken cancellationToken)
   at System.Net.Http.HttpConnectionPool.SendWithNtConnectionAuthAsync(HttpConnection connection, HttpRequestMessage request, Boolean doRequestAuth, CancellationToken cancellationToken)
   at System.Net.Http.HttpConnectionPool.SendWithRetryAsync(HttpRequestMessage request, Boolean doRequestAuth, CancellationToken cancellationToken)
   at System.Net.Http.RedirectHandler.SendAsync(HttpRequestMessage request, CancellationToken cancellationToken)
   at Microsoft.Extensions.Http.Logging.LoggingHttpMessageHandler.SendAsync(HttpRequestMessage request, CancellationToken cancellationToken)
   at Microsoft.Extensions.Http.Logging.LoggingScopeHttpMessageHandler.SendAsync(HttpRequestMessage request, CancellationToken cancellationToken)
   at System.Net.Http.HttpClient.FinishSendAsyncBuffered(Task`1 sendTask, HttpRequestMessage request, CancellationTokenSource cts, Boolean disposeCts)
   at eSyaEssentials_UI.HttpClientServices.PostAsJsonAsync[T](String url, Object value)
   at eSyaEnterprise_UI.Areas.eSyaNursingStation.Controllers.PatientClinicalInformationController.InsertIntoPatientMedicationDrug(DO_PatientMedicationDrug obj) in D:\eSya Project\Solution\eSyaEnterprise_UI\trunk\eSyaEnterprise_UI\Areas\eSyaNursingStation\Controllers\PatientClinicalInformationController.cs:line 209|url: http://localhost/PatientClinicalInformation/InsertIntoPatientMedicationDrug|action: InsertIntoPatientMedicationDrug
