2023-01-07 14:15:16.2375|1|WARN|Microsoft.AspNetCore.Localization.RequestLocalizationMiddleware|CookieRequestCultureProvider returned the following unsupported cultures 'en-US'. |url: http://localhost/|action: 
2023-01-07 14:15:16.3645|3|WARN|Microsoft.AspNetCore.HttpsPolicy.HttpsRedirectionMiddleware|Failed to determine the https port for redirect. |url: http://localhost/|action: 
2023-01-07 14:15:25.8438|1|WARN|Microsoft.AspNetCore.Localization.RequestLocalizationMiddleware|CookieRequestCultureProvider returned the following unsupported cultures 'en-US'. |url: http://localhost/css/esyafonts.css|action: 
2023-01-07 14:15:25.8310|1|WARN|Microsoft.AspNetCore.Localization.RequestLocalizationMiddleware|CookieRequestCultureProvider returned the following unsupported cultures 'en-US'. |url: http://localhost/css/all.min.css|action: 
2023-01-07 14:15:25.8715|1|WARN|Microsoft.AspNetCore.Localization.RequestLocalizationMiddleware|CookieRequestCultureProvider returned the following unsupported cultures 'en-US'. |url: http://localhost/images/esya-products-yellow-with-footer.jpg|action: 
2023-01-07 14:15:25.9193|1|WARN|Microsoft.AspNetCore.Localization.RequestLocalizationMiddleware|CookieRequestCultureProvider returned the following unsupported cultures 'en-US'. |url: http://localhost/css/esyaTheme.css|action: 
2023-01-07 14:15:26.0834|1|WARN|Microsoft.AspNetCore.Localization.RequestLocalizationMiddleware|CookieRequestCultureProvider returned the following unsupported cultures 'en-US'. |url: http://localhost/css/bootstrap-select.css|action: 
2023-01-07 14:15:26.0952|1|WARN|Microsoft.AspNetCore.Localization.RequestLocalizationMiddleware|CookieRequestCultureProvider returned the following unsupported cultures 'en-US'. |url: http://localhost/css/animate.css|action: 
2023-01-07 14:15:26.1078|1|WARN|Microsoft.AspNetCore.Localization.RequestLocalizationMiddleware|CookieRequestCultureProvider returned the following unsupported cultures 'en-US'. |url: http://localhost/fonts/fa-solid-900.woff2|action: 
2023-01-07 14:15:26.2456|1|WARN|Microsoft.AspNetCore.Localization.RequestLocalizationMiddleware|CookieRequestCultureProvider returned the following unsupported cultures 'en-US'. |url: http://localhost/fonts/esyaFonts/Roboto/Roboto-Regular.ttf|action: 
2023-01-07 14:15:26.2456|1|WARN|Microsoft.AspNetCore.Localization.RequestLocalizationMiddleware|CookieRequestCultureProvider returned the following unsupported cultures 'en-US'. |url: http://localhost/Uploads/CountryFlagICons/in.png|action: 
2023-01-07 14:15:26.2752|1|WARN|Microsoft.AspNetCore.Localization.RequestLocalizationMiddleware|CookieRequestCultureProvider returned the following unsupported cultures 'en-US'. |url: http://localhost/Uploads/CountryFlagICons/rw.png|action: 
2023-01-07 14:15:26.4169|1|WARN|Microsoft.AspNetCore.Localization.RequestLocalizationMiddleware|CookieRequestCultureProvider returned the following unsupported cultures 'en-US'. |url: http://localhost/Uploads/CountryFlagICons/eg.png|action: 
2023-01-07 14:15:26.5728|1|WARN|Microsoft.AspNetCore.Localization.RequestLocalizationMiddleware|CookieRequestCultureProvider returned the following unsupported cultures 'en-US'. |url: http://localhost/Uploads/CountryFlagICons/ke.png|action: 
2023-01-07 14:15:26.5900|1|WARN|Microsoft.AspNetCore.Localization.RequestLocalizationMiddleware|CookieRequestCultureProvider returned the following unsupported cultures 'en-US'. |url: http://localhost/Uploads/CountryFlagICons/om.png|action: 
2023-01-07 14:15:25.8438|1|WARN|Microsoft.AspNetCore.Localization.RequestLocalizationMiddleware|CookieRequestCultureProvider returned the following unsupported cultures 'en-US'. |url: http://localhost/images/logo/esya-logo-black.png|action: 
2023-01-07 14:15:26.7648|1|WARN|Microsoft.AspNetCore.Localization.RequestLocalizationMiddleware|CookieRequestCultureProvider returned the following unsupported cultures 'en-US'. |url: http://localhost/Uploads/CountryFlagICons/ae.png|action: 
2023-01-07 14:15:26.8090|1|WARN|Microsoft.AspNetCore.Localization.RequestLocalizationMiddleware|CookieRequestCultureProvider returned the following unsupported cultures 'en-US'. |url: http://localhost/js/Inputmask/bindings/inputmask.binding.js|action: 
2023-01-07 14:15:26.8616|1|WARN|Microsoft.AspNetCore.Localization.RequestLocalizationMiddleware|CookieRequestCultureProvider returned the following unsupported cultures 'en-US'. |url: http://localhost/css/login.css|action: 
2023-01-07 14:15:26.9710|1|WARN|Microsoft.AspNetCore.Localization.RequestLocalizationMiddleware|CookieRequestCultureProvider returned the following unsupported cultures 'en-US'. |url: http://localhost/css/material.min.css|action: 
2023-01-07 14:15:26.9890|1|WARN|Microsoft.AspNetCore.Localization.RequestLocalizationMiddleware|CookieRequestCultureProvider returned the following unsupported cultures 'en-US'. |url: http://localhost/lib/bootstrap/dist/css/bootstrap.min.css|action: 
2023-01-07 14:15:33.5473|1|WARN|Microsoft.AspNetCore.Localization.RequestLocalizationMiddleware|CookieRequestCultureProvider returned the following unsupported cultures 'en-US'. |url: http://localhost/esyaAccount/Login|action: 
2023-01-07 14:15:41.4589|1|WARN|Microsoft.AspNetCore.Localization.RequestLocalizationMiddleware|CookieRequestCultureProvider returned the following unsupported cultures 'en-US'. |url: http://localhost/eSyaAccount/Login|action: 
2023-01-07 14:15:41.9367|1|WARN|Microsoft.AspNetCore.Localization.RequestLocalizationMiddleware|CookieRequestCultureProvider returned the following unsupported cultures 'en-US'. |url: http://localhost/Configure/FormNames/ECA_01_00|action: 
2023-01-07 14:15:48.7084|1|WARN|Microsoft.AspNetCore.Localization.RequestLocalizationMiddleware|CookieRequestCultureProvider returned the following unsupported cultures 'en-US'. |url: http://localhost/css/jsTree.css|action: 
2023-01-07 14:15:48.7316|1|WARN|Microsoft.AspNetCore.Localization.RequestLocalizationMiddleware|CookieRequestCultureProvider returned the following unsupported cultures 'en-US'. |url: http://localhost/js/Config/FormsMenu.js|action: 
2023-01-07 14:15:48.7316|1|WARN|Microsoft.AspNetCore.Localization.RequestLocalizationMiddleware|CookieRequestCultureProvider returned the following unsupported cultures 'en-US'. |url: http://localhost/css/listswap.css|action: 
2023-01-07 14:15:48.6873|1|WARN|Microsoft.AspNetCore.Localization.RequestLocalizationMiddleware|CookieRequestCultureProvider returned the following unsupported cultures 'en-US'. |url: http://localhost/css/toastr.min.css|action: 
2023-01-07 14:15:48.6873|1|WARN|Microsoft.AspNetCore.Localization.RequestLocalizationMiddleware|CookieRequestCultureProvider returned the following unsupported cultures 'en-US'. |url: http://localhost/images/logo/esya-logo-whitebg.jpeg|action: 
2023-01-07 14:15:49.7226|1|WARN|Microsoft.AspNetCore.Localization.RequestLocalizationMiddleware|CookieRequestCultureProvider returned the following unsupported cultures 'en-US'. |url: http://localhost/fonts/fa-regular-400.woff2|action: 
2023-01-07 14:15:49.8778|1|WARN|Microsoft.AspNetCore.Localization.RequestLocalizationMiddleware|CookieRequestCultureProvider returned the following unsupported cultures 'en-US'. |url: http://localhost/FormNames/GetFormList|action: 
2023-01-07 14:15:50.7800|1|WARN|Microsoft.AspNetCore.Localization.RequestLocalizationMiddleware|CookieRequestCultureProvider returned the following unsupported cultures 'en-US'. |url: http://localhost/images/jsTree/throbber.gif|action: 
2023-01-07 14:15:50.8076|1|WARN|Microsoft.AspNetCore.Localization.RequestLocalizationMiddleware|CookieRequestCultureProvider returned the following unsupported cultures 'en-US'. |url: http://localhost/json/menuitem.json|action: 
2023-01-07 14:15:50.8314|1|WARN|Microsoft.AspNetCore.Localization.RequestLocalizationMiddleware|CookieRequestCultureProvider returned the following unsupported cultures 'en-US'. |url: http://localhost/json/errormessage.json|action: 
2023-01-07 14:15:50.8983|1|WARN|Microsoft.AspNetCore.Localization.RequestLocalizationMiddleware|CookieRequestCultureProvider returned the following unsupported cultures 'en-US'. |url: http://localhost/images/jsTree/foldergroupicon.png|action: 
2023-01-07 14:15:50.9106|1|WARN|Microsoft.AspNetCore.Localization.RequestLocalizationMiddleware|CookieRequestCultureProvider returned the following unsupported cultures 'en-US'. |url: http://localhost/images/jsTree/openfolder.png|action: 
2023-01-07 14:15:50.9312|1|WARN|Microsoft.AspNetCore.Localization.RequestLocalizationMiddleware|CookieRequestCultureProvider returned the following unsupported cultures 'en-US'. |url: http://localhost/images/jsTree/32px.png|action: 
2023-01-07 14:15:55.6601|1|WARN|Microsoft.AspNetCore.Localization.RequestLocalizationMiddleware|CookieRequestCultureProvider returned the following unsupported cultures 'en-US'. |url: http://localhost/eSyaConfig/BusinessStructure/V_103_00|action: 
2023-01-07 14:15:58.6936||ERROR|eSyaEnterprise_UI.Areas.Config.Controllers.BusinessStructureController|UD:BusinessLocation System.Exception: Exception of type 'System.Exception' was thrown.|url: http://localhost/eSyaConfig/BusinessStructure/V_103_00|action: V_103_00
2023-01-07 14:16:00.8907|1|WARN|Microsoft.AspNetCore.Localization.RequestLocalizationMiddleware|CookieRequestCultureProvider returned the following unsupported cultures 'en-US'. |url: http://localhost/json/esyaconfig/localization-en-IN.json|action: 
2023-01-07 14:16:00.8907|1|WARN|Microsoft.AspNetCore.Localization.RequestLocalizationMiddleware|CookieRequestCultureProvider returned the following unsupported cultures 'en-US'. |url: http://localhost/BusinessStructure/GetBusinessLocationforTreeView|action: 
2023-01-07 14:16:01.0306|1|WARN|Microsoft.AspNetCore.Localization.RequestLocalizationMiddleware|CookieRequestCultureProvider returned the following unsupported cultures 'en-US'. |url: http://localhost/json/esyaconfig/localization.json|action: 
2023-01-07 14:17:12.2505|1|WARN|Microsoft.AspNetCore.Localization.RequestLocalizationMiddleware|CookieRequestCultureProvider returned the following unsupported cultures 'en-US'. |url: http://localhost/Configure/BusinessStructure/ECA_20_00|action: 
2023-01-07 14:17:19.8330|1|WARN|Microsoft.AspNetCore.Localization.RequestLocalizationMiddleware|CookieRequestCultureProvider returned the following unsupported cultures 'en-US'. |url: http://localhost/Configure/License/ECA_20_00|action: 
2023-01-07 14:17:21.7692|1|WARN|Microsoft.AspNetCore.Localization.RequestLocalizationMiddleware|CookieRequestCultureProvider returned the following unsupported cultures 'en-US'. |url: http://localhost/js/Config/BusinessLocation.js|action: 
2023-01-07 14:17:21.7808|1|WARN|Microsoft.AspNetCore.Localization.RequestLocalizationMiddleware|CookieRequestCultureProvider returned the following unsupported cultures 'en-US'. |url: http://localhost/css/jquery.contextMenu.min.css|action: 
2023-01-07 14:17:22.0155|1|WARN|Microsoft.AspNetCore.Localization.RequestLocalizationMiddleware|CookieRequestCultureProvider returned the following unsupported cultures 'en-US'. |url: http://localhost/css/images/ui-icons_gold_256x240.png|action: 
2023-01-07 14:17:22.0851|1|WARN|Microsoft.AspNetCore.Localization.RequestLocalizationMiddleware|CookieRequestCultureProvider returned the following unsupported cultures 'en-US'. |url: http://localhost/License/GetBusinessLocationByBusinessId|action: 
2023-01-07 14:17:33.1817|1|WARN|Microsoft.AspNetCore.Localization.RequestLocalizationMiddleware|CookieRequestCultureProvider returned the following unsupported cultures 'en-US'. |url: http://localhost/License/GetBusinessLocationByBusinessId|action: 
2023-01-07 14:17:37.1383|1|WARN|Microsoft.AspNetCore.Localization.RequestLocalizationMiddleware|CookieRequestCultureProvider returned the following unsupported cultures 'en-US'. |url: http://localhost/License/GetBusinessLocationByBusinessId|action: 
2023-01-07 14:17:40.8054|1|WARN|Microsoft.AspNetCore.Localization.RequestLocalizationMiddleware|CookieRequestCultureProvider returned the following unsupported cultures 'en-US'. |url: http://localhost/License/GetBusinessLocationByBusinessId|action: 
2023-01-07 14:17:46.0640|1|WARN|Microsoft.AspNetCore.Localization.RequestLocalizationMiddleware|CookieRequestCultureProvider returned the following unsupported cultures 'en-US'. |url: http://localhost/License/GetBusinessLocationByBusinessId|action: 
2023-01-07 14:17:56.2493|1|WARN|Microsoft.AspNetCore.Localization.RequestLocalizationMiddleware|CookieRequestCultureProvider returned the following unsupported cultures 'en-US'. |url: http://localhost/License/GetActiveLocationsAsSegments|action: 
2023-01-07 14:17:59.0791|1|WARN|Microsoft.AspNetCore.Localization.RequestLocalizationMiddleware|CookieRequestCultureProvider returned the following unsupported cultures 'en-US'. |url: http://localhost/License/GetActiveLocationsAsSegments|action: 
2023-01-07 14:18:02.6753|1|WARN|Microsoft.AspNetCore.Localization.RequestLocalizationMiddleware|CookieRequestCultureProvider returned the following unsupported cultures 'en-US'. |url: http://localhost/License/GetActiveLocationsAsSegments|action: 
2023-01-07 14:18:09.0248|1|WARN|Microsoft.AspNetCore.Localization.RequestLocalizationMiddleware|CookieRequestCultureProvider returned the following unsupported cultures 'en-US'. |url: http://localhost/License/GetActiveLocationsAsSegments|action: 
2023-01-07 14:18:27.6875|1|WARN|Microsoft.AspNetCore.Localization.RequestLocalizationMiddleware|CookieRequestCultureProvider returned the following unsupported cultures 'en-US'. |url: http://localhost/License/GetActiveLocationsAsSegments|action: 
2023-01-07 14:19:11.6693|1|WARN|Microsoft.AspNetCore.Localization.RequestLocalizationMiddleware|CookieRequestCultureProvider returned the following unsupported cultures 'en-US'. |url: http://localhost/License/GetActiveLocationsAsSegments|action: 
2023-01-07 14:22:48.3378|1|WARN|Microsoft.AspNetCore.Localization.RequestLocalizationMiddleware|CookieRequestCultureProvider returned the following unsupported cultures 'en-US'. |url: http://localhost/License/GetActiveLocationsAsSegments|action: 
