2022-06-18 13:56:41.1135|3|WARN|Microsoft.AspNetCore.HttpsPolicy.HttpsRedirectionMiddleware|Failed to determine the https port for redirect. |url: http://localhost/|action: 
2022-06-18 14:24:20.3630|3|WARN|Microsoft.AspNetCore.HttpsPolicy.HttpsRedirectionMiddleware|Failed to determine the https port for redirect. |url: http://localhost/|action: 
2022-06-18 14:25:06.8880|1|ERROR|Microsoft.AspNetCore.Diagnostics.ExceptionHandlerMiddleware|An unhandled exception has occurred while executing the request. System.NullReferenceException: Object reference not set to an instance of an object.
   at AspNetCore.Areas_eSyaNatureCure_Views_CheckInGuest_V_ENC_04_00.ExecuteAsync() in D:\eSya Project\Solution\eSyaEnterprise_UI\trunk\eSyaEnterprise_UI\Areas\eSyaNatureCure\Views\CheckInGuest\V_ENC_04_00.cshtml:line 115
   at Microsoft.AspNetCore.Mvc.Razor.RazorView.RenderPageCoreAsync(IRazorPage page, ViewContext context)
   at Microsoft.AspNetCore.Mvc.Razor.RazorView.RenderPageAsync(IRazorPage page, ViewContext context, Boolean invokeViewStarts)
   at Microsoft.AspNetCore.Mvc.Razor.RazorView.RenderAsync(ViewContext context)
   at Microsoft.AspNetCore.Mvc.ViewFeatures.ViewExecutor.ExecuteAsync(ViewContext viewContext, String contentType, Nullable`1 statusCode)
   at Microsoft.AspNetCore.Mvc.ViewFeatures.ViewExecutor.ExecuteAsync(ActionContext actionContext, IView view, ViewDataDictionary viewData, ITempDataDictionary tempData, String contentType, Nullable`1 statusCode)
   at Microsoft.AspNetCore.Mvc.ViewFeatures.ViewResultExecutor.ExecuteAsync(ActionContext context, ViewResult result)
   at Microsoft.AspNetCore.Mvc.ViewResult.ExecuteResultAsync(ActionContext context)
   at Microsoft.AspNetCore.Mvc.Internal.ResourceInvoker.InvokeResultAsync(IActionResult result)
   at Microsoft.AspNetCore.Mvc.Internal.ResourceInvoker.InvokeNextResultFilterAsync[TFilter,TFilterAsync]()
   at Microsoft.AspNetCore.Mvc.Internal.ResourceInvoker.Rethrow(ResultExecutedContext context)
   at Microsoft.AspNetCore.Mvc.Internal.ResourceInvoker.ResultNext[TFilter,TFilterAsync](State& next, Scope& scope, Object& state, Boolean& isCompleted)
   at Microsoft.AspNetCore.Mvc.Internal.ResourceInvoker.InvokeResultFilters()
   at Microsoft.AspNetCore.Mvc.Internal.ResourceInvoker.InvokeNextResourceFilter()
   at Microsoft.AspNetCore.Mvc.Internal.ResourceInvoker.Rethrow(ResourceExecutedContext context)
   at Microsoft.AspNetCore.Mvc.Internal.ResourceInvoker.Next(State& next, Scope& scope, Object& state, Boolean& isCompleted)
   at Microsoft.AspNetCore.Mvc.Internal.ResourceInvoker.InvokeFilterPipelineAsync()
   at Microsoft.AspNetCore.Mvc.Internal.ResourceInvoker.InvokeAsync()
   at Microsoft.AspNetCore.Routing.EndpointMiddleware.Invoke(HttpContext httpContext)
   at Microsoft.AspNetCore.Routing.EndpointRoutingMiddleware.Invoke(HttpContext httpContext)
   at Microsoft.AspNetCore.Authentication.AuthenticationMiddleware.Invoke(HttpContext context)
   at Microsoft.AspNetCore.Session.SessionMiddleware.Invoke(HttpContext context)
   at Microsoft.AspNetCore.Session.SessionMiddleware.Invoke(HttpContext context)
   at Microsoft.AspNetCore.StaticFiles.StaticFileMiddleware.Invoke(HttpContext context)
   at Microsoft.AspNetCore.Localization.RequestLocalizationMiddleware.Invoke(HttpContext context)
   at Microsoft.AspNetCore.Diagnostics.ExceptionHandlerMiddleware.Invoke(HttpContext context)|url: http://localhost/eSyaNatureCure/CheckInGuest/V_ENC_04_00|action: V_ENC_04_00
2022-06-18 14:25:07.1894|3|ERROR|Microsoft.AspNetCore.Diagnostics.ExceptionHandlerMiddleware|An exception was thrown attempting to execute the error handler. System.ArgumentNullException: Value cannot be null.
Parameter name: logger
   at Microsoft.Extensions.Logging.LoggerExtensions.Log(ILogger logger, LogLevel logLevel, EventId eventId, Exception exception, String message, Object[] args)
   at Microsoft.Extensions.Logging.LoggerExtensions.LogError(ILogger logger, Exception exception, String message, Object[] args)
   at eSyaEnterprise_UI.Extension.ExceptionMiddlewareExtensions.<>c.<<ConfigureExceptionHandler>b__0_1>d.MoveNext() in D:\eSya Project\Solution\eSyaEnterprise_UI\trunk\eSyaEnterprise_UI\Extension\ExceptionMiddlewareExtensions.cs:line 44
--- End of stack trace from previous location where exception was thrown ---
   at Microsoft.AspNetCore.Diagnostics.ExceptionHandlerMiddleware.Invoke(HttpContext context)|url: http://localhost/eSyaNatureCure/CheckInGuest/V_ENC_04_00|action: V_ENC_04_00
2022-06-18 14:25:07.2228|1|ERROR|Microsoft.AspNetCore.Diagnostics.DeveloperExceptionPageMiddleware|An unhandled exception has occurred while executing the request. System.NullReferenceException: Object reference not set to an instance of an object.
   at AspNetCore.Areas_eSyaNatureCure_Views_CheckInGuest_V_ENC_04_00.ExecuteAsync() in D:\eSya Project\Solution\eSyaEnterprise_UI\trunk\eSyaEnterprise_UI\Areas\eSyaNatureCure\Views\CheckInGuest\V_ENC_04_00.cshtml:line 115
   at Microsoft.AspNetCore.Mvc.Razor.RazorView.RenderPageCoreAsync(IRazorPage page, ViewContext context)
   at Microsoft.AspNetCore.Mvc.Razor.RazorView.RenderPageAsync(IRazorPage page, ViewContext context, Boolean invokeViewStarts)
   at Microsoft.AspNetCore.Mvc.Razor.RazorView.RenderAsync(ViewContext context)
   at Microsoft.AspNetCore.Mvc.ViewFeatures.ViewExecutor.ExecuteAsync(ViewContext viewContext, String contentType, Nullable`1 statusCode)
   at Microsoft.AspNetCore.Mvc.ViewFeatures.ViewExecutor.ExecuteAsync(ActionContext actionContext, IView view, ViewDataDictionary viewData, ITempDataDictionary tempData, String contentType, Nullable`1 statusCode)
   at Microsoft.AspNetCore.Mvc.ViewFeatures.ViewResultExecutor.ExecuteAsync(ActionContext context, ViewResult result)
   at Microsoft.AspNetCore.Mvc.ViewResult.ExecuteResultAsync(ActionContext context)
   at Microsoft.AspNetCore.Mvc.Internal.ResourceInvoker.InvokeResultAsync(IActionResult result)
   at Microsoft.AspNetCore.Mvc.Internal.ResourceInvoker.InvokeNextResultFilterAsync[TFilter,TFilterAsync]()
   at Microsoft.AspNetCore.Mvc.Internal.ResourceInvoker.Rethrow(ResultExecutedContext context)
   at Microsoft.AspNetCore.Mvc.Internal.ResourceInvoker.ResultNext[TFilter,TFilterAsync](State& next, Scope& scope, Object& state, Boolean& isCompleted)
   at Microsoft.AspNetCore.Mvc.Internal.ResourceInvoker.InvokeResultFilters()
   at Microsoft.AspNetCore.Mvc.Internal.ResourceInvoker.InvokeNextResourceFilter()
   at Microsoft.AspNetCore.Mvc.Internal.ResourceInvoker.Rethrow(ResourceExecutedContext context)
   at Microsoft.AspNetCore.Mvc.Internal.ResourceInvoker.Next(State& next, Scope& scope, Object& state, Boolean& isCompleted)
   at Microsoft.AspNetCore.Mvc.Internal.ResourceInvoker.InvokeFilterPipelineAsync()
   at Microsoft.AspNetCore.Mvc.Internal.ResourceInvoker.InvokeAsync()
   at Microsoft.AspNetCore.Routing.EndpointMiddleware.Invoke(HttpContext httpContext)
   at Microsoft.AspNetCore.Routing.EndpointRoutingMiddleware.Invoke(HttpContext httpContext)
   at Microsoft.AspNetCore.Authentication.AuthenticationMiddleware.Invoke(HttpContext context)
   at Microsoft.AspNetCore.Session.SessionMiddleware.Invoke(HttpContext context)
   at Microsoft.AspNetCore.Session.SessionMiddleware.Invoke(HttpContext context)
   at Microsoft.AspNetCore.StaticFiles.StaticFileMiddleware.Invoke(HttpContext context)
   at Microsoft.AspNetCore.Localization.RequestLocalizationMiddleware.Invoke(HttpContext context)
   at Microsoft.AspNetCore.Diagnostics.ExceptionHandlerMiddleware.Invoke(HttpContext context)
   at Microsoft.AspNetCore.Diagnostics.ExceptionHandlerMiddleware.Invoke(HttpContext context)
   at Microsoft.AspNetCore.Diagnostics.DeveloperExceptionPageMiddleware.Invoke(HttpContext context)|url: http://localhost/eSyaNatureCure/CheckInGuest/V_ENC_04_00|action: V_ENC_04_00
2022-06-18 14:25:25.0475|1|ERROR|Microsoft.AspNetCore.Diagnostics.ExceptionHandlerMiddleware|An unhandled exception has occurred while executing the request. System.NullReferenceException: Object reference not set to an instance of an object.
   at AspNetCore.Areas_eSyaNatureCure_Views_CheckInGuest_V_ENC_04_00.ExecuteAsync() in D:\eSya Project\Solution\eSyaEnterprise_UI\trunk\eSyaEnterprise_UI\Areas\eSyaNatureCure\Views\CheckInGuest\V_ENC_04_00.cshtml:line 115
   at Microsoft.AspNetCore.Mvc.Razor.RazorView.RenderPageCoreAsync(IRazorPage page, ViewContext context)
   at Microsoft.AspNetCore.Mvc.Razor.RazorView.RenderPageAsync(IRazorPage page, ViewContext context, Boolean invokeViewStarts)
   at Microsoft.AspNetCore.Mvc.Razor.RazorView.RenderAsync(ViewContext context)
   at Microsoft.AspNetCore.Mvc.ViewFeatures.ViewExecutor.ExecuteAsync(ViewContext viewContext, String contentType, Nullable`1 statusCode)
   at Microsoft.AspNetCore.Mvc.ViewFeatures.ViewExecutor.ExecuteAsync(ActionContext actionContext, IView view, ViewDataDictionary viewData, ITempDataDictionary tempData, String contentType, Nullable`1 statusCode)
   at Microsoft.AspNetCore.Mvc.ViewFeatures.ViewResultExecutor.ExecuteAsync(ActionContext context, ViewResult result)
   at Microsoft.AspNetCore.Mvc.ViewResult.ExecuteResultAsync(ActionContext context)
   at Microsoft.AspNetCore.Mvc.Internal.ResourceInvoker.InvokeResultAsync(IActionResult result)
   at Microsoft.AspNetCore.Mvc.Internal.ResourceInvoker.InvokeNextResultFilterAsync[TFilter,TFilterAsync]()
   at Microsoft.AspNetCore.Mvc.Internal.ResourceInvoker.Rethrow(ResultExecutedContext context)
   at Microsoft.AspNetCore.Mvc.Internal.ResourceInvoker.ResultNext[TFilter,TFilterAsync](State& next, Scope& scope, Object& state, Boolean& isCompleted)
   at Microsoft.AspNetCore.Mvc.Internal.ResourceInvoker.InvokeResultFilters()
   at Microsoft.AspNetCore.Mvc.Internal.ResourceInvoker.InvokeNextResourceFilter()
   at Microsoft.AspNetCore.Mvc.Internal.ResourceInvoker.Rethrow(ResourceExecutedContext context)
   at Microsoft.AspNetCore.Mvc.Internal.ResourceInvoker.Next(State& next, Scope& scope, Object& state, Boolean& isCompleted)
   at Microsoft.AspNetCore.Mvc.Internal.ResourceInvoker.InvokeFilterPipelineAsync()
   at Microsoft.AspNetCore.Mvc.Internal.ResourceInvoker.InvokeAsync()
   at Microsoft.AspNetCore.Routing.EndpointMiddleware.Invoke(HttpContext httpContext)
   at Microsoft.AspNetCore.Routing.EndpointRoutingMiddleware.Invoke(HttpContext httpContext)
   at Microsoft.AspNetCore.Authentication.AuthenticationMiddleware.Invoke(HttpContext context)
   at Microsoft.AspNetCore.Session.SessionMiddleware.Invoke(HttpContext context)
   at Microsoft.AspNetCore.Session.SessionMiddleware.Invoke(HttpContext context)
   at Microsoft.AspNetCore.StaticFiles.StaticFileMiddleware.Invoke(HttpContext context)
   at Microsoft.AspNetCore.Localization.RequestLocalizationMiddleware.Invoke(HttpContext context)
   at Microsoft.AspNetCore.Diagnostics.ExceptionHandlerMiddleware.Invoke(HttpContext context)|url: http://localhost/eSyaNatureCure/CheckInGuest/V_ENC_04_00|action: V_ENC_04_00
2022-06-18 14:25:25.1762|3|ERROR|Microsoft.AspNetCore.Diagnostics.ExceptionHandlerMiddleware|An exception was thrown attempting to execute the error handler. System.ArgumentNullException: Value cannot be null.
Parameter name: logger
   at Microsoft.Extensions.Logging.LoggerExtensions.Log(ILogger logger, LogLevel logLevel, EventId eventId, Exception exception, String message, Object[] args)
   at Microsoft.Extensions.Logging.LoggerExtensions.LogError(ILogger logger, Exception exception, String message, Object[] args)
   at eSyaEnterprise_UI.Extension.ExceptionMiddlewareExtensions.<>c.<<ConfigureExceptionHandler>b__0_1>d.MoveNext() in D:\eSya Project\Solution\eSyaEnterprise_UI\trunk\eSyaEnterprise_UI\Extension\ExceptionMiddlewareExtensions.cs:line 44
--- End of stack trace from previous location where exception was thrown ---
   at Microsoft.AspNetCore.Diagnostics.ExceptionHandlerMiddleware.Invoke(HttpContext context)|url: http://localhost/eSyaNatureCure/CheckInGuest/V_ENC_04_00|action: V_ENC_04_00
2022-06-18 14:25:25.2118|1|ERROR|Microsoft.AspNetCore.Diagnostics.DeveloperExceptionPageMiddleware|An unhandled exception has occurred while executing the request. System.NullReferenceException: Object reference not set to an instance of an object.
   at AspNetCore.Areas_eSyaNatureCure_Views_CheckInGuest_V_ENC_04_00.ExecuteAsync() in D:\eSya Project\Solution\eSyaEnterprise_UI\trunk\eSyaEnterprise_UI\Areas\eSyaNatureCure\Views\CheckInGuest\V_ENC_04_00.cshtml:line 115
   at Microsoft.AspNetCore.Mvc.Razor.RazorView.RenderPageCoreAsync(IRazorPage page, ViewContext context)
   at Microsoft.AspNetCore.Mvc.Razor.RazorView.RenderPageAsync(IRazorPage page, ViewContext context, Boolean invokeViewStarts)
   at Microsoft.AspNetCore.Mvc.Razor.RazorView.RenderAsync(ViewContext context)
   at Microsoft.AspNetCore.Mvc.ViewFeatures.ViewExecutor.ExecuteAsync(ViewContext viewContext, String contentType, Nullable`1 statusCode)
   at Microsoft.AspNetCore.Mvc.ViewFeatures.ViewExecutor.ExecuteAsync(ActionContext actionContext, IView view, ViewDataDictionary viewData, ITempDataDictionary tempData, String contentType, Nullable`1 statusCode)
   at Microsoft.AspNetCore.Mvc.ViewFeatures.ViewResultExecutor.ExecuteAsync(ActionContext context, ViewResult result)
   at Microsoft.AspNetCore.Mvc.ViewResult.ExecuteResultAsync(ActionContext context)
   at Microsoft.AspNetCore.Mvc.Internal.ResourceInvoker.InvokeResultAsync(IActionResult result)
   at Microsoft.AspNetCore.Mvc.Internal.ResourceInvoker.InvokeNextResultFilterAsync[TFilter,TFilterAsync]()
   at Microsoft.AspNetCore.Mvc.Internal.ResourceInvoker.Rethrow(ResultExecutedContext context)
   at Microsoft.AspNetCore.Mvc.Internal.ResourceInvoker.ResultNext[TFilter,TFilterAsync](State& next, Scope& scope, Object& state, Boolean& isCompleted)
   at Microsoft.AspNetCore.Mvc.Internal.ResourceInvoker.InvokeResultFilters()
   at Microsoft.AspNetCore.Mvc.Internal.ResourceInvoker.InvokeNextResourceFilter()
   at Microsoft.AspNetCore.Mvc.Internal.ResourceInvoker.Rethrow(ResourceExecutedContext context)
   at Microsoft.AspNetCore.Mvc.Internal.ResourceInvoker.Next(State& next, Scope& scope, Object& state, Boolean& isCompleted)
   at Microsoft.AspNetCore.Mvc.Internal.ResourceInvoker.InvokeFilterPipelineAsync()
   at Microsoft.AspNetCore.Mvc.Internal.ResourceInvoker.InvokeAsync()
   at Microsoft.AspNetCore.Routing.EndpointMiddleware.Invoke(HttpContext httpContext)
   at Microsoft.AspNetCore.Routing.EndpointRoutingMiddleware.Invoke(HttpContext httpContext)
   at Microsoft.AspNetCore.Authentication.AuthenticationMiddleware.Invoke(HttpContext context)
   at Microsoft.AspNetCore.Session.SessionMiddleware.Invoke(HttpContext context)
   at Microsoft.AspNetCore.Session.SessionMiddleware.Invoke(HttpContext context)
   at Microsoft.AspNetCore.StaticFiles.StaticFileMiddleware.Invoke(HttpContext context)
   at Microsoft.AspNetCore.Localization.RequestLocalizationMiddleware.Invoke(HttpContext context)
   at Microsoft.AspNetCore.Diagnostics.ExceptionHandlerMiddleware.Invoke(HttpContext context)
   at Microsoft.AspNetCore.Diagnostics.ExceptionHandlerMiddleware.Invoke(HttpContext context)
   at Microsoft.AspNetCore.Diagnostics.DeveloperExceptionPageMiddleware.Invoke(HttpContext context)|url: http://localhost/eSyaNatureCure/CheckInGuest/V_ENC_04_00|action: V_ENC_04_00
2022-06-18 14:26:01.7200|3|WARN|Microsoft.AspNetCore.HttpsPolicy.HttpsRedirectionMiddleware|Failed to determine the https port for redirect. |url: http://localhost/|action: 
2022-06-18 14:26:29.5358||ERROR|eSyaEnterprise_UI.Areas.eSyaNatureCure.Controllers.CheckInGuestController|UD:GetServiceList System.Exception: Internal Server Error|url: http://localhost/CheckInGuest/GetServiceList|action: GetServiceList
2022-06-18 14:40:42.7024||ERROR|eSyaEnterprise_UI.Areas.eSyaNatureCure.Controllers.CheckInGuestController|UD:GetServiceList System.Exception: Internal Server Error|url: http://localhost/CheckInGuest/GetServiceList|action: GetServiceList
2022-06-18 14:40:53.3767||ERROR|eSyaEnterprise_UI.Areas.eSyaNatureCure.Controllers.CheckInGuestController|UD:GetServiceList System.Exception: Internal Server Error|url: http://localhost/CheckInGuest/GetServiceList|action: GetServiceList
2022-06-18 14:41:31.7097||ERROR|eSyaEnterprise_UI.Areas.eSyaNatureCure.Controllers.CheckInGuestController|UD:GetServiceList System.Exception: Internal Server Error|url: http://localhost/CheckInGuest/GetServiceList|action: GetServiceList
2022-06-18 14:42:00.2174||ERROR|eSyaEnterprise_UI.Areas.eSyaNatureCure.Controllers.CheckInGuestController|UD:GetServiceList System.Exception: Internal Server Error|url: http://localhost/CheckInGuest/GetServiceList|action: GetServiceList
2022-06-18 14:42:13.0645||ERROR|eSyaEnterprise_UI.Areas.eSyaNatureCure.Controllers.CheckInGuestController|UD:GetServiceList System.Exception: Internal Server Error|url: http://localhost/CheckInGuest/GetServiceList|action: GetServiceList
2022-06-18 14:43:14.7355||ERROR|eSyaEnterprise_UI.Areas.eSyaNatureCure.Controllers.CheckInGuestController|UD:GetServiceList System.Exception: Internal Server Error|url: http://localhost/CheckInGuest/GetServiceList|action: GetServiceList
2022-06-18 14:59:12.6493||ERROR|eSyaEnterprise_UI.Areas.eSyaNatureCure.Controllers.CheckInGuestController|UD:GetServiceList System.Exception: Internal Server Error|url: http://localhost/CheckInGuest/GetServiceList|action: GetServiceList
2022-06-18 14:59:46.2343||ERROR|eSyaEnterprise_UI.Areas.eSyaNatureCure.Controllers.CheckInGuestController|UD:GetServiceList System.Exception: Internal Server Error|url: http://localhost/CheckInGuest/GetServiceList|action: GetServiceList
2022-06-18 15:01:36.2803||ERROR|eSyaEnterprise_UI.Areas.eSyaNatureCure.Controllers.CheckInGuestController|UD:GetServiceList System.Exception: Internal Server Error|url: http://localhost/CheckInGuest/GetServiceList|action: GetServiceList
2022-06-18 15:02:08.5312||ERROR|eSyaEnterprise_UI.Areas.eSyaNatureCure.Controllers.CheckInGuestController|UD:GetServiceList System.Exception: Internal Server Error|url: http://localhost/CheckInGuest/GetServiceList|action: GetServiceList
2022-06-18 15:02:23.1001||ERROR|eSyaEnterprise_UI.Areas.eSyaNatureCure.Controllers.CheckInGuestController|UD:GetServiceList System.Exception: Internal Server Error|url: http://localhost/CheckInGuest/GetServiceList|action: GetServiceList
2022-06-18 15:02:46.2649||ERROR|eSyaEnterprise_UI.Areas.eSyaNatureCure.Controllers.CheckInGuestController|UD:GetServiceList System.Exception: Internal Server Error|url: http://localhost/CheckInGuest/GetServiceList|action: GetServiceList
2022-06-18 15:06:57.2532||ERROR|eSyaEnterprise_UI.Areas.eSyaNatureCure.Controllers.CheckInGuestController|UD:GetServiceList System.Exception: Internal Server Error|url: http://localhost/CheckInGuest/GetServiceList|action: GetServiceList
2022-06-18 15:08:32.4693||ERROR|eSyaEnterprise_UI.Areas.eSyaNatureCure.Controllers.CheckInGuestController|UD:GetServiceList System.Exception: Internal Server Error|url: http://localhost/CheckInGuest/GetServiceList|action: GetServiceList
2022-06-18 15:10:54.6101||ERROR|eSyaEnterprise_UI.Areas.eSyaNatureCure.Controllers.CheckInGuestController|UD:GetServiceList System.Exception: Internal Server Error|url: http://localhost/CheckInGuest/GetServiceList|action: GetServiceList
2022-06-18 15:18:18.3775||ERROR|eSyaEnterprise_UI.Areas.eSyaNatureCure.Controllers.CheckInGuestController|UD:GetServiceList System.Exception: Internal Server Error|url: http://localhost/CheckInGuest/GetServiceList|action: GetServiceList
2022-06-18 15:18:27.3969|1|ERROR|Microsoft.AspNetCore.Diagnostics.ExceptionHandlerMiddleware|An unhandled exception has occurred while executing the request. System.NullReferenceException: Object reference not set to an instance of an object.
   at AspNetCore.Areas_eSyaNatureCure_Views_CheckInGuest_V_ENC_04_00.ExecuteAsync() in D:\eSya Project\Solution\eSyaEnterprise_UI\trunk\eSyaEnterprise_UI\Areas\eSyaNatureCure\Views\CheckInGuest\V_ENC_04_00.cshtml:line 40
   at Microsoft.AspNetCore.Mvc.Razor.RazorView.RenderPageCoreAsync(IRazorPage page, ViewContext context)
   at Microsoft.AspNetCore.Mvc.Razor.RazorView.RenderPageAsync(IRazorPage page, ViewContext context, Boolean invokeViewStarts)
   at Microsoft.AspNetCore.Mvc.Razor.RazorView.RenderAsync(ViewContext context)
   at Microsoft.AspNetCore.Mvc.ViewFeatures.ViewExecutor.ExecuteAsync(ViewContext viewContext, String contentType, Nullable`1 statusCode)
   at Microsoft.AspNetCore.Mvc.ViewFeatures.ViewExecutor.ExecuteAsync(ActionContext actionContext, IView view, ViewDataDictionary viewData, ITempDataDictionary tempData, String contentType, Nullable`1 statusCode)
   at Microsoft.AspNetCore.Mvc.ViewFeatures.ViewResultExecutor.ExecuteAsync(ActionContext context, ViewResult result)
   at Microsoft.AspNetCore.Mvc.ViewResult.ExecuteResultAsync(ActionContext context)
   at Microsoft.AspNetCore.Mvc.Internal.ResourceInvoker.InvokeResultAsync(IActionResult result)
   at Microsoft.AspNetCore.Mvc.Internal.ResourceInvoker.InvokeNextResultFilterAsync[TFilter,TFilterAsync]()
   at Microsoft.AspNetCore.Mvc.Internal.ResourceInvoker.Rethrow(ResultExecutedContext context)
   at Microsoft.AspNetCore.Mvc.Internal.ResourceInvoker.ResultNext[TFilter,TFilterAsync](State& next, Scope& scope, Object& state, Boolean& isCompleted)
   at Microsoft.AspNetCore.Mvc.Internal.ResourceInvoker.InvokeResultFilters()
   at Microsoft.AspNetCore.Mvc.Internal.ResourceInvoker.InvokeNextResourceFilter()
   at Microsoft.AspNetCore.Mvc.Internal.ResourceInvoker.Rethrow(ResourceExecutedContext context)
   at Microsoft.AspNetCore.Mvc.Internal.ResourceInvoker.Next(State& next, Scope& scope, Object& state, Boolean& isCompleted)
   at Microsoft.AspNetCore.Mvc.Internal.ResourceInvoker.InvokeFilterPipelineAsync()
   at Microsoft.AspNetCore.Mvc.Internal.ResourceInvoker.InvokeAsync()
   at Microsoft.AspNetCore.Routing.EndpointMiddleware.Invoke(HttpContext httpContext)
   at Microsoft.AspNetCore.Routing.EndpointRoutingMiddleware.Invoke(HttpContext httpContext)
   at Microsoft.AspNetCore.Authentication.AuthenticationMiddleware.Invoke(HttpContext context)
   at Microsoft.AspNetCore.Session.SessionMiddleware.Invoke(HttpContext context)
   at Microsoft.AspNetCore.Session.SessionMiddleware.Invoke(HttpContext context)
   at Microsoft.AspNetCore.StaticFiles.StaticFileMiddleware.Invoke(HttpContext context)
   at Microsoft.AspNetCore.Localization.RequestLocalizationMiddleware.Invoke(HttpContext context)
   at Microsoft.AspNetCore.Diagnostics.ExceptionHandlerMiddleware.Invoke(HttpContext context)|url: http://localhost/eSyaNatureCure/CheckInGuest/V_ENC_04_00|action: V_ENC_04_00
2022-06-18 15:18:27.5761|3|ERROR|Microsoft.AspNetCore.Diagnostics.ExceptionHandlerMiddleware|An exception was thrown attempting to execute the error handler. System.ArgumentNullException: Value cannot be null.
Parameter name: logger
   at Microsoft.Extensions.Logging.LoggerExtensions.Log(ILogger logger, LogLevel logLevel, EventId eventId, Exception exception, String message, Object[] args)
   at Microsoft.Extensions.Logging.LoggerExtensions.LogError(ILogger logger, Exception exception, String message, Object[] args)
   at eSyaEnterprise_UI.Extension.ExceptionMiddlewareExtensions.<>c.<<ConfigureExceptionHandler>b__0_1>d.MoveNext() in D:\eSya Project\Solution\eSyaEnterprise_UI\trunk\eSyaEnterprise_UI\Extension\ExceptionMiddlewareExtensions.cs:line 44
--- End of stack trace from previous location where exception was thrown ---
   at Microsoft.AspNetCore.Diagnostics.ExceptionHandlerMiddleware.Invoke(HttpContext context)|url: http://localhost/eSyaNatureCure/CheckInGuest/V_ENC_04_00|action: V_ENC_04_00
2022-06-18 15:18:27.5947|1|ERROR|Microsoft.AspNetCore.Diagnostics.DeveloperExceptionPageMiddleware|An unhandled exception has occurred while executing the request. System.NullReferenceException: Object reference not set to an instance of an object.
   at AspNetCore.Areas_eSyaNatureCure_Views_CheckInGuest_V_ENC_04_00.ExecuteAsync() in D:\eSya Project\Solution\eSyaEnterprise_UI\trunk\eSyaEnterprise_UI\Areas\eSyaNatureCure\Views\CheckInGuest\V_ENC_04_00.cshtml:line 40
   at Microsoft.AspNetCore.Mvc.Razor.RazorView.RenderPageCoreAsync(IRazorPage page, ViewContext context)
   at Microsoft.AspNetCore.Mvc.Razor.RazorView.RenderPageAsync(IRazorPage page, ViewContext context, Boolean invokeViewStarts)
   at Microsoft.AspNetCore.Mvc.Razor.RazorView.RenderAsync(ViewContext context)
   at Microsoft.AspNetCore.Mvc.ViewFeatures.ViewExecutor.ExecuteAsync(ViewContext viewContext, String contentType, Nullable`1 statusCode)
   at Microsoft.AspNetCore.Mvc.ViewFeatures.ViewExecutor.ExecuteAsync(ActionContext actionContext, IView view, ViewDataDictionary viewData, ITempDataDictionary tempData, String contentType, Nullable`1 statusCode)
   at Microsoft.AspNetCore.Mvc.ViewFeatures.ViewResultExecutor.ExecuteAsync(ActionContext context, ViewResult result)
   at Microsoft.AspNetCore.Mvc.ViewResult.ExecuteResultAsync(ActionContext context)
   at Microsoft.AspNetCore.Mvc.Internal.ResourceInvoker.InvokeResultAsync(IActionResult result)
   at Microsoft.AspNetCore.Mvc.Internal.ResourceInvoker.InvokeNextResultFilterAsync[TFilter,TFilterAsync]()
   at Microsoft.AspNetCore.Mvc.Internal.ResourceInvoker.Rethrow(ResultExecutedContext context)
   at Microsoft.AspNetCore.Mvc.Internal.ResourceInvoker.ResultNext[TFilter,TFilterAsync](State& next, Scope& scope, Object& state, Boolean& isCompleted)
   at Microsoft.AspNetCore.Mvc.Internal.ResourceInvoker.InvokeResultFilters()
   at Microsoft.AspNetCore.Mvc.Internal.ResourceInvoker.InvokeNextResourceFilter()
   at Microsoft.AspNetCore.Mvc.Internal.ResourceInvoker.Rethrow(ResourceExecutedContext context)
   at Microsoft.AspNetCore.Mvc.Internal.ResourceInvoker.Next(State& next, Scope& scope, Object& state, Boolean& isCompleted)
   at Microsoft.AspNetCore.Mvc.Internal.ResourceInvoker.InvokeFilterPipelineAsync()
   at Microsoft.AspNetCore.Mvc.Internal.ResourceInvoker.InvokeAsync()
   at Microsoft.AspNetCore.Routing.EndpointMiddleware.Invoke(HttpContext httpContext)
   at Microsoft.AspNetCore.Routing.EndpointRoutingMiddleware.Invoke(HttpContext httpContext)
   at Microsoft.AspNetCore.Authentication.AuthenticationMiddleware.Invoke(HttpContext context)
   at Microsoft.AspNetCore.Session.SessionMiddleware.Invoke(HttpContext context)
   at Microsoft.AspNetCore.Session.SessionMiddleware.Invoke(HttpContext context)
   at Microsoft.AspNetCore.StaticFiles.StaticFileMiddleware.Invoke(HttpContext context)
   at Microsoft.AspNetCore.Localization.RequestLocalizationMiddleware.Invoke(HttpContext context)
   at Microsoft.AspNetCore.Diagnostics.ExceptionHandlerMiddleware.Invoke(HttpContext context)
   at Microsoft.AspNetCore.Diagnostics.ExceptionHandlerMiddleware.Invoke(HttpContext context)
   at Microsoft.AspNetCore.Diagnostics.DeveloperExceptionPageMiddleware.Invoke(HttpContext context)|url: http://localhost/eSyaNatureCure/CheckInGuest/V_ENC_04_00|action: V_ENC_04_00
2022-06-18 16:16:06.9119||ERROR|eSyaEnterprise_UI.Areas.eSyaNatureCure.Controllers.CheckInGuestController|UD:GetServiceList System.Exception: Internal Server Error|url: http://localhost/CheckInGuest/GetServiceList|action: GetServiceList
2022-06-18 16:42:31.7271|3|WARN|Microsoft.AspNetCore.HttpsPolicy.HttpsRedirectionMiddleware|Failed to determine the https port for redirect. |url: http://localhost/|action: 
2022-06-18 16:42:56.5339||ERROR|eSyaEnterprise_UI.Areas.eSyaNatureCure.Controllers.CheckInGuestController|UD:GetServiceList System.Exception: Internal Server Error|url: http://localhost/CheckInGuest/GetServiceList|action: GetServiceList
2022-06-18 16:43:32.9369||ERROR|eSyaEnterprise_UI.Areas.eSyaNatureCure.Controllers.CheckInGuestController|UD:GetServiceList System.Exception: Internal Server Error|url: http://localhost/CheckInGuest/GetServiceList|action: GetServiceList
2022-06-18 16:43:54.7400||ERROR|eSyaEnterprise_UI.Areas.eSyaNatureCure.Controllers.CheckInGuestController|UD:GetServiceList System.Exception: Internal Server Error|url: http://localhost/CheckInGuest/GetServiceList|action: GetServiceList
2022-06-18 16:44:34.5389||ERROR|eSyaEnterprise_UI.Areas.eSyaNatureCure.Controllers.CheckInGuestController|UD:GetServiceList System.Exception: Internal Server Error|url: http://localhost/CheckInGuest/GetServiceList|action: GetServiceList
2022-06-18 16:45:29.3061|3|WARN|Microsoft.AspNetCore.HttpsPolicy.HttpsRedirectionMiddleware|Failed to determine the https port for redirect. |url: http://localhost/|action: 
2022-06-18 16:45:46.4597||ERROR|eSyaEnterprise_UI.Areas.eSyaNatureCure.Controllers.CheckInGuestController|UD:GetServiceList System.Exception: Internal Server Error|url: http://localhost/CheckInGuest/GetServiceList|action: GetServiceList
