2022-08-13 00:00:18.9191||ERROR|eSyaEnterprise_UI.Areas.DoctorScheduler.Controllers.AppointmentController|UD:GetDoctorUnScheduleWorkOrder:params:specialtyId:1:doctorId:0 System.Exception: Internal Server Error|url: http://localhost/Appointment/GetDoctorUnScheduleWorkOrder|action: GetDoctorUnScheduleWorkOrder
2022-08-13 00:00:19.6440||ERROR|eSyaEnterprise_UI.Areas.DoctorScheduler.Controllers.AppointmentController|UD:GetDoctorUnScheduleWorkOrder:params:specialtyId:1:doctorId:1 System.Exception: Internal Server Error|url: http://localhost/Appointment/GetDoctorUnScheduleWorkOrder|action: GetDoctorUnScheduleWorkOrder
2022-08-13 00:00:19.6595||ERROR|eSyaEnterprise_UI.Areas.DoctorScheduler.Controllers.AppointmentController|UD:GetPatientAppointmentByDoctorDate:params:businessKey:111:specialtyId:1:doctorId1,1:start:8/15/2022 12:00:00 AM:end:8/16/2022 12:00:00 AM System.Exception: Internal Server Error|url: http://localhost/Appointment/GetPatientAppointmentByDoctorDate|action: GetPatientAppointmentByDoctorDate
2022-08-13 00:00:24.0789||ERROR|eSyaEnterprise_UI.Areas.DoctorScheduler.Controllers.AppointmentController|UD:GetPatientAppointmentByDoctorDate:params:businessKey:111:specialtyId:1:doctorId1,1:start:8/15/2022 12:00:00 AM:end:8/16/2022 12:00:00 AM System.Exception: Internal Server Error|url: http://localhost/Appointment/GetPatientAppointmentByDoctorDate|action: GetPatientAppointmentByDoctorDate
2022-08-13 00:02:20.0814||ERROR|eSyaEnterprise_UI.Areas.DoctorScheduler.Controllers.AppointmentController|UD:GetDoctorUnScheduleWorkOrder:params:specialtyId:1:doctorId:0 System.Exception: Internal Server Error|url: http://localhost/Appointment/GetDoctorUnScheduleWorkOrder|action: GetDoctorUnScheduleWorkOrder
2022-08-13 00:02:20.4412||ERROR|eSyaEnterprise_UI.Areas.DoctorScheduler.Controllers.AppointmentController|UD:GetPatientAppointmentByDoctorDate:params:businessKey:111:specialtyId:1:doctorId1,1:start:8/15/2022 12:00:00 AM:end:8/16/2022 12:00:00 AM System.Exception: Internal Server Error|url: http://localhost/Appointment/GetPatientAppointmentByDoctorDate|action: GetPatientAppointmentByDoctorDate
2022-08-13 00:02:22.7871||ERROR|eSyaEnterprise_UI.Areas.DoctorScheduler.Controllers.AppointmentController|UD:GetDoctorUnScheduleWorkOrder:params:specialtyId:1:doctorId:1 System.Exception: Internal Server Error|url: http://localhost/Appointment/GetDoctorUnScheduleWorkOrder|action: GetDoctorUnScheduleWorkOrder
2022-08-13 00:02:23.0988||ERROR|eSyaEnterprise_UI.Areas.DoctorScheduler.Controllers.AppointmentController|UD:GetPatientAppointmentByDoctorDate:params:businessKey:111:specialtyId:1:doctorId1,1,1:start:8/15/2022 12:00:00 AM:end:8/16/2022 12:00:00 AM System.Exception: Internal Server Error|url: http://localhost/Appointment/GetPatientAppointmentByDoctorDate|action: GetPatientAppointmentByDoctorDate
2022-08-13 00:02:53.6844||ERROR|eSyaEnterprise_UI.Areas.DoctorScheduler.Controllers.AppointmentController|UD:GetDoctorUnScheduleWorkOrder:params:specialtyId:1:doctorId:0 System.Exception: Internal Server Error|url: http://localhost/Appointment/GetDoctorUnScheduleWorkOrder|action: GetDoctorUnScheduleWorkOrder
2022-08-13 00:02:54.1033||ERROR|eSyaEnterprise_UI.Areas.DoctorScheduler.Controllers.AppointmentController|UD:GetPatientAppointmentByDoctorDate:params:businessKey:111:specialtyId:1:doctorId1,1,1:start:8/15/2022 12:00:00 AM:end:8/16/2022 12:00:00 AM System.Exception: Internal Server Error|url: http://localhost/Appointment/GetPatientAppointmentByDoctorDate|action: GetPatientAppointmentByDoctorDate
2022-08-13 00:03:18.1977||ERROR|eSyaEnterprise_UI.Areas.DoctorScheduler.Controllers.AppointmentController|UD:GetDoctorUnScheduleWorkOrder:params:specialtyId:1:doctorId:1 System.Exception: Internal Server Error|url: http://localhost/Appointment/GetDoctorUnScheduleWorkOrder|action: GetDoctorUnScheduleWorkOrder
2022-08-13 00:03:24.2876||ERROR|eSyaEnterprise_UI.Areas.DoctorScheduler.Controllers.AppointmentController|UD:GetPatientAppointmentByDoctorDate:params:businessKey:111:specialtyId:1:doctorId1:start:8/15/2022 12:00:00 AM:end:8/16/2022 12:00:00 AM System.Exception: Internal Server Error|url: http://localhost/Appointment/GetPatientAppointmentByDoctorDate|action: GetPatientAppointmentByDoctorDate
2022-08-13 00:06:21.5131||ERROR|eSyaEnterprise_UI.Areas.DoctorScheduler.Controllers.AppointmentController|UD:GetDoctorUnScheduleWorkOrder:params:specialtyId:1:doctorId:1 System.Exception: Internal Server Error|url: http://localhost/Appointment/GetDoctorUnScheduleWorkOrder|action: GetDoctorUnScheduleWorkOrder
2022-08-13 00:06:28.2472||ERROR|eSyaEnterprise_UI.Areas.DoctorScheduler.Controllers.AppointmentController|UD:GetPatientAppointmentByDoctorDate:params:businessKey:111:specialtyId:1:doctorId1:start:8/15/2022 12:00:00 AM:end:8/16/2022 12:00:00 AM System.Exception: Internal Server Error|url: http://localhost/Appointment/GetPatientAppointmentByDoctorDate|action: GetPatientAppointmentByDoctorDate
2022-08-13 00:07:19.3386||ERROR|eSyaEnterprise_UI.Areas.DoctorScheduler.Controllers.AppointmentController|UD:GetDoctorUnScheduleWorkOrder:params:specialtyId:1:doctorId:0 System.Exception: Internal Server Error|url: http://localhost/Appointment/GetDoctorUnScheduleWorkOrder|action: GetDoctorUnScheduleWorkOrder
2022-08-13 00:07:20.0992||ERROR|eSyaEnterprise_UI.Areas.DoctorScheduler.Controllers.AppointmentController|UD:GetPatientAppointmentByDoctorDate:params:businessKey:111:specialtyId:1:doctorId1:start:8/15/2022 12:00:00 AM:end:8/16/2022 12:00:00 AM System.Exception: Internal Server Error|url: http://localhost/Appointment/GetPatientAppointmentByDoctorDate|action: GetPatientAppointmentByDoctorDate
2022-08-13 00:08:11.3936||ERROR|eSyaEnterprise_UI.Areas.DoctorScheduler.Controllers.AppointmentController|UD:GetDoctorUnScheduleWorkOrder:params:specialtyId:1:doctorId:1 System.Exception: Internal Server Error|url: http://localhost/Appointment/GetDoctorUnScheduleWorkOrder|action: GetDoctorUnScheduleWorkOrder
2022-08-13 00:08:11.5004||ERROR|eSyaEnterprise_UI.Areas.DoctorScheduler.Controllers.AppointmentController|UD:GetPatientAppointmentByDoctorDate:params:businessKey:111:specialtyId:1:doctorId1,1:start:8/15/2022 12:00:00 AM:end:8/16/2022 12:00:00 AM System.Exception: Internal Server Error|url: http://localhost/Appointment/GetPatientAppointmentByDoctorDate|action: GetPatientAppointmentByDoctorDate
2022-08-13 00:09:25.4125||ERROR|eSyaEnterprise_UI.Areas.DoctorScheduler.Controllers.AppointmentController|UD:GetPatientAppointmentByDoctorDate:params:businessKey:111:specialtyId:1:doctorId1,1:start:8/15/2022 12:00:00 AM:end:8/16/2022 12:00:00 AM System.Exception: Internal Server Error|url: http://localhost/Appointment/GetPatientAppointmentByDoctorDate|action: GetPatientAppointmentByDoctorDate
2022-08-13 00:10:04.8421||ERROR|eSyaEnterprise_UI.Areas.DoctorScheduler.Controllers.AppointmentController|UD:GetDoctorUnScheduleWorkOrder:params:specialtyId:1:doctorId:0 System.Threading.Tasks.TaskCanceledException: The operation was canceled. ---> System.IO.IOException: Unable to read data from the transport connection: The I/O operation has been aborted because of either a thread exit or an application request. ---> System.Net.Sockets.SocketException: The I/O operation has been aborted because of either a thread exit or an application request
   --- End of inner exception stack trace ---
   at System.Net.Sockets.Socket.AwaitableSocketAsyncEventArgs.ThrowException(SocketError error)
   at System.Net.Sockets.Socket.AwaitableSocketAsyncEventArgs.GetResult(Int16 token)
   at System.Net.Security.SslStreamInternal.<FillBufferAsync>g__InternalFillBufferAsync|38_0[TReadAdapter](TReadAdapter adap, ValueTask`1 task, Int32 min, Int32 initial)
   at System.Net.Security.SslStreamInternal.ReadAsyncInternal[TReadAdapter](TReadAdapter adapter, Memory`1 buffer)
   at System.Net.Http.HttpConnection.FillAsync()
   at System.Net.Http.HttpConnection.ReadNextResponseHeaderLineAsync(Boolean foldedHeadersAllowed)
   at System.Net.Http.HttpConnection.SendAsyncCore(HttpRequestMessage request, CancellationToken cancellationToken)
   --- End of inner exception stack trace ---
   at System.Net.Http.HttpConnection.SendAsyncCore(HttpRequestMessage request, CancellationToken cancellationToken)
   at System.Net.Http.HttpConnectionPool.SendWithNtConnectionAuthAsync(HttpConnection connection, HttpRequestMessage request, Boolean doRequestAuth, CancellationToken cancellationToken)
   at System.Net.Http.HttpConnectionPool.SendWithRetryAsync(HttpRequestMessage request, Boolean doRequestAuth, CancellationToken cancellationToken)
   at System.Net.Http.RedirectHandler.SendAsync(HttpRequestMessage request, CancellationToken cancellationToken)
   at Microsoft.Extensions.Http.Logging.LoggingHttpMessageHandler.SendAsync(HttpRequestMessage request, CancellationToken cancellationToken)
   at Microsoft.Extensions.Http.Logging.LoggingScopeHttpMessageHandler.SendAsync(HttpRequestMessage request, CancellationToken cancellationToken)
   at System.Net.Http.HttpClient.FinishSendAsyncBuffered(Task`1 sendTask, HttpRequestMessage request, CancellationTokenSource cts, Boolean disposeCts)
   at eSyaEssentials_UI.HttpClientServices.GetAsync[T](String url)
   at eSyaEnterprise_UI.Areas.DoctorScheduler.Controllers.AppointmentController.GetDoctorUnScheduleWorkOrder(Int32 specialtyId, Int32 doctorId) in D:\eSya Project\Solution\eSyaEnterprise_UI\trunk\eSyaEnterprise_UI\Areas\DoctorScheduler\Controllers\AppointmentController.cs:line 616|url: http://localhost/Appointment/GetDoctorUnScheduleWorkOrder|action: GetDoctorUnScheduleWorkOrder
2022-08-13 00:31:11.4209||ERROR|eSyaEnterprise_UI.Areas.DoctorScheduler.Controllers.AppointmentController|UD:InsertIntoDoctorSlotBooking:params:{"BusinessKey":111,"FinancialYear":0,"DocumentID":0,"DocumentNumber":0,"AppointmentKey":0,"ClinicId":0,"ConsultationId":0,"SpecialtyID":1,"SpecialtyDesc":null,"DoctorID":1,"DoctorName":null,"AppointmentDate":"2022-08-15T00:00:00","AppointmentFromTime":"10:45:00","Duration":5,"StartDate":"0001-01-01T00:00:00","EndDate":"0001-01-01T00:00:00","AppointmentStatus":null,"ReasonforAppointment":null,"ReasonforCancellation":null,"QueueTokenKey":null,"VisitType":null,"EpisodeType":null,"ClinicType":0,"ConsultationType":0,"PatientID":null,"UHID":null,"PatientFirstName":null,"PatientMiddleName":null,"PatientLastName":null,"Gender":null,"DateOfBirth":null,"PatientMobileNumber":null,"SecondaryMobileNumber":null,"PatientEmailID":null,"IsSponsored":false,"CustomerID":null,"ReferredBy":0,"PaymentReceived":false,"RequestChannel":0,"PatientName":null,"Age":0,"BMI":null,"SurgeryCode":null,"SurgeryName":null,"SurgeryDate":"0001-01-01T00:00:00","ActiveStatus":true,"FormID":"EDA_01_00","UserID":10,"TerminalID":"192.168.1.5"} System.Exception: Internal Server Error|url: http://localhost/Appointment/InsertIntoDoctorSlotBooking|action: InsertIntoDoctorSlotBooking
2022-08-13 00:34:47.2409||ERROR|eSyaEnterprise_UI.Areas.DoctorScheduler.Controllers.AppointmentController|UD:InsertIntoPatientAppointmentDetail:params:{"BusinessKey":111,"FinancialYear":0,"DocumentID":0,"DocumentNumber":0,"AppointmentKey":0,"ClinicId":610002,"ConsultationId":630001,"SpecialtyID":1,"SpecialtyDesc":"Yoga","DoctorID":1,"DoctorName":"Dr.Viveka A Udupa","AppointmentDate":"2022-08-15T00:00:00","AppointmentFromTime":"10:50:00","Duration":15,"StartDate":"0001-01-01T00:00:00","EndDate":"0001-01-01T00:00:00","AppointmentStatus":null,"ReasonforAppointment":"RS","ReasonforCancellation":null,"QueueTokenKey":null,"VisitType":null,"EpisodeType":"N","ClinicType":610002,"ConsultationType":630001,"PatientID":null,"UHID":null,"PatientFirstName":"Mohideen","PatientMiddleName":null,"PatientLastName":"Batcha","Gender":"M","DateOfBirth":"2022-08-19T00:00:00","PatientMobileNumber":"9606958591","SecondaryMobileNumber":null,"PatientEmailID":null,"IsSponsored":false,"CustomerID":null,"ReferredBy":10004,"PaymentReceived":false,"RequestChannel":1,"PatientName":null,"Age":0,"BMI":null,"SurgeryCode":null,"SurgeryName":null,"SurgeryDate":"0001-01-01T00:00:00","ActiveStatus":true,"FormID":"EDA_01_00","UserID":10,"TerminalID":"192.168.1.5"} System.Exception: Internal Server Error|url: http://localhost/Appointment/InsertIntoPatientAppointmentDetail|action: InsertIntoPatientAppointmentDetail
2022-08-13 00:36:47.0811||ERROR|eSyaEnterprise_UI.Areas.DoctorScheduler.Controllers.AppointmentController|UD:InsertIntoPatientAppointmentDetail:params:{"BusinessKey":111,"FinancialYear":0,"DocumentID":0,"DocumentNumber":0,"AppointmentKey":0,"ClinicId":610002,"ConsultationId":630001,"SpecialtyID":1,"SpecialtyDesc":"Yoga","DoctorID":1,"DoctorName":"Dr.Viveka A Udupa","AppointmentDate":"2022-08-15T00:00:00","AppointmentFromTime":"10:50:00","Duration":15,"StartDate":"0001-01-01T00:00:00","EndDate":"0001-01-01T00:00:00","AppointmentStatus":null,"ReasonforAppointment":"RS","ReasonforCancellation":null,"QueueTokenKey":null,"VisitType":null,"EpisodeType":"N","ClinicType":610002,"ConsultationType":630001,"PatientID":null,"UHID":null,"PatientFirstName":"Mohideen","PatientMiddleName":null,"PatientLastName":"Batcha","Gender":"M","DateOfBirth":"2022-08-19T00:00:00","PatientMobileNumber":"9606958591","SecondaryMobileNumber":null,"PatientEmailID":null,"IsSponsored":false,"CustomerID":null,"ReferredBy":10004,"PaymentReceived":false,"RequestChannel":1,"PatientName":null,"Age":0,"BMI":null,"SurgeryCode":null,"SurgeryName":null,"SurgeryDate":"0001-01-01T00:00:00","ActiveStatus":true,"FormID":"EDA_01_00","UserID":10,"TerminalID":"192.168.1.5"} System.Threading.Tasks.TaskCanceledException: The operation was canceled. ---> System.IO.IOException: Unable to read data from the transport connection: The I/O operation has been aborted because of either a thread exit or an application request. ---> System.Net.Sockets.SocketException: The I/O operation has been aborted because of either a thread exit or an application request
   --- End of inner exception stack trace ---
   at System.Net.Sockets.Socket.AwaitableSocketAsyncEventArgs.ThrowException(SocketError error)
   at System.Net.Sockets.Socket.AwaitableSocketAsyncEventArgs.GetResult(Int16 token)
   at System.Net.Security.SslStreamInternal.<FillBufferAsync>g__InternalFillBufferAsync|38_0[TReadAdapter](TReadAdapter adap, ValueTask`1 task, Int32 min, Int32 initial)
   at System.Net.Security.SslStreamInternal.ReadAsyncInternal[TReadAdapter](TReadAdapter adapter, Memory`1 buffer)
   at System.Net.Http.HttpConnection.SendAsyncCore(HttpRequestMessage request, CancellationToken cancellationToken)
   --- End of inner exception stack trace ---
   at System.Net.Http.HttpConnection.SendAsyncCore(HttpRequestMessage request, CancellationToken cancellationToken)
   at System.Net.Http.HttpConnectionPool.SendWithNtConnectionAuthAsync(HttpConnection connection, HttpRequestMessage request, Boolean doRequestAuth, CancellationToken cancellationToken)
   at System.Net.Http.HttpConnectionPool.SendWithRetryAsync(HttpRequestMessage request, Boolean doRequestAuth, CancellationToken cancellationToken)
   at System.Net.Http.RedirectHandler.SendAsync(HttpRequestMessage request, CancellationToken cancellationToken)
   at Microsoft.Extensions.Http.Logging.LoggingHttpMessageHandler.SendAsync(HttpRequestMessage request, CancellationToken cancellationToken)
   at Microsoft.Extensions.Http.Logging.LoggingScopeHttpMessageHandler.SendAsync(HttpRequestMessage request, CancellationToken cancellationToken)
   at System.Net.Http.HttpClient.FinishSendAsyncBuffered(Task`1 sendTask, HttpRequestMessage request, CancellationTokenSource cts, Boolean disposeCts)
   at eSyaEssentials_UI.HttpClientServices.PostAsJsonAsync[T](String url, Object value)
   at eSyaEnterprise_UI.Areas.DoctorScheduler.Controllers.AppointmentController.InsertIntoPatientAppointmentDetail(DO_PatientAppointmentDetail obj) in D:\eSya Project\Solution\eSyaEnterprise_UI\trunk\eSyaEnterprise_UI\Areas\DoctorScheduler\Controllers\AppointmentController.cs:line 418|url: http://localhost/Appointment/InsertIntoPatientAppointmentDetail|action: InsertIntoPatientAppointmentDetail
2022-08-13 00:47:59.7108||ERROR|eSyaEnterprise_UI.Areas.DoctorScheduler.Controllers.AppointmentController|UD:InsertIntoPatientAppointmentDetail:params:{"BusinessKey":111,"FinancialYear":0,"DocumentID":0,"DocumentNumber":0,"AppointmentKey":0,"ClinicId":610002,"ConsultationId":630001,"SpecialtyID":1,"SpecialtyDesc":"Yoga","DoctorID":1,"DoctorName":"Dr.Viveka A Udupa","AppointmentDate":"2022-08-15T00:00:00","AppointmentFromTime":"10:50:00","Duration":15,"StartDate":"0001-01-01T00:00:00","EndDate":"0001-01-01T00:00:00","AppointmentStatus":null,"ReasonforAppointment":"RS","ReasonforCancellation":null,"QueueTokenKey":null,"VisitType":null,"EpisodeType":"N","ClinicType":610002,"ConsultationType":630001,"PatientID":null,"UHID":null,"PatientFirstName":"Mohideen","PatientMiddleName":null,"PatientLastName":"Batcha","Gender":"M","DateOfBirth":"2022-08-19T00:00:00","PatientMobileNumber":"9606958591","SecondaryMobileNumber":null,"PatientEmailID":null,"IsSponsored":false,"CustomerID":null,"ReferredBy":10004,"PaymentReceived":false,"RequestChannel":1,"PatientName":null,"Age":0,"BMI":null,"SurgeryCode":null,"SurgeryName":null,"SurgeryDate":"0001-01-01T00:00:00","ActiveStatus":true,"FormID":"EDA_01_00","UserID":10,"TerminalID":"192.168.1.5"} System.Net.Http.HttpRequestException: An error occurred while sending the request. ---> System.IO.IOException: Unable to read data from the transport connection: An existing connection was forcibly closed by the remote host. ---> System.Net.Sockets.SocketException: An existing connection was forcibly closed by the remote host
   --- End of inner exception stack trace ---
   at System.Net.Sockets.Socket.AwaitableSocketAsyncEventArgs.ThrowException(SocketError error)
   at System.Net.Sockets.Socket.AwaitableSocketAsyncEventArgs.GetResult(Int16 token)
   at System.Net.Security.SslStreamInternal.<FillBufferAsync>g__InternalFillBufferAsync|38_0[TReadAdapter](TReadAdapter adap, ValueTask`1 task, Int32 min, Int32 initial)
   at System.Net.Security.SslStreamInternal.ReadAsyncInternal[TReadAdapter](TReadAdapter adapter, Memory`1 buffer)
   at System.Net.Http.HttpConnection.FillAsync()
   at System.Net.Http.HttpConnection.ReadNextResponseHeaderLineAsync(Boolean foldedHeadersAllowed)
   at System.Net.Http.HttpConnection.SendAsyncCore(HttpRequestMessage request, CancellationToken cancellationToken)
   --- End of inner exception stack trace ---
   at System.Net.Http.HttpConnection.SendAsyncCore(HttpRequestMessage request, CancellationToken cancellationToken)
   at System.Net.Http.HttpConnectionPool.SendWithNtConnectionAuthAsync(HttpConnection connection, HttpRequestMessage request, Boolean doRequestAuth, CancellationToken cancellationToken)
   at System.Net.Http.HttpConnectionPool.SendWithRetryAsync(HttpRequestMessage request, Boolean doRequestAuth, CancellationToken cancellationToken)
   at System.Net.Http.RedirectHandler.SendAsync(HttpRequestMessage request, CancellationToken cancellationToken)
   at Microsoft.Extensions.Http.Logging.LoggingHttpMessageHandler.SendAsync(HttpRequestMessage request, CancellationToken cancellationToken)
   at Microsoft.Extensions.Http.Logging.LoggingScopeHttpMessageHandler.SendAsync(HttpRequestMessage request, CancellationToken cancellationToken)
   at System.Net.Http.HttpClient.FinishSendAsyncBuffered(Task`1 sendTask, HttpRequestMessage request, CancellationTokenSource cts, Boolean disposeCts)
   at eSyaEssentials_UI.HttpClientServices.PostAsJsonAsync[T](String url, Object value)
   at eSyaEnterprise_UI.Areas.DoctorScheduler.Controllers.AppointmentController.InsertIntoPatientAppointmentDetail(DO_PatientAppointmentDetail obj) in D:\eSya Project\Solution\eSyaEnterprise_UI\trunk\eSyaEnterprise_UI\Areas\DoctorScheduler\Controllers\AppointmentController.cs:line 418|url: http://localhost/Appointment/InsertIntoPatientAppointmentDetail|action: InsertIntoPatientAppointmentDetail
2022-08-13 10:02:10.1270|3|WARN|Microsoft.AspNetCore.HttpsPolicy.HttpsRedirectionMiddleware|Failed to determine the https port for redirect. |url: http://localhost/|action: 
2022-08-13 13:28:21.3739|3|WARN|Microsoft.AspNetCore.HttpsPolicy.HttpsRedirectionMiddleware|Failed to determine the https port for redirect. |url: http://localhost/|action: 
2022-08-13 16:32:17.0193|3|WARN|Microsoft.AspNetCore.HttpsPolicy.HttpsRedirectionMiddleware|Failed to determine the https port for redirect. |url: http://localhost/|action: 
2022-08-13 16:41:19.0777||ERROR|eSyaEnterprise_UI.Areas.PatientManagement.Controllers.RegistrationController|UD:GetSpecialty System.Exception: Internal Server Error|url: http://localhost/Registration/GetSpecialty|action: GetSpecialty
2022-08-13 16:41:19.0968||ERROR|eSyaEnterprise_UI.Areas.PatientManagement.Controllers.MasterController|UD:GetISDCodes System.Exception: Internal Server Error|url: http://localhost/Master/GetISDCodes|action: GetISDCodes
2022-08-13 16:41:19.1178||ERROR|eSyaEnterprise_UI.Areas.PatientManagement.Controllers.RegistrationController|UD:GetClinicTypes System.Exception: Internal Server Error|url: http://localhost/Registration/GetClinictype|action: GetClinictype
2022-08-13 16:41:19.7032||ERROR|eSyaEnterprise_UI.Areas.PatientManagement.Controllers.MasterController|UD:GetStateList System.Exception: Internal Server Error|url: http://localhost/Master/GetStateList|action: GetStateList
2022-08-13 16:41:20.0187||ERROR|eSyaEnterprise_UI.Areas.PatientManagement.Controllers.MasterController|UD:GetPatientType System.Exception: Internal Server Error|url: http://localhost/Master/GetPatientType|action: GetPatientType
2022-08-13 16:41:20.6000||ERROR|eSyaEnterprise_UI.Areas.PatientManagement.Controllers.MasterController|UD:GetCityList System.Exception: Internal Server Error|url: http://localhost/Master/GetCityList|action: GetCityList
2022-08-13 16:41:23.0720||ERROR|eSyaEnterprise_UI.Areas.PatientManagement.Controllers.OpBillingController|UD:GetPatientRegisteredList System.Exception: Internal Server Error|url: http://localhost/OpBilling/GetPatientRegisteredList|action: GetPatientRegisteredList
2022-08-13 17:29:30.6129|3|WARN|Microsoft.AspNetCore.HttpsPolicy.HttpsRedirectionMiddleware|Failed to determine the https port for redirect. |url: http://localhost/|action: 
2022-08-13 17:29:57.5536||ERROR|eSyaEnterprise_UI.Areas.DoctorScheduler.Controllers.AppointmentController|UD:GetReferredBy System.Exception: Internal Server Error|url: http://localhost/Appointment/GetReferredBy|action: GetReferredBy
2022-08-13 17:29:57.5714||ERROR|eSyaEnterprise_UI.Areas.DoctorScheduler.Controllers.AppointmentController|UD:GetSpecialtyList:params:businessKey:{0}111 System.Exception: Internal Server Error|url: http://localhost/Appointment/GetSpecialtyList|action: GetSpecialtyList
2022-08-13 17:29:57.5902||ERROR|eSyaEnterprise_UI.Areas.DoctorScheduler.Controllers.AppointmentController|UD:GetClinicTypes:params:businessKey:{0}111 System.Exception: Internal Server Error|url: http://localhost/Appointment/GetClinicConsultationTypeByBKey|action: GetClinicConsultationTypeByBKey
2022-08-13 18:11:53.2286|3|WARN|Microsoft.AspNetCore.HttpsPolicy.HttpsRedirectionMiddleware|Failed to determine the https port for redirect. |url: http://localhost/|action: 
2022-08-13 18:12:47.5077||ERROR|eSyaEnterprise_UI.Areas.eSyaNatureCure.Controllers.CheckInGuestController|UD:GetServiceList System.Exception: Internal Server Error|url: http://localhost/CheckInGuest/GetServiceList|action: GetServiceList
2022-08-13 18:13:44.0320|3|WARN|Microsoft.AspNetCore.HttpsPolicy.HttpsRedirectionMiddleware|Failed to determine the https port for redirect. |url: http://localhost/|action: 
2022-08-13 18:14:21.3758||ERROR|eSyaEnterprise_UI.Areas.eSyaNatureCure.Controllers.CheckInGuestController|UD:GetServiceList System.Exception: Internal Server Error|url: http://localhost/CheckInGuest/GetServiceList|action: GetServiceList
2022-08-13 18:15:27.4433|3|WARN|Microsoft.AspNetCore.HttpsPolicy.HttpsRedirectionMiddleware|Failed to determine the https port for redirect. |url: http://localhost/|action: 
2022-08-13 18:16:24.6149||ERROR|eSyaEnterprise_UI.Areas.eSyaNatureCure.Controllers.CheckInGuestController|UD:GetServiceList System.Exception: Internal Server Error|url: http://localhost/CheckInGuest/GetServiceList|action: GetServiceList
2022-08-13 18:20:20.4586||ERROR|eSyaEnterprise_UI.Areas.eSyaNatureCure.Controllers.CheckInGuestController|UD:GuestCheckOutProcess:params:{"BusinessKey":111,"BookingKey":2211163,"GuestId":0,"PackageId":0,"PackageDesc":null,"TotalPackageAmount":0.0,"TotalDiscountAmount":0.0,"NetPackageAmount":0.0,"CheckedInDate":"0001-01-01T00:00:00","CheckedOutDate":"0001-01-01T00:00:00","RoomTypeId":0,"RoomTypeName":null,"RoomNumber":null,"BedNumber":null,"OccupancyType":null,"PackagePrice":0.0,"UHID":null,"FirstName":null,"LastName":null,"Gender":null,"IsDOBApplicable":false,"DateOfBirth":null,"AgeYy":0,"AgeMM":0,"AgeDD":0,"MobileNumber":null,"EmailId":null,"Address":null,"AreaCode":null,"StateCode":null,"CityCode":null,"Pincode":null,"IsCheckedIn":false,"IsCheckedOut":false,"CheckInStatus":null,"FormID":"0","UserID":10,"TerminalID":"192.168.1.4","lst_Patient":null,"Isdcode":0} System.Threading.Tasks.TaskCanceledException: The operation was canceled. ---> System.IO.IOException: Unable to read data from the transport connection: The I/O operation has been aborted because of either a thread exit or an application request. ---> System.Net.Sockets.SocketException: The I/O operation has been aborted because of either a thread exit or an application request
   --- End of inner exception stack trace ---
   at System.Net.Sockets.Socket.AwaitableSocketAsyncEventArgs.ThrowException(SocketError error)
   at System.Net.Sockets.Socket.AwaitableSocketAsyncEventArgs.GetResult(Int16 token)
   at System.Net.Security.SslStreamInternal.<FillBufferAsync>g__InternalFillBufferAsync|38_0[TReadAdapter](TReadAdapter adap, ValueTask`1 task, Int32 min, Int32 initial)
   at System.Net.Security.SslStreamInternal.ReadAsyncInternal[TReadAdapter](TReadAdapter adapter, Memory`1 buffer)
   at System.Net.Http.HttpConnection.FillAsync()
   at System.Net.Http.HttpConnection.ReadNextResponseHeaderLineAsync(Boolean foldedHeadersAllowed)
   at System.Net.Http.HttpConnection.SendAsyncCore(HttpRequestMessage request, CancellationToken cancellationToken)
   --- End of inner exception stack trace ---
   at System.Net.Http.HttpConnection.SendAsyncCore(HttpRequestMessage request, CancellationToken cancellationToken)
   at System.Net.Http.HttpConnectionPool.SendWithNtConnectionAuthAsync(HttpConnection connection, HttpRequestMessage request, Boolean doRequestAuth, CancellationToken cancellationToken)
   at System.Net.Http.HttpConnectionPool.SendWithRetryAsync(HttpRequestMessage request, Boolean doRequestAuth, CancellationToken cancellationToken)
   at System.Net.Http.RedirectHandler.SendAsync(HttpRequestMessage request, CancellationToken cancellationToken)
   at Microsoft.Extensions.Http.Logging.LoggingHttpMessageHandler.SendAsync(HttpRequestMessage request, CancellationToken cancellationToken)
   at Microsoft.Extensions.Http.Logging.LoggingScopeHttpMessageHandler.SendAsync(HttpRequestMessage request, CancellationToken cancellationToken)
   at System.Net.Http.HttpClient.FinishSendAsyncBuffered(Task`1 sendTask, HttpRequestMessage request, CancellationTokenSource cts, Boolean disposeCts)
   at eSyaEssentials_UI.HttpClientServices.PostAsJsonAsync[T](String url, Object value)
   at eSyaEnterprise_UI.Areas.eSyaNatureCure.Controllers.CheckInGuestController.GuestCheckOutProcess(DO_GuestCheckInDetails obj) in D:\eSya Project\Solution\eSyaEnterprise_UI\trunk\eSyaEnterprise_UI\Areas\eSyaNatureCure\Controllers\CheckInGuestController.cs:line 620|url: http://localhost/CheckInGuest/GuestCheckOutProcess|action: GuestCheckOutProcess
2022-08-13 19:36:14.7727|3|WARN|Microsoft.AspNetCore.HttpsPolicy.HttpsRedirectionMiddleware|Failed to determine the https port for redirect. |url: http://localhost/|action: 
2022-08-13 19:36:44.4790||ERROR|eSyaEnterprise_UI.Areas.DoctorScheduler.Controllers.AppointmentController|UD:GetReferredBy System.Exception: Internal Server Error|url: http://localhost/Appointment/GetReferredBy|action: GetReferredBy
2022-08-13 19:36:44.4958||ERROR|eSyaEnterprise_UI.Areas.DoctorScheduler.Controllers.AppointmentController|UD:GetClinicTypes:params:businessKey:{0}111 System.Exception: Internal Server Error|url: http://localhost/Appointment/GetClinicConsultationTypeByBKey|action: GetClinicConsultationTypeByBKey
2022-08-13 19:36:44.5141||ERROR|eSyaEnterprise_UI.Areas.DoctorScheduler.Controllers.AppointmentController|UD:GetSpecialtyList:params:businessKey:{0}111 System.Exception: Internal Server Error|url: http://localhost/Appointment/GetSpecialtyList|action: GetSpecialtyList
2022-08-13 19:45:43.5070|3|WARN|Microsoft.AspNetCore.HttpsPolicy.HttpsRedirectionMiddleware|Failed to determine the https port for redirect. |url: http://localhost/|action: 
2022-08-13 19:55:53.1775|3|WARN|Microsoft.AspNetCore.HttpsPolicy.HttpsRedirectionMiddleware|Failed to determine the https port for redirect. |url: http://localhost/|action: 
2022-08-13 20:17:51.2224||ERROR|eSyaEnterprise_UI.Areas.PatientManagement.Controllers.MasterController|UD:GetPatientCategory System.Exception: Internal Server Error|url: http://localhost/Master/GetPatientCategory|action: GetPatientCategory
2022-08-13 20:18:34.9008||ERROR|eSyaEnterprise_UI.Areas.PatientManagement.Controllers.MasterController|UD:GetPatientCategory System.Exception: Internal Server Error|url: http://localhost/Master/GetPatientCategory|action: GetPatientCategory
