2023-01-13 10:33:08.9566|1|WARN|Microsoft.AspNetCore.Localization.RequestLocalizationMiddleware|CookieRequestCultureProvider returned the following unsupported cultures 'en-US'. |url: http://localhost/|action: 
2023-01-13 10:33:09.0207|3|WARN|Microsoft.AspNetCore.HttpsPolicy.HttpsRedirectionMiddleware|Failed to determine the https port for redirect. |url: http://localhost/|action: 
2023-01-13 10:33:15.4758|1|WARN|Microsoft.AspNetCore.Localization.RequestLocalizationMiddleware|CookieRequestCultureProvider returned the following unsupported cultures 'en-US'. |url: http://localhost/css/esyafonts.css|action: 
2023-01-13 10:33:15.4995|1|WARN|Microsoft.AspNetCore.Localization.RequestLocalizationMiddleware|CookieRequestCultureProvider returned the following unsupported cultures 'en-US'. |url: http://localhost/js/Inputmask/bindings/inputmask.binding.js|action: 
2023-01-13 10:33:15.4758|1|WARN|Microsoft.AspNetCore.Localization.RequestLocalizationMiddleware|CookieRequestCultureProvider returned the following unsupported cultures 'en-US'. |url: http://localhost/css/animate.css|action: 
2023-01-13 10:33:15.5195|1|WARN|Microsoft.AspNetCore.Localization.RequestLocalizationMiddleware|CookieRequestCultureProvider returned the following unsupported cultures 'en-US'. |url: http://localhost/images/esya-products-yellow-with-footer.jpg|action: 
2023-01-13 10:33:15.6327|1|WARN|Microsoft.AspNetCore.Localization.RequestLocalizationMiddleware|CookieRequestCultureProvider returned the following unsupported cultures 'en-US'. |url: http://localhost/css/esyaTheme.css|action: 
2023-01-13 10:33:15.6568|1|WARN|Microsoft.AspNetCore.Localization.RequestLocalizationMiddleware|CookieRequestCultureProvider returned the following unsupported cultures 'en-US'. |url: http://localhost/css/login.css|action: 
2023-01-13 10:33:15.6724|1|WARN|Microsoft.AspNetCore.Localization.RequestLocalizationMiddleware|CookieRequestCultureProvider returned the following unsupported cultures 'en-US'. |url: http://localhost/fonts/fa-solid-900.woff2|action: 
2023-01-13 10:33:15.7881|1|WARN|Microsoft.AspNetCore.Localization.RequestLocalizationMiddleware|CookieRequestCultureProvider returned the following unsupported cultures 'en-US'. |url: http://localhost/fonts/esyaFonts/Roboto/Roboto-Regular.ttf|action: 
2023-01-13 10:33:15.8103|1|WARN|Microsoft.AspNetCore.Localization.RequestLocalizationMiddleware|CookieRequestCultureProvider returned the following unsupported cultures 'en-US'. |url: http://localhost/Uploads/CountryFlagICons/rw.png|action: 
2023-01-13 10:33:15.8242|1|WARN|Microsoft.AspNetCore.Localization.RequestLocalizationMiddleware|CookieRequestCultureProvider returned the following unsupported cultures 'en-US'. |url: http://localhost/Uploads/CountryFlagICons/eg.png|action: 
2023-01-13 10:33:15.9336|1|WARN|Microsoft.AspNetCore.Localization.RequestLocalizationMiddleware|CookieRequestCultureProvider returned the following unsupported cultures 'en-US'. |url: http://localhost/images/logo/esya-logo-black.png|action: 
2023-01-13 10:33:15.4758|1|WARN|Microsoft.AspNetCore.Localization.RequestLocalizationMiddleware|CookieRequestCultureProvider returned the following unsupported cultures 'en-US'. |url: http://localhost/lib/bootstrap/dist/css/bootstrap.min.css|action: 
2023-01-13 10:33:15.9336|1|WARN|Microsoft.AspNetCore.Localization.RequestLocalizationMiddleware|CookieRequestCultureProvider returned the following unsupported cultures 'en-US'. |url: http://localhost/Uploads/CountryFlagICons/in.png|action: 
2023-01-13 10:33:16.0397|1|WARN|Microsoft.AspNetCore.Localization.RequestLocalizationMiddleware|CookieRequestCultureProvider returned the following unsupported cultures 'en-US'. |url: http://localhost/css/all.min.css|action: 
2023-01-13 10:33:16.0397|1|WARN|Microsoft.AspNetCore.Localization.RequestLocalizationMiddleware|CookieRequestCultureProvider returned the following unsupported cultures 'en-US'. |url: http://localhost/css/bootstrap-select.css|action: 
2023-01-13 10:33:16.0877|1|WARN|Microsoft.AspNetCore.Localization.RequestLocalizationMiddleware|CookieRequestCultureProvider returned the following unsupported cultures 'en-US'. |url: http://localhost/css/material.min.css|action: 
2023-01-13 10:37:04.6629|1|WARN|Microsoft.AspNetCore.Localization.RequestLocalizationMiddleware|CookieRequestCultureProvider returned the following unsupported cultures 'en-US'. |url: http://localhost/|action: 
2023-01-13 10:47:48.5562|1|WARN|Microsoft.AspNetCore.Localization.RequestLocalizationMiddleware|CookieRequestCultureProvider returned the following unsupported cultures 'en-US'. |url: http://localhost/|action: 
2023-01-13 10:47:48.6260|3|WARN|Microsoft.AspNetCore.HttpsPolicy.HttpsRedirectionMiddleware|Failed to determine the https port for redirect. |url: http://localhost/|action: 
2023-01-13 10:47:54.3034|1|WARN|Microsoft.AspNetCore.Localization.RequestLocalizationMiddleware|CookieRequestCultureProvider returned the following unsupported cultures 'en-US'. |url: http://localhost/images/logo/esya-logo-black.png|action: 
2023-01-13 10:47:54.3148|1|WARN|Microsoft.AspNetCore.Localization.RequestLocalizationMiddleware|CookieRequestCultureProvider returned the following unsupported cultures 'en-US'. |url: http://localhost/images/esya-products-yellow-with-footer.jpg|action: 
2023-01-13 10:47:54.5074|1|WARN|Microsoft.AspNetCore.Localization.RequestLocalizationMiddleware|CookieRequestCultureProvider returned the following unsupported cultures 'en-US'. |url: http://localhost/Uploads/CountryFlagICons/in.png|action: 
2023-01-13 10:48:09.2036|1|WARN|Microsoft.AspNetCore.Localization.RequestLocalizationMiddleware|CookieRequestCultureProvider returned the following unsupported cultures 'en-US'. |url: http://localhost/|action: 
2023-01-13 10:48:09.2564|3|WARN|Microsoft.AspNetCore.HttpsPolicy.HttpsRedirectionMiddleware|Failed to determine the https port for redirect. |url: http://localhost/|action: 
