2022-09-26 13:05:17.5587|1|WARN|Microsoft.AspNetCore.Localization.RequestLocalizationMiddleware|CookieRequestCultureProvider returned the following unsupported cultures 'en'. |url: http://localhost/|action: 
2022-09-26 13:05:17.6051|2|WARN|Microsoft.AspNetCore.Localization.RequestLocalizationMiddleware|CookieRequestCultureProvider returned the following unsupported UI Cultures 'en'. |url: http://localhost/|action: 
2022-09-26 13:05:17.6233|3|WARN|Microsoft.AspNetCore.HttpsPolicy.HttpsRedirectionMiddleware|Failed to determine the https port for redirect. |url: http://localhost/|action: 
2022-09-26 13:05:20.5029|1|WARN|Microsoft.AspNetCore.Localization.RequestLocalizationMiddleware|CookieRequestCultureProvider returned the following unsupported cultures 'en'. |url: http://localhost/lib/bootstrap/dist/js/popper.min.js|action: 
2022-09-26 13:05:20.5029|1|WARN|Microsoft.AspNetCore.Localization.RequestLocalizationMiddleware|CookieRequestCultureProvider returned the following unsupported cultures 'en'. |url: http://localhost/js/all.min.js|action: 
2022-09-26 13:05:20.5248|1|WARN|Microsoft.AspNetCore.Localization.RequestLocalizationMiddleware|CookieRequestCultureProvider returned the following unsupported cultures 'en'. |url: http://localhost/js/material.min.js|action: 
2022-09-26 13:05:20.5338|2|WARN|Microsoft.AspNetCore.Localization.RequestLocalizationMiddleware|CookieRequestCultureProvider returned the following unsupported UI Cultures 'en'. |url: http://localhost/lib/bootstrap/dist/js/popper.min.js|action: 
2022-09-26 13:05:20.5338|2|WARN|Microsoft.AspNetCore.Localization.RequestLocalizationMiddleware|CookieRequestCultureProvider returned the following unsupported UI Cultures 'en'. |url: http://localhost/js/all.min.js|action: 
2022-09-26 13:05:20.5529|2|WARN|Microsoft.AspNetCore.Localization.RequestLocalizationMiddleware|CookieRequestCultureProvider returned the following unsupported UI Cultures 'en'. |url: http://localhost/js/material.min.js|action: 
2022-09-26 13:05:20.5811|1|WARN|Microsoft.AspNetCore.Localization.RequestLocalizationMiddleware|CookieRequestCultureProvider returned the following unsupported cultures 'en'. |url: http://localhost/lib/jquery/dist/jquery.js|action: 
2022-09-26 13:05:20.5811|1|WARN|Microsoft.AspNetCore.Localization.RequestLocalizationMiddleware|CookieRequestCultureProvider returned the following unsupported cultures 'en'. |url: http://localhost/lib/bootstrap/dist/js/jquery-3.2.1.min.js|action: 
2022-09-26 13:05:20.6733|2|WARN|Microsoft.AspNetCore.Localization.RequestLocalizationMiddleware|CookieRequestCultureProvider returned the following unsupported UI Cultures 'en'. |url: http://localhost/lib/jquery/dist/jquery.js|action: 
2022-09-26 13:05:20.7456|2|WARN|Microsoft.AspNetCore.Localization.RequestLocalizationMiddleware|CookieRequestCultureProvider returned the following unsupported UI Cultures 'en'. |url: http://localhost/lib/bootstrap/dist/js/jquery-3.2.1.min.js|action: 
2022-09-26 13:05:20.7545|1|WARN|Microsoft.AspNetCore.Localization.RequestLocalizationMiddleware|CookieRequestCultureProvider returned the following unsupported cultures 'en'. |url: http://localhost/lib/bootstrap/dist/js/bootstrap.min.js|action: 
2022-09-26 13:05:20.7909|2|WARN|Microsoft.AspNetCore.Localization.RequestLocalizationMiddleware|CookieRequestCultureProvider returned the following unsupported UI Cultures 'en'. |url: http://localhost/lib/bootstrap/dist/js/bootstrap.min.js|action: 
2022-09-26 13:05:20.8350|1|WARN|Microsoft.AspNetCore.Localization.RequestLocalizationMiddleware|CookieRequestCultureProvider returned the following unsupported cultures 'en'. |url: http://localhost/js/i18n/grid.locale-en.js|action: 
2022-09-26 13:05:20.8837|2|WARN|Microsoft.AspNetCore.Localization.RequestLocalizationMiddleware|CookieRequestCultureProvider returned the following unsupported UI Cultures 'en'. |url: http://localhost/js/i18n/grid.locale-en.js|action: 
2022-09-26 13:05:21.1708|1|WARN|Microsoft.AspNetCore.Localization.RequestLocalizationMiddleware|CookieRequestCultureProvider returned the following unsupported cultures 'en'. |url: http://localhost/js/jquery.jqGrid.min.js|action: 
2022-09-26 13:05:21.1950|2|WARN|Microsoft.AspNetCore.Localization.RequestLocalizationMiddleware|CookieRequestCultureProvider returned the following unsupported UI Cultures 'en'. |url: http://localhost/js/jquery.jqGrid.min.js|action: 
2022-09-26 13:05:21.2230|1|WARN|Microsoft.AspNetCore.Localization.RequestLocalizationMiddleware|CookieRequestCultureProvider returned the following unsupported cultures 'en'. |url: http://localhost/js/jquery-ui.min.js|action: 
2022-09-26 13:05:21.2230|1|WARN|Microsoft.AspNetCore.Localization.RequestLocalizationMiddleware|CookieRequestCultureProvider returned the following unsupported cultures 'en'. |url: http://localhost/js/Inputmask/jquery.inputmask.js|action: 
2022-09-26 13:05:21.2901|1|WARN|Microsoft.AspNetCore.Localization.RequestLocalizationMiddleware|CookieRequestCultureProvider returned the following unsupported cultures 'en'. |url: http://localhost/js/bootbox.min.js|action: 
2022-09-26 13:05:21.3343|1|WARN|Microsoft.AspNetCore.Localization.RequestLocalizationMiddleware|CookieRequestCultureProvider returned the following unsupported cultures 'en'. |url: http://localhost/js/bootstrap-select.js|action: 
2022-09-26 13:05:21.3666|2|WARN|Microsoft.AspNetCore.Localization.RequestLocalizationMiddleware|CookieRequestCultureProvider returned the following unsupported UI Cultures 'en'. |url: http://localhost/js/Inputmask/jquery.inputmask.js|action: 
2022-09-26 13:05:21.3666|2|WARN|Microsoft.AspNetCore.Localization.RequestLocalizationMiddleware|CookieRequestCultureProvider returned the following unsupported UI Cultures 'en'. |url: http://localhost/js/bootbox.min.js|action: 
2022-09-26 13:05:21.3866|2|WARN|Microsoft.AspNetCore.Localization.RequestLocalizationMiddleware|CookieRequestCultureProvider returned the following unsupported UI Cultures 'en'. |url: http://localhost/js/bootstrap-select.js|action: 
2022-09-26 13:05:21.3343|1|WARN|Microsoft.AspNetCore.Localization.RequestLocalizationMiddleware|CookieRequestCultureProvider returned the following unsupported cultures 'en'. |url: http://localhost/js/Inputmask/inputmask.js|action: 
2022-09-26 13:05:21.4930|2|WARN|Microsoft.AspNetCore.Localization.RequestLocalizationMiddleware|CookieRequestCultureProvider returned the following unsupported UI Cultures 'en'. |url: http://localhost/js/Inputmask/inputmask.js|action: 
2022-09-26 13:05:21.3343|2|WARN|Microsoft.AspNetCore.Localization.RequestLocalizationMiddleware|CookieRequestCultureProvider returned the following unsupported UI Cultures 'en'. |url: http://localhost/js/jquery-ui.min.js|action: 
2022-09-26 13:05:21.5497|1|WARN|Microsoft.AspNetCore.Localization.RequestLocalizationMiddleware|CookieRequestCultureProvider returned the following unsupported cultures 'en'. |url: http://localhost/lib/bootstrap/dist/css/bootstrap.min.css|action: 
2022-09-26 13:05:21.5651|1|WARN|Microsoft.AspNetCore.Localization.RequestLocalizationMiddleware|CookieRequestCultureProvider returned the following unsupported cultures 'en'. |url: http://localhost/js/Inputmask/bindings/inputmask.binding.js|action: 
2022-09-26 13:05:21.5856|2|WARN|Microsoft.AspNetCore.Localization.RequestLocalizationMiddleware|CookieRequestCultureProvider returned the following unsupported UI Cultures 'en'. |url: http://localhost/lib/bootstrap/dist/css/bootstrap.min.css|action: 
2022-09-26 13:05:21.5856|2|WARN|Microsoft.AspNetCore.Localization.RequestLocalizationMiddleware|CookieRequestCultureProvider returned the following unsupported UI Cultures 'en'. |url: http://localhost/js/Inputmask/bindings/inputmask.binding.js|action: 
2022-09-26 13:05:21.6305|1|WARN|Microsoft.AspNetCore.Localization.RequestLocalizationMiddleware|CookieRequestCultureProvider returned the following unsupported cultures 'en'. |url: http://localhost/css/material.min.css|action: 
2022-09-26 13:05:21.6647|1|WARN|Microsoft.AspNetCore.Localization.RequestLocalizationMiddleware|CookieRequestCultureProvider returned the following unsupported cultures 'en'. |url: http://localhost/css/animate.css|action: 
2022-09-26 13:05:21.6842|2|WARN|Microsoft.AspNetCore.Localization.RequestLocalizationMiddleware|CookieRequestCultureProvider returned the following unsupported UI Cultures 'en'. |url: http://localhost/css/material.min.css|action: 
2022-09-26 13:05:21.7112|1|WARN|Microsoft.AspNetCore.Localization.RequestLocalizationMiddleware|CookieRequestCultureProvider returned the following unsupported cultures 'en'. |url: http://localhost/css/bootstrap-select.css|action: 
2022-09-26 13:05:21.7387|1|WARN|Microsoft.AspNetCore.Localization.RequestLocalizationMiddleware|CookieRequestCultureProvider returned the following unsupported cultures 'en'. |url: http://localhost/css/esyafonts.css|action: 
2022-09-26 13:05:21.7387|2|WARN|Microsoft.AspNetCore.Localization.RequestLocalizationMiddleware|CookieRequestCultureProvider returned the following unsupported UI Cultures 'en'. |url: http://localhost/css/bootstrap-select.css|action: 
2022-09-26 13:05:21.7560|2|WARN|Microsoft.AspNetCore.Localization.RequestLocalizationMiddleware|CookieRequestCultureProvider returned the following unsupported UI Cultures 'en'. |url: http://localhost/css/esyafonts.css|action: 
2022-09-26 13:05:21.8013|1|WARN|Microsoft.AspNetCore.Localization.RequestLocalizationMiddleware|CookieRequestCultureProvider returned the following unsupported cultures 'en'. |url: http://localhost/css/esyaTheme.css|action: 
2022-09-26 13:05:21.8165|2|WARN|Microsoft.AspNetCore.Localization.RequestLocalizationMiddleware|CookieRequestCultureProvider returned the following unsupported UI Cultures 'en'. |url: http://localhost/css/esyaTheme.css|action: 
2022-09-26 13:05:21.7029|2|WARN|Microsoft.AspNetCore.Localization.RequestLocalizationMiddleware|CookieRequestCultureProvider returned the following unsupported UI Cultures 'en'. |url: http://localhost/css/animate.css|action: 
2022-09-26 13:05:21.8660|1|WARN|Microsoft.AspNetCore.Localization.RequestLocalizationMiddleware|CookieRequestCultureProvider returned the following unsupported cultures 'en'. |url: http://localhost/css/all.min.css|action: 
2022-09-26 13:05:21.8845|2|WARN|Microsoft.AspNetCore.Localization.RequestLocalizationMiddleware|CookieRequestCultureProvider returned the following unsupported UI Cultures 'en'. |url: http://localhost/css/all.min.css|action: 
2022-09-26 13:05:21.9323|1|WARN|Microsoft.AspNetCore.Localization.RequestLocalizationMiddleware|CookieRequestCultureProvider returned the following unsupported cultures 'en'. |url: http://localhost/css/login.css|action: 
2022-09-26 13:05:21.9580|2|WARN|Microsoft.AspNetCore.Localization.RequestLocalizationMiddleware|CookieRequestCultureProvider returned the following unsupported UI Cultures 'en'. |url: http://localhost/css/login.css|action: 
2022-09-26 13:05:22.0360|1|WARN|Microsoft.AspNetCore.Localization.RequestLocalizationMiddleware|CookieRequestCultureProvider returned the following unsupported cultures 'en'. |url: http://localhost/images/esya-products-yellow-with-footer.jpg|action: 
2022-09-26 13:05:22.0360|1|WARN|Microsoft.AspNetCore.Localization.RequestLocalizationMiddleware|CookieRequestCultureProvider returned the following unsupported cultures 'en'. |url: http://localhost/images/logo/esya-logo-black.png|action: 
2022-09-26 13:05:22.0615|1|WARN|Microsoft.AspNetCore.Localization.RequestLocalizationMiddleware|CookieRequestCultureProvider returned the following unsupported cultures 'en'. |url: http://localhost/fonts/fa-solid-900.woff2|action: 
2022-09-26 13:05:22.0721|2|WARN|Microsoft.AspNetCore.Localization.RequestLocalizationMiddleware|CookieRequestCultureProvider returned the following unsupported UI Cultures 'en'. |url: http://localhost/images/esya-products-yellow-with-footer.jpg|action: 
2022-09-26 13:05:22.0872|2|WARN|Microsoft.AspNetCore.Localization.RequestLocalizationMiddleware|CookieRequestCultureProvider returned the following unsupported UI Cultures 'en'. |url: http://localhost/images/logo/esya-logo-black.png|action: 
2022-09-26 13:05:22.0872|2|WARN|Microsoft.AspNetCore.Localization.RequestLocalizationMiddleware|CookieRequestCultureProvider returned the following unsupported UI Cultures 'en'. |url: http://localhost/fonts/fa-solid-900.woff2|action: 
2022-09-26 13:05:22.1306|1|WARN|Microsoft.AspNetCore.Localization.RequestLocalizationMiddleware|CookieRequestCultureProvider returned the following unsupported cultures 'en'. |url: http://localhost/Uploads/CountryFlagICons/eg.png|action: 
2022-09-26 13:05:22.1604|2|WARN|Microsoft.AspNetCore.Localization.RequestLocalizationMiddleware|CookieRequestCultureProvider returned the following unsupported UI Cultures 'en'. |url: http://localhost/Uploads/CountryFlagICons/eg.png|action: 
2022-09-26 13:05:22.1927|1|WARN|Microsoft.AspNetCore.Localization.RequestLocalizationMiddleware|CookieRequestCultureProvider returned the following unsupported cultures 'en'. |url: http://localhost/Uploads/CountryFlagICons/rw.png|action: 
2022-09-26 13:05:22.2139|1|WARN|Microsoft.AspNetCore.Localization.RequestLocalizationMiddleware|CookieRequestCultureProvider returned the following unsupported cultures 'en'. |url: http://localhost/Uploads/CountryFlagICons/ke.png|action: 
2022-09-26 13:05:22.2254|2|WARN|Microsoft.AspNetCore.Localization.RequestLocalizationMiddleware|CookieRequestCultureProvider returned the following unsupported UI Cultures 'en'. |url: http://localhost/Uploads/CountryFlagICons/rw.png|action: 
2022-09-26 13:05:22.2374|2|WARN|Microsoft.AspNetCore.Localization.RequestLocalizationMiddleware|CookieRequestCultureProvider returned the following unsupported UI Cultures 'en'. |url: http://localhost/Uploads/CountryFlagICons/ke.png|action: 
2022-09-26 13:05:22.3205|1|WARN|Microsoft.AspNetCore.Localization.RequestLocalizationMiddleware|CookieRequestCultureProvider returned the following unsupported cultures 'en'. |url: http://localhost/Uploads/CountryFlagICons/om.png|action: 
2022-09-26 13:05:22.2139|1|WARN|Microsoft.AspNetCore.Localization.RequestLocalizationMiddleware|CookieRequestCultureProvider returned the following unsupported cultures 'en'. |url: http://localhost/fonts/Helvetica.ttf|action: 
2022-09-26 13:05:22.3634|2|WARN|Microsoft.AspNetCore.Localization.RequestLocalizationMiddleware|CookieRequestCultureProvider returned the following unsupported UI Cultures 'en'. |url: http://localhost/Uploads/CountryFlagICons/om.png|action: 
2022-09-26 13:05:22.3957|1|WARN|Microsoft.AspNetCore.Localization.RequestLocalizationMiddleware|CookieRequestCultureProvider returned the following unsupported cultures 'en'. |url: http://localhost/Uploads/CountryFlagICons/ae.png|action: 
2022-09-26 13:05:22.3957|2|WARN|Microsoft.AspNetCore.Localization.RequestLocalizationMiddleware|CookieRequestCultureProvider returned the following unsupported UI Cultures 'en'. |url: http://localhost/fonts/Helvetica.ttf|action: 
2022-09-26 13:05:22.4478|2|WARN|Microsoft.AspNetCore.Localization.RequestLocalizationMiddleware|CookieRequestCultureProvider returned the following unsupported UI Cultures 'en'. |url: http://localhost/Uploads/CountryFlagICons/ae.png|action: 
2022-09-26 13:05:22.5862|1|WARN|Microsoft.AspNetCore.Localization.RequestLocalizationMiddleware|CookieRequestCultureProvider returned the following unsupported cultures 'en'. |url: http://localhost/fonts/esyaFonts/Roboto/Roboto-Regular.ttf|action: 
2022-09-26 13:05:22.6165|1|WARN|Microsoft.AspNetCore.Localization.RequestLocalizationMiddleware|CookieRequestCultureProvider returned the following unsupported cultures 'en'. |url: http://localhost/Uploads/CountryFlagICons/in.png|action: 
2022-09-26 13:05:22.6165|2|WARN|Microsoft.AspNetCore.Localization.RequestLocalizationMiddleware|CookieRequestCultureProvider returned the following unsupported UI Cultures 'en'. |url: http://localhost/fonts/esyaFonts/Roboto/Roboto-Regular.ttf|action: 
2022-09-26 13:05:22.6338|2|WARN|Microsoft.AspNetCore.Localization.RequestLocalizationMiddleware|CookieRequestCultureProvider returned the following unsupported UI Cultures 'en'. |url: http://localhost/Uploads/CountryFlagICons/in.png|action: 
2022-09-26 13:05:22.7980|1|WARN|Microsoft.AspNetCore.Localization.RequestLocalizationMiddleware|CookieRequestCultureProvider returned the following unsupported cultures 'en'. |url: http://localhost/favicon.ico|action: 
2022-09-26 13:05:22.8250|2|WARN|Microsoft.AspNetCore.Localization.RequestLocalizationMiddleware|CookieRequestCultureProvider returned the following unsupported UI Cultures 'en'. |url: http://localhost/favicon.ico|action: 
2022-09-26 13:06:06.7354|1|WARN|Microsoft.AspNetCore.Localization.RequestLocalizationMiddleware|CookieRequestCultureProvider returned the following unsupported cultures 'en'. |url: http://localhost/|action: 
2022-09-26 13:06:06.7515|2|WARN|Microsoft.AspNetCore.Localization.RequestLocalizationMiddleware|CookieRequestCultureProvider returned the following unsupported UI Cultures 'en'. |url: http://localhost/|action: 
2022-09-26 13:06:07.7567|1|WARN|Microsoft.AspNetCore.Localization.RequestLocalizationMiddleware|CookieRequestCultureProvider returned the following unsupported cultures 'en'. |url: http://localhost/Home|action: 
2022-09-26 13:06:07.7732|2|WARN|Microsoft.AspNetCore.Localization.RequestLocalizationMiddleware|CookieRequestCultureProvider returned the following unsupported UI Cultures 'en'. |url: http://localhost/Home|action: 
2022-09-26 13:06:09.3949|1|WARN|Microsoft.AspNetCore.Localization.RequestLocalizationMiddleware|CookieRequestCultureProvider returned the following unsupported cultures 'en'. |url: http://localhost/css/ui.jqgrid.css|action: 
2022-09-26 13:06:09.3949|1|WARN|Microsoft.AspNetCore.Localization.RequestLocalizationMiddleware|CookieRequestCultureProvider returned the following unsupported cultures 'en'. |url: http://localhost/css/jqgridcustomstyle.css|action: 
2022-09-26 13:06:09.4144|1|WARN|Microsoft.AspNetCore.Localization.RequestLocalizationMiddleware|CookieRequestCultureProvider returned the following unsupported cultures 'en'. |url: http://localhost/css/master.css|action: 
2022-09-26 13:06:09.4144|2|WARN|Microsoft.AspNetCore.Localization.RequestLocalizationMiddleware|CookieRequestCultureProvider returned the following unsupported UI Cultures 'en'. |url: http://localhost/css/ui.jqgrid.css|action: 
2022-09-26 13:06:09.4301|2|WARN|Microsoft.AspNetCore.Localization.RequestLocalizationMiddleware|CookieRequestCultureProvider returned the following unsupported UI Cultures 'en'. |url: http://localhost/css/jqgridcustomstyle.css|action: 
2022-09-26 13:06:09.4301|2|WARN|Microsoft.AspNetCore.Localization.RequestLocalizationMiddleware|CookieRequestCultureProvider returned the following unsupported UI Cultures 'en'. |url: http://localhost/css/master.css|action: 
2022-09-26 13:06:09.3807|1|WARN|Microsoft.AspNetCore.Localization.RequestLocalizationMiddleware|CookieRequestCultureProvider returned the following unsupported cultures 'en'. |url: http://localhost/css/site.css|action: 
2022-09-26 13:06:09.4868|2|WARN|Microsoft.AspNetCore.Localization.RequestLocalizationMiddleware|CookieRequestCultureProvider returned the following unsupported UI Cultures 'en'. |url: http://localhost/css/site.css|action: 
2022-09-26 13:06:09.5679|1|WARN|Microsoft.AspNetCore.Localization.RequestLocalizationMiddleware|CookieRequestCultureProvider returned the following unsupported cultures 'en'. |url: http://localhost/css/toastr.min.css|action: 
2022-09-26 13:06:09.5849|1|WARN|Microsoft.AspNetCore.Localization.RequestLocalizationMiddleware|CookieRequestCultureProvider returned the following unsupported cultures 'en'. |url: http://localhost/js/Inputmask/inputmask-userdefined.js|action: 
2022-09-26 13:06:09.6065|2|WARN|Microsoft.AspNetCore.Localization.RequestLocalizationMiddleware|CookieRequestCultureProvider returned the following unsupported UI Cultures 'en'. |url: http://localhost/css/toastr.min.css|action: 
2022-09-26 13:06:09.6181|2|WARN|Microsoft.AspNetCore.Localization.RequestLocalizationMiddleware|CookieRequestCultureProvider returned the following unsupported UI Cultures 'en'. |url: http://localhost/js/Inputmask/inputmask-userdefined.js|action: 
2022-09-26 13:06:09.6181|1|WARN|Microsoft.AspNetCore.Localization.RequestLocalizationMiddleware|CookieRequestCultureProvider returned the following unsupported cultures 'en'. |url: http://localhost/js/utility/cf-input-validation.js|action: 
2022-09-26 13:06:09.6527|2|WARN|Microsoft.AspNetCore.Localization.RequestLocalizationMiddleware|CookieRequestCultureProvider returned the following unsupported UI Cultures 'en'. |url: http://localhost/js/utility/cf-input-validation.js|action: 
2022-09-26 13:06:09.7433|1|WARN|Microsoft.AspNetCore.Localization.RequestLocalizationMiddleware|CookieRequestCultureProvider returned the following unsupported cultures 'en'. |url: http://localhost/js/jquery.sessionTimeout.js|action: 
2022-09-26 13:06:09.7533|1|WARN|Microsoft.AspNetCore.Localization.RequestLocalizationMiddleware|CookieRequestCultureProvider returned the following unsupported cultures 'en'. |url: http://localhost/js/toastr.min.js|action: 
2022-09-26 13:06:09.7698|2|WARN|Microsoft.AspNetCore.Localization.RequestLocalizationMiddleware|CookieRequestCultureProvider returned the following unsupported UI Cultures 'en'. |url: http://localhost/js/jquery.sessionTimeout.js|action: 
2022-09-26 13:06:09.7871|2|WARN|Microsoft.AspNetCore.Localization.RequestLocalizationMiddleware|CookieRequestCultureProvider returned the following unsupported UI Cultures 'en'. |url: http://localhost/js/toastr.min.js|action: 
2022-09-26 13:06:09.7871|1|WARN|Microsoft.AspNetCore.Localization.RequestLocalizationMiddleware|CookieRequestCultureProvider returned the following unsupported cultures 'en'. |url: http://localhost/css/jquery-ui.min.css|action: 
2022-09-26 13:06:09.8275|2|WARN|Microsoft.AspNetCore.Localization.RequestLocalizationMiddleware|CookieRequestCultureProvider returned the following unsupported UI Cultures 'en'. |url: http://localhost/css/jquery-ui.min.css|action: 
2022-09-26 13:06:09.8934|1|WARN|Microsoft.AspNetCore.Localization.RequestLocalizationMiddleware|CookieRequestCultureProvider returned the following unsupported cultures 'en'. |url: http://localhost/images/logo/esya-logo-whitebg.jpeg|action: 
2022-09-26 13:06:09.9100|2|WARN|Microsoft.AspNetCore.Localization.RequestLocalizationMiddleware|CookieRequestCultureProvider returned the following unsupported UI Cultures 'en'. |url: http://localhost/images/logo/esya-logo-whitebg.jpeg|action: 
2022-09-26 13:06:09.9276|1|WARN|Microsoft.AspNetCore.Localization.RequestLocalizationMiddleware|CookieRequestCultureProvider returned the following unsupported cultures 'en'. |url: http://localhost/images/gtpl_logo.jpg|action: 
2022-09-26 13:06:09.9579|1|WARN|Microsoft.AspNetCore.Localization.RequestLocalizationMiddleware|CookieRequestCultureProvider returned the following unsupported cultures 'en'. |url: http://localhost/fonts/fa-regular-400.woff2|action: 
2022-09-26 13:06:09.9579|2|WARN|Microsoft.AspNetCore.Localization.RequestLocalizationMiddleware|CookieRequestCultureProvider returned the following unsupported UI Cultures 'en'. |url: http://localhost/images/gtpl_logo.jpg|action: 
2022-09-26 13:06:09.9833|2|WARN|Microsoft.AspNetCore.Localization.RequestLocalizationMiddleware|CookieRequestCultureProvider returned the following unsupported UI Cultures 'en'. |url: http://localhost/fonts/fa-regular-400.woff2|action: 
2022-09-26 13:06:10.0201|1|WARN|Microsoft.AspNetCore.Localization.RequestLocalizationMiddleware|CookieRequestCultureProvider returned the following unsupported cultures 'en'. |url: http://localhost/json/menuitem.json|action: 
2022-09-26 13:06:10.0201|1|WARN|Microsoft.AspNetCore.Localization.RequestLocalizationMiddleware|CookieRequestCultureProvider returned the following unsupported cultures 'en'. |url: http://localhost/json/errormessage.json|action: 
2022-09-26 13:06:10.0534|2|WARN|Microsoft.AspNetCore.Localization.RequestLocalizationMiddleware|CookieRequestCultureProvider returned the following unsupported UI Cultures 'en'. |url: http://localhost/json/menuitem.json|action: 
2022-09-26 13:06:10.0937|2|WARN|Microsoft.AspNetCore.Localization.RequestLocalizationMiddleware|CookieRequestCultureProvider returned the following unsupported UI Cultures 'en'. |url: http://localhost/json/errormessage.json|action: 
2022-09-26 13:06:16.1174|1|WARN|Microsoft.AspNetCore.Localization.RequestLocalizationMiddleware|CookieRequestCultureProvider returned the following unsupported cultures 'en'. |url: http://localhost/eSyaNatureCure/GuestBooking/V_ENC_05_00|action: 
2022-09-26 13:06:16.1305|2|WARN|Microsoft.AspNetCore.Localization.RequestLocalizationMiddleware|CookieRequestCultureProvider returned the following unsupported UI Cultures 'en'. |url: http://localhost/eSyaNatureCure/GuestBooking/V_ENC_05_00|action: 
2022-09-26 13:06:18.2796|1|WARN|Microsoft.AspNetCore.Localization.RequestLocalizationMiddleware|CookieRequestCultureProvider returned the following unsupported cultures 'en'. |url: http://localhost/js/eSyaNatureCure/GuestBooking.js|action: 
2022-09-26 13:06:18.2959|2|WARN|Microsoft.AspNetCore.Localization.RequestLocalizationMiddleware|CookieRequestCultureProvider returned the following unsupported UI Cultures 'en'. |url: http://localhost/js/eSyaNatureCure/GuestBooking.js|action: 
2022-09-26 13:06:18.5075|1|WARN|Microsoft.AspNetCore.Localization.RequestLocalizationMiddleware|CookieRequestCultureProvider returned the following unsupported cultures 'en'. |url: http://localhost/GuestBooking/GetGuestBookingBySearchCreteria|action: 
2022-09-26 13:06:18.5388|2|WARN|Microsoft.AspNetCore.Localization.RequestLocalizationMiddleware|CookieRequestCultureProvider returned the following unsupported UI Cultures 'en'. |url: http://localhost/GuestBooking/GetGuestBookingBySearchCreteria|action: 
2022-09-26 13:06:20.7148|1|WARN|Microsoft.AspNetCore.Localization.RequestLocalizationMiddleware|CookieRequestCultureProvider returned the following unsupported cultures 'en'. |url: http://localhost/css/images/ui-icons_gold_256x240.png|action: 
2022-09-26 13:06:20.7282|2|WARN|Microsoft.AspNetCore.Localization.RequestLocalizationMiddleware|CookieRequestCultureProvider returned the following unsupported UI Cultures 'en'. |url: http://localhost/css/images/ui-icons_gold_256x240.png|action: 
2022-09-26 13:06:46.2579|1|WARN|Microsoft.AspNetCore.Localization.RequestLocalizationMiddleware|CookieRequestCultureProvider returned the following unsupported cultures 'en'. |url: http://localhost/eSyaNatureCure/CheckInGuest/V_ENC_04_00|action: 
2022-09-26 13:06:46.2728|2|WARN|Microsoft.AspNetCore.Localization.RequestLocalizationMiddleware|CookieRequestCultureProvider returned the following unsupported UI Cultures 'en'. |url: http://localhost/eSyaNatureCure/CheckInGuest/V_ENC_04_00|action: 
2022-09-26 13:06:48.2537|1|WARN|Microsoft.AspNetCore.Localization.RequestLocalizationMiddleware|CookieRequestCultureProvider returned the following unsupported cultures 'en'. |url: http://localhost/css/eSyaNatureCure.css|action: 
2022-09-26 13:06:48.2747|1|WARN|Microsoft.AspNetCore.Localization.RequestLocalizationMiddleware|CookieRequestCultureProvider returned the following unsupported cultures 'en'. |url: http://localhost/js/eSyaNatureCure/GuestDocumentUpload.js|action: 
2022-09-26 13:06:48.2841|2|WARN|Microsoft.AspNetCore.Localization.RequestLocalizationMiddleware|CookieRequestCultureProvider returned the following unsupported UI Cultures 'en'. |url: http://localhost/css/eSyaNatureCure.css|action: 
2022-09-26 13:06:48.2841|2|WARN|Microsoft.AspNetCore.Localization.RequestLocalizationMiddleware|CookieRequestCultureProvider returned the following unsupported UI Cultures 'en'. |url: http://localhost/js/eSyaNatureCure/GuestDocumentUpload.js|action: 
2022-09-26 13:06:48.4120|1|WARN|Microsoft.AspNetCore.Localization.RequestLocalizationMiddleware|CookieRequestCultureProvider returned the following unsupported cultures 'en'. |url: http://localhost/fonts/Helvetica-Bold.ttf|action: 
2022-09-26 13:06:48.4369|2|WARN|Microsoft.AspNetCore.Localization.RequestLocalizationMiddleware|CookieRequestCultureProvider returned the following unsupported UI Cultures 'en'. |url: http://localhost/fonts/Helvetica-Bold.ttf|action: 
2022-09-26 13:06:48.5347|1|WARN|Microsoft.AspNetCore.Localization.RequestLocalizationMiddleware|CookieRequestCultureProvider returned the following unsupported cultures 'en'. |url: http://localhost/Uploads/CountryFlagICons/om.png|action: 
2022-09-26 13:06:48.5528|1|WARN|Microsoft.AspNetCore.Localization.RequestLocalizationMiddleware|CookieRequestCultureProvider returned the following unsupported cultures 'en'. |url: http://localhost/Uploads/CountryFlagICons/rw.png|action: 
2022-09-26 13:06:48.5528|1|WARN|Microsoft.AspNetCore.Localization.RequestLocalizationMiddleware|CookieRequestCultureProvider returned the following unsupported cultures 'en'. |url: http://localhost/Uploads/CountryFlagICons/ke.png|action: 
2022-09-26 13:06:48.5705|2|WARN|Microsoft.AspNetCore.Localization.RequestLocalizationMiddleware|CookieRequestCultureProvider returned the following unsupported UI Cultures 'en'. |url: http://localhost/Uploads/CountryFlagICons/om.png|action: 
2022-09-26 13:06:48.5705|2|WARN|Microsoft.AspNetCore.Localization.RequestLocalizationMiddleware|CookieRequestCultureProvider returned the following unsupported UI Cultures 'en'. |url: http://localhost/Uploads/CountryFlagICons/rw.png|action: 
2022-09-26 13:06:48.5863|2|WARN|Microsoft.AspNetCore.Localization.RequestLocalizationMiddleware|CookieRequestCultureProvider returned the following unsupported UI Cultures 'en'. |url: http://localhost/Uploads/CountryFlagICons/ke.png|action: 
2022-09-26 13:06:48.6306|1|WARN|Microsoft.AspNetCore.Localization.RequestLocalizationMiddleware|CookieRequestCultureProvider returned the following unsupported cultures 'en'. |url: http://localhost/Uploads/CountryFlagICons/in.png|action: 
2022-09-26 13:06:48.6500|1|WARN|Microsoft.AspNetCore.Localization.RequestLocalizationMiddleware|CookieRequestCultureProvider returned the following unsupported cultures 'en'. |url: http://localhost/Uploads/CountryFlagICons/ae.png|action: 
2022-09-26 13:06:48.5347|1|WARN|Microsoft.AspNetCore.Localization.RequestLocalizationMiddleware|CookieRequestCultureProvider returned the following unsupported cultures 'en'. |url: http://localhost/Uploads/CountryFlagICons/eg.png|action: 
2022-09-26 13:06:48.6607|2|WARN|Microsoft.AspNetCore.Localization.RequestLocalizationMiddleware|CookieRequestCultureProvider returned the following unsupported UI Cultures 'en'. |url: http://localhost/Uploads/CountryFlagICons/in.png|action: 
2022-09-26 13:06:48.6787|2|WARN|Microsoft.AspNetCore.Localization.RequestLocalizationMiddleware|CookieRequestCultureProvider returned the following unsupported UI Cultures 'en'. |url: http://localhost/Uploads/CountryFlagICons/ae.png|action: 
2022-09-26 13:06:48.6787|2|WARN|Microsoft.AspNetCore.Localization.RequestLocalizationMiddleware|CookieRequestCultureProvider returned the following unsupported UI Cultures 'en'. |url: http://localhost/Uploads/CountryFlagICons/eg.png|action: 
2022-09-26 13:06:48.8021|1|WARN|Microsoft.AspNetCore.Localization.RequestLocalizationMiddleware|CookieRequestCultureProvider returned the following unsupported cultures 'en'. |url: http://localhost/CheckInGuest/GetGuestPaymentReceiptDetails|action: 
2022-09-26 13:06:48.8021|1|WARN|Microsoft.AspNetCore.Localization.RequestLocalizationMiddleware|CookieRequestCultureProvider returned the following unsupported cultures 'en'. |url: http://localhost/CheckInGuest/GetGuestDocumentUploadDetailsByBookingKey|action: 
2022-09-26 13:06:48.8182|1|WARN|Microsoft.AspNetCore.Localization.RequestLocalizationMiddleware|CookieRequestCultureProvider returned the following unsupported cultures 'en'. |url: http://localhost/CheckInGuest/GetStateList|action: 
2022-09-26 13:06:48.8182|2|WARN|Microsoft.AspNetCore.Localization.RequestLocalizationMiddleware|CookieRequestCultureProvider returned the following unsupported UI Cultures 'en'. |url: http://localhost/CheckInGuest/GetGuestPaymentReceiptDetails|action: 
2022-09-26 13:06:48.8346|2|WARN|Microsoft.AspNetCore.Localization.RequestLocalizationMiddleware|CookieRequestCultureProvider returned the following unsupported UI Cultures 'en'. |url: http://localhost/CheckInGuest/GetGuestDocumentUploadDetailsByBookingKey|action: 
2022-09-26 13:06:48.8346|2|WARN|Microsoft.AspNetCore.Localization.RequestLocalizationMiddleware|CookieRequestCultureProvider returned the following unsupported UI Cultures 'en'. |url: http://localhost/CheckInGuest/GetStateList|action: 
2022-09-26 13:06:48.8783|1|WARN|Microsoft.AspNetCore.Localization.RequestLocalizationMiddleware|CookieRequestCultureProvider returned the following unsupported cultures 'en'. |url: http://localhost/CommonMaster/GetPaymentMode|action: 
2022-09-26 13:06:48.9438|2|WARN|Microsoft.AspNetCore.Localization.RequestLocalizationMiddleware|CookieRequestCultureProvider returned the following unsupported UI Cultures 'en'. |url: http://localhost/CommonMaster/GetPaymentMode|action: 
2022-09-26 13:06:49.1900|1|WARN|Microsoft.AspNetCore.Localization.RequestLocalizationMiddleware|CookieRequestCultureProvider returned the following unsupported cultures 'en'. |url: http://localhost/CheckInGuest/GetGuestBillingSummary|action: 
2022-09-26 13:06:49.1900|1|WARN|Microsoft.AspNetCore.Localization.RequestLocalizationMiddleware|CookieRequestCultureProvider returned the following unsupported cultures 'en'. |url: http://localhost/CheckInGuest/GetGuestDetailsByBookingKey|action: 
2022-09-26 13:06:49.2072|2|WARN|Microsoft.AspNetCore.Localization.RequestLocalizationMiddleware|CookieRequestCultureProvider returned the following unsupported UI Cultures 'en'. |url: http://localhost/CheckInGuest/GetGuestBillingSummary|action: 
2022-09-26 13:06:49.2279|2|WARN|Microsoft.AspNetCore.Localization.RequestLocalizationMiddleware|CookieRequestCultureProvider returned the following unsupported UI Cultures 'en'. |url: http://localhost/CheckInGuest/GetGuestDetailsByBookingKey|action: 
2022-09-26 13:06:51.6913|1|WARN|Microsoft.AspNetCore.Localization.RequestLocalizationMiddleware|CookieRequestCultureProvider returned the following unsupported cultures 'en'. |url: http://localhost/CheckInGuest/GetCityList|action: 
2022-09-26 13:06:51.6913|2|WARN|Microsoft.AspNetCore.Localization.RequestLocalizationMiddleware|CookieRequestCultureProvider returned the following unsupported UI Cultures 'en'. |url: http://localhost/CheckInGuest/GetCityList|action: 
2022-09-26 13:06:52.2157|1|WARN|Microsoft.AspNetCore.Localization.RequestLocalizationMiddleware|CookieRequestCultureProvider returned the following unsupported cultures 'en'. |url: http://localhost/CheckInGuest/GetAreaList|action: 
2022-09-26 13:06:52.2279|2|WARN|Microsoft.AspNetCore.Localization.RequestLocalizationMiddleware|CookieRequestCultureProvider returned the following unsupported UI Cultures 'en'. |url: http://localhost/CheckInGuest/GetAreaList|action: 
2022-09-26 13:06:52.8593|1|WARN|Microsoft.AspNetCore.Localization.RequestLocalizationMiddleware|CookieRequestCultureProvider returned the following unsupported cultures 'en'. |url: http://localhost/CheckInGuest/GetServiceList|action: 
2022-09-26 13:06:52.8810|2|WARN|Microsoft.AspNetCore.Localization.RequestLocalizationMiddleware|CookieRequestCultureProvider returned the following unsupported UI Cultures 'en'. |url: http://localhost/CheckInGuest/GetServiceList|action: 
2022-09-26 13:06:53.2089||ERROR|eSyaEnterprise_UI.Areas.eSyaNatureCure.Controllers.CheckInGuestController|UD:GetServiceList System.Exception: Internal Server Error|url: http://localhost/CheckInGuest/GetServiceList|action: GetServiceList
2022-09-26 13:06:54.5351|1|WARN|Microsoft.AspNetCore.Localization.RequestLocalizationMiddleware|CookieRequestCultureProvider returned the following unsupported cultures 'en'. |url: http://localhost/CheckInGuest/GetGuestBillingSummary|action: 
2022-09-26 13:06:54.5518|1|WARN|Microsoft.AspNetCore.Localization.RequestLocalizationMiddleware|CookieRequestCultureProvider returned the following unsupported cultures 'en'. |url: http://localhost/CheckInGuest/GetGuestPaymentReceiptDetails|action: 
2022-09-26 13:06:54.5518|2|WARN|Microsoft.AspNetCore.Localization.RequestLocalizationMiddleware|CookieRequestCultureProvider returned the following unsupported UI Cultures 'en'. |url: http://localhost/CheckInGuest/GetGuestBillingSummary|action: 
2022-09-26 13:06:54.5703|2|WARN|Microsoft.AspNetCore.Localization.RequestLocalizationMiddleware|CookieRequestCultureProvider returned the following unsupported UI Cultures 'en'. |url: http://localhost/CheckInGuest/GetGuestPaymentReceiptDetails|action: 
2022-09-26 13:10:20.1324|1|WARN|Microsoft.AspNetCore.Localization.RequestLocalizationMiddleware|CookieRequestCultureProvider returned the following unsupported cultures 'en'. |url: http://localhost/eSyaNatureCure/CheckInGuest/V_ENC_04_00|action: 
2022-09-26 13:10:20.1510|2|WARN|Microsoft.AspNetCore.Localization.RequestLocalizationMiddleware|CookieRequestCultureProvider returned the following unsupported UI Cultures 'en'. |url: http://localhost/eSyaNatureCure/CheckInGuest/V_ENC_04_00|action: 
2022-09-26 13:10:28.5475|1|WARN|Microsoft.AspNetCore.Localization.RequestLocalizationMiddleware|CookieRequestCultureProvider returned the following unsupported cultures 'en'. |url: http://localhost/CommonMaster/GetPaymentMode|action: 
2022-09-26 13:10:28.6960|2|WARN|Microsoft.AspNetCore.Localization.RequestLocalizationMiddleware|CookieRequestCultureProvider returned the following unsupported UI Cultures 'en'. |url: http://localhost/CommonMaster/GetPaymentMode|action: 
2022-09-26 13:10:28.7301|1|WARN|Microsoft.AspNetCore.Localization.RequestLocalizationMiddleware|CookieRequestCultureProvider returned the following unsupported cultures 'en'. |url: http://localhost/CheckInGuest/GetGuestDetailsByBookingKey|action: 
2022-09-26 13:10:28.8197|1|WARN|Microsoft.AspNetCore.Localization.RequestLocalizationMiddleware|CookieRequestCultureProvider returned the following unsupported cultures 'en'. |url: http://localhost/CheckInGuest/GetGuestBillingSummary|action: 
2022-09-26 13:10:28.9848|2|WARN|Microsoft.AspNetCore.Localization.RequestLocalizationMiddleware|CookieRequestCultureProvider returned the following unsupported UI Cultures 'en'. |url: http://localhost/CheckInGuest/GetGuestDetailsByBookingKey|action: 
2022-09-26 13:10:29.1955|2|WARN|Microsoft.AspNetCore.Localization.RequestLocalizationMiddleware|CookieRequestCultureProvider returned the following unsupported UI Cultures 'en'. |url: http://localhost/CheckInGuest/GetGuestBillingSummary|action: 
2022-09-26 13:10:29.5427|1|WARN|Microsoft.AspNetCore.Localization.RequestLocalizationMiddleware|CookieRequestCultureProvider returned the following unsupported cultures 'en'. |url: http://localhost/CheckInGuest/GetStateList|action: 
2022-09-26 13:10:29.6231|2|WARN|Microsoft.AspNetCore.Localization.RequestLocalizationMiddleware|CookieRequestCultureProvider returned the following unsupported UI Cultures 'en'. |url: http://localhost/CheckInGuest/GetStateList|action: 
2022-09-26 13:10:29.7600|1|WARN|Microsoft.AspNetCore.Localization.RequestLocalizationMiddleware|CookieRequestCultureProvider returned the following unsupported cultures 'en'. |url: http://localhost/CheckInGuest/GetGuestPaymentReceiptDetails|action: 
2022-09-26 13:10:29.8310|2|WARN|Microsoft.AspNetCore.Localization.RequestLocalizationMiddleware|CookieRequestCultureProvider returned the following unsupported UI Cultures 'en'. |url: http://localhost/CheckInGuest/GetGuestPaymentReceiptDetails|action: 
2022-09-26 13:10:29.8310|1|WARN|Microsoft.AspNetCore.Localization.RequestLocalizationMiddleware|CookieRequestCultureProvider returned the following unsupported cultures 'en'. |url: http://localhost/CheckInGuest/GetGuestDocumentUploadDetailsByBookingKey|action: 
2022-09-26 13:10:30.0544|2|WARN|Microsoft.AspNetCore.Localization.RequestLocalizationMiddleware|CookieRequestCultureProvider returned the following unsupported UI Cultures 'en'. |url: http://localhost/CheckInGuest/GetGuestDocumentUploadDetailsByBookingKey|action: 
2022-09-26 13:10:31.5150|1|WARN|Microsoft.AspNetCore.Localization.RequestLocalizationMiddleware|CookieRequestCultureProvider returned the following unsupported cultures 'en'. |url: http://localhost/CheckInGuest/GetCityList|action: 
2022-09-26 13:10:31.5346|2|WARN|Microsoft.AspNetCore.Localization.RequestLocalizationMiddleware|CookieRequestCultureProvider returned the following unsupported UI Cultures 'en'. |url: http://localhost/CheckInGuest/GetCityList|action: 
2022-09-26 13:10:32.6770|1|WARN|Microsoft.AspNetCore.Localization.RequestLocalizationMiddleware|CookieRequestCultureProvider returned the following unsupported cultures 'en'. |url: http://localhost/CheckInGuest/GetAreaList|action: 
2022-09-26 13:10:32.6921|2|WARN|Microsoft.AspNetCore.Localization.RequestLocalizationMiddleware|CookieRequestCultureProvider returned the following unsupported UI Cultures 'en'. |url: http://localhost/CheckInGuest/GetAreaList|action: 
2022-09-26 13:10:34.7431|1|WARN|Microsoft.AspNetCore.Localization.RequestLocalizationMiddleware|CookieRequestCultureProvider returned the following unsupported cultures 'en'. |url: http://localhost/CheckInGuest/GetServiceList|action: 
2022-09-26 13:10:34.7558|2|WARN|Microsoft.AspNetCore.Localization.RequestLocalizationMiddleware|CookieRequestCultureProvider returned the following unsupported UI Cultures 'en'. |url: http://localhost/CheckInGuest/GetServiceList|action: 
2022-09-26 13:10:35.1120||ERROR|eSyaEnterprise_UI.Areas.eSyaNatureCure.Controllers.CheckInGuestController|UD:GetServiceList System.Exception: Internal Server Error|url: http://localhost/CheckInGuest/GetServiceList|action: GetServiceList
2022-09-26 13:10:35.5813|1|WARN|Microsoft.AspNetCore.Localization.RequestLocalizationMiddleware|CookieRequestCultureProvider returned the following unsupported cultures 'en'. |url: http://localhost/CheckInGuest/GetGuestBillingSummary|action: 
2022-09-26 13:10:35.6033|2|WARN|Microsoft.AspNetCore.Localization.RequestLocalizationMiddleware|CookieRequestCultureProvider returned the following unsupported UI Cultures 'en'. |url: http://localhost/CheckInGuest/GetGuestBillingSummary|action: 
2022-09-26 13:10:35.6265|1|WARN|Microsoft.AspNetCore.Localization.RequestLocalizationMiddleware|CookieRequestCultureProvider returned the following unsupported cultures 'en'. |url: http://localhost/CheckInGuest/GetGuestPaymentReceiptDetails|action: 
2022-09-26 13:10:35.6444|2|WARN|Microsoft.AspNetCore.Localization.RequestLocalizationMiddleware|CookieRequestCultureProvider returned the following unsupported UI Cultures 'en'. |url: http://localhost/CheckInGuest/GetGuestPaymentReceiptDetails|action: 
2022-09-26 13:10:38.9772|1|WARN|Microsoft.AspNetCore.Localization.RequestLocalizationMiddleware|CookieRequestCultureProvider returned the following unsupported cultures 'en'. |url: http://localhost/CheckInGuest/GetGuestServiceBilling|action: 
2022-09-26 13:10:39.0006|2|WARN|Microsoft.AspNetCore.Localization.RequestLocalizationMiddleware|CookieRequestCultureProvider returned the following unsupported UI Cultures 'en'. |url: http://localhost/CheckInGuest/GetGuestServiceBilling|action: 
2022-09-26 13:10:39.7847|1|WARN|Microsoft.AspNetCore.Localization.RequestLocalizationMiddleware|CookieRequestCultureProvider returned the following unsupported cultures 'en'. |url: http://localhost/CheckInGuest/GetGuestBillingSummary|action: 
2022-09-26 13:10:39.8194|2|WARN|Microsoft.AspNetCore.Localization.RequestLocalizationMiddleware|CookieRequestCultureProvider returned the following unsupported UI Cultures 'en'. |url: http://localhost/CheckInGuest/GetGuestBillingSummary|action: 
2022-09-26 13:10:39.8309|1|WARN|Microsoft.AspNetCore.Localization.RequestLocalizationMiddleware|CookieRequestCultureProvider returned the following unsupported cultures 'en'. |url: http://localhost/CheckInGuest/GetGuestPaymentReceiptDetails|action: 
2022-09-26 13:10:39.8463|2|WARN|Microsoft.AspNetCore.Localization.RequestLocalizationMiddleware|CookieRequestCultureProvider returned the following unsupported UI Cultures 'en'. |url: http://localhost/CheckInGuest/GetGuestPaymentReceiptDetails|action: 
2022-09-26 13:10:44.3880|1|WARN|Microsoft.AspNetCore.Localization.RequestLocalizationMiddleware|CookieRequestCultureProvider returned the following unsupported cultures 'en'. |url: http://localhost/eSyaNatureCure/CheckInGuest/V_ENC_04_00|action: 
2022-09-26 13:10:44.4044|2|WARN|Microsoft.AspNetCore.Localization.RequestLocalizationMiddleware|CookieRequestCultureProvider returned the following unsupported UI Cultures 'en'. |url: http://localhost/eSyaNatureCure/CheckInGuest/V_ENC_04_00|action: 
2022-09-26 13:10:46.5733|1|WARN|Microsoft.AspNetCore.Localization.RequestLocalizationMiddleware|CookieRequestCultureProvider returned the following unsupported cultures 'en'. |url: http://localhost/CommonMaster/GetPaymentMode|action: 
2022-09-26 13:10:46.5822|2|WARN|Microsoft.AspNetCore.Localization.RequestLocalizationMiddleware|CookieRequestCultureProvider returned the following unsupported UI Cultures 'en'. |url: http://localhost/CommonMaster/GetPaymentMode|action: 
2022-09-26 13:10:46.6141|1|WARN|Microsoft.AspNetCore.Localization.RequestLocalizationMiddleware|CookieRequestCultureProvider returned the following unsupported cultures 'en'. |url: http://localhost/CheckInGuest/GetGuestBillingSummary|action: 
2022-09-26 13:10:46.6321|1|WARN|Microsoft.AspNetCore.Localization.RequestLocalizationMiddleware|CookieRequestCultureProvider returned the following unsupported cultures 'en'. |url: http://localhost/CheckInGuest/GetGuestPaymentReceiptDetails|action: 
2022-09-26 13:10:46.6524|2|WARN|Microsoft.AspNetCore.Localization.RequestLocalizationMiddleware|CookieRequestCultureProvider returned the following unsupported UI Cultures 'en'. |url: http://localhost/CheckInGuest/GetGuestBillingSummary|action: 
2022-09-26 13:10:46.6595|2|WARN|Microsoft.AspNetCore.Localization.RequestLocalizationMiddleware|CookieRequestCultureProvider returned the following unsupported UI Cultures 'en'. |url: http://localhost/CheckInGuest/GetGuestPaymentReceiptDetails|action: 
2022-09-26 13:10:46.7555|1|WARN|Microsoft.AspNetCore.Localization.RequestLocalizationMiddleware|CookieRequestCultureProvider returned the following unsupported cultures 'en'. |url: http://localhost/CheckInGuest/GetStateList|action: 
2022-09-26 13:10:46.7715|2|WARN|Microsoft.AspNetCore.Localization.RequestLocalizationMiddleware|CookieRequestCultureProvider returned the following unsupported UI Cultures 'en'. |url: http://localhost/CheckInGuest/GetStateList|action: 
2022-09-26 13:10:46.6007|1|WARN|Microsoft.AspNetCore.Localization.RequestLocalizationMiddleware|CookieRequestCultureProvider returned the following unsupported cultures 'en'. |url: http://localhost/CheckInGuest/GetGuestDetailsByBookingKey|action: 
2022-09-26 13:10:46.8793|2|WARN|Microsoft.AspNetCore.Localization.RequestLocalizationMiddleware|CookieRequestCultureProvider returned the following unsupported UI Cultures 'en'. |url: http://localhost/CheckInGuest/GetGuestDetailsByBookingKey|action: 
2022-09-26 13:10:46.9325|1|WARN|Microsoft.AspNetCore.Localization.RequestLocalizationMiddleware|CookieRequestCultureProvider returned the following unsupported cultures 'en'. |url: http://localhost/CheckInGuest/GetGuestDocumentUploadDetailsByBookingKey|action: 
2022-09-26 13:10:46.9954|2|WARN|Microsoft.AspNetCore.Localization.RequestLocalizationMiddleware|CookieRequestCultureProvider returned the following unsupported UI Cultures 'en'. |url: http://localhost/CheckInGuest/GetGuestDocumentUploadDetailsByBookingKey|action: 
2022-09-26 13:10:48.4323|1|WARN|Microsoft.AspNetCore.Localization.RequestLocalizationMiddleware|CookieRequestCultureProvider returned the following unsupported cultures 'en'. |url: http://localhost/CheckInGuest/GetCityList|action: 
2022-09-26 13:10:48.4535|2|WARN|Microsoft.AspNetCore.Localization.RequestLocalizationMiddleware|CookieRequestCultureProvider returned the following unsupported UI Cultures 'en'. |url: http://localhost/CheckInGuest/GetCityList|action: 
2022-09-26 13:10:49.5312|1|WARN|Microsoft.AspNetCore.Localization.RequestLocalizationMiddleware|CookieRequestCultureProvider returned the following unsupported cultures 'en'. |url: http://localhost/CheckInGuest/GetAreaList|action: 
2022-09-26 13:10:49.5446|2|WARN|Microsoft.AspNetCore.Localization.RequestLocalizationMiddleware|CookieRequestCultureProvider returned the following unsupported UI Cultures 'en'. |url: http://localhost/CheckInGuest/GetAreaList|action: 
2022-09-26 13:10:50.3315|1|WARN|Microsoft.AspNetCore.Localization.RequestLocalizationMiddleware|CookieRequestCultureProvider returned the following unsupported cultures 'en'. |url: http://localhost/CheckInGuest/GetServiceList|action: 
2022-09-26 13:10:50.3315|2|WARN|Microsoft.AspNetCore.Localization.RequestLocalizationMiddleware|CookieRequestCultureProvider returned the following unsupported UI Cultures 'en'. |url: http://localhost/CheckInGuest/GetServiceList|action: 
2022-09-26 13:10:50.7041||ERROR|eSyaEnterprise_UI.Areas.eSyaNatureCure.Controllers.CheckInGuestController|UD:GetServiceList System.Exception: Internal Server Error|url: http://localhost/CheckInGuest/GetServiceList|action: GetServiceList
2022-09-26 13:10:51.9090|1|WARN|Microsoft.AspNetCore.Localization.RequestLocalizationMiddleware|CookieRequestCultureProvider returned the following unsupported cultures 'en'. |url: http://localhost/CheckInGuest/GetGuestBillingSummary|action: 
2022-09-26 13:10:51.9281|2|WARN|Microsoft.AspNetCore.Localization.RequestLocalizationMiddleware|CookieRequestCultureProvider returned the following unsupported UI Cultures 'en'. |url: http://localhost/CheckInGuest/GetGuestBillingSummary|action: 
2022-09-26 13:10:51.9281|1|WARN|Microsoft.AspNetCore.Localization.RequestLocalizationMiddleware|CookieRequestCultureProvider returned the following unsupported cultures 'en'. |url: http://localhost/CheckInGuest/GetGuestPaymentReceiptDetails|action: 
2022-09-26 13:10:51.9454|2|WARN|Microsoft.AspNetCore.Localization.RequestLocalizationMiddleware|CookieRequestCultureProvider returned the following unsupported UI Cultures 'en'. |url: http://localhost/CheckInGuest/GetGuestPaymentReceiptDetails|action: 
2022-09-26 13:10:57.4970|1|WARN|Microsoft.AspNetCore.Localization.RequestLocalizationMiddleware|CookieRequestCultureProvider returned the following unsupported cultures 'en'. |url: http://localhost/CheckInGuest/GetGuestServiceBilling|action: 
2022-09-26 13:10:57.5140|2|WARN|Microsoft.AspNetCore.Localization.RequestLocalizationMiddleware|CookieRequestCultureProvider returned the following unsupported UI Cultures 'en'. |url: http://localhost/CheckInGuest/GetGuestServiceBilling|action: 
2022-09-26 13:10:59.3470|1|WARN|Microsoft.AspNetCore.Localization.RequestLocalizationMiddleware|CookieRequestCultureProvider returned the following unsupported cultures 'en'. |url: http://localhost/CheckInGuest/GetGuestBillingSummary|action: 
2022-09-26 13:10:59.3625|2|WARN|Microsoft.AspNetCore.Localization.RequestLocalizationMiddleware|CookieRequestCultureProvider returned the following unsupported UI Cultures 'en'. |url: http://localhost/CheckInGuest/GetGuestBillingSummary|action: 
2022-09-26 13:10:59.3625|1|WARN|Microsoft.AspNetCore.Localization.RequestLocalizationMiddleware|CookieRequestCultureProvider returned the following unsupported cultures 'en'. |url: http://localhost/CheckInGuest/GetGuestPaymentReceiptDetails|action: 
2022-09-26 13:10:59.3938|2|WARN|Microsoft.AspNetCore.Localization.RequestLocalizationMiddleware|CookieRequestCultureProvider returned the following unsupported UI Cultures 'en'. |url: http://localhost/CheckInGuest/GetGuestPaymentReceiptDetails|action: 
2022-09-26 13:11:02.1379|1|WARN|Microsoft.AspNetCore.Localization.RequestLocalizationMiddleware|CookieRequestCultureProvider returned the following unsupported cultures 'en'. |url: http://localhost/CheckInGuest/GetGuestServiceBilling|action: 
2022-09-26 13:11:02.1543|2|WARN|Microsoft.AspNetCore.Localization.RequestLocalizationMiddleware|CookieRequestCultureProvider returned the following unsupported UI Cultures 'en'. |url: http://localhost/CheckInGuest/GetGuestServiceBilling|action: 
2022-09-26 13:11:02.9663|1|WARN|Microsoft.AspNetCore.Localization.RequestLocalizationMiddleware|CookieRequestCultureProvider returned the following unsupported cultures 'en'. |url: http://localhost/CheckInGuest/GetGuestBillingSummary|action: 
2022-09-26 13:11:02.9792|1|WARN|Microsoft.AspNetCore.Localization.RequestLocalizationMiddleware|CookieRequestCultureProvider returned the following unsupported cultures 'en'. |url: http://localhost/CheckInGuest/GetGuestPaymentReceiptDetails|action: 
2022-09-26 13:11:02.9914|2|WARN|Microsoft.AspNetCore.Localization.RequestLocalizationMiddleware|CookieRequestCultureProvider returned the following unsupported UI Cultures 'en'. |url: http://localhost/CheckInGuest/GetGuestBillingSummary|action: 
2022-09-26 13:11:03.0058|2|WARN|Microsoft.AspNetCore.Localization.RequestLocalizationMiddleware|CookieRequestCultureProvider returned the following unsupported UI Cultures 'en'. |url: http://localhost/CheckInGuest/GetGuestPaymentReceiptDetails|action: 
2022-09-26 13:11:41.0586|1|WARN|Microsoft.AspNetCore.Localization.RequestLocalizationMiddleware|CookieRequestCultureProvider returned the following unsupported cultures 'en'. |url: http://localhost/eSyaNatureCure/CheckInGuest/V_ENC_04_00|action: 
2022-09-26 13:11:41.0841|2|WARN|Microsoft.AspNetCore.Localization.RequestLocalizationMiddleware|CookieRequestCultureProvider returned the following unsupported UI Cultures 'en'. |url: http://localhost/eSyaNatureCure/CheckInGuest/V_ENC_04_00|action: 
2022-09-26 13:11:45.2271|1|WARN|Microsoft.AspNetCore.Localization.RequestLocalizationMiddleware|CookieRequestCultureProvider returned the following unsupported cultures 'en'. |url: http://localhost/CommonMaster/GetPaymentMode|action: 
2022-09-26 13:11:45.2382|2|WARN|Microsoft.AspNetCore.Localization.RequestLocalizationMiddleware|CookieRequestCultureProvider returned the following unsupported UI Cultures 'en'. |url: http://localhost/CommonMaster/GetPaymentMode|action: 
2022-09-26 13:11:45.2567|1|WARN|Microsoft.AspNetCore.Localization.RequestLocalizationMiddleware|CookieRequestCultureProvider returned the following unsupported cultures 'en'. |url: http://localhost/CheckInGuest/GetGuestBillingSummary|action: 
2022-09-26 13:11:45.2875|1|WARN|Microsoft.AspNetCore.Localization.RequestLocalizationMiddleware|CookieRequestCultureProvider returned the following unsupported cultures 'en'. |url: http://localhost/CheckInGuest/GetGuestPaymentReceiptDetails|action: 
2022-09-26 13:11:45.2994|2|WARN|Microsoft.AspNetCore.Localization.RequestLocalizationMiddleware|CookieRequestCultureProvider returned the following unsupported UI Cultures 'en'. |url: http://localhost/CheckInGuest/GetGuestBillingSummary|action: 
2022-09-26 13:11:45.2994|2|WARN|Microsoft.AspNetCore.Localization.RequestLocalizationMiddleware|CookieRequestCultureProvider returned the following unsupported UI Cultures 'en'. |url: http://localhost/CheckInGuest/GetGuestPaymentReceiptDetails|action: 
2022-09-26 13:11:45.3191|1|WARN|Microsoft.AspNetCore.Localization.RequestLocalizationMiddleware|CookieRequestCultureProvider returned the following unsupported cultures 'en'. |url: http://localhost/CheckInGuest/GetStateList|action: 
2022-09-26 13:11:45.3570|2|WARN|Microsoft.AspNetCore.Localization.RequestLocalizationMiddleware|CookieRequestCultureProvider returned the following unsupported UI Cultures 'en'. |url: http://localhost/CheckInGuest/GetStateList|action: 
2022-09-26 13:11:45.3627|1|WARN|Microsoft.AspNetCore.Localization.RequestLocalizationMiddleware|CookieRequestCultureProvider returned the following unsupported cultures 'en'. |url: http://localhost/CheckInGuest/GetGuestDocumentUploadDetailsByBookingKey|action: 
2022-09-26 13:11:45.3999|2|WARN|Microsoft.AspNetCore.Localization.RequestLocalizationMiddleware|CookieRequestCultureProvider returned the following unsupported UI Cultures 'en'. |url: http://localhost/CheckInGuest/GetGuestDocumentUploadDetailsByBookingKey|action: 
2022-09-26 13:11:45.2567|1|WARN|Microsoft.AspNetCore.Localization.RequestLocalizationMiddleware|CookieRequestCultureProvider returned the following unsupported cultures 'en'. |url: http://localhost/CheckInGuest/GetGuestDetailsByBookingKey|action: 
2022-09-26 13:11:45.5520|2|WARN|Microsoft.AspNetCore.Localization.RequestLocalizationMiddleware|CookieRequestCultureProvider returned the following unsupported UI Cultures 'en'. |url: http://localhost/CheckInGuest/GetGuestDetailsByBookingKey|action: 
2022-09-26 13:11:46.1785|1|WARN|Microsoft.AspNetCore.Localization.RequestLocalizationMiddleware|CookieRequestCultureProvider returned the following unsupported cultures 'en'. |url: http://localhost/CheckInGuest/GetCityList|action: 
2022-09-26 13:11:46.2225|2|WARN|Microsoft.AspNetCore.Localization.RequestLocalizationMiddleware|CookieRequestCultureProvider returned the following unsupported UI Cultures 'en'. |url: http://localhost/CheckInGuest/GetCityList|action: 
2022-09-26 13:11:46.8099|1|WARN|Microsoft.AspNetCore.Localization.RequestLocalizationMiddleware|CookieRequestCultureProvider returned the following unsupported cultures 'en'. |url: http://localhost/CheckInGuest/GetAreaList|action: 
2022-09-26 13:11:46.8231|2|WARN|Microsoft.AspNetCore.Localization.RequestLocalizationMiddleware|CookieRequestCultureProvider returned the following unsupported UI Cultures 'en'. |url: http://localhost/CheckInGuest/GetAreaList|action: 
2022-09-26 13:11:47.3801|1|WARN|Microsoft.AspNetCore.Localization.RequestLocalizationMiddleware|CookieRequestCultureProvider returned the following unsupported cultures 'en'. |url: http://localhost/CheckInGuest/GetServiceList|action: 
2022-09-26 13:11:47.3965|2|WARN|Microsoft.AspNetCore.Localization.RequestLocalizationMiddleware|CookieRequestCultureProvider returned the following unsupported UI Cultures 'en'. |url: http://localhost/CheckInGuest/GetServiceList|action: 
2022-09-26 13:11:47.7766||ERROR|eSyaEnterprise_UI.Areas.eSyaNatureCure.Controllers.CheckInGuestController|UD:GetServiceList System.Exception: Internal Server Error|url: http://localhost/CheckInGuest/GetServiceList|action: GetServiceList
2022-09-26 13:11:47.7856|1|WARN|Microsoft.AspNetCore.Localization.RequestLocalizationMiddleware|CookieRequestCultureProvider returned the following unsupported cultures 'en'. |url: http://localhost/CheckInGuest/GetGuestBillingSummary|action: 
2022-09-26 13:11:47.8154|2|WARN|Microsoft.AspNetCore.Localization.RequestLocalizationMiddleware|CookieRequestCultureProvider returned the following unsupported UI Cultures 'en'. |url: http://localhost/CheckInGuest/GetGuestBillingSummary|action: 
2022-09-26 13:11:47.8154|1|WARN|Microsoft.AspNetCore.Localization.RequestLocalizationMiddleware|CookieRequestCultureProvider returned the following unsupported cultures 'en'. |url: http://localhost/CheckInGuest/GetGuestPaymentReceiptDetails|action: 
2022-09-26 13:11:47.8511|2|WARN|Microsoft.AspNetCore.Localization.RequestLocalizationMiddleware|CookieRequestCultureProvider returned the following unsupported UI Cultures 'en'. |url: http://localhost/CheckInGuest/GetGuestPaymentReceiptDetails|action: 
2022-09-26 13:11:50.6471|1|WARN|Microsoft.AspNetCore.Localization.RequestLocalizationMiddleware|CookieRequestCultureProvider returned the following unsupported cultures 'en'. |url: http://localhost/CheckInGuest/GetGuestBillingSummary|action: 
2022-09-26 13:11:50.6728|1|WARN|Microsoft.AspNetCore.Localization.RequestLocalizationMiddleware|CookieRequestCultureProvider returned the following unsupported cultures 'en'. |url: http://localhost/CheckInGuest/GetGuestPaymentReceiptDetails|action: 
2022-09-26 13:11:50.6808|2|WARN|Microsoft.AspNetCore.Localization.RequestLocalizationMiddleware|CookieRequestCultureProvider returned the following unsupported UI Cultures 'en'. |url: http://localhost/CheckInGuest/GetGuestBillingSummary|action: 
2022-09-26 13:11:50.6911|2|WARN|Microsoft.AspNetCore.Localization.RequestLocalizationMiddleware|CookieRequestCultureProvider returned the following unsupported UI Cultures 'en'. |url: http://localhost/CheckInGuest/GetGuestPaymentReceiptDetails|action: 
2022-09-26 13:11:51.6618|1|WARN|Microsoft.AspNetCore.Localization.RequestLocalizationMiddleware|CookieRequestCultureProvider returned the following unsupported cultures 'en'. |url: http://localhost/CheckInGuest/GetGuestBillingSummary|action: 
2022-09-26 13:11:51.6780|2|WARN|Microsoft.AspNetCore.Localization.RequestLocalizationMiddleware|CookieRequestCultureProvider returned the following unsupported UI Cultures 'en'. |url: http://localhost/CheckInGuest/GetGuestBillingSummary|action: 
2022-09-26 13:11:51.6942|1|WARN|Microsoft.AspNetCore.Localization.RequestLocalizationMiddleware|CookieRequestCultureProvider returned the following unsupported cultures 'en'. |url: http://localhost/CheckInGuest/GetGuestPaymentReceiptDetails|action: 
2022-09-26 13:11:51.7109|2|WARN|Microsoft.AspNetCore.Localization.RequestLocalizationMiddleware|CookieRequestCultureProvider returned the following unsupported UI Cultures 'en'. |url: http://localhost/CheckInGuest/GetGuestPaymentReceiptDetails|action: 
2022-09-26 13:12:19.5408|1|WARN|Microsoft.AspNetCore.Localization.RequestLocalizationMiddleware|CookieRequestCultureProvider returned the following unsupported cultures 'en'. |url: http://localhost/eSyaNatureCure/CheckInGuest/V_ENC_04_00|action: 
2022-09-26 13:12:19.5548|2|WARN|Microsoft.AspNetCore.Localization.RequestLocalizationMiddleware|CookieRequestCultureProvider returned the following unsupported UI Cultures 'en'. |url: http://localhost/eSyaNatureCure/CheckInGuest/V_ENC_04_00|action: 
2022-09-26 13:12:22.1837|1|WARN|Microsoft.AspNetCore.Localization.RequestLocalizationMiddleware|CookieRequestCultureProvider returned the following unsupported cultures 'en'. |url: http://localhost/CommonMaster/GetPaymentMode|action: 
2022-09-26 13:12:22.1972|2|WARN|Microsoft.AspNetCore.Localization.RequestLocalizationMiddleware|CookieRequestCultureProvider returned the following unsupported UI Cultures 'en'. |url: http://localhost/CommonMaster/GetPaymentMode|action: 
2022-09-26 13:12:22.2211|1|WARN|Microsoft.AspNetCore.Localization.RequestLocalizationMiddleware|CookieRequestCultureProvider returned the following unsupported cultures 'en'. |url: http://localhost/CheckInGuest/GetGuestBillingSummary|action: 
2022-09-26 13:12:22.2559|2|WARN|Microsoft.AspNetCore.Localization.RequestLocalizationMiddleware|CookieRequestCultureProvider returned the following unsupported UI Cultures 'en'. |url: http://localhost/CheckInGuest/GetGuestBillingSummary|action: 
2022-09-26 13:12:22.2728|1|WARN|Microsoft.AspNetCore.Localization.RequestLocalizationMiddleware|CookieRequestCultureProvider returned the following unsupported cultures 'en'. |url: http://localhost/CheckInGuest/GetGuestPaymentReceiptDetails|action: 
2022-09-26 13:12:22.2994|2|WARN|Microsoft.AspNetCore.Localization.RequestLocalizationMiddleware|CookieRequestCultureProvider returned the following unsupported UI Cultures 'en'. |url: http://localhost/CheckInGuest/GetGuestPaymentReceiptDetails|action: 
2022-09-26 13:12:22.3889|1|WARN|Microsoft.AspNetCore.Localization.RequestLocalizationMiddleware|CookieRequestCultureProvider returned the following unsupported cultures 'en'. |url: http://localhost/CheckInGuest/GetStateList|action: 
2022-09-26 13:12:22.4778|2|WARN|Microsoft.AspNetCore.Localization.RequestLocalizationMiddleware|CookieRequestCultureProvider returned the following unsupported UI Cultures 'en'. |url: http://localhost/CheckInGuest/GetStateList|action: 
2022-09-26 13:12:22.5269|1|WARN|Microsoft.AspNetCore.Localization.RequestLocalizationMiddleware|CookieRequestCultureProvider returned the following unsupported cultures 'en'. |url: http://localhost/CheckInGuest/GetGuestDocumentUploadDetailsByBookingKey|action: 
2022-09-26 13:12:22.2211|1|WARN|Microsoft.AspNetCore.Localization.RequestLocalizationMiddleware|CookieRequestCultureProvider returned the following unsupported cultures 'en'. |url: http://localhost/CheckInGuest/GetGuestDetailsByBookingKey|action: 
2022-09-26 13:12:22.5518|2|WARN|Microsoft.AspNetCore.Localization.RequestLocalizationMiddleware|CookieRequestCultureProvider returned the following unsupported UI Cultures 'en'. |url: http://localhost/CheckInGuest/GetGuestDocumentUploadDetailsByBookingKey|action: 
2022-09-26 13:12:22.5745|2|WARN|Microsoft.AspNetCore.Localization.RequestLocalizationMiddleware|CookieRequestCultureProvider returned the following unsupported UI Cultures 'en'. |url: http://localhost/CheckInGuest/GetGuestDetailsByBookingKey|action: 
2022-09-26 13:12:23.3858|1|WARN|Microsoft.AspNetCore.Localization.RequestLocalizationMiddleware|CookieRequestCultureProvider returned the following unsupported cultures 'en'. |url: http://localhost/CheckInGuest/GetCityList|action: 
2022-09-26 13:12:23.4067|2|WARN|Microsoft.AspNetCore.Localization.RequestLocalizationMiddleware|CookieRequestCultureProvider returned the following unsupported UI Cultures 'en'. |url: http://localhost/CheckInGuest/GetCityList|action: 
2022-09-26 13:12:23.9249|1|WARN|Microsoft.AspNetCore.Localization.RequestLocalizationMiddleware|CookieRequestCultureProvider returned the following unsupported cultures 'en'. |url: http://localhost/CheckInGuest/GetAreaList|action: 
2022-09-26 13:12:23.9487|2|WARN|Microsoft.AspNetCore.Localization.RequestLocalizationMiddleware|CookieRequestCultureProvider returned the following unsupported UI Cultures 'en'. |url: http://localhost/CheckInGuest/GetAreaList|action: 
2022-09-26 13:12:24.4723|1|WARN|Microsoft.AspNetCore.Localization.RequestLocalizationMiddleware|CookieRequestCultureProvider returned the following unsupported cultures 'en'. |url: http://localhost/CheckInGuest/GetServiceList|action: 
2022-09-26 13:12:24.4723|2|WARN|Microsoft.AspNetCore.Localization.RequestLocalizationMiddleware|CookieRequestCultureProvider returned the following unsupported UI Cultures 'en'. |url: http://localhost/CheckInGuest/GetServiceList|action: 
2022-09-26 13:12:24.8320||ERROR|eSyaEnterprise_UI.Areas.eSyaNatureCure.Controllers.CheckInGuestController|UD:GetServiceList System.Exception: Internal Server Error|url: http://localhost/CheckInGuest/GetServiceList|action: GetServiceList
2022-09-26 13:12:25.4654|1|WARN|Microsoft.AspNetCore.Localization.RequestLocalizationMiddleware|CookieRequestCultureProvider returned the following unsupported cultures 'en'. |url: http://localhost/CheckInGuest/GetGuestBillingSummary|action: 
2022-09-26 13:12:25.4795|1|WARN|Microsoft.AspNetCore.Localization.RequestLocalizationMiddleware|CookieRequestCultureProvider returned the following unsupported cultures 'en'. |url: http://localhost/CheckInGuest/GetGuestPaymentReceiptDetails|action: 
2022-09-26 13:12:25.4903|2|WARN|Microsoft.AspNetCore.Localization.RequestLocalizationMiddleware|CookieRequestCultureProvider returned the following unsupported UI Cultures 'en'. |url: http://localhost/CheckInGuest/GetGuestBillingSummary|action: 
2022-09-26 13:12:25.4903|2|WARN|Microsoft.AspNetCore.Localization.RequestLocalizationMiddleware|CookieRequestCultureProvider returned the following unsupported UI Cultures 'en'. |url: http://localhost/CheckInGuest/GetGuestPaymentReceiptDetails|action: 
2022-09-26 13:12:27.6647|1|WARN|Microsoft.AspNetCore.Localization.RequestLocalizationMiddleware|CookieRequestCultureProvider returned the following unsupported cultures 'en'. |url: http://localhost/CheckInGuest/GetGuestBillingSummary|action: 
2022-09-26 13:12:27.6824|2|WARN|Microsoft.AspNetCore.Localization.RequestLocalizationMiddleware|CookieRequestCultureProvider returned the following unsupported UI Cultures 'en'. |url: http://localhost/CheckInGuest/GetGuestBillingSummary|action: 
2022-09-26 13:12:27.6906|1|WARN|Microsoft.AspNetCore.Localization.RequestLocalizationMiddleware|CookieRequestCultureProvider returned the following unsupported cultures 'en'. |url: http://localhost/CheckInGuest/GetGuestPaymentReceiptDetails|action: 
2022-09-26 13:12:27.7365|2|WARN|Microsoft.AspNetCore.Localization.RequestLocalizationMiddleware|CookieRequestCultureProvider returned the following unsupported UI Cultures 'en'. |url: http://localhost/CheckInGuest/GetGuestPaymentReceiptDetails|action: 
2022-09-26 13:12:28.3649|1|WARN|Microsoft.AspNetCore.Localization.RequestLocalizationMiddleware|CookieRequestCultureProvider returned the following unsupported cultures 'en'. |url: http://localhost/CheckInGuest/GetGuestBillingSummary|action: 
2022-09-26 13:12:28.3942|2|WARN|Microsoft.AspNetCore.Localization.RequestLocalizationMiddleware|CookieRequestCultureProvider returned the following unsupported UI Cultures 'en'. |url: http://localhost/CheckInGuest/GetGuestBillingSummary|action: 
2022-09-26 13:12:28.3942|1|WARN|Microsoft.AspNetCore.Localization.RequestLocalizationMiddleware|CookieRequestCultureProvider returned the following unsupported cultures 'en'. |url: http://localhost/CheckInGuest/GetGuestPaymentReceiptDetails|action: 
2022-09-26 13:12:28.4353|2|WARN|Microsoft.AspNetCore.Localization.RequestLocalizationMiddleware|CookieRequestCultureProvider returned the following unsupported UI Cultures 'en'. |url: http://localhost/CheckInGuest/GetGuestPaymentReceiptDetails|action: 
2022-09-26 13:12:29.6274|1|WARN|Microsoft.AspNetCore.Localization.RequestLocalizationMiddleware|CookieRequestCultureProvider returned the following unsupported cultures 'en'. |url: http://localhost/CheckInGuest/GetGuestServiceBilling|action: 
2022-09-26 13:12:29.6549|2|WARN|Microsoft.AspNetCore.Localization.RequestLocalizationMiddleware|CookieRequestCultureProvider returned the following unsupported UI Cultures 'en'. |url: http://localhost/CheckInGuest/GetGuestServiceBilling|action: 
2022-09-26 13:12:30.6903|1|WARN|Microsoft.AspNetCore.Localization.RequestLocalizationMiddleware|CookieRequestCultureProvider returned the following unsupported cultures 'en'. |url: http://localhost/CheckInGuest/GetGuestBillingSummary|action: 
2022-09-26 13:12:30.6903|1|WARN|Microsoft.AspNetCore.Localization.RequestLocalizationMiddleware|CookieRequestCultureProvider returned the following unsupported cultures 'en'. |url: http://localhost/CheckInGuest/GetGuestPaymentReceiptDetails|action: 
2022-09-26 13:12:30.7086|2|WARN|Microsoft.AspNetCore.Localization.RequestLocalizationMiddleware|CookieRequestCultureProvider returned the following unsupported UI Cultures 'en'. |url: http://localhost/CheckInGuest/GetGuestBillingSummary|action: 
2022-09-26 13:12:30.7086|2|WARN|Microsoft.AspNetCore.Localization.RequestLocalizationMiddleware|CookieRequestCultureProvider returned the following unsupported UI Cultures 'en'. |url: http://localhost/CheckInGuest/GetGuestPaymentReceiptDetails|action: 
2022-09-26 13:12:32.7925|1|WARN|Microsoft.AspNetCore.Localization.RequestLocalizationMiddleware|CookieRequestCultureProvider returned the following unsupported cultures 'en'. |url: http://localhost/CheckInGuest/GetGuestServiceBilling|action: 
2022-09-26 13:12:32.8108|2|WARN|Microsoft.AspNetCore.Localization.RequestLocalizationMiddleware|CookieRequestCultureProvider returned the following unsupported UI Cultures 'en'. |url: http://localhost/CheckInGuest/GetGuestServiceBilling|action: 
2022-09-26 13:12:33.4953|1|WARN|Microsoft.AspNetCore.Localization.RequestLocalizationMiddleware|CookieRequestCultureProvider returned the following unsupported cultures 'en'. |url: http://localhost/CheckInGuest/GetGuestBillingSummary|action: 
2022-09-26 13:12:33.5098|1|WARN|Microsoft.AspNetCore.Localization.RequestLocalizationMiddleware|CookieRequestCultureProvider returned the following unsupported cultures 'en'. |url: http://localhost/CheckInGuest/GetGuestPaymentReceiptDetails|action: 
2022-09-26 13:12:33.5197|2|WARN|Microsoft.AspNetCore.Localization.RequestLocalizationMiddleware|CookieRequestCultureProvider returned the following unsupported UI Cultures 'en'. |url: http://localhost/CheckInGuest/GetGuestBillingSummary|action: 
2022-09-26 13:12:33.5197|2|WARN|Microsoft.AspNetCore.Localization.RequestLocalizationMiddleware|CookieRequestCultureProvider returned the following unsupported UI Cultures 'en'. |url: http://localhost/CheckInGuest/GetGuestPaymentReceiptDetails|action: 
2022-09-26 13:12:44.2258|1|WARN|Microsoft.AspNetCore.Localization.RequestLocalizationMiddleware|CookieRequestCultureProvider returned the following unsupported cultures 'en'. |url: http://localhost/css/site.css|action: 
2022-09-26 13:12:44.2568|1|WARN|Microsoft.AspNetCore.Localization.RequestLocalizationMiddleware|CookieRequestCultureProvider returned the following unsupported cultures 'en'. |url: http://localhost/css/site.css|action: 
2022-09-26 13:12:44.2568|2|WARN|Microsoft.AspNetCore.Localization.RequestLocalizationMiddleware|CookieRequestCultureProvider returned the following unsupported UI Cultures 'en'. |url: http://localhost/css/site.css|action: 
2022-09-26 13:12:44.3198|2|WARN|Microsoft.AspNetCore.Localization.RequestLocalizationMiddleware|CookieRequestCultureProvider returned the following unsupported UI Cultures 'en'. |url: http://localhost/css/site.css|action: 
2022-09-26 13:12:44.3644|1|WARN|Microsoft.AspNetCore.Localization.RequestLocalizationMiddleware|CookieRequestCultureProvider returned the following unsupported cultures 'en'. |url: http://localhost/css/master.css|action: 
2022-09-26 13:12:44.3793|1|WARN|Microsoft.AspNetCore.Localization.RequestLocalizationMiddleware|CookieRequestCultureProvider returned the following unsupported cultures 'en'. |url: http://localhost/css/master.css|action: 
2022-09-26 13:12:44.4294|1|WARN|Microsoft.AspNetCore.Localization.RequestLocalizationMiddleware|CookieRequestCultureProvider returned the following unsupported cultures 'en'. |url: http://localhost/css/master.css|action: 
2022-09-26 13:12:44.4417|2|WARN|Microsoft.AspNetCore.Localization.RequestLocalizationMiddleware|CookieRequestCultureProvider returned the following unsupported UI Cultures 'en'. |url: http://localhost/css/master.css|action: 
2022-09-26 13:12:44.4417|2|WARN|Microsoft.AspNetCore.Localization.RequestLocalizationMiddleware|CookieRequestCultureProvider returned the following unsupported UI Cultures 'en'. |url: http://localhost/css/master.css|action: 
2022-09-26 13:12:44.4572|2|WARN|Microsoft.AspNetCore.Localization.RequestLocalizationMiddleware|CookieRequestCultureProvider returned the following unsupported UI Cultures 'en'. |url: http://localhost/css/master.css|action: 
2022-09-26 13:12:44.8864|1|WARN|Microsoft.AspNetCore.Localization.RequestLocalizationMiddleware|CookieRequestCultureProvider returned the following unsupported cultures 'en'. |url: http://localhost/css/material.min.css|action: 
2022-09-26 13:12:44.8864|1|WARN|Microsoft.AspNetCore.Localization.RequestLocalizationMiddleware|CookieRequestCultureProvider returned the following unsupported cultures 'en'. |url: http://localhost/css/material.min.css|action: 
2022-09-26 13:12:44.9072|1|WARN|Microsoft.AspNetCore.Localization.RequestLocalizationMiddleware|CookieRequestCultureProvider returned the following unsupported cultures 'en'. |url: http://localhost/css/material.min.css|action: 
2022-09-26 13:12:44.9308|2|WARN|Microsoft.AspNetCore.Localization.RequestLocalizationMiddleware|CookieRequestCultureProvider returned the following unsupported UI Cultures 'en'. |url: http://localhost/css/material.min.css|action: 
2022-09-26 13:12:44.9477|2|WARN|Microsoft.AspNetCore.Localization.RequestLocalizationMiddleware|CookieRequestCultureProvider returned the following unsupported UI Cultures 'en'. |url: http://localhost/css/material.min.css|action: 
2022-09-26 13:12:44.9595|2|WARN|Microsoft.AspNetCore.Localization.RequestLocalizationMiddleware|CookieRequestCultureProvider returned the following unsupported UI Cultures 'en'. |url: http://localhost/css/material.min.css|action: 
2022-09-26 13:12:45.1301|1|WARN|Microsoft.AspNetCore.Localization.RequestLocalizationMiddleware|CookieRequestCultureProvider returned the following unsupported cultures 'en'. |url: http://localhost/js/toastr.js.map|action: 
2022-09-26 13:12:45.1445|1|WARN|Microsoft.AspNetCore.Localization.RequestLocalizationMiddleware|CookieRequestCultureProvider returned the following unsupported cultures 'en'. |url: http://localhost/lib/bootstrap/dist/js/bootstrap.min.js.map|action: 
2022-09-26 13:12:45.2135|2|WARN|Microsoft.AspNetCore.Localization.RequestLocalizationMiddleware|CookieRequestCultureProvider returned the following unsupported UI Cultures 'en'. |url: http://localhost/js/toastr.js.map|action: 
2022-09-26 13:12:45.2259|2|WARN|Microsoft.AspNetCore.Localization.RequestLocalizationMiddleware|CookieRequestCultureProvider returned the following unsupported UI Cultures 'en'. |url: http://localhost/lib/bootstrap/dist/js/bootstrap.min.js.map|action: 
2022-09-26 13:12:45.2259|1|WARN|Microsoft.AspNetCore.Localization.RequestLocalizationMiddleware|CookieRequestCultureProvider returned the following unsupported cultures 'en'. |url: http://localhost/lib/bootstrap/dist/css/bootstrap.min.css|action: 
2022-09-26 13:12:45.2733|2|WARN|Microsoft.AspNetCore.Localization.RequestLocalizationMiddleware|CookieRequestCultureProvider returned the following unsupported UI Cultures 'en'. |url: http://localhost/lib/bootstrap/dist/css/bootstrap.min.css|action: 
2022-09-26 13:12:45.2733|1|WARN|Microsoft.AspNetCore.Localization.RequestLocalizationMiddleware|CookieRequestCultureProvider returned the following unsupported cultures 'en'. |url: http://localhost/lib/bootstrap/dist/css/bootstrap.min.css|action: 
2022-09-26 13:12:45.3717|2|WARN|Microsoft.AspNetCore.Localization.RequestLocalizationMiddleware|CookieRequestCultureProvider returned the following unsupported UI Cultures 'en'. |url: http://localhost/lib/bootstrap/dist/css/bootstrap.min.css|action: 
2022-09-26 13:12:45.4290|1|WARN|Microsoft.AspNetCore.Localization.RequestLocalizationMiddleware|CookieRequestCultureProvider returned the following unsupported cultures 'en'. |url: http://localhost/js/material.min.js.map|action: 
2022-09-26 13:12:45.4406|1|WARN|Microsoft.AspNetCore.Localization.RequestLocalizationMiddleware|CookieRequestCultureProvider returned the following unsupported cultures 'en'. |url: http://localhost/lib/bootstrap/dist/js/popper.min.js.map|action: 
2022-09-26 13:12:45.4618|2|WARN|Microsoft.AspNetCore.Localization.RequestLocalizationMiddleware|CookieRequestCultureProvider returned the following unsupported UI Cultures 'en'. |url: http://localhost/js/material.min.js.map|action: 
2022-09-26 13:12:45.4789|2|WARN|Microsoft.AspNetCore.Localization.RequestLocalizationMiddleware|CookieRequestCultureProvider returned the following unsupported UI Cultures 'en'. |url: http://localhost/lib/bootstrap/dist/js/popper.min.js.map|action: 
2022-09-26 13:12:45.6989|1|WARN|Microsoft.AspNetCore.Localization.RequestLocalizationMiddleware|CookieRequestCultureProvider returned the following unsupported cultures 'en'. |url: http://localhost/lib/bootstrap/dist/css/bootstrap.min.css|action: 
2022-09-26 13:12:45.7761|2|WARN|Microsoft.AspNetCore.Localization.RequestLocalizationMiddleware|CookieRequestCultureProvider returned the following unsupported UI Cultures 'en'. |url: http://localhost/lib/bootstrap/dist/css/bootstrap.min.css|action: 
2022-09-26 13:12:45.7761|1|WARN|Microsoft.AspNetCore.Localization.RequestLocalizationMiddleware|CookieRequestCultureProvider returned the following unsupported cultures 'en'. |url: http://localhost/css/esyaTheme.css|action: 
2022-09-26 13:12:45.8020|1|WARN|Microsoft.AspNetCore.Localization.RequestLocalizationMiddleware|CookieRequestCultureProvider returned the following unsupported cultures 'en'. |url: http://localhost/css/esyaTheme.css|action: 
2022-09-26 13:12:45.8303|2|WARN|Microsoft.AspNetCore.Localization.RequestLocalizationMiddleware|CookieRequestCultureProvider returned the following unsupported UI Cultures 'en'. |url: http://localhost/css/esyaTheme.css|action: 
2022-09-26 13:12:45.8486|2|WARN|Microsoft.AspNetCore.Localization.RequestLocalizationMiddleware|CookieRequestCultureProvider returned the following unsupported UI Cultures 'en'. |url: http://localhost/css/esyaTheme.css|action: 
2022-09-26 13:12:46.0503|1|WARN|Microsoft.AspNetCore.Localization.RequestLocalizationMiddleware|CookieRequestCultureProvider returned the following unsupported cultures 'en'. |url: http://localhost/css/material.min.css.map|action: 
2022-09-26 13:12:46.0503|1|WARN|Microsoft.AspNetCore.Localization.RequestLocalizationMiddleware|CookieRequestCultureProvider returned the following unsupported cultures 'en'. |url: http://localhost/lib/bootstrap/dist/css/bootstrap.min.css.map|action: 
2022-09-26 13:12:46.0743|2|WARN|Microsoft.AspNetCore.Localization.RequestLocalizationMiddleware|CookieRequestCultureProvider returned the following unsupported UI Cultures 'en'. |url: http://localhost/css/material.min.css.map|action: 
2022-09-26 13:12:46.0840|2|WARN|Microsoft.AspNetCore.Localization.RequestLocalizationMiddleware|CookieRequestCultureProvider returned the following unsupported UI Cultures 'en'. |url: http://localhost/lib/bootstrap/dist/css/bootstrap.min.css.map|action: 
2022-09-26 13:12:46.1359|1|WARN|Microsoft.AspNetCore.Localization.RequestLocalizationMiddleware|CookieRequestCultureProvider returned the following unsupported cultures 'en'. |url: http://localhost/eSyaNatureCure/CheckInGuest/V_ENC_04_00|action: 
2022-09-26 13:12:46.1633|2|WARN|Microsoft.AspNetCore.Localization.RequestLocalizationMiddleware|CookieRequestCultureProvider returned the following unsupported UI Cultures 'en'. |url: http://localhost/eSyaNatureCure/CheckInGuest/V_ENC_04_00|action: 
2022-09-26 13:12:48.6600|1|WARN|Microsoft.AspNetCore.Localization.RequestLocalizationMiddleware|CookieRequestCultureProvider returned the following unsupported cultures 'en'. |url: http://localhost/lib/bootstrap/dist/js/bootstrap.min.js.map|action: 
2022-09-26 13:12:48.6768|1|WARN|Microsoft.AspNetCore.Localization.RequestLocalizationMiddleware|CookieRequestCultureProvider returned the following unsupported cultures 'en'. |url: http://localhost/js/toastr.js.map|action: 
2022-09-26 13:12:48.6768|1|WARN|Microsoft.AspNetCore.Localization.RequestLocalizationMiddleware|CookieRequestCultureProvider returned the following unsupported cultures 'en'. |url: http://localhost/lib/bootstrap/dist/js/popper.min.js.map|action: 
2022-09-26 13:12:48.7167|2|WARN|Microsoft.AspNetCore.Localization.RequestLocalizationMiddleware|CookieRequestCultureProvider returned the following unsupported UI Cultures 'en'. |url: http://localhost/lib/bootstrap/dist/js/bootstrap.min.js.map|action: 
2022-09-26 13:12:48.7291|2|WARN|Microsoft.AspNetCore.Localization.RequestLocalizationMiddleware|CookieRequestCultureProvider returned the following unsupported UI Cultures 'en'. |url: http://localhost/js/toastr.js.map|action: 
2022-09-26 13:12:48.7291|2|WARN|Microsoft.AspNetCore.Localization.RequestLocalizationMiddleware|CookieRequestCultureProvider returned the following unsupported UI Cultures 'en'. |url: http://localhost/lib/bootstrap/dist/js/popper.min.js.map|action: 
2022-09-26 13:12:48.6600|1|WARN|Microsoft.AspNetCore.Localization.RequestLocalizationMiddleware|CookieRequestCultureProvider returned the following unsupported cultures 'en'. |url: http://localhost/js/material.min.js.map|action: 
2022-09-26 13:12:48.8152|2|WARN|Microsoft.AspNetCore.Localization.RequestLocalizationMiddleware|CookieRequestCultureProvider returned the following unsupported UI Cultures 'en'. |url: http://localhost/js/material.min.js.map|action: 
2022-09-26 13:12:49.0400|1|WARN|Microsoft.AspNetCore.Localization.RequestLocalizationMiddleware|CookieRequestCultureProvider returned the following unsupported cultures 'en'. |url: http://localhost/CommonMaster/GetPaymentMode|action: 
2022-09-26 13:12:49.0510|1|WARN|Microsoft.AspNetCore.Localization.RequestLocalizationMiddleware|CookieRequestCultureProvider returned the following unsupported cultures 'en'. |url: http://localhost/CheckInGuest/GetGuestBillingSummary|action: 
2022-09-26 13:12:49.0510|1|WARN|Microsoft.AspNetCore.Localization.RequestLocalizationMiddleware|CookieRequestCultureProvider returned the following unsupported cultures 'en'. |url: http://localhost/CheckInGuest/GetGuestDetailsByBookingKey|action: 
2022-09-26 13:12:49.0804|2|WARN|Microsoft.AspNetCore.Localization.RequestLocalizationMiddleware|CookieRequestCultureProvider returned the following unsupported UI Cultures 'en'. |url: http://localhost/CommonMaster/GetPaymentMode|action: 
2022-09-26 13:12:49.1123|1|WARN|Microsoft.AspNetCore.Localization.RequestLocalizationMiddleware|CookieRequestCultureProvider returned the following unsupported cultures 'en'. |url: http://localhost/CheckInGuest/GetGuestDocumentUploadDetailsByBookingKey|action: 
2022-09-26 13:12:49.1123|1|WARN|Microsoft.AspNetCore.Localization.RequestLocalizationMiddleware|CookieRequestCultureProvider returned the following unsupported cultures 'en'. |url: http://localhost/CheckInGuest/GetGuestPaymentReceiptDetails|action: 
2022-09-26 13:12:49.1472|2|WARN|Microsoft.AspNetCore.Localization.RequestLocalizationMiddleware|CookieRequestCultureProvider returned the following unsupported UI Cultures 'en'. |url: http://localhost/CheckInGuest/GetGuestDocumentUploadDetailsByBookingKey|action: 
2022-09-26 13:12:49.1614|2|WARN|Microsoft.AspNetCore.Localization.RequestLocalizationMiddleware|CookieRequestCultureProvider returned the following unsupported UI Cultures 'en'. |url: http://localhost/CheckInGuest/GetGuestPaymentReceiptDetails|action: 
2022-09-26 13:12:49.1820|1|WARN|Microsoft.AspNetCore.Localization.RequestLocalizationMiddleware|CookieRequestCultureProvider returned the following unsupported cultures 'en'. |url: http://localhost/CheckInGuest/GetStateList|action: 
2022-09-26 13:12:49.2546|2|WARN|Microsoft.AspNetCore.Localization.RequestLocalizationMiddleware|CookieRequestCultureProvider returned the following unsupported UI Cultures 'en'. |url: http://localhost/CheckInGuest/GetStateList|action: 
2022-09-26 13:12:49.0980|2|WARN|Microsoft.AspNetCore.Localization.RequestLocalizationMiddleware|CookieRequestCultureProvider returned the following unsupported UI Cultures 'en'. |url: http://localhost/CheckInGuest/GetGuestBillingSummary|action: 
2022-09-26 13:12:49.0980|2|WARN|Microsoft.AspNetCore.Localization.RequestLocalizationMiddleware|CookieRequestCultureProvider returned the following unsupported UI Cultures 'en'. |url: http://localhost/CheckInGuest/GetGuestDetailsByBookingKey|action: 
2022-09-26 13:12:50.1925|1|WARN|Microsoft.AspNetCore.Localization.RequestLocalizationMiddleware|CookieRequestCultureProvider returned the following unsupported cultures 'en'. |url: http://localhost/css/material.min.css.map|action: 
2022-09-26 13:12:50.3073|1|WARN|Microsoft.AspNetCore.Localization.RequestLocalizationMiddleware|CookieRequestCultureProvider returned the following unsupported cultures 'en'. |url: http://localhost/CheckInGuest/GetCityList|action: 
2022-09-26 13:12:50.2401|2|WARN|Microsoft.AspNetCore.Localization.RequestLocalizationMiddleware|CookieRequestCultureProvider returned the following unsupported UI Cultures 'en'. |url: http://localhost/css/material.min.css.map|action: 
2022-09-26 13:12:50.3711|2|WARN|Microsoft.AspNetCore.Localization.RequestLocalizationMiddleware|CookieRequestCultureProvider returned the following unsupported UI Cultures 'en'. |url: http://localhost/CheckInGuest/GetCityList|action: 
2022-09-26 13:12:50.1925|1|WARN|Microsoft.AspNetCore.Localization.RequestLocalizationMiddleware|CookieRequestCultureProvider returned the following unsupported cultures 'en'. |url: http://localhost/lib/bootstrap/dist/css/bootstrap.min.css.map|action: 
2022-09-26 13:12:50.4605|2|WARN|Microsoft.AspNetCore.Localization.RequestLocalizationMiddleware|CookieRequestCultureProvider returned the following unsupported UI Cultures 'en'. |url: http://localhost/lib/bootstrap/dist/css/bootstrap.min.css.map|action: 
2022-09-26 13:12:51.5807|1|WARN|Microsoft.AspNetCore.Localization.RequestLocalizationMiddleware|CookieRequestCultureProvider returned the following unsupported cultures 'en'. |url: http://localhost/CheckInGuest/GetAreaList|action: 
2022-09-26 13:12:51.5996|2|WARN|Microsoft.AspNetCore.Localization.RequestLocalizationMiddleware|CookieRequestCultureProvider returned the following unsupported UI Cultures 'en'. |url: http://localhost/CheckInGuest/GetAreaList|action: 
2022-09-26 13:12:54.5421|1|WARN|Microsoft.AspNetCore.Localization.RequestLocalizationMiddleware|CookieRequestCultureProvider returned the following unsupported cultures 'en'. |url: http://localhost/CheckInGuest/GetServiceList|action: 
2022-09-26 13:12:54.5548|2|WARN|Microsoft.AspNetCore.Localization.RequestLocalizationMiddleware|CookieRequestCultureProvider returned the following unsupported UI Cultures 'en'. |url: http://localhost/CheckInGuest/GetServiceList|action: 
2022-09-26 13:12:54.8936||ERROR|eSyaEnterprise_UI.Areas.eSyaNatureCure.Controllers.CheckInGuestController|UD:GetServiceList System.Exception: Internal Server Error|url: http://localhost/CheckInGuest/GetServiceList|action: GetServiceList
2022-09-26 13:13:05.9117|1|WARN|Microsoft.AspNetCore.Localization.RequestLocalizationMiddleware|CookieRequestCultureProvider returned the following unsupported cultures 'en'. |url: http://localhost/CheckInGuest/GetGuestBillingSummary|action: 
2022-09-26 13:13:05.9310|2|WARN|Microsoft.AspNetCore.Localization.RequestLocalizationMiddleware|CookieRequestCultureProvider returned the following unsupported UI Cultures 'en'. |url: http://localhost/CheckInGuest/GetGuestBillingSummary|action: 
2022-09-26 13:13:05.9425|1|WARN|Microsoft.AspNetCore.Localization.RequestLocalizationMiddleware|CookieRequestCultureProvider returned the following unsupported cultures 'en'. |url: http://localhost/CheckInGuest/GetGuestPaymentReceiptDetails|action: 
2022-09-26 13:13:05.9732|2|WARN|Microsoft.AspNetCore.Localization.RequestLocalizationMiddleware|CookieRequestCultureProvider returned the following unsupported UI Cultures 'en'. |url: http://localhost/CheckInGuest/GetGuestPaymentReceiptDetails|action: 
2022-09-26 13:13:25.5028|1|WARN|Microsoft.AspNetCore.Localization.RequestLocalizationMiddleware|CookieRequestCultureProvider returned the following unsupported cultures 'en'. |url: http://localhost/css/jqgridcustomstyle.css|action: 
2022-09-26 13:13:25.5248|1|WARN|Microsoft.AspNetCore.Localization.RequestLocalizationMiddleware|CookieRequestCultureProvider returned the following unsupported cultures 'en'. |url: http://localhost/css/jqgridcustomstyle.css|action: 
2022-09-26 13:13:25.5403|2|WARN|Microsoft.AspNetCore.Localization.RequestLocalizationMiddleware|CookieRequestCultureProvider returned the following unsupported UI Cultures 'en'. |url: http://localhost/css/jqgridcustomstyle.css|action: 
2022-09-26 13:13:25.5520|2|WARN|Microsoft.AspNetCore.Localization.RequestLocalizationMiddleware|CookieRequestCultureProvider returned the following unsupported UI Cultures 'en'. |url: http://localhost/css/jqgridcustomstyle.css|action: 
2022-09-26 13:14:29.8121|1|WARN|Microsoft.AspNetCore.Localization.RequestLocalizationMiddleware|CookieRequestCultureProvider returned the following unsupported cultures 'en'. |url: http://localhost/eSyaNatureCure/CheckInGuest/V_ENC_04_00|action: 
2022-09-26 13:14:29.8322|2|WARN|Microsoft.AspNetCore.Localization.RequestLocalizationMiddleware|CookieRequestCultureProvider returned the following unsupported UI Cultures 'en'. |url: http://localhost/eSyaNatureCure/CheckInGuest/V_ENC_04_00|action: 
2022-09-26 13:14:34.9778|1|WARN|Microsoft.AspNetCore.Localization.RequestLocalizationMiddleware|CookieRequestCultureProvider returned the following unsupported cultures 'en'. |url: http://localhost/CommonMaster/GetPaymentMode|action: 
2022-09-26 13:14:34.9942|2|WARN|Microsoft.AspNetCore.Localization.RequestLocalizationMiddleware|CookieRequestCultureProvider returned the following unsupported UI Cultures 'en'. |url: http://localhost/CommonMaster/GetPaymentMode|action: 
2022-09-26 13:14:35.0211|1|WARN|Microsoft.AspNetCore.Localization.RequestLocalizationMiddleware|CookieRequestCultureProvider returned the following unsupported cultures 'en'. |url: http://localhost/CheckInGuest/GetGuestBillingSummary|action: 
2022-09-26 13:14:35.0840|1|WARN|Microsoft.AspNetCore.Localization.RequestLocalizationMiddleware|CookieRequestCultureProvider returned the following unsupported cultures 'en'. |url: http://localhost/CheckInGuest/GetGuestPaymentReceiptDetails|action: 
2022-09-26 13:14:35.0840|2|WARN|Microsoft.AspNetCore.Localization.RequestLocalizationMiddleware|CookieRequestCultureProvider returned the following unsupported UI Cultures 'en'. |url: http://localhost/CheckInGuest/GetGuestBillingSummary|action: 
2022-09-26 13:14:35.0100|1|WARN|Microsoft.AspNetCore.Localization.RequestLocalizationMiddleware|CookieRequestCultureProvider returned the following unsupported cultures 'en'. |url: http://localhost/CheckInGuest/GetGuestDetailsByBookingKey|action: 
2022-09-26 13:14:35.1448|2|WARN|Microsoft.AspNetCore.Localization.RequestLocalizationMiddleware|CookieRequestCultureProvider returned the following unsupported UI Cultures 'en'. |url: http://localhost/CheckInGuest/GetGuestPaymentReceiptDetails|action: 
2022-09-26 13:14:35.1840|2|WARN|Microsoft.AspNetCore.Localization.RequestLocalizationMiddleware|CookieRequestCultureProvider returned the following unsupported UI Cultures 'en'. |url: http://localhost/CheckInGuest/GetGuestDetailsByBookingKey|action: 
2022-09-26 13:14:35.2392|1|WARN|Microsoft.AspNetCore.Localization.RequestLocalizationMiddleware|CookieRequestCultureProvider returned the following unsupported cultures 'en'. |url: http://localhost/CheckInGuest/GetGuestDocumentUploadDetailsByBookingKey|action: 
2022-09-26 13:14:35.4540|2|WARN|Microsoft.AspNetCore.Localization.RequestLocalizationMiddleware|CookieRequestCultureProvider returned the following unsupported UI Cultures 'en'. |url: http://localhost/CheckInGuest/GetGuestDocumentUploadDetailsByBookingKey|action: 
2022-09-26 13:14:35.4744|1|WARN|Microsoft.AspNetCore.Localization.RequestLocalizationMiddleware|CookieRequestCultureProvider returned the following unsupported cultures 'en'. |url: http://localhost/CheckInGuest/GetStateList|action: 
2022-09-26 13:14:35.5037|2|WARN|Microsoft.AspNetCore.Localization.RequestLocalizationMiddleware|CookieRequestCultureProvider returned the following unsupported UI Cultures 'en'. |url: http://localhost/CheckInGuest/GetStateList|action: 
2022-09-26 13:14:36.6076|1|WARN|Microsoft.AspNetCore.Localization.RequestLocalizationMiddleware|CookieRequestCultureProvider returned the following unsupported cultures 'en'. |url: http://localhost/CheckInGuest/GetCityList|action: 
2022-09-26 13:14:36.6252|2|WARN|Microsoft.AspNetCore.Localization.RequestLocalizationMiddleware|CookieRequestCultureProvider returned the following unsupported UI Cultures 'en'. |url: http://localhost/CheckInGuest/GetCityList|action: 
2022-09-26 13:14:37.1831|1|WARN|Microsoft.AspNetCore.Localization.RequestLocalizationMiddleware|CookieRequestCultureProvider returned the following unsupported cultures 'en'. |url: http://localhost/CheckInGuest/GetAreaList|action: 
2022-09-26 13:14:37.1995|2|WARN|Microsoft.AspNetCore.Localization.RequestLocalizationMiddleware|CookieRequestCultureProvider returned the following unsupported UI Cultures 'en'. |url: http://localhost/CheckInGuest/GetAreaList|action: 
2022-09-26 13:14:37.7719|1|WARN|Microsoft.AspNetCore.Localization.RequestLocalizationMiddleware|CookieRequestCultureProvider returned the following unsupported cultures 'en'. |url: http://localhost/CheckInGuest/GetServiceList|action: 
2022-09-26 13:14:37.7882|2|WARN|Microsoft.AspNetCore.Localization.RequestLocalizationMiddleware|CookieRequestCultureProvider returned the following unsupported UI Cultures 'en'. |url: http://localhost/CheckInGuest/GetServiceList|action: 
2022-09-26 13:14:38.1550||ERROR|eSyaEnterprise_UI.Areas.eSyaNatureCure.Controllers.CheckInGuestController|UD:GetServiceList System.Exception: Internal Server Error|url: http://localhost/CheckInGuest/GetServiceList|action: GetServiceList
2022-09-26 13:14:38.2231|1|WARN|Microsoft.AspNetCore.Localization.RequestLocalizationMiddleware|CookieRequestCultureProvider returned the following unsupported cultures 'en'. |url: http://localhost/CheckInGuest/GetGuestBillingSummary|action: 
2022-09-26 13:14:38.2536|1|WARN|Microsoft.AspNetCore.Localization.RequestLocalizationMiddleware|CookieRequestCultureProvider returned the following unsupported cultures 'en'. |url: http://localhost/CheckInGuest/GetGuestPaymentReceiptDetails|action: 
2022-09-26 13:14:38.2536|2|WARN|Microsoft.AspNetCore.Localization.RequestLocalizationMiddleware|CookieRequestCultureProvider returned the following unsupported UI Cultures 'en'. |url: http://localhost/CheckInGuest/GetGuestBillingSummary|action: 
2022-09-26 13:14:38.2739|2|WARN|Microsoft.AspNetCore.Localization.RequestLocalizationMiddleware|CookieRequestCultureProvider returned the following unsupported UI Cultures 'en'. |url: http://localhost/CheckInGuest/GetGuestPaymentReceiptDetails|action: 
