2022-12-19 12:40:47.0158|1|WARN|Microsoft.AspNetCore.Localization.RequestLocalizationMiddleware|CookieRequestCultureProvider returned the following unsupported cultures 'en'. |url: http://localhost/|action: 
2022-12-19 12:40:47.1518|2|WARN|Microsoft.AspNetCore.Localization.RequestLocalizationMiddleware|CookieRequestCultureProvider returned the following unsupported UI Cultures 'en'. |url: http://localhost/|action: 
2022-12-19 12:40:47.1752|3|WARN|Microsoft.AspNetCore.HttpsPolicy.HttpsRedirectionMiddleware|Failed to determine the https port for redirect. |url: http://localhost/|action: 
2022-12-19 12:40:51.3992|1|WARN|Microsoft.AspNetCore.Localization.RequestLocalizationMiddleware|CookieRequestCultureProvider returned the following unsupported cultures 'en'. |url: http://localhost/css/login.css|action: 
2022-12-19 12:40:51.4224|1|WARN|Microsoft.AspNetCore.Localization.RequestLocalizationMiddleware|CookieRequestCultureProvider returned the following unsupported cultures 'en'. |url: http://localhost/css/material.min.css|action: 
2022-12-19 12:40:51.4335|1|WARN|Microsoft.AspNetCore.Localization.RequestLocalizationMiddleware|CookieRequestCultureProvider returned the following unsupported cultures 'en'. |url: http://localhost/lib/bootstrap/dist/css/bootstrap.min.css|action: 
2022-12-19 12:40:51.4335|2|WARN|Microsoft.AspNetCore.Localization.RequestLocalizationMiddleware|CookieRequestCultureProvider returned the following unsupported UI Cultures 'en'. |url: http://localhost/css/login.css|action: 
2022-12-19 12:40:51.4550|2|WARN|Microsoft.AspNetCore.Localization.RequestLocalizationMiddleware|CookieRequestCultureProvider returned the following unsupported UI Cultures 'en'. |url: http://localhost/css/material.min.css|action: 
2022-12-19 12:40:51.4627|2|WARN|Microsoft.AspNetCore.Localization.RequestLocalizationMiddleware|CookieRequestCultureProvider returned the following unsupported UI Cultures 'en'. |url: http://localhost/lib/bootstrap/dist/css/bootstrap.min.css|action: 
2022-12-19 12:40:51.4881|1|WARN|Microsoft.AspNetCore.Localization.RequestLocalizationMiddleware|CookieRequestCultureProvider returned the following unsupported cultures 'en'. |url: http://localhost/css/bootstrap-select.css|action: 
2022-12-19 12:40:51.3992|1|WARN|Microsoft.AspNetCore.Localization.RequestLocalizationMiddleware|CookieRequestCultureProvider returned the following unsupported cultures 'en'. |url: http://localhost/css/animate.css|action: 
2022-12-19 12:40:51.5262|2|WARN|Microsoft.AspNetCore.Localization.RequestLocalizationMiddleware|CookieRequestCultureProvider returned the following unsupported UI Cultures 'en'. |url: http://localhost/css/bootstrap-select.css|action: 
2022-12-19 12:40:51.5397|2|WARN|Microsoft.AspNetCore.Localization.RequestLocalizationMiddleware|CookieRequestCultureProvider returned the following unsupported UI Cultures 'en'. |url: http://localhost/css/animate.css|action: 
2022-12-19 12:40:51.6562|1|WARN|Microsoft.AspNetCore.Localization.RequestLocalizationMiddleware|CookieRequestCultureProvider returned the following unsupported cultures 'en'. |url: http://localhost/css/all.min.css|action: 
2022-12-19 12:40:51.6673|1|WARN|Microsoft.AspNetCore.Localization.RequestLocalizationMiddleware|CookieRequestCultureProvider returned the following unsupported cultures 'en'. |url: http://localhost/css/esyaTheme.css|action: 
2022-12-19 12:40:51.6673|1|WARN|Microsoft.AspNetCore.Localization.RequestLocalizationMiddleware|CookieRequestCultureProvider returned the following unsupported cultures 'en'. |url: http://localhost/lib/bootstrap/dist/js/jquery-3.2.1.min.js|action: 
2022-12-19 12:40:51.6820|2|WARN|Microsoft.AspNetCore.Localization.RequestLocalizationMiddleware|CookieRequestCultureProvider returned the following unsupported UI Cultures 'en'. |url: http://localhost/css/all.min.css|action: 
2022-12-19 12:40:51.6820|2|WARN|Microsoft.AspNetCore.Localization.RequestLocalizationMiddleware|CookieRequestCultureProvider returned the following unsupported UI Cultures 'en'. |url: http://localhost/css/esyaTheme.css|action: 
2022-12-19 12:40:51.6984|2|WARN|Microsoft.AspNetCore.Localization.RequestLocalizationMiddleware|CookieRequestCultureProvider returned the following unsupported UI Cultures 'en'. |url: http://localhost/lib/bootstrap/dist/js/jquery-3.2.1.min.js|action: 
2022-12-19 12:40:51.6040|1|WARN|Microsoft.AspNetCore.Localization.RequestLocalizationMiddleware|CookieRequestCultureProvider returned the following unsupported cultures 'en'. |url: http://localhost/js/Inputmask/bindings/inputmask.binding.js|action: 
2022-12-19 12:40:51.7821|1|WARN|Microsoft.AspNetCore.Localization.RequestLocalizationMiddleware|CookieRequestCultureProvider returned the following unsupported cultures 'en'. |url: http://localhost/lib/bootstrap/dist/js/bootstrap.min.js|action: 
2022-12-19 12:40:51.7902|1|WARN|Microsoft.AspNetCore.Localization.RequestLocalizationMiddleware|CookieRequestCultureProvider returned the following unsupported cultures 'en'. |url: http://localhost/js/material.min.js|action: 
2022-12-19 12:40:51.8064|1|WARN|Microsoft.AspNetCore.Localization.RequestLocalizationMiddleware|CookieRequestCultureProvider returned the following unsupported cultures 'en'. |url: http://localhost/lib/jquery/dist/jquery.js|action: 
2022-12-19 12:40:51.8064|2|WARN|Microsoft.AspNetCore.Localization.RequestLocalizationMiddleware|CookieRequestCultureProvider returned the following unsupported UI Cultures 'en'. |url: http://localhost/lib/bootstrap/dist/js/bootstrap.min.js|action: 
2022-12-19 12:40:51.8247|2|WARN|Microsoft.AspNetCore.Localization.RequestLocalizationMiddleware|CookieRequestCultureProvider returned the following unsupported UI Cultures 'en'. |url: http://localhost/js/material.min.js|action: 
2022-12-19 12:40:51.8247|2|WARN|Microsoft.AspNetCore.Localization.RequestLocalizationMiddleware|CookieRequestCultureProvider returned the following unsupported UI Cultures 'en'. |url: http://localhost/lib/jquery/dist/jquery.js|action: 
2022-12-19 12:40:51.9187|1|WARN|Microsoft.AspNetCore.Localization.RequestLocalizationMiddleware|CookieRequestCultureProvider returned the following unsupported cultures 'en'. |url: http://localhost/js/jquery-ui.min.js|action: 
2022-12-19 12:40:51.9340|1|WARN|Microsoft.AspNetCore.Localization.RequestLocalizationMiddleware|CookieRequestCultureProvider returned the following unsupported cultures 'en'. |url: http://localhost/js/i18n/grid.locale-en.js|action: 
2022-12-19 12:40:51.9340|1|WARN|Microsoft.AspNetCore.Localization.RequestLocalizationMiddleware|CookieRequestCultureProvider returned the following unsupported cultures 'en'. |url: http://localhost/js/all.min.js|action: 
2022-12-19 12:40:51.9517|2|WARN|Microsoft.AspNetCore.Localization.RequestLocalizationMiddleware|CookieRequestCultureProvider returned the following unsupported UI Cultures 'en'. |url: http://localhost/js/jquery-ui.min.js|action: 
2022-12-19 12:40:51.9517|2|WARN|Microsoft.AspNetCore.Localization.RequestLocalizationMiddleware|CookieRequestCultureProvider returned the following unsupported UI Cultures 'en'. |url: http://localhost/js/i18n/grid.locale-en.js|action: 
2022-12-19 12:40:51.9672|2|WARN|Microsoft.AspNetCore.Localization.RequestLocalizationMiddleware|CookieRequestCultureProvider returned the following unsupported UI Cultures 'en'. |url: http://localhost/js/all.min.js|action: 
2022-12-19 12:40:52.0247|1|WARN|Microsoft.AspNetCore.Localization.RequestLocalizationMiddleware|CookieRequestCultureProvider returned the following unsupported cultures 'en'. |url: http://localhost/js/jquery.jqGrid.min.js|action: 
2022-12-19 12:40:52.0247|1|WARN|Microsoft.AspNetCore.Localization.RequestLocalizationMiddleware|CookieRequestCultureProvider returned the following unsupported cultures 'en'. |url: http://localhost/js/bootstrap-select.js|action: 
2022-12-19 12:40:52.0565|2|WARN|Microsoft.AspNetCore.Localization.RequestLocalizationMiddleware|CookieRequestCultureProvider returned the following unsupported UI Cultures 'en'. |url: http://localhost/js/jquery.jqGrid.min.js|action: 
2022-12-19 12:40:52.0565|2|WARN|Microsoft.AspNetCore.Localization.RequestLocalizationMiddleware|CookieRequestCultureProvider returned the following unsupported UI Cultures 'en'. |url: http://localhost/js/bootstrap-select.js|action: 
2022-12-19 12:40:52.0565|1|WARN|Microsoft.AspNetCore.Localization.RequestLocalizationMiddleware|CookieRequestCultureProvider returned the following unsupported cultures 'en'. |url: http://localhost/js/Inputmask/inputmask.js|action: 
2022-12-19 12:40:52.0873|2|WARN|Microsoft.AspNetCore.Localization.RequestLocalizationMiddleware|CookieRequestCultureProvider returned the following unsupported UI Cultures 'en'. |url: http://localhost/js/Inputmask/inputmask.js|action: 
2022-12-19 12:40:52.1386|1|WARN|Microsoft.AspNetCore.Localization.RequestLocalizationMiddleware|CookieRequestCultureProvider returned the following unsupported cultures 'en'. |url: http://localhost/js/Inputmask/jquery.inputmask.js|action: 
2022-12-19 12:40:52.1545|1|WARN|Microsoft.AspNetCore.Localization.RequestLocalizationMiddleware|CookieRequestCultureProvider returned the following unsupported cultures 'en'. |url: http://localhost/lib/bootstrap/dist/js/popper.min.js|action: 
2022-12-19 12:40:52.1843|2|WARN|Microsoft.AspNetCore.Localization.RequestLocalizationMiddleware|CookieRequestCultureProvider returned the following unsupported UI Cultures 'en'. |url: http://localhost/lib/bootstrap/dist/js/popper.min.js|action: 
2022-12-19 12:40:52.1672|2|WARN|Microsoft.AspNetCore.Localization.RequestLocalizationMiddleware|CookieRequestCultureProvider returned the following unsupported UI Cultures 'en'. |url: http://localhost/js/Inputmask/jquery.inputmask.js|action: 
2022-12-19 12:40:52.1843|1|WARN|Microsoft.AspNetCore.Localization.RequestLocalizationMiddleware|CookieRequestCultureProvider returned the following unsupported cultures 'en'. |url: http://localhost/js/bootbox.min.js|action: 
2022-12-19 12:40:52.2180|2|WARN|Microsoft.AspNetCore.Localization.RequestLocalizationMiddleware|CookieRequestCultureProvider returned the following unsupported UI Cultures 'en'. |url: http://localhost/js/bootbox.min.js|action: 
2022-12-19 12:40:51.7902|2|WARN|Microsoft.AspNetCore.Localization.RequestLocalizationMiddleware|CookieRequestCultureProvider returned the following unsupported UI Cultures 'en'. |url: http://localhost/js/Inputmask/bindings/inputmask.binding.js|action: 
2022-12-19 12:40:52.3868|1|WARN|Microsoft.AspNetCore.Localization.RequestLocalizationMiddleware|CookieRequestCultureProvider returned the following unsupported cultures 'en'. |url: http://localhost/css/esyafonts.css|action: 
2022-12-19 12:40:52.4183|2|WARN|Microsoft.AspNetCore.Localization.RequestLocalizationMiddleware|CookieRequestCultureProvider returned the following unsupported UI Cultures 'en'. |url: http://localhost/css/esyafonts.css|action: 
2022-12-19 12:40:52.5030|1|WARN|Microsoft.AspNetCore.Localization.RequestLocalizationMiddleware|CookieRequestCultureProvider returned the following unsupported cultures 'en'. |url: http://localhost/images/esya-products-yellow-with-footer.jpg|action: 
2022-12-19 12:40:52.5109|1|WARN|Microsoft.AspNetCore.Localization.RequestLocalizationMiddleware|CookieRequestCultureProvider returned the following unsupported cultures 'en'. |url: http://localhost/images/logo/esya-logo-black.png|action: 
2022-12-19 12:40:52.5256|2|WARN|Microsoft.AspNetCore.Localization.RequestLocalizationMiddleware|CookieRequestCultureProvider returned the following unsupported UI Cultures 'en'. |url: http://localhost/images/esya-products-yellow-with-footer.jpg|action: 
2022-12-19 12:40:52.5993|1|WARN|Microsoft.AspNetCore.Localization.RequestLocalizationMiddleware|CookieRequestCultureProvider returned the following unsupported cultures 'en'. |url: http://localhost/fonts/esyaFonts/Roboto/Roboto-Regular.ttf|action: 
2022-12-19 12:40:52.6263|1|WARN|Microsoft.AspNetCore.Localization.RequestLocalizationMiddleware|CookieRequestCultureProvider returned the following unsupported cultures 'en'. |url: http://localhost/fonts/Helvetica.ttf|action: 
2022-12-19 12:40:52.6485|1|WARN|Microsoft.AspNetCore.Localization.RequestLocalizationMiddleware|CookieRequestCultureProvider returned the following unsupported cultures 'en'. |url: http://localhost/fonts/fa-solid-900.woff2|action: 
2022-12-19 12:40:52.6485|2|WARN|Microsoft.AspNetCore.Localization.RequestLocalizationMiddleware|CookieRequestCultureProvider returned the following unsupported UI Cultures 'en'. |url: http://localhost/fonts/esyaFonts/Roboto/Roboto-Regular.ttf|action: 
2022-12-19 12:40:52.6716|2|WARN|Microsoft.AspNetCore.Localization.RequestLocalizationMiddleware|CookieRequestCultureProvider returned the following unsupported UI Cultures 'en'. |url: http://localhost/fonts/Helvetica.ttf|action: 
2022-12-19 12:40:52.6804|2|WARN|Microsoft.AspNetCore.Localization.RequestLocalizationMiddleware|CookieRequestCultureProvider returned the following unsupported UI Cultures 'en'. |url: http://localhost/fonts/fa-solid-900.woff2|action: 
2022-12-19 12:40:52.5256|2|WARN|Microsoft.AspNetCore.Localization.RequestLocalizationMiddleware|CookieRequestCultureProvider returned the following unsupported UI Cultures 'en'. |url: http://localhost/images/logo/esya-logo-black.png|action: 
2022-12-19 12:41:17.1952|1|WARN|Microsoft.AspNetCore.Localization.RequestLocalizationMiddleware|CookieRequestCultureProvider returned the following unsupported cultures 'en'. |url: http://localhost/esyaAccount/Login|action: 
2022-12-19 12:41:17.1952|2|WARN|Microsoft.AspNetCore.Localization.RequestLocalizationMiddleware|CookieRequestCultureProvider returned the following unsupported UI Cultures 'en'. |url: http://localhost/esyaAccount/Login|action: 
2022-12-19 12:41:22.4800|1|WARN|Microsoft.AspNetCore.Localization.RequestLocalizationMiddleware|CookieRequestCultureProvider returned the following unsupported cultures 'en'. |url: http://localhost/eSyaAccount/Login|action: 
2022-12-19 12:41:22.4997|2|WARN|Microsoft.AspNetCore.Localization.RequestLocalizationMiddleware|CookieRequestCultureProvider returned the following unsupported UI Cultures 'en'. |url: http://localhost/eSyaAccount/Login|action: 
2022-12-19 12:41:22.7605|1|WARN|Microsoft.AspNetCore.Localization.RequestLocalizationMiddleware|CookieRequestCultureProvider returned the following unsupported cultures 'en'. |url: http://localhost/Configure/FormNames/ECA_01_00|action: 
2022-12-19 12:41:22.7605|2|WARN|Microsoft.AspNetCore.Localization.RequestLocalizationMiddleware|CookieRequestCultureProvider returned the following unsupported UI Cultures 'en'. |url: http://localhost/Configure/FormNames/ECA_01_00|action: 
2022-12-19 12:41:27.2920|1|WARN|Microsoft.AspNetCore.Localization.RequestLocalizationMiddleware|CookieRequestCultureProvider returned the following unsupported cultures 'en'. |url: http://localhost/js/jquery.listswap.js|action: 
2022-12-19 12:41:27.2920|1|WARN|Microsoft.AspNetCore.Localization.RequestLocalizationMiddleware|CookieRequestCultureProvider returned the following unsupported cultures 'en'. |url: http://localhost/css/listswap.css|action: 
2022-12-19 12:41:27.3187|1|WARN|Microsoft.AspNetCore.Localization.RequestLocalizationMiddleware|CookieRequestCultureProvider returned the following unsupported cultures 'en'. |url: http://localhost/js/Config/FormsMenu.js|action: 
2022-12-19 12:41:27.3293|2|WARN|Microsoft.AspNetCore.Localization.RequestLocalizationMiddleware|CookieRequestCultureProvider returned the following unsupported UI Cultures 'en'. |url: http://localhost/js/jquery.listswap.js|action: 
2022-12-19 12:41:27.3409|2|WARN|Microsoft.AspNetCore.Localization.RequestLocalizationMiddleware|CookieRequestCultureProvider returned the following unsupported UI Cultures 'en'. |url: http://localhost/css/listswap.css|action: 
2022-12-19 12:41:27.3409|2|WARN|Microsoft.AspNetCore.Localization.RequestLocalizationMiddleware|CookieRequestCultureProvider returned the following unsupported UI Cultures 'en'. |url: http://localhost/js/Config/FormsMenu.js|action: 
2022-12-19 12:41:27.3716|1|WARN|Microsoft.AspNetCore.Localization.RequestLocalizationMiddleware|CookieRequestCultureProvider returned the following unsupported cultures 'en'. |url: http://localhost/css/jsTree.css|action: 
2022-12-19 12:41:27.4623|1|WARN|Microsoft.AspNetCore.Localization.RequestLocalizationMiddleware|CookieRequestCultureProvider returned the following unsupported cultures 'en'. |url: http://localhost/css/jquery-ui.min.css|action: 
2022-12-19 12:41:27.4623|1|WARN|Microsoft.AspNetCore.Localization.RequestLocalizationMiddleware|CookieRequestCultureProvider returned the following unsupported cultures 'en'. |url: http://localhost/css/ui.jqgrid.css|action: 
2022-12-19 12:41:27.4846|1|WARN|Microsoft.AspNetCore.Localization.RequestLocalizationMiddleware|CookieRequestCultureProvider returned the following unsupported cultures 'en'. |url: http://localhost/css/jqgridcustomstyle.css|action: 
2022-12-19 12:41:27.4929|2|WARN|Microsoft.AspNetCore.Localization.RequestLocalizationMiddleware|CookieRequestCultureProvider returned the following unsupported UI Cultures 'en'. |url: http://localhost/css/jquery-ui.min.css|action: 
2022-12-19 12:41:27.4929|2|WARN|Microsoft.AspNetCore.Localization.RequestLocalizationMiddleware|CookieRequestCultureProvider returned the following unsupported UI Cultures 'en'. |url: http://localhost/css/ui.jqgrid.css|action: 
2022-12-19 12:41:27.5099|2|WARN|Microsoft.AspNetCore.Localization.RequestLocalizationMiddleware|CookieRequestCultureProvider returned the following unsupported UI Cultures 'en'. |url: http://localhost/css/jqgridcustomstyle.css|action: 
2022-12-19 12:41:27.5930|1|WARN|Microsoft.AspNetCore.Localization.RequestLocalizationMiddleware|CookieRequestCultureProvider returned the following unsupported cultures 'en'. |url: http://localhost/css/toastr.min.css|action: 
2022-12-19 12:41:27.6083|1|WARN|Microsoft.AspNetCore.Localization.RequestLocalizationMiddleware|CookieRequestCultureProvider returned the following unsupported cultures 'en'. |url: http://localhost/css/site.css|action: 
2022-12-19 12:41:27.6243|2|WARN|Microsoft.AspNetCore.Localization.RequestLocalizationMiddleware|CookieRequestCultureProvider returned the following unsupported UI Cultures 'en'. |url: http://localhost/css/toastr.min.css|action: 
2022-12-19 12:41:27.6334|1|WARN|Microsoft.AspNetCore.Localization.RequestLocalizationMiddleware|CookieRequestCultureProvider returned the following unsupported cultures 'en'. |url: http://localhost/css/master.css|action: 
2022-12-19 12:41:27.4177|2|WARN|Microsoft.AspNetCore.Localization.RequestLocalizationMiddleware|CookieRequestCultureProvider returned the following unsupported UI Cultures 'en'. |url: http://localhost/css/jsTree.css|action: 
2022-12-19 12:41:27.6334|2|WARN|Microsoft.AspNetCore.Localization.RequestLocalizationMiddleware|CookieRequestCultureProvider returned the following unsupported UI Cultures 'en'. |url: http://localhost/css/site.css|action: 
2022-12-19 12:41:27.6616|2|WARN|Microsoft.AspNetCore.Localization.RequestLocalizationMiddleware|CookieRequestCultureProvider returned the following unsupported UI Cultures 'en'. |url: http://localhost/css/master.css|action: 
2022-12-19 12:41:27.7586|1|WARN|Microsoft.AspNetCore.Localization.RequestLocalizationMiddleware|CookieRequestCultureProvider returned the following unsupported cultures 'en'. |url: http://localhost/js/toastr.min.js|action: 
2022-12-19 12:41:27.7429|1|WARN|Microsoft.AspNetCore.Localization.RequestLocalizationMiddleware|CookieRequestCultureProvider returned the following unsupported cultures 'en'. |url: http://localhost/js/jquery.sessionTimeout.js|action: 
2022-12-19 12:41:27.7756|2|WARN|Microsoft.AspNetCore.Localization.RequestLocalizationMiddleware|CookieRequestCultureProvider returned the following unsupported UI Cultures 'en'. |url: http://localhost/js/toastr.min.js|action: 
2022-12-19 12:41:27.7756|1|WARN|Microsoft.AspNetCore.Localization.RequestLocalizationMiddleware|CookieRequestCultureProvider returned the following unsupported cultures 'en'. |url: http://localhost/js/Inputmask/inputmask-userdefined.js|action: 
2022-12-19 12:41:27.7903|2|WARN|Microsoft.AspNetCore.Localization.RequestLocalizationMiddleware|CookieRequestCultureProvider returned the following unsupported UI Cultures 'en'. |url: http://localhost/js/jquery.sessionTimeout.js|action: 
2022-12-19 12:41:27.8065|2|WARN|Microsoft.AspNetCore.Localization.RequestLocalizationMiddleware|CookieRequestCultureProvider returned the following unsupported UI Cultures 'en'. |url: http://localhost/js/Inputmask/inputmask-userdefined.js|action: 
2022-12-19 12:41:27.8708|1|WARN|Microsoft.AspNetCore.Localization.RequestLocalizationMiddleware|CookieRequestCultureProvider returned the following unsupported cultures 'en'. |url: http://localhost/js/utility/cf-input-validation.js|action: 
2022-12-19 12:41:27.9030|2|WARN|Microsoft.AspNetCore.Localization.RequestLocalizationMiddleware|CookieRequestCultureProvider returned the following unsupported UI Cultures 'en'. |url: http://localhost/js/utility/cf-input-validation.js|action: 
2022-12-19 12:41:27.9030|1|WARN|Microsoft.AspNetCore.Localization.RequestLocalizationMiddleware|CookieRequestCultureProvider returned the following unsupported cultures 'en'. |url: http://localhost/js/jsTree.js|action: 
2022-12-19 12:41:27.9189|1|WARN|Microsoft.AspNetCore.Localization.RequestLocalizationMiddleware|CookieRequestCultureProvider returned the following unsupported cultures 'en'. |url: http://localhost/fonts/fa-regular-400.woff2|action: 
2022-12-19 12:41:27.9350|2|WARN|Microsoft.AspNetCore.Localization.RequestLocalizationMiddleware|CookieRequestCultureProvider returned the following unsupported UI Cultures 'en'. |url: http://localhost/js/jsTree.js|action: 
2022-12-19 12:41:27.9350|2|WARN|Microsoft.AspNetCore.Localization.RequestLocalizationMiddleware|CookieRequestCultureProvider returned the following unsupported UI Cultures 'en'. |url: http://localhost/fonts/fa-regular-400.woff2|action: 
2022-12-19 12:41:27.2746|1|WARN|Microsoft.AspNetCore.Localization.RequestLocalizationMiddleware|CookieRequestCultureProvider returned the following unsupported cultures 'en'. |url: http://localhost/images/logo/esya-logo-whitebg.jpeg|action: 
2022-12-19 12:41:27.9708|2|WARN|Microsoft.AspNetCore.Localization.RequestLocalizationMiddleware|CookieRequestCultureProvider returned the following unsupported UI Cultures 'en'. |url: http://localhost/images/logo/esya-logo-whitebg.jpeg|action: 
2022-12-19 12:41:28.1547|1|WARN|Microsoft.AspNetCore.Localization.RequestLocalizationMiddleware|CookieRequestCultureProvider returned the following unsupported cultures 'en'. |url: http://localhost/FormNames/GetFormList|action: 
2022-12-19 12:41:28.1673|2|WARN|Microsoft.AspNetCore.Localization.RequestLocalizationMiddleware|CookieRequestCultureProvider returned the following unsupported UI Cultures 'en'. |url: http://localhost/FormNames/GetFormList|action: 
2022-12-19 12:41:29.6587|1|WARN|Microsoft.AspNetCore.Localization.RequestLocalizationMiddleware|CookieRequestCultureProvider returned the following unsupported cultures 'en'. |url: http://localhost/images/jsTree/throbber.gif|action: 
2022-12-19 12:41:29.6666|2|WARN|Microsoft.AspNetCore.Localization.RequestLocalizationMiddleware|CookieRequestCultureProvider returned the following unsupported UI Cultures 'en'. |url: http://localhost/images/jsTree/throbber.gif|action: 
2022-12-19 12:41:29.6666|1|WARN|Microsoft.AspNetCore.Localization.RequestLocalizationMiddleware|CookieRequestCultureProvider returned the following unsupported cultures 'en'. |url: http://localhost/json/errormessage.json|action: 
2022-12-19 12:41:29.6815|2|WARN|Microsoft.AspNetCore.Localization.RequestLocalizationMiddleware|CookieRequestCultureProvider returned the following unsupported UI Cultures 'en'. |url: http://localhost/json/errormessage.json|action: 
2022-12-19 12:41:29.7018|1|WARN|Microsoft.AspNetCore.Localization.RequestLocalizationMiddleware|CookieRequestCultureProvider returned the following unsupported cultures 'en'. |url: http://localhost/json/menuitem.json|action: 
2022-12-19 12:41:29.7291|2|WARN|Microsoft.AspNetCore.Localization.RequestLocalizationMiddleware|CookieRequestCultureProvider returned the following unsupported UI Cultures 'en'. |url: http://localhost/json/menuitem.json|action: 
2022-12-19 12:41:29.7763|1|WARN|Microsoft.AspNetCore.Localization.RequestLocalizationMiddleware|CookieRequestCultureProvider returned the following unsupported cultures 'en'. |url: http://localhost/images/jsTree/openfolder.png|action: 
2022-12-19 12:41:29.8057|2|WARN|Microsoft.AspNetCore.Localization.RequestLocalizationMiddleware|CookieRequestCultureProvider returned the following unsupported UI Cultures 'en'. |url: http://localhost/images/jsTree/openfolder.png|action: 
2022-12-19 12:41:29.8057|1|WARN|Microsoft.AspNetCore.Localization.RequestLocalizationMiddleware|CookieRequestCultureProvider returned the following unsupported cultures 'en'. |url: http://localhost/images/jsTree/32px.png|action: 
2022-12-19 12:41:29.8596|1|WARN|Microsoft.AspNetCore.Localization.RequestLocalizationMiddleware|CookieRequestCultureProvider returned the following unsupported cultures 'en'. |url: http://localhost/images/jsTree/foldergroupicon.png|action: 
2022-12-19 12:41:29.8766|2|WARN|Microsoft.AspNetCore.Localization.RequestLocalizationMiddleware|CookieRequestCultureProvider returned the following unsupported UI Cultures 'en'. |url: http://localhost/images/jsTree/32px.png|action: 
2022-12-19 12:41:29.8923|2|WARN|Microsoft.AspNetCore.Localization.RequestLocalizationMiddleware|CookieRequestCultureProvider returned the following unsupported UI Cultures 'en'. |url: http://localhost/images/jsTree/foldergroupicon.png|action: 
2022-12-19 12:41:34.2135|1|WARN|Microsoft.AspNetCore.Localization.RequestLocalizationMiddleware|CookieRequestCultureProvider returned the following unsupported cultures 'en'. |url: http://localhost/SMS/Engine/ESE_03_00|action: 
2022-12-19 12:41:34.2320|2|WARN|Microsoft.AspNetCore.Localization.RequestLocalizationMiddleware|CookieRequestCultureProvider returned the following unsupported UI Cultures 'en'. |url: http://localhost/SMS/Engine/ESE_03_00|action: 
2022-12-19 12:41:42.4643|1|WARN|Microsoft.AspNetCore.Localization.RequestLocalizationMiddleware|CookieRequestCultureProvider returned the following unsupported cultures 'en'. |url: http://localhost/css/jquery.contextMenu.min.css|action: 
2022-12-19 12:41:42.4643|1|WARN|Microsoft.AspNetCore.Localization.RequestLocalizationMiddleware|CookieRequestCultureProvider returned the following unsupported cultures 'en'. |url: http://localhost/js/SMS/SMSInformation.js|action: 
2022-12-19 12:41:42.4970|2|WARN|Microsoft.AspNetCore.Localization.RequestLocalizationMiddleware|CookieRequestCultureProvider returned the following unsupported UI Cultures 'en'. |url: http://localhost/css/jquery.contextMenu.min.css|action: 
2022-12-19 12:41:42.4970|2|WARN|Microsoft.AspNetCore.Localization.RequestLocalizationMiddleware|CookieRequestCultureProvider returned the following unsupported UI Cultures 'en'. |url: http://localhost/js/SMS/SMSInformation.js|action: 
2022-12-19 12:41:42.5163|1|WARN|Microsoft.AspNetCore.Localization.RequestLocalizationMiddleware|CookieRequestCultureProvider returned the following unsupported cultures 'en'. |url: http://localhost/js/jquery.contextMenu.min.js|action: 
2022-12-19 12:41:42.5427|2|WARN|Microsoft.AspNetCore.Localization.RequestLocalizationMiddleware|CookieRequestCultureProvider returned the following unsupported UI Cultures 'en'. |url: http://localhost/js/jquery.contextMenu.min.js|action: 
2022-12-19 12:41:42.7447|1|WARN|Microsoft.AspNetCore.Localization.RequestLocalizationMiddleware|CookieRequestCultureProvider returned the following unsupported cultures 'en'. |url: http://localhost/Engine/GetFormDetails|action: 
2022-12-19 12:41:42.7447|1|WARN|Microsoft.AspNetCore.Localization.RequestLocalizationMiddleware|CookieRequestCultureProvider returned the following unsupported cultures 'en'. |url: http://localhost/css/images/ui-icons_gold_256x240.png|action: 
2022-12-19 12:41:42.7662|2|WARN|Microsoft.AspNetCore.Localization.RequestLocalizationMiddleware|CookieRequestCultureProvider returned the following unsupported UI Cultures 'en'. |url: http://localhost/Engine/GetFormDetails|action: 
2022-12-19 12:41:42.7738|2|WARN|Microsoft.AspNetCore.Localization.RequestLocalizationMiddleware|CookieRequestCultureProvider returned the following unsupported UI Cultures 'en'. |url: http://localhost/css/images/ui-icons_gold_256x240.png|action: 
2022-12-19 12:41:47.4758|1|WARN|Microsoft.AspNetCore.Localization.RequestLocalizationMiddleware|CookieRequestCultureProvider returned the following unsupported cultures 'en'. |url: http://localhost/Engine/GetSMSHeaderInformationByFormId|action: 
2022-12-19 12:41:47.4935|2|WARN|Microsoft.AspNetCore.Localization.RequestLocalizationMiddleware|CookieRequestCultureProvider returned the following unsupported UI Cultures 'en'. |url: http://localhost/Engine/GetSMSHeaderInformationByFormId|action: 
2022-12-19 12:41:49.4776|1|WARN|Microsoft.AspNetCore.Localization.RequestLocalizationMiddleware|CookieRequestCultureProvider returned the following unsupported cultures 'en'. |url: http://localhost/Engine/GetFormDetails|action: 
2022-12-19 12:41:49.4962|2|WARN|Microsoft.AspNetCore.Localization.RequestLocalizationMiddleware|CookieRequestCultureProvider returned the following unsupported UI Cultures 'en'. |url: http://localhost/Engine/GetFormDetails|action: 
2022-12-19 12:41:51.3376|1|WARN|Microsoft.AspNetCore.Localization.RequestLocalizationMiddleware|CookieRequestCultureProvider returned the following unsupported cultures 'en'. |url: http://localhost/Engine/GetSMSHeaderInformationByFormId|action: 
2022-12-19 12:41:51.3573|2|WARN|Microsoft.AspNetCore.Localization.RequestLocalizationMiddleware|CookieRequestCultureProvider returned the following unsupported UI Cultures 'en'. |url: http://localhost/Engine/GetSMSHeaderInformationByFormId|action: 
2022-12-19 13:16:51.1643|1|WARN|Microsoft.AspNetCore.Localization.RequestLocalizationMiddleware|CookieRequestCultureProvider returned the following unsupported cultures 'en'. |url: http://localhost/|action: 
2022-12-19 13:16:51.2483|2|WARN|Microsoft.AspNetCore.Localization.RequestLocalizationMiddleware|CookieRequestCultureProvider returned the following unsupported UI Cultures 'en'. |url: http://localhost/|action: 
2022-12-19 13:16:51.2667|3|WARN|Microsoft.AspNetCore.HttpsPolicy.HttpsRedirectionMiddleware|Failed to determine the https port for redirect. |url: http://localhost/|action: 
2022-12-19 13:16:53.4482|1|WARN|Microsoft.AspNetCore.Localization.RequestLocalizationMiddleware|CookieRequestCultureProvider returned the following unsupported cultures 'en'. |url: http://localhost/js/all.min.js|action: 
2022-12-19 13:16:53.4482|1|WARN|Microsoft.AspNetCore.Localization.RequestLocalizationMiddleware|CookieRequestCultureProvider returned the following unsupported cultures 'en'. |url: http://localhost/js/material.min.js|action: 
2022-12-19 13:16:53.4675|1|WARN|Microsoft.AspNetCore.Localization.RequestLocalizationMiddleware|CookieRequestCultureProvider returned the following unsupported cultures 'en'. |url: http://localhost/lib/jquery/dist/jquery.js|action: 
2022-12-19 13:16:53.4675|2|WARN|Microsoft.AspNetCore.Localization.RequestLocalizationMiddleware|CookieRequestCultureProvider returned the following unsupported UI Cultures 'en'. |url: http://localhost/js/all.min.js|action: 
2022-12-19 13:16:53.4833|2|WARN|Microsoft.AspNetCore.Localization.RequestLocalizationMiddleware|CookieRequestCultureProvider returned the following unsupported UI Cultures 'en'. |url: http://localhost/js/material.min.js|action: 
2022-12-19 13:16:53.4833|2|WARN|Microsoft.AspNetCore.Localization.RequestLocalizationMiddleware|CookieRequestCultureProvider returned the following unsupported UI Cultures 'en'. |url: http://localhost/lib/jquery/dist/jquery.js|action: 
2022-12-19 13:16:53.5195|1|WARN|Microsoft.AspNetCore.Localization.RequestLocalizationMiddleware|CookieRequestCultureProvider returned the following unsupported cultures 'en'. |url: http://localhost/lib/bootstrap/dist/js/bootstrap.min.js|action: 
2022-12-19 13:16:53.5298|1|WARN|Microsoft.AspNetCore.Localization.RequestLocalizationMiddleware|CookieRequestCultureProvider returned the following unsupported cultures 'en'. |url: http://localhost/lib/bootstrap/dist/js/popper.min.js|action: 
2022-12-19 13:16:53.4311|1|WARN|Microsoft.AspNetCore.Localization.RequestLocalizationMiddleware|CookieRequestCultureProvider returned the following unsupported cultures 'en'. |url: http://localhost/lib/bootstrap/dist/js/jquery-3.2.1.min.js|action: 
2022-12-19 13:16:53.5436|2|WARN|Microsoft.AspNetCore.Localization.RequestLocalizationMiddleware|CookieRequestCultureProvider returned the following unsupported UI Cultures 'en'. |url: http://localhost/lib/bootstrap/dist/js/bootstrap.min.js|action: 
2022-12-19 13:16:53.5683|2|WARN|Microsoft.AspNetCore.Localization.RequestLocalizationMiddleware|CookieRequestCultureProvider returned the following unsupported UI Cultures 'en'. |url: http://localhost/lib/bootstrap/dist/js/popper.min.js|action: 
2022-12-19 13:16:53.5738|2|WARN|Microsoft.AspNetCore.Localization.RequestLocalizationMiddleware|CookieRequestCultureProvider returned the following unsupported UI Cultures 'en'. |url: http://localhost/lib/bootstrap/dist/js/jquery-3.2.1.min.js|action: 
2022-12-19 13:16:53.6847|1|WARN|Microsoft.AspNetCore.Localization.RequestLocalizationMiddleware|CookieRequestCultureProvider returned the following unsupported cultures 'en'. |url: http://localhost/js/jquery.jqGrid.min.js|action: 
2022-12-19 13:16:53.6847|1|WARN|Microsoft.AspNetCore.Localization.RequestLocalizationMiddleware|CookieRequestCultureProvider returned the following unsupported cultures 'en'. |url: http://localhost/js/i18n/grid.locale-en.js|action: 
2022-12-19 13:16:53.7081|2|WARN|Microsoft.AspNetCore.Localization.RequestLocalizationMiddleware|CookieRequestCultureProvider returned the following unsupported UI Cultures 'en'. |url: http://localhost/js/jquery.jqGrid.min.js|action: 
2022-12-19 13:16:53.7230|2|WARN|Microsoft.AspNetCore.Localization.RequestLocalizationMiddleware|CookieRequestCultureProvider returned the following unsupported UI Cultures 'en'. |url: http://localhost/js/i18n/grid.locale-en.js|action: 
2022-12-19 13:16:53.7476|1|WARN|Microsoft.AspNetCore.Localization.RequestLocalizationMiddleware|CookieRequestCultureProvider returned the following unsupported cultures 'en'. |url: http://localhost/js/bootbox.min.js|action: 
2022-12-19 13:16:53.7757|2|WARN|Microsoft.AspNetCore.Localization.RequestLocalizationMiddleware|CookieRequestCultureProvider returned the following unsupported UI Cultures 'en'. |url: http://localhost/js/bootbox.min.js|action: 
2022-12-19 13:16:53.7701|1|WARN|Microsoft.AspNetCore.Localization.RequestLocalizationMiddleware|CookieRequestCultureProvider returned the following unsupported cultures 'en'. |url: http://localhost/js/Inputmask/inputmask.js|action: 
2022-12-19 13:16:53.8373|2|WARN|Microsoft.AspNetCore.Localization.RequestLocalizationMiddleware|CookieRequestCultureProvider returned the following unsupported UI Cultures 'en'. |url: http://localhost/js/Inputmask/inputmask.js|action: 
2022-12-19 13:16:53.7386|1|WARN|Microsoft.AspNetCore.Localization.RequestLocalizationMiddleware|CookieRequestCultureProvider returned the following unsupported cultures 'en'. |url: http://localhost/js/bootstrap-select.js|action: 
2022-12-19 13:16:53.8754|1|WARN|Microsoft.AspNetCore.Localization.RequestLocalizationMiddleware|CookieRequestCultureProvider returned the following unsupported cultures 'en'. |url: http://localhost/js/Inputmask/jquery.inputmask.js|action: 
2022-12-19 13:16:53.8997|2|WARN|Microsoft.AspNetCore.Localization.RequestLocalizationMiddleware|CookieRequestCultureProvider returned the following unsupported UI Cultures 'en'. |url: http://localhost/js/Inputmask/jquery.inputmask.js|action: 
2022-12-19 13:16:53.8997|1|WARN|Microsoft.AspNetCore.Localization.RequestLocalizationMiddleware|CookieRequestCultureProvider returned the following unsupported cultures 'en'. |url: http://localhost/js/Inputmask/bindings/inputmask.binding.js|action: 
2022-12-19 13:16:53.9387|1|WARN|Microsoft.AspNetCore.Localization.RequestLocalizationMiddleware|CookieRequestCultureProvider returned the following unsupported cultures 'en'. |url: http://localhost/lib/bootstrap/dist/css/bootstrap.min.css|action: 
2022-12-19 13:16:53.9479|2|WARN|Microsoft.AspNetCore.Localization.RequestLocalizationMiddleware|CookieRequestCultureProvider returned the following unsupported UI Cultures 'en'. |url: http://localhost/js/Inputmask/bindings/inputmask.binding.js|action: 
2022-12-19 13:16:53.9625|2|WARN|Microsoft.AspNetCore.Localization.RequestLocalizationMiddleware|CookieRequestCultureProvider returned the following unsupported UI Cultures 'en'. |url: http://localhost/lib/bootstrap/dist/css/bootstrap.min.css|action: 
2022-12-19 13:16:53.8884|2|WARN|Microsoft.AspNetCore.Localization.RequestLocalizationMiddleware|CookieRequestCultureProvider returned the following unsupported UI Cultures 'en'. |url: http://localhost/js/bootstrap-select.js|action: 
2022-12-19 13:16:54.0318|1|WARN|Microsoft.AspNetCore.Localization.RequestLocalizationMiddleware|CookieRequestCultureProvider returned the following unsupported cultures 'en'. |url: http://localhost/css/material.min.css|action: 
2022-12-19 13:16:54.0785|2|WARN|Microsoft.AspNetCore.Localization.RequestLocalizationMiddleware|CookieRequestCultureProvider returned the following unsupported UI Cultures 'en'. |url: http://localhost/css/material.min.css|action: 
2022-12-19 13:16:54.0988|1|WARN|Microsoft.AspNetCore.Localization.RequestLocalizationMiddleware|CookieRequestCultureProvider returned the following unsupported cultures 'en'. |url: http://localhost/css/login.css|action: 
2022-12-19 13:16:54.1177|2|WARN|Microsoft.AspNetCore.Localization.RequestLocalizationMiddleware|CookieRequestCultureProvider returned the following unsupported UI Cultures 'en'. |url: http://localhost/css/login.css|action: 
2022-12-19 13:16:54.1177|1|WARN|Microsoft.AspNetCore.Localization.RequestLocalizationMiddleware|CookieRequestCultureProvider returned the following unsupported cultures 'en'. |url: http://localhost/css/esyafonts.css|action: 
2022-12-19 13:16:54.1483|2|WARN|Microsoft.AspNetCore.Localization.RequestLocalizationMiddleware|CookieRequestCultureProvider returned the following unsupported UI Cultures 'en'. |url: http://localhost/css/esyafonts.css|action: 
2022-12-19 13:16:54.1066|1|WARN|Microsoft.AspNetCore.Localization.RequestLocalizationMiddleware|CookieRequestCultureProvider returned the following unsupported cultures 'en'. |url: http://localhost/css/bootstrap-select.css|action: 
2022-12-19 13:16:54.1807|2|WARN|Microsoft.AspNetCore.Localization.RequestLocalizationMiddleware|CookieRequestCultureProvider returned the following unsupported UI Cultures 'en'. |url: http://localhost/css/bootstrap-select.css|action: 
2022-12-19 13:16:54.0565|1|WARN|Microsoft.AspNetCore.Localization.RequestLocalizationMiddleware|CookieRequestCultureProvider returned the following unsupported cultures 'en'. |url: http://localhost/css/animate.css|action: 
2022-12-19 13:16:54.2132|1|WARN|Microsoft.AspNetCore.Localization.RequestLocalizationMiddleware|CookieRequestCultureProvider returned the following unsupported cultures 'en'. |url: http://localhost/css/esyaTheme.css|action: 
2022-12-19 13:16:54.2523|2|WARN|Microsoft.AspNetCore.Localization.RequestLocalizationMiddleware|CookieRequestCultureProvider returned the following unsupported UI Cultures 'en'. |url: http://localhost/css/animate.css|action: 
2022-12-19 13:16:54.2597|2|WARN|Microsoft.AspNetCore.Localization.RequestLocalizationMiddleware|CookieRequestCultureProvider returned the following unsupported UI Cultures 'en'. |url: http://localhost/css/esyaTheme.css|action: 
2022-12-19 13:16:54.2909|1|WARN|Microsoft.AspNetCore.Localization.RequestLocalizationMiddleware|CookieRequestCultureProvider returned the following unsupported cultures 'en'. |url: http://localhost/css/all.min.css|action: 
2022-12-19 13:16:54.3220|2|WARN|Microsoft.AspNetCore.Localization.RequestLocalizationMiddleware|CookieRequestCultureProvider returned the following unsupported UI Cultures 'en'. |url: http://localhost/css/all.min.css|action: 
2022-12-19 13:16:54.3570|1|WARN|Microsoft.AspNetCore.Localization.RequestLocalizationMiddleware|CookieRequestCultureProvider returned the following unsupported cultures 'en'. |url: http://localhost/js/jquery-ui.min.js|action: 
2022-12-19 13:16:54.3854|2|WARN|Microsoft.AspNetCore.Localization.RequestLocalizationMiddleware|CookieRequestCultureProvider returned the following unsupported UI Cultures 'en'. |url: http://localhost/js/jquery-ui.min.js|action: 
2022-12-19 13:16:54.5796|1|WARN|Microsoft.AspNetCore.Localization.RequestLocalizationMiddleware|CookieRequestCultureProvider returned the following unsupported cultures 'en'. |url: http://localhost/images/logo/esya-logo-black.png|action: 
2022-12-19 13:16:54.5875|1|WARN|Microsoft.AspNetCore.Localization.RequestLocalizationMiddleware|CookieRequestCultureProvider returned the following unsupported cultures 'en'. |url: http://localhost/images/esya-products-yellow-with-footer.jpg|action: 
2022-12-19 13:16:54.5875|2|WARN|Microsoft.AspNetCore.Localization.RequestLocalizationMiddleware|CookieRequestCultureProvider returned the following unsupported UI Cultures 'en'. |url: http://localhost/images/logo/esya-logo-black.png|action: 
2022-12-19 13:16:54.6171|1|WARN|Microsoft.AspNetCore.Localization.RequestLocalizationMiddleware|CookieRequestCultureProvider returned the following unsupported cultures 'en'. |url: http://localhost/fonts/Helvetica.ttf|action: 
2022-12-19 13:16:54.6997|1|WARN|Microsoft.AspNetCore.Localization.RequestLocalizationMiddleware|CookieRequestCultureProvider returned the following unsupported cultures 'en'. |url: http://localhost/fonts/fa-solid-900.woff2|action: 
2022-12-19 13:16:54.7124|2|WARN|Microsoft.AspNetCore.Localization.RequestLocalizationMiddleware|CookieRequestCultureProvider returned the following unsupported UI Cultures 'en'. |url: http://localhost/fonts/Helvetica.ttf|action: 
2022-12-19 13:16:54.6091|2|WARN|Microsoft.AspNetCore.Localization.RequestLocalizationMiddleware|CookieRequestCultureProvider returned the following unsupported UI Cultures 'en'. |url: http://localhost/images/esya-products-yellow-with-footer.jpg|action: 
2022-12-19 13:16:54.7124|2|WARN|Microsoft.AspNetCore.Localization.RequestLocalizationMiddleware|CookieRequestCultureProvider returned the following unsupported UI Cultures 'en'. |url: http://localhost/fonts/fa-solid-900.woff2|action: 
2022-12-19 13:16:54.8207|1|WARN|Microsoft.AspNetCore.Localization.RequestLocalizationMiddleware|CookieRequestCultureProvider returned the following unsupported cultures 'en'. |url: http://localhost/fonts/esyaFonts/Roboto/Roboto-Regular.ttf|action: 
2022-12-19 13:16:54.8207|2|WARN|Microsoft.AspNetCore.Localization.RequestLocalizationMiddleware|CookieRequestCultureProvider returned the following unsupported UI Cultures 'en'. |url: http://localhost/fonts/esyaFonts/Roboto/Roboto-Regular.ttf|action: 
2022-12-19 13:16:54.8914|1|WARN|Microsoft.AspNetCore.Localization.RequestLocalizationMiddleware|CookieRequestCultureProvider returned the following unsupported cultures 'en'. |url: http://localhost/favicon.ico|action: 
2022-12-19 13:16:54.9037|2|WARN|Microsoft.AspNetCore.Localization.RequestLocalizationMiddleware|CookieRequestCultureProvider returned the following unsupported UI Cultures 'en'. |url: http://localhost/favicon.ico|action: 
2022-12-19 13:17:37.2749|1|WARN|Microsoft.AspNetCore.Localization.RequestLocalizationMiddleware|CookieRequestCultureProvider returned the following unsupported cultures 'en'. |url: http://localhost/esyaAccount/Login|action: 
2022-12-19 13:17:37.2749|2|WARN|Microsoft.AspNetCore.Localization.RequestLocalizationMiddleware|CookieRequestCultureProvider returned the following unsupported UI Cultures 'en'. |url: http://localhost/esyaAccount/Login|action: 
2022-12-19 13:17:51.4790|1|WARN|Microsoft.AspNetCore.Localization.RequestLocalizationMiddleware|CookieRequestCultureProvider returned the following unsupported cultures 'en'. |url: http://localhost/eSyaAccount/Login|action: 
2022-12-19 13:17:51.5020|2|WARN|Microsoft.AspNetCore.Localization.RequestLocalizationMiddleware|CookieRequestCultureProvider returned the following unsupported UI Cultures 'en'. |url: http://localhost/eSyaAccount/Login|action: 
2022-12-19 13:17:51.7757|1|WARN|Microsoft.AspNetCore.Localization.RequestLocalizationMiddleware|CookieRequestCultureProvider returned the following unsupported cultures 'en'. |url: http://localhost/Configure/FormNames/ECA_01_00|action: 
2022-12-19 13:17:51.7924|2|WARN|Microsoft.AspNetCore.Localization.RequestLocalizationMiddleware|CookieRequestCultureProvider returned the following unsupported UI Cultures 'en'. |url: http://localhost/Configure/FormNames/ECA_01_00|action: 
2022-12-19 13:17:55.6801|1|WARN|Microsoft.AspNetCore.Localization.RequestLocalizationMiddleware|CookieRequestCultureProvider returned the following unsupported cultures 'en'. |url: http://localhost/css/ui.jqgrid.css|action: 
2022-12-19 13:17:55.6801|1|WARN|Microsoft.AspNetCore.Localization.RequestLocalizationMiddleware|CookieRequestCultureProvider returned the following unsupported cultures 'en'. |url: http://localhost/js/jquery.sessionTimeout.js|action: 
2022-12-19 13:17:55.6801|1|WARN|Microsoft.AspNetCore.Localization.RequestLocalizationMiddleware|CookieRequestCultureProvider returned the following unsupported cultures 'en'. |url: http://localhost/css/site.css|action: 
2022-12-19 13:17:55.7020|2|WARN|Microsoft.AspNetCore.Localization.RequestLocalizationMiddleware|CookieRequestCultureProvider returned the following unsupported UI Cultures 'en'. |url: http://localhost/css/ui.jqgrid.css|action: 
2022-12-19 13:17:55.7020|2|WARN|Microsoft.AspNetCore.Localization.RequestLocalizationMiddleware|CookieRequestCultureProvider returned the following unsupported UI Cultures 'en'. |url: http://localhost/js/jquery.sessionTimeout.js|action: 
2022-12-19 13:17:55.7198|2|WARN|Microsoft.AspNetCore.Localization.RequestLocalizationMiddleware|CookieRequestCultureProvider returned the following unsupported UI Cultures 'en'. |url: http://localhost/css/site.css|action: 
2022-12-19 13:17:55.8061|1|WARN|Microsoft.AspNetCore.Localization.RequestLocalizationMiddleware|CookieRequestCultureProvider returned the following unsupported cultures 'en'. |url: http://localhost/js/toastr.min.js|action: 
2022-12-19 13:17:55.8273|1|WARN|Microsoft.AspNetCore.Localization.RequestLocalizationMiddleware|CookieRequestCultureProvider returned the following unsupported cultures 'en'. |url: http://localhost/js/utility/cf-input-validation.js|action: 
2022-12-19 13:17:55.8273|1|WARN|Microsoft.AspNetCore.Localization.RequestLocalizationMiddleware|CookieRequestCultureProvider returned the following unsupported cultures 'en'. |url: http://localhost/css/toastr.min.css|action: 
2022-12-19 13:17:55.8434|2|WARN|Microsoft.AspNetCore.Localization.RequestLocalizationMiddleware|CookieRequestCultureProvider returned the following unsupported UI Cultures 'en'. |url: http://localhost/js/toastr.min.js|action: 
2022-12-19 13:17:55.8434|2|WARN|Microsoft.AspNetCore.Localization.RequestLocalizationMiddleware|CookieRequestCultureProvider returned the following unsupported UI Cultures 'en'. |url: http://localhost/js/utility/cf-input-validation.js|action: 
2022-12-19 13:17:55.8594|2|WARN|Microsoft.AspNetCore.Localization.RequestLocalizationMiddleware|CookieRequestCultureProvider returned the following unsupported UI Cultures 'en'. |url: http://localhost/css/toastr.min.css|action: 
2022-12-19 13:17:55.7457|1|WARN|Microsoft.AspNetCore.Localization.RequestLocalizationMiddleware|CookieRequestCultureProvider returned the following unsupported cultures 'en'. |url: http://localhost/css/master.css|action: 
2022-12-19 13:17:55.9000|2|WARN|Microsoft.AspNetCore.Localization.RequestLocalizationMiddleware|CookieRequestCultureProvider returned the following unsupported UI Cultures 'en'. |url: http://localhost/css/master.css|action: 
2022-12-19 13:17:55.9684|1|WARN|Microsoft.AspNetCore.Localization.RequestLocalizationMiddleware|CookieRequestCultureProvider returned the following unsupported cultures 'en'. |url: http://localhost/css/jsTree.css|action: 
2022-12-19 13:17:55.9831|1|WARN|Microsoft.AspNetCore.Localization.RequestLocalizationMiddleware|CookieRequestCultureProvider returned the following unsupported cultures 'en'. |url: http://localhost/js/Inputmask/inputmask-userdefined.js|action: 
2022-12-19 13:17:55.9831|2|WARN|Microsoft.AspNetCore.Localization.RequestLocalizationMiddleware|CookieRequestCultureProvider returned the following unsupported UI Cultures 'en'. |url: http://localhost/css/jsTree.css|action: 
2022-12-19 13:17:56.0079|2|WARN|Microsoft.AspNetCore.Localization.RequestLocalizationMiddleware|CookieRequestCultureProvider returned the following unsupported UI Cultures 'en'. |url: http://localhost/js/Inputmask/inputmask-userdefined.js|action: 
2022-12-19 13:17:56.0079|1|WARN|Microsoft.AspNetCore.Localization.RequestLocalizationMiddleware|CookieRequestCultureProvider returned the following unsupported cultures 'en'. |url: http://localhost/css/listswap.css|action: 
2022-12-19 13:17:56.0754|2|WARN|Microsoft.AspNetCore.Localization.RequestLocalizationMiddleware|CookieRequestCultureProvider returned the following unsupported UI Cultures 'en'. |url: http://localhost/css/listswap.css|action: 
2022-12-19 13:17:56.0754|1|WARN|Microsoft.AspNetCore.Localization.RequestLocalizationMiddleware|CookieRequestCultureProvider returned the following unsupported cultures 'en'. |url: http://localhost/js/jquery.listswap.js|action: 
2022-12-19 13:17:56.1205|2|WARN|Microsoft.AspNetCore.Localization.RequestLocalizationMiddleware|CookieRequestCultureProvider returned the following unsupported UI Cultures 'en'. |url: http://localhost/js/jquery.listswap.js|action: 
2022-12-19 13:17:56.1205|1|WARN|Microsoft.AspNetCore.Localization.RequestLocalizationMiddleware|CookieRequestCultureProvider returned the following unsupported cultures 'en'. |url: http://localhost/js/Config/FormsMenu.js|action: 
2022-12-19 13:17:56.0391|1|WARN|Microsoft.AspNetCore.Localization.RequestLocalizationMiddleware|CookieRequestCultureProvider returned the following unsupported cultures 'en'. |url: http://localhost/js/jsTree.js|action: 
2022-12-19 13:17:56.1517|2|WARN|Microsoft.AspNetCore.Localization.RequestLocalizationMiddleware|CookieRequestCultureProvider returned the following unsupported UI Cultures 'en'. |url: http://localhost/js/Config/FormsMenu.js|action: 
2022-12-19 13:17:56.1808|2|WARN|Microsoft.AspNetCore.Localization.RequestLocalizationMiddleware|CookieRequestCultureProvider returned the following unsupported UI Cultures 'en'. |url: http://localhost/js/jsTree.js|action: 
2022-12-19 13:17:55.6801|1|WARN|Microsoft.AspNetCore.Localization.RequestLocalizationMiddleware|CookieRequestCultureProvider returned the following unsupported cultures 'en'. |url: http://localhost/css/jquery-ui.min.css|action: 
2022-12-19 13:17:56.2071|2|WARN|Microsoft.AspNetCore.Localization.RequestLocalizationMiddleware|CookieRequestCultureProvider returned the following unsupported UI Cultures 'en'. |url: http://localhost/css/jquery-ui.min.css|action: 
2022-12-19 13:17:56.2666|1|WARN|Microsoft.AspNetCore.Localization.RequestLocalizationMiddleware|CookieRequestCultureProvider returned the following unsupported cultures 'en'. |url: http://localhost/css/jqgridcustomstyle.css|action: 
2022-12-19 13:17:56.2749|2|WARN|Microsoft.AspNetCore.Localization.RequestLocalizationMiddleware|CookieRequestCultureProvider returned the following unsupported UI Cultures 'en'. |url: http://localhost/css/jqgridcustomstyle.css|action: 
2022-12-19 13:17:56.3282|1|WARN|Microsoft.AspNetCore.Localization.RequestLocalizationMiddleware|CookieRequestCultureProvider returned the following unsupported cultures 'en'. |url: http://localhost/images/logo/esya-logo-whitebg.jpeg|action: 
2022-12-19 13:17:56.3439|2|WARN|Microsoft.AspNetCore.Localization.RequestLocalizationMiddleware|CookieRequestCultureProvider returned the following unsupported UI Cultures 'en'. |url: http://localhost/images/logo/esya-logo-whitebg.jpeg|action: 
2022-12-19 13:17:56.3841|1|WARN|Microsoft.AspNetCore.Localization.RequestLocalizationMiddleware|CookieRequestCultureProvider returned the following unsupported cultures 'en'. |url: http://localhost/fonts/fa-regular-400.woff2|action: 
2022-12-19 13:17:56.3999|2|WARN|Microsoft.AspNetCore.Localization.RequestLocalizationMiddleware|CookieRequestCultureProvider returned the following unsupported UI Cultures 'en'. |url: http://localhost/fonts/fa-regular-400.woff2|action: 
2022-12-19 13:17:56.4631|1|WARN|Microsoft.AspNetCore.Localization.RequestLocalizationMiddleware|CookieRequestCultureProvider returned the following unsupported cultures 'en'. |url: http://localhost/FormNames/GetFormList|action: 
2022-12-19 13:17:56.4631|2|WARN|Microsoft.AspNetCore.Localization.RequestLocalizationMiddleware|CookieRequestCultureProvider returned the following unsupported UI Cultures 'en'. |url: http://localhost/FormNames/GetFormList|action: 
2022-12-19 13:17:57.5326|1|WARN|Microsoft.AspNetCore.Localization.RequestLocalizationMiddleware|CookieRequestCultureProvider returned the following unsupported cultures 'en'. |url: http://localhost/images/jsTree/throbber.gif|action: 
2022-12-19 13:17:57.5418|2|WARN|Microsoft.AspNetCore.Localization.RequestLocalizationMiddleware|CookieRequestCultureProvider returned the following unsupported UI Cultures 'en'. |url: http://localhost/images/jsTree/throbber.gif|action: 
2022-12-19 13:17:57.5556|1|WARN|Microsoft.AspNetCore.Localization.RequestLocalizationMiddleware|CookieRequestCultureProvider returned the following unsupported cultures 'en'. |url: http://localhost/json/errormessage.json|action: 
2022-12-19 13:17:57.5556|1|WARN|Microsoft.AspNetCore.Localization.RequestLocalizationMiddleware|CookieRequestCultureProvider returned the following unsupported cultures 'en'. |url: http://localhost/json/menuitem.json|action: 
2022-12-19 13:17:57.5876|2|WARN|Microsoft.AspNetCore.Localization.RequestLocalizationMiddleware|CookieRequestCultureProvider returned the following unsupported UI Cultures 'en'. |url: http://localhost/json/menuitem.json|action: 
2022-12-19 13:17:57.6032|1|WARN|Microsoft.AspNetCore.Localization.RequestLocalizationMiddleware|CookieRequestCultureProvider returned the following unsupported cultures 'en'. |url: http://localhost/images/jsTree/openfolder.png|action: 
2022-12-19 13:17:57.6369|2|WARN|Microsoft.AspNetCore.Localization.RequestLocalizationMiddleware|CookieRequestCultureProvider returned the following unsupported UI Cultures 'en'. |url: http://localhost/images/jsTree/openfolder.png|action: 
2022-12-19 13:17:57.6513|1|WARN|Microsoft.AspNetCore.Localization.RequestLocalizationMiddleware|CookieRequestCultureProvider returned the following unsupported cultures 'en'. |url: http://localhost/images/jsTree/32px.png|action: 
2022-12-19 13:17:57.5876|2|WARN|Microsoft.AspNetCore.Localization.RequestLocalizationMiddleware|CookieRequestCultureProvider returned the following unsupported UI Cultures 'en'. |url: http://localhost/json/errormessage.json|action: 
2022-12-19 13:17:57.6678|2|WARN|Microsoft.AspNetCore.Localization.RequestLocalizationMiddleware|CookieRequestCultureProvider returned the following unsupported UI Cultures 'en'. |url: http://localhost/images/jsTree/32px.png|action: 
2022-12-19 13:17:57.7446|1|WARN|Microsoft.AspNetCore.Localization.RequestLocalizationMiddleware|CookieRequestCultureProvider returned the following unsupported cultures 'en'. |url: http://localhost/images/jsTree/foldergroupicon.png|action: 
2022-12-19 13:17:57.7760|2|WARN|Microsoft.AspNetCore.Localization.RequestLocalizationMiddleware|CookieRequestCultureProvider returned the following unsupported UI Cultures 'en'. |url: http://localhost/images/jsTree/foldergroupicon.png|action: 
2022-12-19 13:19:03.1949|1|WARN|Microsoft.AspNetCore.Localization.RequestLocalizationMiddleware|CookieRequestCultureProvider returned the following unsupported cultures 'en'. |url: http://localhost/SMS/Engine/ESE_03_00|action: 
2022-12-19 13:19:03.2077|2|WARN|Microsoft.AspNetCore.Localization.RequestLocalizationMiddleware|CookieRequestCultureProvider returned the following unsupported UI Cultures 'en'. |url: http://localhost/SMS/Engine/ESE_03_00|action: 
2022-12-19 13:19:21.6771|1|WARN|Microsoft.AspNetCore.Localization.RequestLocalizationMiddleware|CookieRequestCultureProvider returned the following unsupported cultures 'en'. |url: http://localhost/css/jquery.contextMenu.min.css|action: 
2022-12-19 13:19:21.6859|1|WARN|Microsoft.AspNetCore.Localization.RequestLocalizationMiddleware|CookieRequestCultureProvider returned the following unsupported cultures 'en'. |url: http://localhost/js/SMS/SMSInformation.js|action: 
2022-12-19 13:19:21.6859|2|WARN|Microsoft.AspNetCore.Localization.RequestLocalizationMiddleware|CookieRequestCultureProvider returned the following unsupported UI Cultures 'en'. |url: http://localhost/css/jquery.contextMenu.min.css|action: 
2022-12-19 13:19:21.7018|1|WARN|Microsoft.AspNetCore.Localization.RequestLocalizationMiddleware|CookieRequestCultureProvider returned the following unsupported cultures 'en'. |url: http://localhost/js/jquery.contextMenu.min.js|action: 
2022-12-19 13:19:21.7018|2|WARN|Microsoft.AspNetCore.Localization.RequestLocalizationMiddleware|CookieRequestCultureProvider returned the following unsupported UI Cultures 'en'. |url: http://localhost/js/SMS/SMSInformation.js|action: 
2022-12-19 13:19:21.7307|2|WARN|Microsoft.AspNetCore.Localization.RequestLocalizationMiddleware|CookieRequestCultureProvider returned the following unsupported UI Cultures 'en'. |url: http://localhost/js/jquery.contextMenu.min.js|action: 
2022-12-19 13:19:21.8997|1|WARN|Microsoft.AspNetCore.Localization.RequestLocalizationMiddleware|CookieRequestCultureProvider returned the following unsupported cultures 'en'. |url: http://localhost/Engine/GetFormDetails|action: 
2022-12-19 13:19:21.9150|1|WARN|Microsoft.AspNetCore.Localization.RequestLocalizationMiddleware|CookieRequestCultureProvider returned the following unsupported cultures 'en'. |url: http://localhost/css/images/ui-icons_gold_256x240.png|action: 
2022-12-19 13:19:21.9150|2|WARN|Microsoft.AspNetCore.Localization.RequestLocalizationMiddleware|CookieRequestCultureProvider returned the following unsupported UI Cultures 'en'. |url: http://localhost/Engine/GetFormDetails|action: 
2022-12-19 13:19:21.9334|2|WARN|Microsoft.AspNetCore.Localization.RequestLocalizationMiddleware|CookieRequestCultureProvider returned the following unsupported UI Cultures 'en'. |url: http://localhost/css/images/ui-icons_gold_256x240.png|action: 
2022-12-19 13:19:30.0629|1|WARN|Microsoft.AspNetCore.Localization.RequestLocalizationMiddleware|CookieRequestCultureProvider returned the following unsupported cultures 'en'. |url: http://localhost/Engine/GetSMSHeaderInformationByFormId|action: 
2022-12-19 13:19:30.0758|2|WARN|Microsoft.AspNetCore.Localization.RequestLocalizationMiddleware|CookieRequestCultureProvider returned the following unsupported UI Cultures 'en'. |url: http://localhost/Engine/GetSMSHeaderInformationByFormId|action: 
