2023-01-01 12:58:10.2967|1|WARN|Microsoft.AspNetCore.Localization.RequestLocalizationMiddleware|CookieRequestCultureProvider returned the following unsupported cultures 'en'. |url: http://localhost/|action: 
2023-01-01 12:58:10.3679|2|WARN|Microsoft.AspNetCore.Localization.RequestLocalizationMiddleware|CookieRequestCultureProvider returned the following unsupported UI Cultures 'en'. |url: http://localhost/|action: 
2023-01-01 12:58:10.3996|3|WARN|Microsoft.AspNetCore.HttpsPolicy.HttpsRedirectionMiddleware|Failed to determine the https port for redirect. |url: http://localhost/|action: 
2023-01-01 12:58:14.9987|1|WARN|Microsoft.AspNetCore.Localization.RequestLocalizationMiddleware|CookieRequestCultureProvider returned the following unsupported cultures 'en'. |url: http://localhost/js/bootstrap-select.js|action: 
2023-01-01 12:58:15.0142|1|WARN|Microsoft.AspNetCore.Localization.RequestLocalizationMiddleware|CookieRequestCultureProvider returned the following unsupported cultures 'en'. |url: http://localhost/js/bootbox.min.js|action: 
2023-01-01 12:58:15.0399|2|WARN|Microsoft.AspNetCore.Localization.RequestLocalizationMiddleware|CookieRequestCultureProvider returned the following unsupported UI Cultures 'en'. |url: http://localhost/js/bootstrap-select.js|action: 
2023-01-01 12:58:15.0576|2|WARN|Microsoft.AspNetCore.Localization.RequestLocalizationMiddleware|CookieRequestCultureProvider returned the following unsupported UI Cultures 'en'. |url: http://localhost/js/bootbox.min.js|action: 
2023-01-01 12:58:15.1034|1|WARN|Microsoft.AspNetCore.Localization.RequestLocalizationMiddleware|CookieRequestCultureProvider returned the following unsupported cultures 'en'. |url: http://localhost/js/i18n/grid.locale-en.js|action: 
2023-01-01 12:58:15.1415|2|WARN|Microsoft.AspNetCore.Localization.RequestLocalizationMiddleware|CookieRequestCultureProvider returned the following unsupported UI Cultures 'en'. |url: http://localhost/js/i18n/grid.locale-en.js|action: 
2023-01-01 12:58:15.3045|1|WARN|Microsoft.AspNetCore.Localization.RequestLocalizationMiddleware|CookieRequestCultureProvider returned the following unsupported cultures 'en'. |url: http://localhost/js/Inputmask/bindings/inputmask.binding.js|action: 
2023-01-01 12:58:15.3376|1|WARN|Microsoft.AspNetCore.Localization.RequestLocalizationMiddleware|CookieRequestCultureProvider returned the following unsupported cultures 'en'. |url: http://localhost/lib/bootstrap/dist/css/bootstrap.min.css|action: 
2023-01-01 12:58:15.3797|2|WARN|Microsoft.AspNetCore.Localization.RequestLocalizationMiddleware|CookieRequestCultureProvider returned the following unsupported UI Cultures 'en'. |url: http://localhost/js/Inputmask/bindings/inputmask.binding.js|action: 
2023-01-01 12:58:15.4009|2|WARN|Microsoft.AspNetCore.Localization.RequestLocalizationMiddleware|CookieRequestCultureProvider returned the following unsupported UI Cultures 'en'. |url: http://localhost/lib/bootstrap/dist/css/bootstrap.min.css|action: 
2023-01-01 12:58:15.4201|1|WARN|Microsoft.AspNetCore.Localization.RequestLocalizationMiddleware|CookieRequestCultureProvider returned the following unsupported cultures 'en'. |url: http://localhost/css/animate.css|action: 
2023-01-01 12:58:15.4867|2|WARN|Microsoft.AspNetCore.Localization.RequestLocalizationMiddleware|CookieRequestCultureProvider returned the following unsupported UI Cultures 'en'. |url: http://localhost/css/animate.css|action: 
2023-01-01 12:58:15.5067|1|WARN|Microsoft.AspNetCore.Localization.RequestLocalizationMiddleware|CookieRequestCultureProvider returned the following unsupported cultures 'en'. |url: http://localhost/css/material.min.css|action: 
2023-01-01 12:58:15.5402|1|WARN|Microsoft.AspNetCore.Localization.RequestLocalizationMiddleware|CookieRequestCultureProvider returned the following unsupported cultures 'en'. |url: http://localhost/css/bootstrap-select.css|action: 
2023-01-01 12:58:15.6230|2|WARN|Microsoft.AspNetCore.Localization.RequestLocalizationMiddleware|CookieRequestCultureProvider returned the following unsupported UI Cultures 'en'. |url: http://localhost/css/material.min.css|action: 
2023-01-01 12:58:15.6965|2|WARN|Microsoft.AspNetCore.Localization.RequestLocalizationMiddleware|CookieRequestCultureProvider returned the following unsupported UI Cultures 'en'. |url: http://localhost/css/bootstrap-select.css|action: 
2023-01-01 12:58:15.7941|1|WARN|Microsoft.AspNetCore.Localization.RequestLocalizationMiddleware|CookieRequestCultureProvider returned the following unsupported cultures 'en'. |url: http://localhost/js/material.min.js|action: 
2023-01-01 12:58:15.8769|1|WARN|Microsoft.AspNetCore.Localization.RequestLocalizationMiddleware|CookieRequestCultureProvider returned the following unsupported cultures 'en'. |url: http://localhost/css/login.css|action: 
2023-01-01 12:58:15.9514|2|WARN|Microsoft.AspNetCore.Localization.RequestLocalizationMiddleware|CookieRequestCultureProvider returned the following unsupported UI Cultures 'en'. |url: http://localhost/css/login.css|action: 
2023-01-01 12:58:15.8412|2|WARN|Microsoft.AspNetCore.Localization.RequestLocalizationMiddleware|CookieRequestCultureProvider returned the following unsupported UI Cultures 'en'. |url: http://localhost/js/material.min.js|action: 
2023-01-01 12:58:15.7941|1|WARN|Microsoft.AspNetCore.Localization.RequestLocalizationMiddleware|CookieRequestCultureProvider returned the following unsupported cultures 'en'. |url: http://localhost/js/jquery-ui.min.js|action: 
2023-01-01 12:58:16.1124|1|WARN|Microsoft.AspNetCore.Localization.RequestLocalizationMiddleware|CookieRequestCultureProvider returned the following unsupported cultures 'en'. |url: http://localhost/css/esyafonts.css|action: 
2023-01-01 12:58:16.1506|2|WARN|Microsoft.AspNetCore.Localization.RequestLocalizationMiddleware|CookieRequestCultureProvider returned the following unsupported UI Cultures 'en'. |url: http://localhost/js/jquery-ui.min.js|action: 
2023-01-01 12:58:16.1812|2|WARN|Microsoft.AspNetCore.Localization.RequestLocalizationMiddleware|CookieRequestCultureProvider returned the following unsupported UI Cultures 'en'. |url: http://localhost/css/esyafonts.css|action: 
2023-01-01 12:58:16.1922|2|ERROR|Microsoft.AspNetCore.Server.IIS.Core.IISHttpServer|Connection ID "18230571322465845249", Request ID "40000002-0007-fd00-b63f-84710c7967bb": An unhandled exception was thrown by the application. System.ObjectDisposedException: The CancellationTokenSource has been disposed.
   at System.Threading.CancellationTokenSource.ThrowObjectDisposedException()
   at System.Threading.CancellationTokenSource.Cancel()
   at Microsoft.AspNetCore.Server.IIS.Core.IISHttpContext.<>c__DisplayClass314_0.<AbortIO>b__0(Object t)|url: |action: 
2023-01-01 12:58:16.3214|1|WARN|Microsoft.AspNetCore.Localization.RequestLocalizationMiddleware|CookieRequestCultureProvider returned the following unsupported cultures 'en'. |url: http://localhost/css/all.min.css|action: 
2023-01-01 12:58:16.3410|1|WARN|Microsoft.AspNetCore.Localization.RequestLocalizationMiddleware|CookieRequestCultureProvider returned the following unsupported cultures 'en'. |url: http://localhost/css/esyaTheme.css|action: 
2023-01-01 12:58:16.3822|2|WARN|Microsoft.AspNetCore.Localization.RequestLocalizationMiddleware|CookieRequestCultureProvider returned the following unsupported UI Cultures 'en'. |url: http://localhost/css/all.min.css|action: 
2023-01-01 12:58:16.4027|2|WARN|Microsoft.AspNetCore.Localization.RequestLocalizationMiddleware|CookieRequestCultureProvider returned the following unsupported UI Cultures 'en'. |url: http://localhost/css/esyaTheme.css|action: 
2023-01-01 12:58:16.4241|1|WARN|Microsoft.AspNetCore.Localization.RequestLocalizationMiddleware|CookieRequestCultureProvider returned the following unsupported cultures 'en'. |url: http://localhost/images/esya-products-yellow-with-footer.jpg|action: 
2023-01-01 12:58:16.4861|2|WARN|Microsoft.AspNetCore.Localization.RequestLocalizationMiddleware|CookieRequestCultureProvider returned the following unsupported UI Cultures 'en'. |url: http://localhost/images/esya-products-yellow-with-footer.jpg|action: 
2023-01-01 12:58:16.6350|1|WARN|Microsoft.AspNetCore.Localization.RequestLocalizationMiddleware|CookieRequestCultureProvider returned the following unsupported cultures 'en'. |url: http://localhost/images/logo/esya-logo-black.png|action: 
2023-01-01 12:58:16.7062|2|WARN|Microsoft.AspNetCore.Localization.RequestLocalizationMiddleware|CookieRequestCultureProvider returned the following unsupported UI Cultures 'en'. |url: http://localhost/images/logo/esya-logo-black.png|action: 
2023-01-01 12:58:16.7434|1|WARN|Microsoft.AspNetCore.Localization.RequestLocalizationMiddleware|CookieRequestCultureProvider returned the following unsupported cultures 'en'. |url: http://localhost/fonts/fa-solid-900.woff2|action: 
2023-01-01 12:58:16.7837|1|WARN|Microsoft.AspNetCore.Localization.RequestLocalizationMiddleware|CookieRequestCultureProvider returned the following unsupported cultures 'en'. |url: http://localhost/fonts/esyaFonts/Roboto/Roboto-Regular.ttf|action: 
2023-01-01 12:58:16.8057|2|WARN|Microsoft.AspNetCore.Localization.RequestLocalizationMiddleware|CookieRequestCultureProvider returned the following unsupported UI Cultures 'en'. |url: http://localhost/fonts/fa-solid-900.woff2|action: 
2023-01-01 12:58:16.8580|2|WARN|Microsoft.AspNetCore.Localization.RequestLocalizationMiddleware|CookieRequestCultureProvider returned the following unsupported UI Cultures 'en'. |url: http://localhost/fonts/esyaFonts/Roboto/Roboto-Regular.ttf|action: 
2023-01-01 12:58:16.9776|1|WARN|Microsoft.AspNetCore.Localization.RequestLocalizationMiddleware|CookieRequestCultureProvider returned the following unsupported cultures 'en'. |url: http://localhost/favicon.ico|action: 
2023-01-01 12:58:17.0402|2|WARN|Microsoft.AspNetCore.Localization.RequestLocalizationMiddleware|CookieRequestCultureProvider returned the following unsupported UI Cultures 'en'. |url: http://localhost/favicon.ico|action: 
2023-01-01 12:58:15.0142|1|WARN|Microsoft.AspNetCore.Localization.RequestLocalizationMiddleware|CookieRequestCultureProvider returned the following unsupported cultures 'en'. |url: http://localhost/lib/bootstrap/dist/js/bootstrap.min.js|action: 
2023-01-01 12:58:17.2180|2|WARN|Microsoft.AspNetCore.Localization.RequestLocalizationMiddleware|CookieRequestCultureProvider returned the following unsupported UI Cultures 'en'. |url: http://localhost/lib/bootstrap/dist/js/bootstrap.min.js|action: 
2023-01-01 12:58:17.3024|1|WARN|Microsoft.AspNetCore.Localization.RequestLocalizationMiddleware|CookieRequestCultureProvider returned the following unsupported cultures 'en'. |url: http://localhost/js/Inputmask/jquery.inputmask.js|action: 
2023-01-01 12:58:17.3226|1|WARN|Microsoft.AspNetCore.Localization.RequestLocalizationMiddleware|CookieRequestCultureProvider returned the following unsupported cultures 'en'. |url: http://localhost/lib/bootstrap/dist/js/popper.min.js|action: 
2023-01-01 12:58:17.3646|2|WARN|Microsoft.AspNetCore.Localization.RequestLocalizationMiddleware|CookieRequestCultureProvider returned the following unsupported UI Cultures 'en'. |url: http://localhost/js/Inputmask/jquery.inputmask.js|action: 
2023-01-01 12:58:17.3850|2|WARN|Microsoft.AspNetCore.Localization.RequestLocalizationMiddleware|CookieRequestCultureProvider returned the following unsupported UI Cultures 'en'. |url: http://localhost/lib/bootstrap/dist/js/popper.min.js|action: 
2023-01-01 12:58:17.4815|1|WARN|Microsoft.AspNetCore.Localization.RequestLocalizationMiddleware|CookieRequestCultureProvider returned the following unsupported cultures 'en'. |url: http://localhost/js/Inputmask/inputmask.js|action: 
2023-01-01 12:58:17.5551|2|WARN|Microsoft.AspNetCore.Localization.RequestLocalizationMiddleware|CookieRequestCultureProvider returned the following unsupported UI Cultures 'en'. |url: http://localhost/js/Inputmask/inputmask.js|action: 
2023-01-01 12:58:23.3828|1|WARN|Microsoft.AspNetCore.Localization.RequestLocalizationMiddleware|CookieRequestCultureProvider returned the following unsupported cultures 'en'. |url: http://localhost/|action: 
2023-01-01 12:58:23.4072|2|WARN|Microsoft.AspNetCore.Localization.RequestLocalizationMiddleware|CookieRequestCultureProvider returned the following unsupported UI Cultures 'en'. |url: http://localhost/|action: 
2023-01-01 12:58:24.5772|1|WARN|Microsoft.AspNetCore.Localization.RequestLocalizationMiddleware|CookieRequestCultureProvider returned the following unsupported cultures 'en'. |url: http://localhost/Home|action: 
2023-01-01 12:58:24.6032|2|WARN|Microsoft.AspNetCore.Localization.RequestLocalizationMiddleware|CookieRequestCultureProvider returned the following unsupported UI Cultures 'en'. |url: http://localhost/Home|action: 
2023-01-01 12:58:26.2633|1|WARN|Microsoft.AspNetCore.Localization.RequestLocalizationMiddleware|CookieRequestCultureProvider returned the following unsupported cultures 'en'. |url: http://localhost/css/jquery-ui.min.css|action: 
2023-01-01 12:58:26.2971|1|WARN|Microsoft.AspNetCore.Localization.RequestLocalizationMiddleware|CookieRequestCultureProvider returned the following unsupported cultures 'en'. |url: http://localhost/js/jquery.sessionTimeout.js|action: 
2023-01-01 12:58:26.3142|1|WARN|Microsoft.AspNetCore.Localization.RequestLocalizationMiddleware|CookieRequestCultureProvider returned the following unsupported cultures 'en'. |url: http://localhost/css/toastr.min.css|action: 
2023-01-01 12:58:26.3377|2|WARN|Microsoft.AspNetCore.Localization.RequestLocalizationMiddleware|CookieRequestCultureProvider returned the following unsupported UI Cultures 'en'. |url: http://localhost/css/jquery-ui.min.css|action: 
2023-01-01 12:58:26.3618|2|WARN|Microsoft.AspNetCore.Localization.RequestLocalizationMiddleware|CookieRequestCultureProvider returned the following unsupported UI Cultures 'en'. |url: http://localhost/js/jquery.sessionTimeout.js|action: 
2023-01-01 12:58:26.3788|2|WARN|Microsoft.AspNetCore.Localization.RequestLocalizationMiddleware|CookieRequestCultureProvider returned the following unsupported UI Cultures 'en'. |url: http://localhost/css/toastr.min.css|action: 
2023-01-01 12:58:26.6055|1|WARN|Microsoft.AspNetCore.Localization.RequestLocalizationMiddleware|CookieRequestCultureProvider returned the following unsupported cultures 'en'. |url: http://localhost/js/utility/cf-input-validation.js|action: 
2023-01-01 12:58:26.6273|1|WARN|Microsoft.AspNetCore.Localization.RequestLocalizationMiddleware|CookieRequestCultureProvider returned the following unsupported cultures 'en'. |url: http://localhost/css/jqgridcustomstyle.css|action: 
2023-01-01 12:58:26.6525|1|WARN|Microsoft.AspNetCore.Localization.RequestLocalizationMiddleware|CookieRequestCultureProvider returned the following unsupported cultures 'en'. |url: http://localhost/js/Inputmask/inputmask-userdefined.js|action: 
2023-01-01 12:58:26.6767|2|WARN|Microsoft.AspNetCore.Localization.RequestLocalizationMiddleware|CookieRequestCultureProvider returned the following unsupported UI Cultures 'en'. |url: http://localhost/js/utility/cf-input-validation.js|action: 
2023-01-01 12:58:26.6965|2|WARN|Microsoft.AspNetCore.Localization.RequestLocalizationMiddleware|CookieRequestCultureProvider returned the following unsupported UI Cultures 'en'. |url: http://localhost/css/jqgridcustomstyle.css|action: 
2023-01-01 12:58:26.7170|2|WARN|Microsoft.AspNetCore.Localization.RequestLocalizationMiddleware|CookieRequestCultureProvider returned the following unsupported UI Cultures 'en'. |url: http://localhost/js/Inputmask/inputmask-userdefined.js|action: 
2023-01-01 12:58:26.2633|1|WARN|Microsoft.AspNetCore.Localization.RequestLocalizationMiddleware|CookieRequestCultureProvider returned the following unsupported cultures 'en'. |url: http://localhost/css/ui.jqgrid.css|action: 
2023-01-01 12:58:26.9157|2|WARN|Microsoft.AspNetCore.Localization.RequestLocalizationMiddleware|CookieRequestCultureProvider returned the following unsupported UI Cultures 'en'. |url: http://localhost/css/ui.jqgrid.css|action: 
2023-01-01 12:58:26.9898|1|WARN|Microsoft.AspNetCore.Localization.RequestLocalizationMiddleware|CookieRequestCultureProvider returned the following unsupported cultures 'en'. |url: http://localhost/images/gtpl_logo.jpg|action: 
2023-01-01 12:58:27.0303|1|WARN|Microsoft.AspNetCore.Localization.RequestLocalizationMiddleware|CookieRequestCultureProvider returned the following unsupported cultures 'en'. |url: http://localhost/fonts/fa-regular-400.woff2|action: 
2023-01-01 12:58:27.0527|2|WARN|Microsoft.AspNetCore.Localization.RequestLocalizationMiddleware|CookieRequestCultureProvider returned the following unsupported UI Cultures 'en'. |url: http://localhost/images/gtpl_logo.jpg|action: 
2023-01-01 12:58:27.1371|1|WARN|Microsoft.AspNetCore.Localization.RequestLocalizationMiddleware|CookieRequestCultureProvider returned the following unsupported cultures 'en'. |url: http://localhost/json/menuitem.json|action: 
2023-01-01 12:58:27.1590|1|WARN|Microsoft.AspNetCore.Localization.RequestLocalizationMiddleware|CookieRequestCultureProvider returned the following unsupported cultures 'en'. |url: http://localhost/json/errormessage.json|action: 
2023-01-01 12:58:27.2014|2|WARN|Microsoft.AspNetCore.Localization.RequestLocalizationMiddleware|CookieRequestCultureProvider returned the following unsupported UI Cultures 'en'. |url: http://localhost/json/menuitem.json|action: 
2023-01-01 12:58:27.0943|2|WARN|Microsoft.AspNetCore.Localization.RequestLocalizationMiddleware|CookieRequestCultureProvider returned the following unsupported UI Cultures 'en'. |url: http://localhost/fonts/fa-regular-400.woff2|action: 
2023-01-01 12:58:27.2342|2|WARN|Microsoft.AspNetCore.Localization.RequestLocalizationMiddleware|CookieRequestCultureProvider returned the following unsupported UI Cultures 'en'. |url: http://localhost/json/errormessage.json|action: 
2023-01-01 12:58:26.9586|1|WARN|Microsoft.AspNetCore.Localization.RequestLocalizationMiddleware|CookieRequestCultureProvider returned the following unsupported cultures 'en'. |url: http://localhost/js/toastr.min.js|action: 
2023-01-01 12:58:26.2770|1|WARN|Microsoft.AspNetCore.Localization.RequestLocalizationMiddleware|CookieRequestCultureProvider returned the following unsupported cultures 'en'. |url: http://localhost/images/logo/esya-logo-whitebg.jpeg|action: 
2023-01-01 12:58:27.4361|1|WARN|Microsoft.AspNetCore.Localization.RequestLocalizationMiddleware|CookieRequestCultureProvider returned the following unsupported cultures 'en'. |url: http://localhost/favicon.ico|action: 
2023-01-01 12:58:27.5243|2|WARN|Microsoft.AspNetCore.Localization.RequestLocalizationMiddleware|CookieRequestCultureProvider returned the following unsupported UI Cultures 'en'. |url: http://localhost/js/toastr.min.js|action: 
2023-01-01 12:58:27.5483|2|WARN|Microsoft.AspNetCore.Localization.RequestLocalizationMiddleware|CookieRequestCultureProvider returned the following unsupported UI Cultures 'en'. |url: http://localhost/images/logo/esya-logo-whitebg.jpeg|action: 
2023-01-01 12:58:27.6596|1|WARN|Microsoft.AspNetCore.Localization.RequestLocalizationMiddleware|CookieRequestCultureProvider returned the following unsupported cultures 'en'. |url: http://localhost/css/site.css|action: 
2023-01-01 12:58:27.5728|2|WARN|Microsoft.AspNetCore.Localization.RequestLocalizationMiddleware|CookieRequestCultureProvider returned the following unsupported UI Cultures 'en'. |url: http://localhost/favicon.ico|action: 
2023-01-01 12:58:27.6989|2|WARN|Microsoft.AspNetCore.Localization.RequestLocalizationMiddleware|CookieRequestCultureProvider returned the following unsupported UI Cultures 'en'. |url: http://localhost/css/site.css|action: 
2023-01-01 12:58:27.6716|1|WARN|Microsoft.AspNetCore.Localization.RequestLocalizationMiddleware|CookieRequestCultureProvider returned the following unsupported cultures 'en'. |url: http://localhost/css/master.css|action: 
2023-01-01 12:58:27.8725|2|WARN|Microsoft.AspNetCore.Localization.RequestLocalizationMiddleware|CookieRequestCultureProvider returned the following unsupported UI Cultures 'en'. |url: http://localhost/css/master.css|action: 
2023-01-01 12:58:32.7488|1|WARN|Microsoft.AspNetCore.Localization.RequestLocalizationMiddleware|CookieRequestCultureProvider returned the following unsupported cultures 'en'. |url: http://localhost/eSyaNatureCure/GuestBooking/V_ENC_05_00|action: 
2023-01-01 12:58:32.7725|2|WARN|Microsoft.AspNetCore.Localization.RequestLocalizationMiddleware|CookieRequestCultureProvider returned the following unsupported UI Cultures 'en'. |url: http://localhost/eSyaNatureCure/GuestBooking/V_ENC_05_00|action: 
2023-01-01 12:58:38.0818|1|WARN|Microsoft.AspNetCore.Localization.RequestLocalizationMiddleware|CookieRequestCultureProvider returned the following unsupported cultures 'en'. |url: http://localhost/js/jquery.contextMenu.min.js|action: 
2023-01-01 12:58:38.1027|1|WARN|Microsoft.AspNetCore.Localization.RequestLocalizationMiddleware|CookieRequestCultureProvider returned the following unsupported cultures 'en'. |url: http://localhost/css/jquery.contextMenu.min.css|action: 
2023-01-01 12:58:38.1233|1|WARN|Microsoft.AspNetCore.Localization.RequestLocalizationMiddleware|CookieRequestCultureProvider returned the following unsupported cultures 'en'. |url: http://localhost/js/eSyaNatureCure/GuestBooking.js|action: 
2023-01-01 12:58:38.1459|2|WARN|Microsoft.AspNetCore.Localization.RequestLocalizationMiddleware|CookieRequestCultureProvider returned the following unsupported UI Cultures 'en'. |url: http://localhost/js/jquery.contextMenu.min.js|action: 
2023-01-01 12:58:38.1771|2|WARN|Microsoft.AspNetCore.Localization.RequestLocalizationMiddleware|CookieRequestCultureProvider returned the following unsupported UI Cultures 'en'. |url: http://localhost/css/jquery.contextMenu.min.css|action: 
2023-01-01 12:58:38.2040|2|WARN|Microsoft.AspNetCore.Localization.RequestLocalizationMiddleware|CookieRequestCultureProvider returned the following unsupported UI Cultures 'en'. |url: http://localhost/js/eSyaNatureCure/GuestBooking.js|action: 
2023-01-01 12:58:38.6253|1|WARN|Microsoft.AspNetCore.Localization.RequestLocalizationMiddleware|CookieRequestCultureProvider returned the following unsupported cultures 'en'. |url: http://localhost/GuestBooking/GetGuestBookingBySearchCreteria|action: 
2023-01-01 12:58:38.6765|2|WARN|Microsoft.AspNetCore.Localization.RequestLocalizationMiddleware|CookieRequestCultureProvider returned the following unsupported UI Cultures 'en'. |url: http://localhost/GuestBooking/GetGuestBookingBySearchCreteria|action: 
2023-01-01 12:58:44.5687|1|WARN|Microsoft.AspNetCore.Localization.RequestLocalizationMiddleware|CookieRequestCultureProvider returned the following unsupported cultures 'en'. |url: http://localhost/GuestBooking/GetGuestBookingBySearchCreteria|action: 
2023-01-01 12:58:44.6068|2|WARN|Microsoft.AspNetCore.Localization.RequestLocalizationMiddleware|CookieRequestCultureProvider returned the following unsupported UI Cultures 'en'. |url: http://localhost/GuestBooking/GetGuestBookingBySearchCreteria|action: 
2023-01-01 12:59:02.8119|1|WARN|Microsoft.AspNetCore.Localization.RequestLocalizationMiddleware|CookieRequestCultureProvider returned the following unsupported cultures 'en'. |url: http://localhost/eSyaNatureCure/CheckInGuest/V_ENC_04_00|action: 
2023-01-01 12:59:02.8368|2|WARN|Microsoft.AspNetCore.Localization.RequestLocalizationMiddleware|CookieRequestCultureProvider returned the following unsupported UI Cultures 'en'. |url: http://localhost/eSyaNatureCure/CheckInGuest/V_ENC_04_00|action: 
2023-01-01 12:59:06.4264|1|WARN|Microsoft.AspNetCore.Localization.RequestLocalizationMiddleware|CookieRequestCultureProvider returned the following unsupported cultures 'en'. |url: http://localhost/js/eSyaNatureCure/GuestPersonalDetails.js|action: 
2023-01-01 12:59:06.4346|1|WARN|Microsoft.AspNetCore.Localization.RequestLocalizationMiddleware|CookieRequestCultureProvider returned the following unsupported cultures 'en'. |url: http://localhost/js/eSyaNatureCure/GuestDocumentUpload.js|action: 
2023-01-01 12:59:06.4681|1|WARN|Microsoft.AspNetCore.Localization.RequestLocalizationMiddleware|CookieRequestCultureProvider returned the following unsupported cultures 'en'. |url: http://localhost/js/eSyaNatureCure/GuestRescheduling.js|action: 
2023-01-01 12:59:06.4904|2|WARN|Microsoft.AspNetCore.Localization.RequestLocalizationMiddleware|CookieRequestCultureProvider returned the following unsupported UI Cultures 'en'. |url: http://localhost/js/eSyaNatureCure/GuestPersonalDetails.js|action: 
2023-01-01 12:59:06.5112|2|WARN|Microsoft.AspNetCore.Localization.RequestLocalizationMiddleware|CookieRequestCultureProvider returned the following unsupported UI Cultures 'en'. |url: http://localhost/js/eSyaNatureCure/GuestDocumentUpload.js|action: 
2023-01-01 12:59:06.5320|2|WARN|Microsoft.AspNetCore.Localization.RequestLocalizationMiddleware|CookieRequestCultureProvider returned the following unsupported UI Cultures 'en'. |url: http://localhost/js/eSyaNatureCure/GuestRescheduling.js|action: 
2023-01-01 12:59:06.6694|1|WARN|Microsoft.AspNetCore.Localization.RequestLocalizationMiddleware|CookieRequestCultureProvider returned the following unsupported cultures 'en'. |url: http://localhost/js/eSyaNatureCure/AddService.js|action: 
2023-01-01 12:59:06.7304|1|WARN|Microsoft.AspNetCore.Localization.RequestLocalizationMiddleware|CookieRequestCultureProvider returned the following unsupported cultures 'en'. |url: http://localhost/css/statusStepper.css|action: 
2023-01-01 12:59:06.7505|1|WARN|Microsoft.AspNetCore.Localization.RequestLocalizationMiddleware|CookieRequestCultureProvider returned the following unsupported cultures 'en'. |url: http://localhost/js/context-menu.js|action: 
2023-01-01 12:59:06.7716|2|WARN|Microsoft.AspNetCore.Localization.RequestLocalizationMiddleware|CookieRequestCultureProvider returned the following unsupported UI Cultures 'en'. |url: http://localhost/js/eSyaNatureCure/AddService.js|action: 
2023-01-01 12:59:06.7912|2|WARN|Microsoft.AspNetCore.Localization.RequestLocalizationMiddleware|CookieRequestCultureProvider returned the following unsupported UI Cultures 'en'. |url: http://localhost/css/statusStepper.css|action: 
2023-01-01 12:59:06.8109|2|WARN|Microsoft.AspNetCore.Localization.RequestLocalizationMiddleware|CookieRequestCultureProvider returned the following unsupported UI Cultures 'en'. |url: http://localhost/js/context-menu.js|action: 
2023-01-01 12:59:06.9937|1|WARN|Microsoft.AspNetCore.Localization.RequestLocalizationMiddleware|CookieRequestCultureProvider returned the following unsupported cultures 'en'. |url: http://localhost/js/eSyaNatureCure/RoomChange.js|action: 
2023-01-01 12:59:07.0623|2|WARN|Microsoft.AspNetCore.Localization.RequestLocalizationMiddleware|CookieRequestCultureProvider returned the following unsupported UI Cultures 'en'. |url: http://localhost/js/eSyaNatureCure/RoomChange.js|action: 
2023-01-01 12:59:07.5043|1|WARN|Microsoft.AspNetCore.Localization.RequestLocalizationMiddleware|CookieRequestCultureProvider returned the following unsupported cultures 'en'. |url: http://localhost/Uploads/CountryFlagICons/in.png|action: 
2023-01-01 12:59:07.5246|1|WARN|Microsoft.AspNetCore.Localization.RequestLocalizationMiddleware|CookieRequestCultureProvider returned the following unsupported cultures 'en'. |url: http://localhost/Uploads/CountryFlagICons/om.png|action: 
2023-01-01 12:59:07.5458|1|WARN|Microsoft.AspNetCore.Localization.RequestLocalizationMiddleware|CookieRequestCultureProvider returned the following unsupported cultures 'en'. |url: http://localhost/Uploads/CountryFlagICons/rw.png|action: 
2023-01-01 12:59:07.5668|2|WARN|Microsoft.AspNetCore.Localization.RequestLocalizationMiddleware|CookieRequestCultureProvider returned the following unsupported UI Cultures 'en'. |url: http://localhost/Uploads/CountryFlagICons/in.png|action: 
2023-01-01 12:59:07.5902|2|WARN|Microsoft.AspNetCore.Localization.RequestLocalizationMiddleware|CookieRequestCultureProvider returned the following unsupported UI Cultures 'en'. |url: http://localhost/Uploads/CountryFlagICons/om.png|action: 
2023-01-01 12:59:07.6125|2|WARN|Microsoft.AspNetCore.Localization.RequestLocalizationMiddleware|CookieRequestCultureProvider returned the following unsupported UI Cultures 'en'. |url: http://localhost/Uploads/CountryFlagICons/rw.png|action: 
2023-01-01 12:59:07.6849|1|WARN|Microsoft.AspNetCore.Localization.RequestLocalizationMiddleware|CookieRequestCultureProvider returned the following unsupported cultures 'en'. |url: http://localhost/Uploads/CountryFlagICons/uk.png|action: 
2023-01-01 12:59:07.7702|2|WARN|Microsoft.AspNetCore.Localization.RequestLocalizationMiddleware|CookieRequestCultureProvider returned the following unsupported UI Cultures 'en'. |url: http://localhost/Uploads/CountryFlagICons/uk.png|action: 
2023-01-01 12:59:07.8446|1|WARN|Microsoft.AspNetCore.Localization.RequestLocalizationMiddleware|CookieRequestCultureProvider returned the following unsupported cultures 'en'. |url: http://localhost/CheckInGuest/GetGuestDetailsByBookingKey|action: 
2023-01-01 12:59:07.8755|1|WARN|Microsoft.AspNetCore.Localization.RequestLocalizationMiddleware|CookieRequestCultureProvider returned the following unsupported cultures 'en'. |url: http://localhost/CheckInGuest/GetStateList|action: 
2023-01-01 12:59:07.9150|2|WARN|Microsoft.AspNetCore.Localization.RequestLocalizationMiddleware|CookieRequestCultureProvider returned the following unsupported UI Cultures 'en'. |url: http://localhost/CheckInGuest/GetGuestDetailsByBookingKey|action: 
2023-01-01 12:59:07.9355|2|WARN|Microsoft.AspNetCore.Localization.RequestLocalizationMiddleware|CookieRequestCultureProvider returned the following unsupported UI Cultures 'en'. |url: http://localhost/CheckInGuest/GetStateList|action: 
2023-01-01 12:59:08.0301|1|WARN|Microsoft.AspNetCore.Localization.RequestLocalizationMiddleware|CookieRequestCultureProvider returned the following unsupported cultures 'en'. |url: http://localhost/CheckInGuest/GetServiceList|action: 
2023-01-01 12:59:08.0915|2|WARN|Microsoft.AspNetCore.Localization.RequestLocalizationMiddleware|CookieRequestCultureProvider returned the following unsupported UI Cultures 'en'. |url: http://localhost/CheckInGuest/GetServiceList|action: 
2023-01-01 12:59:07.4833|1|WARN|Microsoft.AspNetCore.Localization.RequestLocalizationMiddleware|CookieRequestCultureProvider returned the following unsupported cultures 'en'. |url: http://localhost/Uploads/CountryFlagICons/eg.png|action: 
2023-01-01 12:59:08.3706|1|WARN|Microsoft.AspNetCore.Localization.RequestLocalizationMiddleware|CookieRequestCultureProvider returned the following unsupported cultures 'en'. |url: http://localhost/Uploads/CountryFlagICons/ke.png|action: 
2023-01-01 12:59:08.3905|2|WARN|Microsoft.AspNetCore.Localization.RequestLocalizationMiddleware|CookieRequestCultureProvider returned the following unsupported UI Cultures 'en'. |url: http://localhost/Uploads/CountryFlagICons/eg.png|action: 
2023-01-01 12:59:08.4344|2|WARN|Microsoft.AspNetCore.Localization.RequestLocalizationMiddleware|CookieRequestCultureProvider returned the following unsupported UI Cultures 'en'. |url: http://localhost/Uploads/CountryFlagICons/ke.png|action: 
2023-01-01 12:59:08.6260|1|WARN|Microsoft.AspNetCore.Localization.RequestLocalizationMiddleware|CookieRequestCultureProvider returned the following unsupported cultures 'en'. |url: http://localhost/css/images/ui-icons_gold_256x240.png|action: 
2023-01-01 12:59:08.6869|2|WARN|Microsoft.AspNetCore.Localization.RequestLocalizationMiddleware|CookieRequestCultureProvider returned the following unsupported UI Cultures 'en'. |url: http://localhost/css/images/ui-icons_gold_256x240.png|action: 
2023-01-01 12:59:08.7121|1|WARN|Microsoft.AspNetCore.Localization.RequestLocalizationMiddleware|CookieRequestCultureProvider returned the following unsupported cultures 'en'. |url: http://localhost/Uploads/CountryFlagICons/ae.png|action: 
2023-01-01 12:59:08.7698|2|WARN|Microsoft.AspNetCore.Localization.RequestLocalizationMiddleware|CookieRequestCultureProvider returned the following unsupported UI Cultures 'en'. |url: http://localhost/Uploads/CountryFlagICons/ae.png|action: 
2023-01-01 12:59:08.9822|1|WARN|Microsoft.AspNetCore.Localization.RequestLocalizationMiddleware|CookieRequestCultureProvider returned the following unsupported cultures 'en'. |url: http://localhost/CommonMaster/GetPaymentMode|action: 
2023-01-01 12:59:09.0800|2|WARN|Microsoft.AspNetCore.Localization.RequestLocalizationMiddleware|CookieRequestCultureProvider returned the following unsupported UI Cultures 'en'. |url: http://localhost/CommonMaster/GetPaymentMode|action: 
2023-01-01 12:59:09.1460|1|WARN|Microsoft.AspNetCore.Localization.RequestLocalizationMiddleware|CookieRequestCultureProvider returned the following unsupported cultures 'en'. |url: http://localhost/CheckInGuest/GetCityList|action: 
2023-01-01 12:59:09.2078|2|WARN|Microsoft.AspNetCore.Localization.RequestLocalizationMiddleware|CookieRequestCultureProvider returned the following unsupported UI Cultures 'en'. |url: http://localhost/CheckInGuest/GetCityList|action: 
2023-01-01 12:59:10.0960|1|WARN|Microsoft.AspNetCore.Localization.RequestLocalizationMiddleware|CookieRequestCultureProvider returned the following unsupported cultures 'en'. |url: http://localhost/CheckInGuest/GetAreaList|action: 
2023-01-01 12:59:10.1207|2|WARN|Microsoft.AspNetCore.Localization.RequestLocalizationMiddleware|CookieRequestCultureProvider returned the following unsupported UI Cultures 'en'. |url: http://localhost/CheckInGuest/GetAreaList|action: 
2023-01-01 12:59:22.0666|1|WARN|Microsoft.AspNetCore.Localization.RequestLocalizationMiddleware|CookieRequestCultureProvider returned the following unsupported cultures 'en'. |url: http://localhost/CheckInGuest/GetGuestBillingSummary|action: 
2023-01-01 12:59:22.0958|2|WARN|Microsoft.AspNetCore.Localization.RequestLocalizationMiddleware|CookieRequestCultureProvider returned the following unsupported UI Cultures 'en'. |url: http://localhost/CheckInGuest/GetGuestBillingSummary|action: 
2023-01-01 12:59:23.3154|1|WARN|Microsoft.AspNetCore.Localization.RequestLocalizationMiddleware|CookieRequestCultureProvider returned the following unsupported cultures 'en'. |url: http://localhost/CheckInGuest/GetGuestPaymentReceiptDetails|action: 
2023-01-01 12:59:23.3412|2|WARN|Microsoft.AspNetCore.Localization.RequestLocalizationMiddleware|CookieRequestCultureProvider returned the following unsupported UI Cultures 'en'. |url: http://localhost/CheckInGuest/GetGuestPaymentReceiptDetails|action: 
2023-01-01 12:59:36.0656|1|WARN|Microsoft.AspNetCore.Localization.RequestLocalizationMiddleware|CookieRequestCultureProvider returned the following unsupported cultures 'en'. |url: http://localhost/CheckInGuest/InsertPatientReceipt|action: 
2023-01-01 12:59:36.0904|2|WARN|Microsoft.AspNetCore.Localization.RequestLocalizationMiddleware|CookieRequestCultureProvider returned the following unsupported UI Cultures 'en'. |url: http://localhost/CheckInGuest/InsertPatientReceipt|action: 
2023-01-01 12:59:37.4854||ERROR|eSyaEnterprise_UI.Areas.eSyaNatureCure.Controllers.CheckInGuestController|UD:InsertPatientReceipt:params:{"BusinessKey":111,"FinancialYear":0,"BookTypeId":0,"VoucherNumber":0,"VoucherKey":0.0,"VoucherType":"R","VoucherTypeDesc":null,"VoucherDate":"0001-01-01T00:00:00","VoucherAmount":47000.00,"DiscountAmount":0.0,"ConcessionAmount":0.0,"TotalNetAmount":0.0,"CollectedAmount":47000.00,"CancelledAmount":0.0,"RefundAmount":0.0,"BillDocumentKey":22111541.0,"PaidorCollectedBy":"s","RefundReason":null,"Narration":null,"AdvanceAdjAmount":0.0,"RefVoucherKey":null,"RefVoucherDate":null,"PaymentMode":800001,"PaymentModeDesc":null,"CardType":null,"CardNumber":null,"CardExpiryDate":null,"ApprovalNumber":null,"ReferenceNumber":null,"MPReferenceNumber":null,"MPReferenceDate":null,"ChequeNumber":null,"ChequeDate":null,"DraweeBank":null,"ActiveStatus":false,"FormID":"0","UserID":10,"TerminalID":"192.168.1.6"} System.Exception: Internal Server Error|url: http://localhost/CheckInGuest/InsertPatientReceipt|action: InsertPatientReceipt
2023-01-01 13:02:11.8579|1|WARN|Microsoft.AspNetCore.Localization.RequestLocalizationMiddleware|CookieRequestCultureProvider returned the following unsupported cultures 'en'. |url: http://localhost/CheckInGuest/InsertPatientReceipt|action: 
2023-01-01 13:02:11.8851|2|WARN|Microsoft.AspNetCore.Localization.RequestLocalizationMiddleware|CookieRequestCultureProvider returned the following unsupported UI Cultures 'en'. |url: http://localhost/CheckInGuest/InsertPatientReceipt|action: 
2023-01-01 13:02:32.3356||ERROR|eSyaEnterprise_UI.Areas.eSyaNatureCure.Controllers.CheckInGuestController|UD:InsertPatientReceipt:params:{"BusinessKey":111,"FinancialYear":0,"BookTypeId":0,"VoucherNumber":0,"VoucherKey":0.0,"VoucherType":"R","VoucherTypeDesc":null,"VoucherDate":"0001-01-01T00:00:00","VoucherAmount":47000.00,"DiscountAmount":0.0,"ConcessionAmount":0.0,"TotalNetAmount":0.0,"CollectedAmount":47000.00,"CancelledAmount":0.0,"RefundAmount":0.0,"BillDocumentKey":22111541.0,"PaidorCollectedBy":"s","RefundReason":null,"Narration":null,"AdvanceAdjAmount":0.0,"RefVoucherKey":null,"RefVoucherDate":null,"PaymentMode":800001,"PaymentModeDesc":null,"CardType":null,"CardNumber":null,"CardExpiryDate":null,"ApprovalNumber":null,"ReferenceNumber":null,"MPReferenceNumber":null,"MPReferenceDate":null,"ChequeNumber":null,"ChequeDate":null,"DraweeBank":null,"ActiveStatus":false,"FormID":"0","UserID":10,"TerminalID":"192.168.1.6"} System.Exception: Internal Server Error|url: http://localhost/CheckInGuest/InsertPatientReceipt|action: InsertPatientReceipt
2023-01-01 13:02:34.9567|1|WARN|Microsoft.AspNetCore.Localization.RequestLocalizationMiddleware|CookieRequestCultureProvider returned the following unsupported cultures 'en'. |url: http://localhost/CheckInGuest/InsertPatientReceipt|action: 
2023-01-01 13:02:34.9816|2|WARN|Microsoft.AspNetCore.Localization.RequestLocalizationMiddleware|CookieRequestCultureProvider returned the following unsupported UI Cultures 'en'. |url: http://localhost/CheckInGuest/InsertPatientReceipt|action: 
2023-01-01 13:03:28.9787||ERROR|eSyaEnterprise_UI.Areas.eSyaNatureCure.Controllers.CheckInGuestController|UD:InsertPatientReceipt:params:{"BusinessKey":111,"FinancialYear":0,"BookTypeId":0,"VoucherNumber":0,"VoucherKey":0.0,"VoucherType":"R","VoucherTypeDesc":null,"VoucherDate":"0001-01-01T00:00:00","VoucherAmount":47000.00,"DiscountAmount":0.0,"ConcessionAmount":0.0,"TotalNetAmount":0.0,"CollectedAmount":47000.00,"CancelledAmount":0.0,"RefundAmount":0.0,"BillDocumentKey":22111541.0,"PaidorCollectedBy":"s","RefundReason":null,"Narration":null,"AdvanceAdjAmount":0.0,"RefVoucherKey":null,"RefVoucherDate":null,"PaymentMode":800001,"PaymentModeDesc":null,"CardType":null,"CardNumber":null,"CardExpiryDate":null,"ApprovalNumber":null,"ReferenceNumber":null,"MPReferenceNumber":null,"MPReferenceDate":null,"ChequeNumber":null,"ChequeDate":null,"DraweeBank":null,"ActiveStatus":false,"FormID":"0","UserID":10,"TerminalID":"192.168.1.6"} System.Net.Http.HttpRequestException: An error occurred while sending the request. ---> System.IO.IOException: Unable to read data from the transport connection: An existing connection was forcibly closed by the remote host. ---> System.Net.Sockets.SocketException: An existing connection was forcibly closed by the remote host
   --- End of inner exception stack trace ---
   at System.Net.Sockets.Socket.AwaitableSocketAsyncEventArgs.ThrowException(SocketError error)
   at System.Net.Sockets.Socket.AwaitableSocketAsyncEventArgs.GetResult(Int16 token)
   at System.Net.Security.SslStreamInternal.<FillBufferAsync>g__InternalFillBufferAsync|38_0[TReadAdapter](TReadAdapter adap, ValueTask`1 task, Int32 min, Int32 initial)
   at System.Net.Security.SslStreamInternal.ReadAsyncInternal[TReadAdapter](TReadAdapter adapter, Memory`1 buffer)
   at System.Net.Http.HttpConnection.SendAsyncCore(HttpRequestMessage request, CancellationToken cancellationToken)
   --- End of inner exception stack trace ---
   at System.Net.Http.HttpConnection.SendAsyncCore(HttpRequestMessage request, CancellationToken cancellationToken)
   at System.Net.Http.HttpConnectionPool.SendWithNtConnectionAuthAsync(HttpConnection connection, HttpRequestMessage request, Boolean doRequestAuth, CancellationToken cancellationToken)
   at System.Net.Http.HttpConnectionPool.SendWithRetryAsync(HttpRequestMessage request, Boolean doRequestAuth, CancellationToken cancellationToken)
   at System.Net.Http.RedirectHandler.SendAsync(HttpRequestMessage request, CancellationToken cancellationToken)
   at Microsoft.Extensions.Http.Logging.LoggingHttpMessageHandler.SendAsync(HttpRequestMessage request, CancellationToken cancellationToken)
   at Microsoft.Extensions.Http.Logging.LoggingScopeHttpMessageHandler.SendAsync(HttpRequestMessage request, CancellationToken cancellationToken)
   at System.Net.Http.HttpClient.FinishSendAsyncBuffered(Task`1 sendTask, HttpRequestMessage request, CancellationTokenSource cts, Boolean disposeCts)
   at eSyaEssentials_UI.HttpClientServices.PostAsJsonAsync[T](String url, Object value)
   at eSyaEnterprise_UI.Areas.eSyaNatureCure.Controllers.CheckInGuestController.InsertPatientReceipt(DO_GuestPaymentReceiptDetails obj) in D:\eSya Project\Solution\eSyaEnterprise_UI\trunk\eSyaEnterprise_UI\Areas\eSyaNatureCure\Controllers\CheckInGuestController.cs:line 295|url: http://localhost/CheckInGuest/InsertPatientReceipt|action: InsertPatientReceipt
2023-01-01 13:09:21.5531|1|WARN|Microsoft.AspNetCore.Localization.RequestLocalizationMiddleware|CookieRequestCultureProvider returned the following unsupported cultures 'en'. |url: http://localhost/CheckInGuest/InsertPatientReceipt|action: 
2023-01-01 13:09:21.5832|2|WARN|Microsoft.AspNetCore.Localization.RequestLocalizationMiddleware|CookieRequestCultureProvider returned the following unsupported UI Cultures 'en'. |url: http://localhost/CheckInGuest/InsertPatientReceipt|action: 
2023-01-01 13:09:29.8267|1|WARN|Microsoft.AspNetCore.Localization.RequestLocalizationMiddleware|CookieRequestCultureProvider returned the following unsupported cultures 'en'. |url: http://localhost/CheckInGuest/GetGuestBillingSummary|action: 
2023-01-01 13:09:29.8513|2|WARN|Microsoft.AspNetCore.Localization.RequestLocalizationMiddleware|CookieRequestCultureProvider returned the following unsupported UI Cultures 'en'. |url: http://localhost/CheckInGuest/GetGuestBillingSummary|action: 
2023-01-01 13:09:31.1607|1|WARN|Microsoft.AspNetCore.Localization.RequestLocalizationMiddleware|CookieRequestCultureProvider returned the following unsupported cultures 'en'. |url: http://localhost/CheckInGuest/GetGuestPaymentReceiptDetails|action: 
2023-01-01 13:09:31.1905|2|WARN|Microsoft.AspNetCore.Localization.RequestLocalizationMiddleware|CookieRequestCultureProvider returned the following unsupported UI Cultures 'en'. |url: http://localhost/CheckInGuest/GetGuestPaymentReceiptDetails|action: 
2023-01-01 13:09:38.0538|1|WARN|Microsoft.AspNetCore.Localization.RequestLocalizationMiddleware|CookieRequestCultureProvider returned the following unsupported cultures 'en'. |url: http://localhost/eSyaNatureCure/FrontOffice/V_ENC_01_00|action: 
2023-01-01 13:09:38.0847|2|WARN|Microsoft.AspNetCore.Localization.RequestLocalizationMiddleware|CookieRequestCultureProvider returned the following unsupported UI Cultures 'en'. |url: http://localhost/eSyaNatureCure/FrontOffice/V_ENC_01_00|action: 
2023-01-01 13:09:40.3437|1|WARN|Microsoft.AspNetCore.Localization.RequestLocalizationMiddleware|CookieRequestCultureProvider returned the following unsupported cultures 'en'. |url: http://localhost/js/eSyaNatureCure/FrontOfficeRescheduling.js|action: 
2023-01-01 13:09:40.3698|1|WARN|Microsoft.AspNetCore.Localization.RequestLocalizationMiddleware|CookieRequestCultureProvider returned the following unsupported cultures 'en'. |url: http://localhost/css/dashBoard.css|action: 
2023-01-01 13:09:40.3917|2|WARN|Microsoft.AspNetCore.Localization.RequestLocalizationMiddleware|CookieRequestCultureProvider returned the following unsupported UI Cultures 'en'. |url: http://localhost/js/eSyaNatureCure/FrontOfficeRescheduling.js|action: 
2023-01-01 13:09:40.4140|2|WARN|Microsoft.AspNetCore.Localization.RequestLocalizationMiddleware|CookieRequestCultureProvider returned the following unsupported UI Cultures 'en'. |url: http://localhost/css/dashBoard.css|action: 
2023-01-01 13:09:40.6648|1|WARN|Microsoft.AspNetCore.Localization.RequestLocalizationMiddleware|CookieRequestCultureProvider returned the following unsupported cultures 'en'. |url: http://localhost/FrontOffice/GetActiveRoomBedMaster|action: 
2023-01-01 13:09:40.6902|2|WARN|Microsoft.AspNetCore.Localization.RequestLocalizationMiddleware|CookieRequestCultureProvider returned the following unsupported UI Cultures 'en'. |url: http://localhost/FrontOffice/GetActiveRoomBedMaster|action: 
2023-01-01 13:09:41.7006|1|WARN|Microsoft.AspNetCore.Localization.RequestLocalizationMiddleware|CookieRequestCultureProvider returned the following unsupported cultures 'en'. |url: http://localhost/FrontOffice/GetDashboardByDate|action: 
2023-01-01 13:09:41.7238|2|WARN|Microsoft.AspNetCore.Localization.RequestLocalizationMiddleware|CookieRequestCultureProvider returned the following unsupported UI Cultures 'en'. |url: http://localhost/FrontOffice/GetDashboardByDate|action: 
2023-01-01 13:09:49.4918|1|WARN|Microsoft.AspNetCore.Localization.RequestLocalizationMiddleware|CookieRequestCultureProvider returned the following unsupported cultures 'en'. |url: http://localhost/FrontOffice/GetActiveRoomBedMaster|action: 
2023-01-01 13:09:49.5152|2|WARN|Microsoft.AspNetCore.Localization.RequestLocalizationMiddleware|CookieRequestCultureProvider returned the following unsupported UI Cultures 'en'. |url: http://localhost/FrontOffice/GetActiveRoomBedMaster|action: 
2023-01-01 13:09:50.4341|1|WARN|Microsoft.AspNetCore.Localization.RequestLocalizationMiddleware|CookieRequestCultureProvider returned the following unsupported cultures 'en'. |url: http://localhost/FrontOffice/GetDashboardByDate|action: 
2023-01-01 13:09:50.4621|2|WARN|Microsoft.AspNetCore.Localization.RequestLocalizationMiddleware|CookieRequestCultureProvider returned the following unsupported UI Cultures 'en'. |url: http://localhost/FrontOffice/GetDashboardByDate|action: 
2023-01-01 13:10:31.0823|1|WARN|Microsoft.AspNetCore.Localization.RequestLocalizationMiddleware|CookieRequestCultureProvider returned the following unsupported cultures 'en'. |url: http://localhost/UserProfile/GetUserName|action: 
2023-01-01 13:10:31.1090|2|WARN|Microsoft.AspNetCore.Localization.RequestLocalizationMiddleware|CookieRequestCultureProvider returned the following unsupported UI Cultures 'en'. |url: http://localhost/UserProfile/GetUserName|action: 
2023-01-01 13:10:32.6398|1|WARN|Microsoft.AspNetCore.Localization.RequestLocalizationMiddleware|CookieRequestCultureProvider returned the following unsupported cultures 'en'. |url: http://localhost/UserProfile/GetUserName|action: 
2023-01-01 13:10:32.6676|2|WARN|Microsoft.AspNetCore.Localization.RequestLocalizationMiddleware|CookieRequestCultureProvider returned the following unsupported UI Cultures 'en'. |url: http://localhost/UserProfile/GetUserName|action: 
2023-01-01 13:10:35.2487|1|WARN|Microsoft.AspNetCore.Localization.RequestLocalizationMiddleware|CookieRequestCultureProvider returned the following unsupported cultures 'en'. |url: http://localhost/eSyaNatureCure/CheckInGuest/V_ENC_04_00|action: 
2023-01-01 13:10:35.2747|2|WARN|Microsoft.AspNetCore.Localization.RequestLocalizationMiddleware|CookieRequestCultureProvider returned the following unsupported UI Cultures 'en'. |url: http://localhost/eSyaNatureCure/CheckInGuest/V_ENC_04_00|action: 
2023-01-01 13:10:39.3562|1|WARN|Microsoft.AspNetCore.Localization.RequestLocalizationMiddleware|CookieRequestCultureProvider returned the following unsupported cultures 'en'. |url: http://localhost/js/eSyaNatureCure/GuestRescheduling.js|action: 
2023-01-01 13:10:39.3884|1|WARN|Microsoft.AspNetCore.Localization.RequestLocalizationMiddleware|CookieRequestCultureProvider returned the following unsupported cultures 'en'. |url: http://localhost/js/eSyaNatureCure/RoomChange.js|action: 
2023-01-01 13:10:39.4075|1|WARN|Microsoft.AspNetCore.Localization.RequestLocalizationMiddleware|CookieRequestCultureProvider returned the following unsupported cultures 'en'. |url: http://localhost/js/eSyaNatureCure/GuestPersonalDetails.js|action: 
2023-01-01 13:10:39.4293|2|WARN|Microsoft.AspNetCore.Localization.RequestLocalizationMiddleware|CookieRequestCultureProvider returned the following unsupported UI Cultures 'en'. |url: http://localhost/js/eSyaNatureCure/GuestRescheduling.js|action: 
2023-01-01 13:10:39.4498|2|WARN|Microsoft.AspNetCore.Localization.RequestLocalizationMiddleware|CookieRequestCultureProvider returned the following unsupported UI Cultures 'en'. |url: http://localhost/js/eSyaNatureCure/RoomChange.js|action: 
2023-01-01 13:10:39.4719|2|WARN|Microsoft.AspNetCore.Localization.RequestLocalizationMiddleware|CookieRequestCultureProvider returned the following unsupported UI Cultures 'en'. |url: http://localhost/js/eSyaNatureCure/GuestPersonalDetails.js|action: 
2023-01-01 13:10:39.3562|1|WARN|Microsoft.AspNetCore.Localization.RequestLocalizationMiddleware|CookieRequestCultureProvider returned the following unsupported cultures 'en'. |url: http://localhost/js/eSyaNatureCure/GuestDocumentUpload.js|action: 
2023-01-01 13:10:39.6697|2|WARN|Microsoft.AspNetCore.Localization.RequestLocalizationMiddleware|CookieRequestCultureProvider returned the following unsupported UI Cultures 'en'. |url: http://localhost/js/eSyaNatureCure/GuestDocumentUpload.js|action: 
2023-01-01 13:10:39.6921|1|WARN|Microsoft.AspNetCore.Localization.RequestLocalizationMiddleware|CookieRequestCultureProvider returned the following unsupported cultures 'en'. |url: http://localhost/js/eSyaNatureCure/AddService.js|action: 
2023-01-01 13:10:39.7944|2|WARN|Microsoft.AspNetCore.Localization.RequestLocalizationMiddleware|CookieRequestCultureProvider returned the following unsupported UI Cultures 'en'. |url: http://localhost/js/eSyaNatureCure/AddService.js|action: 
2023-01-01 13:10:39.8233|1|WARN|Microsoft.AspNetCore.Localization.RequestLocalizationMiddleware|CookieRequestCultureProvider returned the following unsupported cultures 'en'. |url: http://localhost/CheckInGuest/GetGuestDetailsByBookingKey|action: 
2023-01-01 13:10:39.8624|1|WARN|Microsoft.AspNetCore.Localization.RequestLocalizationMiddleware|CookieRequestCultureProvider returned the following unsupported cultures 'en'. |url: http://localhost/CheckInGuest/GetServiceList|action: 
2023-01-01 13:10:39.9065|2|WARN|Microsoft.AspNetCore.Localization.RequestLocalizationMiddleware|CookieRequestCultureProvider returned the following unsupported UI Cultures 'en'. |url: http://localhost/CheckInGuest/GetGuestDetailsByBookingKey|action: 
2023-01-01 13:10:39.9259|2|WARN|Microsoft.AspNetCore.Localization.RequestLocalizationMiddleware|CookieRequestCultureProvider returned the following unsupported UI Cultures 'en'. |url: http://localhost/CheckInGuest/GetServiceList|action: 
2023-01-01 13:10:40.0539|1|WARN|Microsoft.AspNetCore.Localization.RequestLocalizationMiddleware|CookieRequestCultureProvider returned the following unsupported cultures 'en'. |url: http://localhost/CommonMaster/GetPaymentMode|action: 
2023-01-01 13:10:40.1145|2|WARN|Microsoft.AspNetCore.Localization.RequestLocalizationMiddleware|CookieRequestCultureProvider returned the following unsupported UI Cultures 'en'. |url: http://localhost/CommonMaster/GetPaymentMode|action: 
2023-01-01 13:10:39.7614|1|WARN|Microsoft.AspNetCore.Localization.RequestLocalizationMiddleware|CookieRequestCultureProvider returned the following unsupported cultures 'en'. |url: http://localhost/js/context-menu.js|action: 
2023-01-01 13:10:40.3510|2|WARN|Microsoft.AspNetCore.Localization.RequestLocalizationMiddleware|CookieRequestCultureProvider returned the following unsupported UI Cultures 'en'. |url: http://localhost/js/context-menu.js|action: 
2023-01-01 13:10:40.4046|1|WARN|Microsoft.AspNetCore.Localization.RequestLocalizationMiddleware|CookieRequestCultureProvider returned the following unsupported cultures 'en'. |url: http://localhost/CheckInGuest/GetStateList|action: 
2023-01-01 13:10:40.4655|2|WARN|Microsoft.AspNetCore.Localization.RequestLocalizationMiddleware|CookieRequestCultureProvider returned the following unsupported UI Cultures 'en'. |url: http://localhost/CheckInGuest/GetStateList|action: 
2023-01-01 13:10:41.8475|1|WARN|Microsoft.AspNetCore.Localization.RequestLocalizationMiddleware|CookieRequestCultureProvider returned the following unsupported cultures 'en'. |url: http://localhost/CheckInGuest/GetGuestBillingSummary|action: 
2023-01-01 13:10:41.8912|2|WARN|Microsoft.AspNetCore.Localization.RequestLocalizationMiddleware|CookieRequestCultureProvider returned the following unsupported UI Cultures 'en'. |url: http://localhost/CheckInGuest/GetGuestBillingSummary|action: 
2023-01-01 13:10:42.1652|1|WARN|Microsoft.AspNetCore.Localization.RequestLocalizationMiddleware|CookieRequestCultureProvider returned the following unsupported cultures 'en'. |url: http://localhost/CheckInGuest/GetCityList|action: 
2023-01-01 13:10:42.1932|2|WARN|Microsoft.AspNetCore.Localization.RequestLocalizationMiddleware|CookieRequestCultureProvider returned the following unsupported UI Cultures 'en'. |url: http://localhost/CheckInGuest/GetCityList|action: 
2023-01-01 13:10:43.0677|1|WARN|Microsoft.AspNetCore.Localization.RequestLocalizationMiddleware|CookieRequestCultureProvider returned the following unsupported cultures 'en'. |url: http://localhost/CheckInGuest/GetGuestPaymentReceiptDetails|action: 
2023-01-01 13:10:43.0936|2|WARN|Microsoft.AspNetCore.Localization.RequestLocalizationMiddleware|CookieRequestCultureProvider returned the following unsupported UI Cultures 'en'. |url: http://localhost/CheckInGuest/GetGuestPaymentReceiptDetails|action: 
2023-01-01 13:10:43.1240|1|WARN|Microsoft.AspNetCore.Localization.RequestLocalizationMiddleware|CookieRequestCultureProvider returned the following unsupported cultures 'en'. |url: http://localhost/CheckInGuest/GetAreaList|action: 
2023-01-01 13:10:43.1642|2|WARN|Microsoft.AspNetCore.Localization.RequestLocalizationMiddleware|CookieRequestCultureProvider returned the following unsupported UI Cultures 'en'. |url: http://localhost/CheckInGuest/GetAreaList|action: 
