2023-01-18 15:37:27.2895|1|WARN|Microsoft.AspNetCore.Localization.RequestLocalizationMiddleware|CookieRequestCultureProvider returned the following unsupported cultures 'en-US'. |url: http://localhost/|action: 
2023-01-18 15:37:27.3872|3|WARN|Microsoft.AspNetCore.HttpsPolicy.HttpsRedirectionMiddleware|Failed to determine the https port for redirect. |url: http://localhost/|action: 
2023-01-18 15:37:35.0162|1|WARN|Microsoft.AspNetCore.Localization.RequestLocalizationMiddleware|CookieRequestCultureProvider returned the following unsupported cultures 'en-US'. |url: http://localhost/lib/bootstrap/dist/css/bootstrap.min.css|action: 
2023-01-18 15:37:35.0162|1|WARN|Microsoft.AspNetCore.Localization.RequestLocalizationMiddleware|CookieRequestCultureProvider returned the following unsupported cultures 'en-US'. |url: http://localhost/js/Inputmask/bindings/inputmask.binding.js|action: 
2023-01-18 15:37:34.9880|1|WARN|Microsoft.AspNetCore.Localization.RequestLocalizationMiddleware|CookieRequestCultureProvider returned the following unsupported cultures 'en-US'. |url: http://localhost/images/esya-products-yellow-with-footer.jpg|action: 
2023-01-18 15:37:35.0298|1|WARN|Microsoft.AspNetCore.Localization.RequestLocalizationMiddleware|CookieRequestCultureProvider returned the following unsupported cultures 'en-US'. |url: http://localhost/css/material.min.css|action: 
2023-01-18 15:37:35.0298|1|WARN|Microsoft.AspNetCore.Localization.RequestLocalizationMiddleware|CookieRequestCultureProvider returned the following unsupported cultures 'en-US'. |url: http://localhost/css/animate.css|action: 
2023-01-18 15:37:35.0923|1|WARN|Microsoft.AspNetCore.Localization.RequestLocalizationMiddleware|CookieRequestCultureProvider returned the following unsupported cultures 'en-US'. |url: http://localhost/images/logo/esya-logo-black.png|action: 
2023-01-18 15:37:35.1827|1|WARN|Microsoft.AspNetCore.Localization.RequestLocalizationMiddleware|CookieRequestCultureProvider returned the following unsupported cultures 'en-US'. |url: http://localhost/css/login.css|action: 
2023-01-18 15:37:35.2014|1|WARN|Microsoft.AspNetCore.Localization.RequestLocalizationMiddleware|CookieRequestCultureProvider returned the following unsupported cultures 'en-US'. |url: http://localhost/css/esyaTheme.css|action: 
2023-01-18 15:37:35.2159|1|WARN|Microsoft.AspNetCore.Localization.RequestLocalizationMiddleware|CookieRequestCultureProvider returned the following unsupported cultures 'en-US'. |url: http://localhost/css/esyafonts.css|action: 
2023-01-18 15:37:35.2324|1|WARN|Microsoft.AspNetCore.Localization.RequestLocalizationMiddleware|CookieRequestCultureProvider returned the following unsupported cultures 'en-US'. |url: http://localhost/css/all.min.css|action: 
2023-01-18 15:37:35.3745|1|WARN|Microsoft.AspNetCore.Localization.RequestLocalizationMiddleware|CookieRequestCultureProvider returned the following unsupported cultures 'en-US'. |url: http://localhost/css/bootstrap-select.css|action: 
2023-01-18 15:37:35.6457|1|WARN|Microsoft.AspNetCore.Localization.RequestLocalizationMiddleware|CookieRequestCultureProvider returned the following unsupported cultures 'en-US'. |url: http://localhost/fonts/fa-solid-900.woff2|action: 
2023-01-18 15:37:35.7406|1|WARN|Microsoft.AspNetCore.Localization.RequestLocalizationMiddleware|CookieRequestCultureProvider returned the following unsupported cultures 'en-US'. |url: http://localhost/fonts/esyaFonts/Roboto/Roboto-Regular.ttf|action: 
2023-01-18 15:37:35.7699|1|WARN|Microsoft.AspNetCore.Localization.RequestLocalizationMiddleware|CookieRequestCultureProvider returned the following unsupported cultures 'en-US'. |url: http://localhost/favicon.ico|action: 
2023-01-18 15:37:35.7967|1|WARN|Microsoft.AspNetCore.Localization.RequestLocalizationMiddleware|CookieRequestCultureProvider returned the following unsupported cultures 'en-US'. |url: http://localhost/Uploads/CountryFlagICons/eg.png|action: 
2023-01-18 15:37:35.8249|1|WARN|Microsoft.AspNetCore.Localization.RequestLocalizationMiddleware|CookieRequestCultureProvider returned the following unsupported cultures 'en-US'. |url: http://localhost/Uploads/CountryFlagICons/rw.png|action: 
2023-01-18 15:37:35.8416|1|WARN|Microsoft.AspNetCore.Localization.RequestLocalizationMiddleware|CookieRequestCultureProvider returned the following unsupported cultures 'en-US'. |url: http://localhost/Uploads/CountryFlagICons/in.png|action: 
2023-01-18 15:37:35.8416|1|WARN|Microsoft.AspNetCore.Localization.RequestLocalizationMiddleware|CookieRequestCultureProvider returned the following unsupported cultures 'en-US'. |url: http://localhost/Uploads/CountryFlagICons/ke.png|action: 
2023-01-18 15:37:35.8416|1|WARN|Microsoft.AspNetCore.Localization.RequestLocalizationMiddleware|CookieRequestCultureProvider returned the following unsupported cultures 'en-US'. |url: http://localhost/Uploads/CountryFlagICons/om.png|action: 
2023-01-18 15:37:36.0161|1|WARN|Microsoft.AspNetCore.Localization.RequestLocalizationMiddleware|CookieRequestCultureProvider returned the following unsupported cultures 'en-US'. |url: http://localhost/Uploads/CountryFlagICons/ae.png|action: 
2023-01-18 15:38:43.0340|1|WARN|Microsoft.AspNetCore.Localization.RequestLocalizationMiddleware|CookieRequestCultureProvider returned the following unsupported cultures 'en-US'. |url: http://localhost/|action: 
2023-01-18 15:38:44.5351|1|WARN|Microsoft.AspNetCore.Localization.RequestLocalizationMiddleware|CookieRequestCultureProvider returned the following unsupported cultures 'en-US'. |url: http://localhost/Home|action: 
2023-01-18 15:38:45.2201|1|WARN|Microsoft.AspNetCore.Localization.RequestLocalizationMiddleware|CookieRequestCultureProvider returned the following unsupported cultures 'en-US'. |url: http://localhost/css/ui.jqgrid.css|action: 
2023-01-18 15:38:45.2201|1|WARN|Microsoft.AspNetCore.Localization.RequestLocalizationMiddleware|CookieRequestCultureProvider returned the following unsupported cultures 'en-US'. |url: http://localhost/css/toastr.min.css|action: 
2023-01-18 15:38:45.2412|1|WARN|Microsoft.AspNetCore.Localization.RequestLocalizationMiddleware|CookieRequestCultureProvider returned the following unsupported cultures 'en-US'. |url: http://localhost/css/jqgridcustomstyle.css|action: 
2023-01-18 15:38:45.2201|1|WARN|Microsoft.AspNetCore.Localization.RequestLocalizationMiddleware|CookieRequestCultureProvider returned the following unsupported cultures 'en-US'. |url: http://localhost/css/site.css|action: 
2023-01-18 15:38:45.3512|1|WARN|Microsoft.AspNetCore.Localization.RequestLocalizationMiddleware|CookieRequestCultureProvider returned the following unsupported cultures 'en-US'. |url: http://localhost/css/master.css|action: 
2023-01-18 15:38:45.3875|1|WARN|Microsoft.AspNetCore.Localization.RequestLocalizationMiddleware|CookieRequestCultureProvider returned the following unsupported cultures 'en-US'. |url: http://localhost/css/jquery-ui.min.css|action: 
2023-01-18 15:38:45.7010|1|WARN|Microsoft.AspNetCore.Localization.RequestLocalizationMiddleware|CookieRequestCultureProvider returned the following unsupported cultures 'en-US'. |url: http://localhost/images/gtpl_logo.jpg|action: 
2023-01-18 15:38:45.7154|1|WARN|Microsoft.AspNetCore.Localization.RequestLocalizationMiddleware|CookieRequestCultureProvider returned the following unsupported cultures 'en-US'. |url: http://localhost/fonts/fa-regular-400.woff2|action: 
2023-01-18 15:38:45.7930|1|WARN|Microsoft.AspNetCore.Localization.RequestLocalizationMiddleware|CookieRequestCultureProvider returned the following unsupported cultures 'en-US'. |url: http://localhost/json/errormessage.json|action: 
2023-01-18 15:38:45.7955|1|WARN|Microsoft.AspNetCore.Localization.RequestLocalizationMiddleware|CookieRequestCultureProvider returned the following unsupported cultures 'en-US'. |url: http://localhost/json/menuitem.json|action: 
2023-01-18 15:39:26.4355|1|WARN|Microsoft.AspNetCore.Localization.RequestLocalizationMiddleware|CookieRequestCultureProvider returned the following unsupported cultures 'en-US'. |url: http://localhost/Configure/License/ECA_20_00|action: 
2023-01-18 15:39:27.7169|1|WARN|Microsoft.AspNetCore.Localization.RequestLocalizationMiddleware|CookieRequestCultureProvider returned the following unsupported cultures 'en-US'. |url: http://localhost/js/Config/BusinessLocation.js|action: 
2023-01-18 15:39:27.7169|1|WARN|Microsoft.AspNetCore.Localization.RequestLocalizationMiddleware|CookieRequestCultureProvider returned the following unsupported cultures 'en-US'. |url: http://localhost/js/jquery.contextMenu.min.js|action: 
2023-01-18 15:39:27.7365|1|WARN|Microsoft.AspNetCore.Localization.RequestLocalizationMiddleware|CookieRequestCultureProvider returned the following unsupported cultures 'en-US'. |url: http://localhost/css/jquery.contextMenu.min.css|action: 
2023-01-18 15:39:27.9177|1|WARN|Microsoft.AspNetCore.Localization.RequestLocalizationMiddleware|CookieRequestCultureProvider returned the following unsupported cultures 'en-US'. |url: http://localhost/css/images/ui-icons_gold_256x240.png|action: 
2023-01-18 15:39:27.9506|1|WARN|Microsoft.AspNetCore.Localization.RequestLocalizationMiddleware|CookieRequestCultureProvider returned the following unsupported cultures 'en-US'. |url: http://localhost/License/GetBusinessLocationByBusinessId|action: 
2023-01-18 15:39:32.9116|1|WARN|Microsoft.AspNetCore.Localization.RequestLocalizationMiddleware|CookieRequestCultureProvider returned the following unsupported cultures 'en-US'. |url: http://localhost/Configure/License/ECA_18_00|action: 
2023-01-18 15:39:34.4351|1|WARN|Microsoft.AspNetCore.Localization.RequestLocalizationMiddleware|CookieRequestCultureProvider returned the following unsupported cultures 'en-US'. |url: http://localhost/css/jsTree.css|action: 
2023-01-18 15:39:34.4609|1|WARN|Microsoft.AspNetCore.Localization.RequestLocalizationMiddleware|CookieRequestCultureProvider returned the following unsupported cultures 'en-US'. |url: http://localhost/js/jsTree.js|action: 
2023-01-18 15:39:34.7181|1|WARN|Microsoft.AspNetCore.Localization.RequestLocalizationMiddleware|CookieRequestCultureProvider returned the following unsupported cultures 'en-US'. |url: http://localhost/License/GetBusinessEntitiesforTreeView|action: 
2023-01-18 15:39:35.1548|1|WARN|Microsoft.AspNetCore.Localization.RequestLocalizationMiddleware|CookieRequestCultureProvider returned the following unsupported cultures 'en-US'. |url: http://localhost/images/jsTree/throbber.gif|action: 
2023-01-18 15:39:35.1723|1|WARN|Microsoft.AspNetCore.Localization.RequestLocalizationMiddleware|CookieRequestCultureProvider returned the following unsupported cultures 'en-US'. |url: http://localhost/images/jsTree/32px.png|action: 
2023-01-18 15:39:38.0162|1|WARN|Microsoft.AspNetCore.Localization.RequestLocalizationMiddleware|CookieRequestCultureProvider returned the following unsupported cultures 'en-US'. |url: http://localhost/License/GetBusinessEntityInfo|action: 
2023-01-18 15:41:38.4356|1|WARN|Microsoft.AspNetCore.Localization.RequestLocalizationMiddleware|CookieRequestCultureProvider returned the following unsupported cultures 'en-US'. |url: http://localhost/Configure/License/ECA_18_00|action: 
2023-01-18 15:41:42.7673|1|WARN|Microsoft.AspNetCore.Localization.RequestLocalizationMiddleware|CookieRequestCultureProvider returned the following unsupported cultures 'en-US'. |url: http://localhost/License/GetBusinessEntitiesforTreeView|action: 
2023-01-18 15:42:14.6464|1|WARN|Microsoft.AspNetCore.Localization.RequestLocalizationMiddleware|CookieRequestCultureProvider returned the following unsupported cultures 'en-US'. |url: http://localhost/Configure/License/ECA_18_00|action: 
2023-01-18 15:42:15.6998|1|WARN|Microsoft.AspNetCore.Localization.RequestLocalizationMiddleware|CookieRequestCultureProvider returned the following unsupported cultures 'en-US'. |url: http://localhost/css/ui.jqgrid.css|action: 
2023-01-18 15:42:15.6998|1|WARN|Microsoft.AspNetCore.Localization.RequestLocalizationMiddleware|CookieRequestCultureProvider returned the following unsupported cultures 'en-US'. |url: http://localhost/css/material.min.css|action: 
2023-01-18 15:42:15.7493|1|WARN|Microsoft.AspNetCore.Localization.RequestLocalizationMiddleware|CookieRequestCultureProvider returned the following unsupported cultures 'en-US'. |url: http://localhost/lib/bootstrap/dist/css/bootstrap.min.css|action: 
2023-01-18 15:42:15.6998|1|WARN|Microsoft.AspNetCore.Localization.RequestLocalizationMiddleware|CookieRequestCultureProvider returned the following unsupported cultures 'en-US'. |url: http://localhost/css/jquery-ui.min.css|action: 
2023-01-18 15:42:15.7883|1|WARN|Microsoft.AspNetCore.Localization.RequestLocalizationMiddleware|CookieRequestCultureProvider returned the following unsupported cultures 'en-US'. |url: http://localhost/css/animate.css|action: 
2023-01-18 15:42:15.8780|1|WARN|Microsoft.AspNetCore.Localization.RequestLocalizationMiddleware|CookieRequestCultureProvider returned the following unsupported cultures 'en-US'. |url: http://localhost/css/jqgridcustomstyle.css|action: 
2023-01-18 15:42:15.8882|1|WARN|Microsoft.AspNetCore.Localization.RequestLocalizationMiddleware|CookieRequestCultureProvider returned the following unsupported cultures 'en-US'. |url: http://localhost/css/all.min.css|action: 
2023-01-18 15:42:15.9480|1|WARN|Microsoft.AspNetCore.Localization.RequestLocalizationMiddleware|CookieRequestCultureProvider returned the following unsupported cultures 'en-US'. |url: http://localhost/css/master.css|action: 
2023-01-18 15:42:15.9984|1|WARN|Microsoft.AspNetCore.Localization.RequestLocalizationMiddleware|CookieRequestCultureProvider returned the following unsupported cultures 'en-US'. |url: http://localhost/css/esyafonts.css|action: 
2023-01-18 15:42:16.0658|1|WARN|Microsoft.AspNetCore.Localization.RequestLocalizationMiddleware|CookieRequestCultureProvider returned the following unsupported cultures 'en-US'. |url: http://localhost/lib/bootstrap/dist/js/jquery-3.2.1.min.js|action: 
2023-01-18 15:42:16.0439|1|WARN|Microsoft.AspNetCore.Localization.RequestLocalizationMiddleware|CookieRequestCultureProvider returned the following unsupported cultures 'en-US'. |url: http://localhost/css/site.css|action: 
2023-01-18 15:42:16.1198|1|WARN|Microsoft.AspNetCore.Localization.RequestLocalizationMiddleware|CookieRequestCultureProvider returned the following unsupported cultures 'en-US'. |url: http://localhost/lib/bootstrap/dist/js/popper.min.js|action: 
2023-01-18 15:42:16.1385|1|WARN|Microsoft.AspNetCore.Localization.RequestLocalizationMiddleware|CookieRequestCultureProvider returned the following unsupported cultures 'en-US'. |url: http://localhost/lib/jquery/dist/jquery.js|action: 
2023-01-18 15:42:16.2184|1|WARN|Microsoft.AspNetCore.Localization.RequestLocalizationMiddleware|CookieRequestCultureProvider returned the following unsupported cultures 'en-US'. |url: http://localhost/lib/bootstrap/dist/js/bootstrap.min.js|action: 
2023-01-18 15:42:16.1708|1|WARN|Microsoft.AspNetCore.Localization.RequestLocalizationMiddleware|CookieRequestCultureProvider returned the following unsupported cultures 'en-US'. |url: http://localhost/css/bootstrap-select.css|action: 
2023-01-18 15:42:16.1708|1|WARN|Microsoft.AspNetCore.Localization.RequestLocalizationMiddleware|CookieRequestCultureProvider returned the following unsupported cultures 'en-US'. |url: http://localhost/css/esyaTheme.css|action: 
2023-01-18 15:42:16.2848|1|WARN|Microsoft.AspNetCore.Localization.RequestLocalizationMiddleware|CookieRequestCultureProvider returned the following unsupported cultures 'en-US'. |url: http://localhost/js/material.min.js|action: 
2023-01-18 15:42:16.3835|1|WARN|Microsoft.AspNetCore.Localization.RequestLocalizationMiddleware|CookieRequestCultureProvider returned the following unsupported cultures 'en-US'. |url: http://localhost/js/all.min.js|action: 
2023-01-18 15:42:16.5122|1|WARN|Microsoft.AspNetCore.Localization.RequestLocalizationMiddleware|CookieRequestCultureProvider returned the following unsupported cultures 'en-US'. |url: http://localhost/js/jquery.jqGrid.min.js|action: 
2023-01-18 15:42:16.5468|1|WARN|Microsoft.AspNetCore.Localization.RequestLocalizationMiddleware|CookieRequestCultureProvider returned the following unsupported cultures 'en-US'. |url: http://localhost/js/bootbox.min.js|action: 
2023-01-18 15:42:16.6067|1|WARN|Microsoft.AspNetCore.Localization.RequestLocalizationMiddleware|CookieRequestCultureProvider returned the following unsupported cultures 'en-US'. |url: http://localhost/js/i18n/grid.locale-en.js|action: 
2023-01-18 15:42:16.5697|1|WARN|Microsoft.AspNetCore.Localization.RequestLocalizationMiddleware|CookieRequestCultureProvider returned the following unsupported cultures 'en-US'. |url: http://localhost/js/jquery-ui.min.js|action: 
2023-01-18 15:42:16.6582|1|WARN|Microsoft.AspNetCore.Localization.RequestLocalizationMiddleware|CookieRequestCultureProvider returned the following unsupported cultures 'en-US'. |url: http://localhost/js/bootstrap-select.js|action: 
2023-01-18 15:42:16.7708|1|WARN|Microsoft.AspNetCore.Localization.RequestLocalizationMiddleware|CookieRequestCultureProvider returned the following unsupported cultures 'en-US'. |url: http://localhost/js/jquery.sessionTimeout.js|action: 
2023-01-18 15:42:16.9826|1|WARN|Microsoft.AspNetCore.Localization.RequestLocalizationMiddleware|CookieRequestCultureProvider returned the following unsupported cultures 'en-US'. |url: http://localhost/css/jsTree.css|action: 
2023-01-18 15:42:16.9963|1|WARN|Microsoft.AspNetCore.Localization.RequestLocalizationMiddleware|CookieRequestCultureProvider returned the following unsupported cultures 'en-US'. |url: http://localhost/js/toastr.min.js|action: 
2023-01-18 15:42:17.2365|1|WARN|Microsoft.AspNetCore.Localization.RequestLocalizationMiddleware|CookieRequestCultureProvider returned the following unsupported cultures 'en-US'. |url: http://localhost/css/toastr.min.css|action: 
2023-01-18 15:42:17.4030|1|WARN|Microsoft.AspNetCore.Localization.RequestLocalizationMiddleware|CookieRequestCultureProvider returned the following unsupported cultures 'en-US'. |url: http://localhost/js/Inputmask/jquery.inputmask.js|action: 
2023-01-18 15:42:17.4222|1|WARN|Microsoft.AspNetCore.Localization.RequestLocalizationMiddleware|CookieRequestCultureProvider returned the following unsupported cultures 'en-US'. |url: http://localhost/js/utility/cf-input-validation.js|action: 
2023-01-18 15:42:17.4222|1|WARN|Microsoft.AspNetCore.Localization.RequestLocalizationMiddleware|CookieRequestCultureProvider returned the following unsupported cultures 'en-US'. |url: http://localhost/js/Inputmask/bindings/inputmask.binding.js|action: 
2023-01-18 15:42:17.4568|1|WARN|Microsoft.AspNetCore.Localization.RequestLocalizationMiddleware|CookieRequestCultureProvider returned the following unsupported cultures 'en-US'. |url: http://localhost/js/Inputmask/inputmask.js|action: 
2023-01-18 15:42:17.5746|1|WARN|Microsoft.AspNetCore.Localization.RequestLocalizationMiddleware|CookieRequestCultureProvider returned the following unsupported cultures 'en-US'. |url: http://localhost/js/jsTree.js|action: 
2023-01-18 15:42:17.6872|1|WARN|Microsoft.AspNetCore.Localization.RequestLocalizationMiddleware|CookieRequestCultureProvider returned the following unsupported cultures 'en-US'. |url: http://localhost/fonts/fa-solid-900.woff2|action: 
2023-01-18 15:42:17.7545|1|WARN|Microsoft.AspNetCore.Localization.RequestLocalizationMiddleware|CookieRequestCultureProvider returned the following unsupported cultures 'en-US'. |url: http://localhost/fonts/Helvetica.ttf|action: 
2023-01-18 15:42:17.8797|1|WARN|Microsoft.AspNetCore.Localization.RequestLocalizationMiddleware|CookieRequestCultureProvider returned the following unsupported cultures 'en-US'. |url: http://localhost/fonts/fa-regular-400.woff2|action: 
2023-01-18 15:42:17.9067|1|WARN|Microsoft.AspNetCore.Localization.RequestLocalizationMiddleware|CookieRequestCultureProvider returned the following unsupported cultures 'en-US'. |url: http://localhost/js/Inputmask/inputmask-userdefined.js|action: 
2023-01-18 15:42:17.9561|1|WARN|Microsoft.AspNetCore.Localization.RequestLocalizationMiddleware|CookieRequestCultureProvider returned the following unsupported cultures 'en-US'. |url: http://localhost/js/utility/cf-input-validation.js|action: 
2023-01-18 15:42:17.9220|1|WARN|Microsoft.AspNetCore.Localization.RequestLocalizationMiddleware|CookieRequestCultureProvider returned the following unsupported cultures 'en-US'. |url: http://localhost/images/logo/esya-logo-whitebg.jpeg|action: 
2023-01-18 15:42:18.1405|1|WARN|Microsoft.AspNetCore.Localization.RequestLocalizationMiddleware|CookieRequestCultureProvider returned the following unsupported cultures 'en-US'. |url: http://localhost/favicon.ico|action: 
2023-01-18 15:42:18.1621|1|WARN|Microsoft.AspNetCore.Localization.RequestLocalizationMiddleware|CookieRequestCultureProvider returned the following unsupported cultures 'en-US'. |url: http://localhost/License/GetBusinessEntitiesforTreeView|action: 
2023-01-18 15:42:18.5670|1|WARN|Microsoft.AspNetCore.Localization.RequestLocalizationMiddleware|CookieRequestCultureProvider returned the following unsupported cultures 'en-US'. |url: http://localhost/images/jsTree/throbber.gif|action: 
2023-01-18 15:42:18.6229|1|WARN|Microsoft.AspNetCore.Localization.RequestLocalizationMiddleware|CookieRequestCultureProvider returned the following unsupported cultures 'en-US'. |url: http://localhost/images/jsTree/32px.png|action: 
2023-01-18 15:42:56.3959|1|WARN|Microsoft.AspNetCore.Localization.RequestLocalizationMiddleware|CookieRequestCultureProvider returned the following unsupported cultures 'en-US'. |url: http://localhost/Configure/License/ECA_18_00|action: 
2023-01-18 15:42:57.6396|1|WARN|Microsoft.AspNetCore.Localization.RequestLocalizationMiddleware|CookieRequestCultureProvider returned the following unsupported cultures 'en-US'. |url: http://localhost/css/animate.css|action: 
2023-01-18 15:42:57.6396|1|WARN|Microsoft.AspNetCore.Localization.RequestLocalizationMiddleware|CookieRequestCultureProvider returned the following unsupported cultures 'en-US'. |url: http://localhost/css/all.min.css|action: 
2023-01-18 15:42:57.6562|1|WARN|Microsoft.AspNetCore.Localization.RequestLocalizationMiddleware|CookieRequestCultureProvider returned the following unsupported cultures 'en-US'. |url: http://localhost/css/ui.jqgrid.css|action: 
2023-01-18 15:42:57.7635|1|WARN|Microsoft.AspNetCore.Localization.RequestLocalizationMiddleware|CookieRequestCultureProvider returned the following unsupported cultures 'en-US'. |url: http://localhost/css/jqgridcustomstyle.css|action: 
2023-01-18 15:42:57.7635|1|WARN|Microsoft.AspNetCore.Localization.RequestLocalizationMiddleware|CookieRequestCultureProvider returned the following unsupported cultures 'en-US'. |url: http://localhost/css/site.css|action: 
2023-01-18 15:42:57.7798|1|WARN|Microsoft.AspNetCore.Localization.RequestLocalizationMiddleware|CookieRequestCultureProvider returned the following unsupported cultures 'en-US'. |url: http://localhost/css/bootstrap-select.css|action: 
2023-01-18 15:42:57.8723|1|WARN|Microsoft.AspNetCore.Localization.RequestLocalizationMiddleware|CookieRequestCultureProvider returned the following unsupported cultures 'en-US'. |url: http://localhost/css/master.css|action: 
2023-01-18 15:42:57.8723|1|WARN|Microsoft.AspNetCore.Localization.RequestLocalizationMiddleware|CookieRequestCultureProvider returned the following unsupported cultures 'en-US'. |url: http://localhost/css/esyafonts.css|action: 
2023-01-18 15:42:57.8872|1|WARN|Microsoft.AspNetCore.Localization.RequestLocalizationMiddleware|CookieRequestCultureProvider returned the following unsupported cultures 'en-US'. |url: http://localhost/css/esyaTheme.css|action: 
2023-01-18 15:42:57.9651|1|WARN|Microsoft.AspNetCore.Localization.RequestLocalizationMiddleware|CookieRequestCultureProvider returned the following unsupported cultures 'en-US'. |url: http://localhost/lib/jquery/dist/jquery.js|action: 
2023-01-18 15:42:57.9799|1|WARN|Microsoft.AspNetCore.Localization.RequestLocalizationMiddleware|CookieRequestCultureProvider returned the following unsupported cultures 'en-US'. |url: http://localhost/lib/bootstrap/dist/js/jquery-3.2.1.min.js|action: 
2023-01-18 15:42:57.9799|1|WARN|Microsoft.AspNetCore.Localization.RequestLocalizationMiddleware|CookieRequestCultureProvider returned the following unsupported cultures 'en-US'. |url: http://localhost/lib/bootstrap/dist/js/popper.min.js|action: 
2023-01-18 15:42:58.0634|1|WARN|Microsoft.AspNetCore.Localization.RequestLocalizationMiddleware|CookieRequestCultureProvider returned the following unsupported cultures 'en-US'. |url: http://localhost/css/jquery-ui.min.css|action: 
2023-01-18 15:42:57.6216|1|WARN|Microsoft.AspNetCore.Localization.RequestLocalizationMiddleware|CookieRequestCultureProvider returned the following unsupported cultures 'en-US'. |url: http://localhost/lib/bootstrap/dist/css/bootstrap.min.css|action: 
2023-01-18 15:42:58.1380|1|WARN|Microsoft.AspNetCore.Localization.RequestLocalizationMiddleware|CookieRequestCultureProvider returned the following unsupported cultures 'en-US'. |url: http://localhost/css/material.min.css|action: 
2023-01-18 15:42:58.1863|1|WARN|Microsoft.AspNetCore.Localization.RequestLocalizationMiddleware|CookieRequestCultureProvider returned the following unsupported cultures 'en-US'. |url: http://localhost/js/material.min.js|action: 
2023-01-18 15:42:58.2018|1|WARN|Microsoft.AspNetCore.Localization.RequestLocalizationMiddleware|CookieRequestCultureProvider returned the following unsupported cultures 'en-US'. |url: http://localhost/js/jquery-ui.min.js|action: 
2023-01-18 15:42:58.2225|1|WARN|Microsoft.AspNetCore.Localization.RequestLocalizationMiddleware|CookieRequestCultureProvider returned the following unsupported cultures 'en-US'. |url: http://localhost/js/all.min.js|action: 
2023-01-18 15:42:58.3168|1|WARN|Microsoft.AspNetCore.Localization.RequestLocalizationMiddleware|CookieRequestCultureProvider returned the following unsupported cultures 'en-US'. |url: http://localhost/js/i18n/grid.locale-en.js|action: 
2023-01-18 15:42:58.3168|1|WARN|Microsoft.AspNetCore.Localization.RequestLocalizationMiddleware|CookieRequestCultureProvider returned the following unsupported cultures 'en-US'. |url: http://localhost/lib/bootstrap/dist/js/bootstrap.min.js|action: 
2023-01-18 15:42:58.3447|1|WARN|Microsoft.AspNetCore.Localization.RequestLocalizationMiddleware|CookieRequestCultureProvider returned the following unsupported cultures 'en-US'. |url: http://localhost/js/bootstrap-select.js|action: 
2023-01-18 15:42:58.4843|1|WARN|Microsoft.AspNetCore.Localization.RequestLocalizationMiddleware|CookieRequestCultureProvider returned the following unsupported cultures 'en-US'. |url: http://localhost/js/jquery.sessionTimeout.js|action: 
2023-01-18 15:42:58.4843|1|WARN|Microsoft.AspNetCore.Localization.RequestLocalizationMiddleware|CookieRequestCultureProvider returned the following unsupported cultures 'en-US'. |url: http://localhost/js/bootbox.min.js|action: 
2023-01-18 15:42:58.5335|1|WARN|Microsoft.AspNetCore.Localization.RequestLocalizationMiddleware|CookieRequestCultureProvider returned the following unsupported cultures 'en-US'. |url: http://localhost/js/toastr.min.js|action: 
2023-01-18 15:42:58.5917|1|WARN|Microsoft.AspNetCore.Localization.RequestLocalizationMiddleware|CookieRequestCultureProvider returned the following unsupported cultures 'en-US'. |url: http://localhost/css/toastr.min.css|action: 
2023-01-18 15:42:58.6120|1|WARN|Microsoft.AspNetCore.Localization.RequestLocalizationMiddleware|CookieRequestCultureProvider returned the following unsupported cultures 'en-US'. |url: http://localhost/js/Inputmask/inputmask.js|action: 
2023-01-18 15:42:58.6457|1|WARN|Microsoft.AspNetCore.Localization.RequestLocalizationMiddleware|CookieRequestCultureProvider returned the following unsupported cultures 'en-US'. |url: http://localhost/js/Inputmask/jquery.inputmask.js|action: 
2023-01-18 15:42:58.4991|1|WARN|Microsoft.AspNetCore.Localization.RequestLocalizationMiddleware|CookieRequestCultureProvider returned the following unsupported cultures 'en-US'. |url: http://localhost/css/jsTree.css|action: 
2023-01-18 15:42:58.7165|1|WARN|Microsoft.AspNetCore.Localization.RequestLocalizationMiddleware|CookieRequestCultureProvider returned the following unsupported cultures 'en-US'. |url: http://localhost/js/Inputmask/bindings/inputmask.binding.js|action: 
2023-01-18 15:42:58.7806|1|WARN|Microsoft.AspNetCore.Localization.RequestLocalizationMiddleware|CookieRequestCultureProvider returned the following unsupported cultures 'en-US'. |url: http://localhost/js/utility/cf-input-validation.js|action: 
2023-01-18 15:42:58.7925|1|WARN|Microsoft.AspNetCore.Localization.RequestLocalizationMiddleware|CookieRequestCultureProvider returned the following unsupported cultures 'en-US'. |url: http://localhost/js/Inputmask/inputmask-userdefined.js|action: 
2023-01-18 15:42:58.4676|1|WARN|Microsoft.AspNetCore.Localization.RequestLocalizationMiddleware|CookieRequestCultureProvider returned the following unsupported cultures 'en-US'. |url: http://localhost/js/jquery.jqGrid.min.js|action: 
2023-01-18 15:42:58.8567|1|WARN|Microsoft.AspNetCore.Localization.RequestLocalizationMiddleware|CookieRequestCultureProvider returned the following unsupported cultures 'en-US'. |url: http://localhost/js/jsTree.js|action: 
2023-01-18 15:42:59.0932|1|WARN|Microsoft.AspNetCore.Localization.RequestLocalizationMiddleware|CookieRequestCultureProvider returned the following unsupported cultures 'en-US'. |url: http://localhost/fonts/fa-solid-900.woff2|action: 
2023-01-18 15:42:59.1213|1|WARN|Microsoft.AspNetCore.Localization.RequestLocalizationMiddleware|CookieRequestCultureProvider returned the following unsupported cultures 'en-US'. |url: http://localhost/fonts/Helvetica.ttf|action: 
2023-01-18 15:42:59.1549|1|WARN|Microsoft.AspNetCore.Localization.RequestLocalizationMiddleware|CookieRequestCultureProvider returned the following unsupported cultures 'en-US'. |url: http://localhost/js/utility/cf-input-validation.js|action: 
2023-01-18 15:42:59.0932|1|WARN|Microsoft.AspNetCore.Localization.RequestLocalizationMiddleware|CookieRequestCultureProvider returned the following unsupported cultures 'en-US'. |url: http://localhost/images/logo/esya-logo-whitebg.jpeg|action: 
2023-01-18 15:42:59.1085|1|WARN|Microsoft.AspNetCore.Localization.RequestLocalizationMiddleware|CookieRequestCultureProvider returned the following unsupported cultures 'en-US'. |url: http://localhost/fonts/fa-regular-400.woff2|action: 
2023-01-18 15:42:59.3769|1|WARN|Microsoft.AspNetCore.Localization.RequestLocalizationMiddleware|CookieRequestCultureProvider returned the following unsupported cultures 'en-US'. |url: http://localhost/License/GetBusinessEntitiesforTreeView|action: 
2023-01-18 15:42:59.3769|1|WARN|Microsoft.AspNetCore.Localization.RequestLocalizationMiddleware|CookieRequestCultureProvider returned the following unsupported cultures 'en-US'. |url: http://localhost/favicon.ico|action: 
2023-01-18 15:42:59.8276|1|WARN|Microsoft.AspNetCore.Localization.RequestLocalizationMiddleware|CookieRequestCultureProvider returned the following unsupported cultures 'en-US'. |url: http://localhost/images/jsTree/throbber.gif|action: 
2023-01-18 15:42:59.9346|1|WARN|Microsoft.AspNetCore.Localization.RequestLocalizationMiddleware|CookieRequestCultureProvider returned the following unsupported cultures 'en-US'. |url: http://localhost/images/jsTree/32px.png|action: 
2023-01-18 15:43:29.0911|1|WARN|Microsoft.AspNetCore.Localization.RequestLocalizationMiddleware|CookieRequestCultureProvider returned the following unsupported cultures 'en-US'. |url: http://localhost/License/GetBusinessEntityInfo|action: 
