2023-03-14 15:28:55.6006|1|WARN|Microsoft.AspNetCore.Localization.RequestLocalizationMiddleware|CookieRequestCultureProvider returned the following unsupported cultures 'en-US'. |url: http://localhost/|action: 
2023-03-14 15:28:55.6772|3|WARN|Microsoft.AspNetCore.HttpsPolicy.HttpsRedirectionMiddleware|Failed to determine the https port for redirect. |url: http://localhost/|action: 
2023-03-14 15:29:01.4378|1|WARN|Microsoft.AspNetCore.Localization.RequestLocalizationMiddleware|CookieRequestCultureProvider returned the following unsupported cultures 'en-US'. |url: http://localhost/lib/bootstrap/dist/js/jquery-3.2.1.min.js|action: 
2023-03-14 15:29:01.4974|1|WARN|Microsoft.AspNetCore.Localization.RequestLocalizationMiddleware|CookieRequestCultureProvider returned the following unsupported cultures 'en-US'. |url: http://localhost/lib/bootstrap/dist/css/bootstrap.min.css|action: 
2023-03-14 15:29:01.5438|1|WARN|Microsoft.AspNetCore.Localization.RequestLocalizationMiddleware|CookieRequestCultureProvider returned the following unsupported cultures 'en-US'. |url: http://localhost/js/Inputmask/bindings/inputmask.binding.js|action: 
2023-03-14 15:29:01.5438|1|WARN|Microsoft.AspNetCore.Localization.RequestLocalizationMiddleware|CookieRequestCultureProvider returned the following unsupported cultures 'en-US'. |url: http://localhost/css/bootstrap-select.css|action: 
2023-03-14 15:29:01.6100|1|WARN|Microsoft.AspNetCore.Localization.RequestLocalizationMiddleware|CookieRequestCultureProvider returned the following unsupported cultures 'en-US'. |url: http://localhost/css/material.min.css|action: 
2023-03-14 15:29:01.6214|1|WARN|Microsoft.AspNetCore.Localization.RequestLocalizationMiddleware|CookieRequestCultureProvider returned the following unsupported cultures 'en-US'. |url: http://localhost/css/animate.css|action: 
2023-03-14 15:29:01.7793|1|WARN|Microsoft.AspNetCore.Localization.RequestLocalizationMiddleware|CookieRequestCultureProvider returned the following unsupported cultures 'en-US'. |url: http://localhost/css/all.min.css|action: 
2023-03-14 15:29:01.7974|1|WARN|Microsoft.AspNetCore.Localization.RequestLocalizationMiddleware|CookieRequestCultureProvider returned the following unsupported cultures 'en-US'. |url: http://localhost/lib/jquery/dist/jquery.js|action: 
2023-03-14 15:29:01.8150|1|WARN|Microsoft.AspNetCore.Localization.RequestLocalizationMiddleware|CookieRequestCultureProvider returned the following unsupported cultures 'en-US'. |url: http://localhost/lib/bootstrap/dist/js/bootstrap.min.js|action: 
2023-03-14 15:29:01.9055|1|WARN|Microsoft.AspNetCore.Localization.RequestLocalizationMiddleware|CookieRequestCultureProvider returned the following unsupported cultures 'en-US'. |url: http://localhost/js/material.min.js|action: 
2023-03-14 15:29:01.7712|1|WARN|Microsoft.AspNetCore.Localization.RequestLocalizationMiddleware|CookieRequestCultureProvider returned the following unsupported cultures 'en-US'. |url: http://localhost/css/esyaTheme.css|action: 
2023-03-14 15:29:01.9680|1|WARN|Microsoft.AspNetCore.Localization.RequestLocalizationMiddleware|CookieRequestCultureProvider returned the following unsupported cultures 'en-US'. |url: http://localhost/js/all.min.js|action: 
2023-03-14 15:29:01.9863|1|WARN|Microsoft.AspNetCore.Localization.RequestLocalizationMiddleware|CookieRequestCultureProvider returned the following unsupported cultures 'en-US'. |url: http://localhost/js/jquery-ui.min.js|action: 
2023-03-14 15:29:02.0675|1|WARN|Microsoft.AspNetCore.Localization.RequestLocalizationMiddleware|CookieRequestCultureProvider returned the following unsupported cultures 'en-US'. |url: http://localhost/js/i18n/grid.locale-en.js|action: 
2023-03-14 15:29:02.0870|1|WARN|Microsoft.AspNetCore.Localization.RequestLocalizationMiddleware|CookieRequestCultureProvider returned the following unsupported cultures 'en-US'. |url: http://localhost/js/bootstrap-select.js|action: 
2023-03-14 15:29:02.1558|1|WARN|Microsoft.AspNetCore.Localization.RequestLocalizationMiddleware|CookieRequestCultureProvider returned the following unsupported cultures 'en-US'. |url: http://localhost/js/jquery.jqGrid.min.js|action: 
2023-03-14 15:29:02.2424|1|WARN|Microsoft.AspNetCore.Localization.RequestLocalizationMiddleware|CookieRequestCultureProvider returned the following unsupported cultures 'en-US'. |url: http://localhost/js/Inputmask/inputmask.js|action: 
2023-03-14 15:29:02.2617|1|WARN|Microsoft.AspNetCore.Localization.RequestLocalizationMiddleware|CookieRequestCultureProvider returned the following unsupported cultures 'en-US'. |url: http://localhost/css/esyafonts.css|action: 
2023-03-14 15:29:02.2815|1|WARN|Microsoft.AspNetCore.Localization.RequestLocalizationMiddleware|CookieRequestCultureProvider returned the following unsupported cultures 'en-US'. |url: http://localhost/js/Inputmask/jquery.inputmask.js|action: 
2023-03-14 15:29:02.3984|1|WARN|Microsoft.AspNetCore.Localization.RequestLocalizationMiddleware|CookieRequestCultureProvider returned the following unsupported cultures 'en-US'. |url: http://localhost/css/login.css|action: 
2023-03-14 15:29:02.4696|1|WARN|Microsoft.AspNetCore.Localization.RequestLocalizationMiddleware|CookieRequestCultureProvider returned the following unsupported cultures 'en-US'. |url: http://localhost/images/esya-products-yellow-with-footer.jpg|action: 
2023-03-14 15:29:02.4789|1|WARN|Microsoft.AspNetCore.Localization.RequestLocalizationMiddleware|CookieRequestCultureProvider returned the following unsupported cultures 'en-US'. |url: http://localhost/images/logo/esya-logo-black.png|action: 
2023-03-14 15:29:02.6533|1|WARN|Microsoft.AspNetCore.Localization.RequestLocalizationMiddleware|CookieRequestCultureProvider returned the following unsupported cultures 'en-US'. |url: http://localhost/js/bootbox.min.js|action: 
2023-03-14 15:29:02.6885|1|WARN|Microsoft.AspNetCore.Localization.RequestLocalizationMiddleware|CookieRequestCultureProvider returned the following unsupported cultures 'en-US'. |url: http://localhost/lib/bootstrap/dist/js/popper.min.js|action: 
2023-03-14 15:29:02.8173|1|WARN|Microsoft.AspNetCore.Localization.RequestLocalizationMiddleware|CookieRequestCultureProvider returned the following unsupported cultures 'en-US'. |url: http://localhost/fonts/fa-solid-900.woff2|action: 
2023-03-14 15:29:02.8644|1|WARN|Microsoft.AspNetCore.Localization.RequestLocalizationMiddleware|CookieRequestCultureProvider returned the following unsupported cultures 'en-US'. |url: http://localhost/fonts/esyaFonts/Roboto/Roboto-Regular.ttf|action: 
2023-03-14 15:29:02.9222|1|WARN|Microsoft.AspNetCore.Localization.RequestLocalizationMiddleware|CookieRequestCultureProvider returned the following unsupported cultures 'en-US'. |url: http://localhost/fonts/Helvetica.ttf|action: 
2023-03-14 15:29:03.0597|1|WARN|Microsoft.AspNetCore.Localization.RequestLocalizationMiddleware|CookieRequestCultureProvider returned the following unsupported cultures 'en-US'. |url: http://localhost/favicon.ico|action: 
2023-03-14 15:29:11.7238|1|WARN|Microsoft.AspNetCore.Localization.RequestLocalizationMiddleware|CookieRequestCultureProvider returned the following unsupported cultures 'en-US'. |url: http://localhost/|action: 
2023-03-14 15:29:13.0152|1|WARN|Microsoft.AspNetCore.Localization.RequestLocalizationMiddleware|CookieRequestCultureProvider returned the following unsupported cultures 'en-US'. |url: http://localhost/Home|action: 
2023-03-14 15:29:14.8269|1|WARN|Microsoft.AspNetCore.Localization.RequestLocalizationMiddleware|CookieRequestCultureProvider returned the following unsupported cultures 'en-US'. |url: http://localhost/images/logo/esya-logo-whitebg.jpeg|action: 
2023-03-14 15:29:14.8269|1|WARN|Microsoft.AspNetCore.Localization.RequestLocalizationMiddleware|CookieRequestCultureProvider returned the following unsupported cultures 'en-US'. |url: http://localhost/css/ui.jqgrid.css|action: 
2023-03-14 15:29:14.8508|1|WARN|Microsoft.AspNetCore.Localization.RequestLocalizationMiddleware|CookieRequestCultureProvider returned the following unsupported cultures 'en-US'. |url: http://localhost/css/jquery-ui.min.css|action: 
2023-03-14 15:29:14.9797|1|WARN|Microsoft.AspNetCore.Localization.RequestLocalizationMiddleware|CookieRequestCultureProvider returned the following unsupported cultures 'en-US'. |url: http://localhost/css/toastr.min.css|action: 
2023-03-14 15:29:15.0274|1|WARN|Microsoft.AspNetCore.Localization.RequestLocalizationMiddleware|CookieRequestCultureProvider returned the following unsupported cultures 'en-US'. |url: http://localhost/css/site.css|action: 
2023-03-14 15:29:15.0274|1|WARN|Microsoft.AspNetCore.Localization.RequestLocalizationMiddleware|CookieRequestCultureProvider returned the following unsupported cultures 'en-US'. |url: http://localhost/js/jquery.sessionTimeout.js|action: 
2023-03-14 15:29:15.1066|1|WARN|Microsoft.AspNetCore.Localization.RequestLocalizationMiddleware|CookieRequestCultureProvider returned the following unsupported cultures 'en-US'. |url: http://localhost/js/toastr.min.js|action: 
2023-03-14 15:29:15.0746|1|WARN|Microsoft.AspNetCore.Localization.RequestLocalizationMiddleware|CookieRequestCultureProvider returned the following unsupported cultures 'en-US'. |url: http://localhost/css/master.css|action: 
2023-03-14 15:29:15.1417|1|WARN|Microsoft.AspNetCore.Localization.RequestLocalizationMiddleware|CookieRequestCultureProvider returned the following unsupported cultures 'en-US'. |url: http://localhost/js/Inputmask/inputmask-userdefined.js|action: 
2023-03-14 15:29:15.2956|1|WARN|Microsoft.AspNetCore.Localization.RequestLocalizationMiddleware|CookieRequestCultureProvider returned the following unsupported cultures 'en-US'. |url: http://localhost/css/jqgridcustomstyle.css|action: 
2023-03-14 15:29:15.3316|1|WARN|Microsoft.AspNetCore.Localization.RequestLocalizationMiddleware|CookieRequestCultureProvider returned the following unsupported cultures 'en-US'. |url: http://localhost/js/utility/cf-input-validation.js|action: 
2023-03-14 15:29:15.4559|1|WARN|Microsoft.AspNetCore.Localization.RequestLocalizationMiddleware|CookieRequestCultureProvider returned the following unsupported cultures 'en-US'. |url: http://localhost/images/gtpl_logo.jpg|action: 
2023-03-14 15:29:15.4650|1|WARN|Microsoft.AspNetCore.Localization.RequestLocalizationMiddleware|CookieRequestCultureProvider returned the following unsupported cultures 'en-US'. |url: http://localhost/fonts/fa-regular-400.woff2|action: 
2023-03-14 15:29:15.5882|1|WARN|Microsoft.AspNetCore.Localization.RequestLocalizationMiddleware|CookieRequestCultureProvider returned the following unsupported cultures 'en-US'. |url: http://localhost/json/errormessage.json|action: 
2023-03-14 15:29:15.5882|1|WARN|Microsoft.AspNetCore.Localization.RequestLocalizationMiddleware|CookieRequestCultureProvider returned the following unsupported cultures 'en-US'. |url: http://localhost/json/menuitem.json|action: 
2023-03-14 15:29:24.2434|1|WARN|Microsoft.AspNetCore.Localization.RequestLocalizationMiddleware|CookieRequestCultureProvider returned the following unsupported cultures 'en-US'. |url: http://localhost/DoctorScheduler/Appointment/EDA_01_00|action: 
2023-03-14 15:29:30.9340|1|WARN|Microsoft.AspNetCore.Localization.RequestLocalizationMiddleware|CookieRequestCultureProvider returned the following unsupported cultures 'en-US'. |url: http://localhost/css/eSyaOutPatient/Scheduler.css|action: 
2023-03-14 15:29:30.9340|1|WARN|Microsoft.AspNetCore.Localization.RequestLocalizationMiddleware|CookieRequestCultureProvider returned the following unsupported cultures 'en-US'. |url: http://localhost/js/fullcalendar/daygrid/main.css|action: 
2023-03-14 15:29:30.9582|1|WARN|Microsoft.AspNetCore.Localization.RequestLocalizationMiddleware|CookieRequestCultureProvider returned the following unsupported cultures 'en-US'. |url: http://localhost/js/fullcalendar/core/main.css|action: 
2023-03-14 15:29:31.0306|1|WARN|Microsoft.AspNetCore.Localization.RequestLocalizationMiddleware|CookieRequestCultureProvider returned the following unsupported cultures 'en-US'. |url: http://localhost/js/fullcalendar/list/main.css|action: 
2023-03-14 15:29:31.0490|1|WARN|Microsoft.AspNetCore.Localization.RequestLocalizationMiddleware|CookieRequestCultureProvider returned the following unsupported cultures 'en-US'. |url: http://localhost/js/fullcalendar/timegrid/main.css|action: 
2023-03-14 15:29:30.9179|1|WARN|Microsoft.AspNetCore.Localization.RequestLocalizationMiddleware|CookieRequestCultureProvider returned the following unsupported cultures 'en-US'. |url: http://localhost/css/bottom-sheets.css|action: 
2023-03-14 15:29:31.1074|1|WARN|Microsoft.AspNetCore.Localization.RequestLocalizationMiddleware|CookieRequestCultureProvider returned the following unsupported cultures 'en-US'. |url: http://localhost/js/fullcalendar/pm/resource-timeline/main.css|action: 
2023-03-14 15:29:31.2795|1|WARN|Microsoft.AspNetCore.Localization.RequestLocalizationMiddleware|CookieRequestCultureProvider returned the following unsupported cultures 'en-US'. |url: http://localhost/js/fullcalendar/daygrid/main.js|action: 
2023-03-14 15:29:31.2984|1|WARN|Microsoft.AspNetCore.Localization.RequestLocalizationMiddleware|CookieRequestCultureProvider returned the following unsupported cultures 'en-US'. |url: http://localhost/js/fullcalendar/timegrid/main.js|action: 
2023-03-14 15:29:31.2795|1|WARN|Microsoft.AspNetCore.Localization.RequestLocalizationMiddleware|CookieRequestCultureProvider returned the following unsupported cultures 'en-US'. |url: http://localhost/js/fullcalendar/bootstrap/main.css|action: 
2023-03-14 15:29:31.3109|1|WARN|Microsoft.AspNetCore.Localization.RequestLocalizationMiddleware|CookieRequestCultureProvider returned the following unsupported cultures 'en-US'. |url: http://localhost/js/fullcalendar/core/locales-all.min.js|action: 
2023-03-14 15:29:31.3386|1|WARN|Microsoft.AspNetCore.Localization.RequestLocalizationMiddleware|CookieRequestCultureProvider returned the following unsupported cultures 'en-US'. |url: http://localhost/js/fullcalendar/interaction/main.js|action: 
2023-03-14 15:29:31.4653|1|WARN|Microsoft.AspNetCore.Localization.RequestLocalizationMiddleware|CookieRequestCultureProvider returned the following unsupported cultures 'en-US'. |url: http://localhost/js/fullcalendar/pm/timeline/main.css|action: 
2023-03-14 15:29:31.5333|1|WARN|Microsoft.AspNetCore.Localization.RequestLocalizationMiddleware|CookieRequestCultureProvider returned the following unsupported cultures 'en-US'. |url: http://localhost/js/fullcalendar/list/main.js|action: 
2023-03-14 15:29:31.5894|1|WARN|Microsoft.AspNetCore.Localization.RequestLocalizationMiddleware|CookieRequestCultureProvider returned the following unsupported cultures 'en-US'. |url: http://localhost/js/fullcalendar/pm/resource-common/main.js|action: 
2023-03-14 15:29:31.6202|1|WARN|Microsoft.AspNetCore.Localization.RequestLocalizationMiddleware|CookieRequestCultureProvider returned the following unsupported cultures 'en-US'. |url: http://localhost/js/fullcalendar/bootstrap/main.js|action: 
2023-03-14 15:29:31.6370|1|WARN|Microsoft.AspNetCore.Localization.RequestLocalizationMiddleware|CookieRequestCultureProvider returned the following unsupported cultures 'en-US'. |url: http://localhost/js/fullcalendar/pm/resource-timegrid/main.js|action: 
2023-03-14 15:29:31.7315|1|WARN|Microsoft.AspNetCore.Localization.RequestLocalizationMiddleware|CookieRequestCultureProvider returned the following unsupported cultures 'en-US'. |url: http://localhost/js/fullcalendar/pm/timeline/main.js|action: 
2023-03-14 15:29:31.7565|1|WARN|Microsoft.AspNetCore.Localization.RequestLocalizationMiddleware|CookieRequestCultureProvider returned the following unsupported cultures 'en-US'. |url: http://localhost/js/fullcalendar/pm/resource-daygrid/main.js|action: 
2023-03-14 15:29:31.8245|1|WARN|Microsoft.AspNetCore.Localization.RequestLocalizationMiddleware|CookieRequestCultureProvider returned the following unsupported cultures 'en-US'. |url: http://localhost/js/fullcalendar/core/main.js|action: 
2023-03-14 15:29:31.8245|1|WARN|Microsoft.AspNetCore.Localization.RequestLocalizationMiddleware|CookieRequestCultureProvider returned the following unsupported cultures 'en-US'. |url: http://localhost/js/fullcalendar/moment/main.js|action: 
2023-03-14 15:29:31.9544|1|WARN|Microsoft.AspNetCore.Localization.RequestLocalizationMiddleware|CookieRequestCultureProvider returned the following unsupported cultures 'en-US'. |url: http://localhost/js/bottom-sheets.js|action: 
2023-03-14 15:29:32.0797|1|WARN|Microsoft.AspNetCore.Localization.RequestLocalizationMiddleware|CookieRequestCultureProvider returned the following unsupported cultures 'en-US'. |url: http://localhost/Uploads/CountryFlagICons/in.png|action: 
2023-03-14 15:29:32.0920|1|WARN|Microsoft.AspNetCore.Localization.RequestLocalizationMiddleware|CookieRequestCultureProvider returned the following unsupported cultures 'en-US'. |url: http://localhost/Uploads/CountryFlagICons/ke.png|action: 
2023-03-14 15:29:32.1049|1|WARN|Microsoft.AspNetCore.Localization.RequestLocalizationMiddleware|CookieRequestCultureProvider returned the following unsupported cultures 'en-US'. |url: http://localhost/Uploads/CountryFlagICons/om.png|action: 
2023-03-14 15:29:32.1232|1|WARN|Microsoft.AspNetCore.Localization.RequestLocalizationMiddleware|CookieRequestCultureProvider returned the following unsupported cultures 'en-US'. |url: http://localhost/Uploads/CountryFlagICons/uk.png|action: 
2023-03-14 15:29:32.1858|1|WARN|Microsoft.AspNetCore.Localization.RequestLocalizationMiddleware|CookieRequestCultureProvider returned the following unsupported cultures 'en-US'. |url: http://localhost/Uploads/CountryFlagICons/rw.png|action: 
2023-03-14 15:29:32.2781|1|WARN|Microsoft.AspNetCore.Localization.RequestLocalizationMiddleware|CookieRequestCultureProvider returned the following unsupported cultures 'en-US'. |url: http://localhost/Appointment/GetReferredBy|action: 
2023-03-14 15:29:32.3020|1|WARN|Microsoft.AspNetCore.Localization.RequestLocalizationMiddleware|CookieRequestCultureProvider returned the following unsupported cultures 'en-US'. |url: http://localhost/Appointment/GetApplicationRuleByProcesssID|action: 
2023-03-14 15:29:32.3083|1|WARN|Microsoft.AspNetCore.Localization.RequestLocalizationMiddleware|CookieRequestCultureProvider returned the following unsupported cultures 'en-US'. |url: http://localhost/Appointment/GetEpisodeType|action: 
2023-03-14 15:29:32.0601|1|WARN|Microsoft.AspNetCore.Localization.RequestLocalizationMiddleware|CookieRequestCultureProvider returned the following unsupported cultures 'en-US'. |url: http://localhost/Uploads/CountryFlagICons/eg.png|action: 
2023-03-14 15:29:32.4098|1|WARN|Microsoft.AspNetCore.Localization.RequestLocalizationMiddleware|CookieRequestCultureProvider returned the following unsupported cultures 'en-US'. |url: http://localhost/Appointment/GetClinicConsultationTypeByBKey|action: 
2023-03-14 15:29:32.7015|1|WARN|Microsoft.AspNetCore.Localization.RequestLocalizationMiddleware|CookieRequestCultureProvider returned the following unsupported cultures 'en-US'. |url: http://localhost/Uploads/CountryFlagICons/ae.png|action: 
2023-03-14 15:29:32.7930|1|WARN|Microsoft.AspNetCore.Localization.RequestLocalizationMiddleware|CookieRequestCultureProvider returned the following unsupported cultures 'en-US'. |url: http://localhost/Appointment/GetSpecialtyList|action: 
2023-03-14 15:29:39.6506|1|WARN|Microsoft.AspNetCore.Localization.RequestLocalizationMiddleware|CookieRequestCultureProvider returned the following unsupported cultures 'en-US'. |url: http://localhost/Appointment/GetDoctorScheduleListByClinicTypeSpecialtyDate|action: 
2023-03-14 15:29:46.2695|1|WARN|Microsoft.AspNetCore.Localization.RequestLocalizationMiddleware|CookieRequestCultureProvider returned the following unsupported cultures 'en-US'. |url: http://localhost/Appointment/GetDoctorScheduleListByClinicTypeSpecialtyDate|action: 
2023-03-14 15:29:47.7602|1|WARN|Microsoft.AspNetCore.Localization.RequestLocalizationMiddleware|CookieRequestCultureProvider returned the following unsupported cultures 'en-US'. |url: http://localhost/Appointment/GetDoctorScheduleHours|action: 
2023-03-14 15:29:47.7602|1|WARN|Microsoft.AspNetCore.Localization.RequestLocalizationMiddleware|CookieRequestCultureProvider returned the following unsupported cultures 'en-US'. |url: http://localhost/Appointment/GetDoctorUnScheduleWorkOrder|action: 
2023-03-14 15:29:55.6257|1|WARN|Microsoft.AspNetCore.Localization.RequestLocalizationMiddleware|CookieRequestCultureProvider returned the following unsupported cultures 'en-US'. |url: http://localhost/Appointment/GetPatientAppointmentByDoctorDate|action: 
2023-03-14 15:29:56.2624||ERROR|eSyaEnterprise_UI.Areas.DoctorScheduler.Controllers.AppointmentController|UD:GetPatientAppointmentByDoctorDate:params:businessKey:111:specialtyId:1:doctorId:start:14-03-23 00:00:00:end:15-03-23 00:00:00 System.NullReferenceException: Object reference not set to an instance of an object.
   at eSyaEnterprise_UI.Areas.DoctorScheduler.Controllers.AppointmentController.GetPatientAppointmentByDoctorDate(Int32 specialtyId, String doctorId, DateTime start, DateTime end, Int32 businessKey) in D:\eSya Project\Solution\eSyaEnterprise_UI\trunk\eSyaEnterprise_UI\Areas\DoctorScheduler\Controllers\AppointmentController.cs:line 797|url: http://localhost/Appointment/GetPatientAppointmentByDoctorDate|action: GetPatientAppointmentByDoctorDate
2023-03-14 15:29:59.4048|1|WARN|Microsoft.AspNetCore.Localization.RequestLocalizationMiddleware|CookieRequestCultureProvider returned the following unsupported cultures 'en-US'. |url: http://localhost/DoctorScheduler/Appointment/EDA_02_00|action: 
2023-03-14 15:30:01.4846|1|WARN|Microsoft.AspNetCore.Localization.RequestLocalizationMiddleware|CookieRequestCultureProvider returned the following unsupported cultures 'en-US'. |url: http://localhost/css/master.css|action: 
2023-03-14 15:30:01.4961|1|WARN|Microsoft.AspNetCore.Localization.RequestLocalizationMiddleware|CookieRequestCultureProvider returned the following unsupported cultures 'en-US'. |url: http://localhost/css/Outpatient/Scheduler.css|action: 
2023-03-14 15:30:01.5108|1|WARN|Microsoft.AspNetCore.Localization.RequestLocalizationMiddleware|CookieRequestCultureProvider returned the following unsupported cultures 'en-US'. |url: http://localhost/css/downupPopup.css|action: 
2023-03-14 15:30:01.5556|1|WARN|Microsoft.AspNetCore.Localization.RequestLocalizationMiddleware|CookieRequestCultureProvider returned the following unsupported cultures 'en-US'. |url: http://localhost/js/downupPopup.js|action: 
2023-03-14 15:30:01.6714|1|WARN|Microsoft.AspNetCore.Localization.RequestLocalizationMiddleware|CookieRequestCultureProvider returned the following unsupported cultures 'en-US'. |url: http://localhost/css/Outpatient/Scheduler.css|action: 
2023-03-14 15:30:02.0010|1|WARN|Microsoft.AspNetCore.Localization.RequestLocalizationMiddleware|CookieRequestCultureProvider returned the following unsupported cultures 'en-US'. |url: http://localhost/Appointment/GetReferredBy|action: 
2023-03-14 15:30:02.0202|1|WARN|Microsoft.AspNetCore.Localization.RequestLocalizationMiddleware|CookieRequestCultureProvider returned the following unsupported cultures 'en-US'. |url: http://localhost/Appointment/GetClinicConsultationTypeByBKey|action: 
2023-03-14 15:30:02.0294|1|WARN|Microsoft.AspNetCore.Localization.RequestLocalizationMiddleware|CookieRequestCultureProvider returned the following unsupported cultures 'en-US'. |url: http://localhost/Appointment/GetDoctorListByClinicType|action: 
2023-03-14 15:30:02.1623|1|WARN|Microsoft.AspNetCore.Localization.RequestLocalizationMiddleware|CookieRequestCultureProvider returned the following unsupported cultures 'en-US'. |url: http://localhost/Appointment/GetSpecialtyList|action: 
2023-03-14 15:30:02.0010|1|WARN|Microsoft.AspNetCore.Localization.RequestLocalizationMiddleware|CookieRequestCultureProvider returned the following unsupported cultures 'en-US'. |url: http://localhost/Appointment/GetApplicationRuleByProcesssID|action: 
2023-03-14 15:30:01.9797|1|WARN|Microsoft.AspNetCore.Localization.RequestLocalizationMiddleware|CookieRequestCultureProvider returned the following unsupported cultures 'en-US'. |url: http://localhost/Appointment/GetEpisodeType|action: 
2023-03-14 15:30:03.4033|1|WARN|Microsoft.AspNetCore.Localization.RequestLocalizationMiddleware|CookieRequestCultureProvider returned the following unsupported cultures 'en-US'. |url: http://localhost/Appointment/GetDoctorListWeeklyScheduleTime|action: 
2023-03-14 15:30:07.0025|1|WARN|Microsoft.AspNetCore.Localization.RequestLocalizationMiddleware|CookieRequestCultureProvider returned the following unsupported cultures 'en-US'. |url: http://localhost/Appointment/GetDoctorListByClinicType|action: 
2023-03-14 15:30:07.5373|1|WARN|Microsoft.AspNetCore.Localization.RequestLocalizationMiddleware|CookieRequestCultureProvider returned the following unsupported cultures 'en-US'. |url: http://localhost/Appointment/GetDoctorListWeeklyScheduleTime|action: 
2023-03-14 15:30:09.5769|1|WARN|Microsoft.AspNetCore.Localization.RequestLocalizationMiddleware|CookieRequestCultureProvider returned the following unsupported cultures 'en-US'. |url: http://localhost/Appointment/GetDoctorListByClinicType|action: 
2023-03-14 15:30:10.0647|1|WARN|Microsoft.AspNetCore.Localization.RequestLocalizationMiddleware|CookieRequestCultureProvider returned the following unsupported cultures 'en-US'. |url: http://localhost/Appointment/GetDoctorListWeeklyScheduleTime|action: 
2023-03-14 15:30:12.1594|1|WARN|Microsoft.AspNetCore.Localization.RequestLocalizationMiddleware|CookieRequestCultureProvider returned the following unsupported cultures 'en-US'. |url: http://localhost/Appointment/GetDoctorListWeeklyScheduleTime|action: 
2023-03-14 15:30:24.1708|1|WARN|Microsoft.AspNetCore.Localization.RequestLocalizationMiddleware|CookieRequestCultureProvider returned the following unsupported cultures 'en-US'. |url: http://localhost/Appointment/GetDoctorAvailableTimeSlotGivenDate|action: 
2023-03-14 15:30:31.5194|1|WARN|Microsoft.AspNetCore.Localization.RequestLocalizationMiddleware|CookieRequestCultureProvider returned the following unsupported cultures 'en-US'. |url: http://localhost/DoctorScheduler/Appointment/EDA_02_00|action: 
2023-03-14 15:31:14.4165|1|WARN|Microsoft.AspNetCore.Localization.RequestLocalizationMiddleware|CookieRequestCultureProvider returned the following unsupported cultures 'en-US'. |url: http://localhost/Facilities/Doctors/EFM_06_00|action: 
2023-03-14 15:31:21.4015|1|WARN|Microsoft.AspNetCore.Localization.RequestLocalizationMiddleware|CookieRequestCultureProvider returned the following unsupported cultures 'en-US'. |url: http://localhost/css/master.css|action: 
2023-03-14 15:31:21.4642|1|WARN|Microsoft.AspNetCore.Localization.RequestLocalizationMiddleware|CookieRequestCultureProvider returned the following unsupported cultures 'en-US'. |url: http://localhost/css/Masters/CustomerCodes.css|action: 
2023-03-14 15:31:21.4642|1|WARN|Microsoft.AspNetCore.Localization.RequestLocalizationMiddleware|CookieRequestCultureProvider returned the following unsupported cultures 'en-US'. |url: http://localhost/js/Facilities/DoctorSchedule.js|action: 
2023-03-14 15:31:21.5186|1|WARN|Microsoft.AspNetCore.Localization.RequestLocalizationMiddleware|CookieRequestCultureProvider returned the following unsupported cultures 'en-US'. |url: http://localhost/js/bootstrap-timepicker.js|action: 
2023-03-14 15:31:21.5370|1|WARN|Microsoft.AspNetCore.Localization.RequestLocalizationMiddleware|CookieRequestCultureProvider returned the following unsupported cultures 'en-US'. |url: http://localhost/css/bootstrap-timepicker.css|action: 
2023-03-14 15:31:21.6595|1|WARN|Microsoft.AspNetCore.Localization.RequestLocalizationMiddleware|CookieRequestCultureProvider returned the following unsupported cultures 'en-US'. |url: http://localhost/css/jquery.contextMenu.min.css|action: 
2023-03-14 15:31:21.7318|1|WARN|Microsoft.AspNetCore.Localization.RequestLocalizationMiddleware|CookieRequestCultureProvider returned the following unsupported cultures 'en-US'. |url: http://localhost/js/jsTree.js|action: 
2023-03-14 15:31:21.7493|1|WARN|Microsoft.AspNetCore.Localization.RequestLocalizationMiddleware|CookieRequestCultureProvider returned the following unsupported cultures 'en-US'. |url: http://localhost/js/Facilities/Doctorleave.js|action: 
2023-03-14 15:31:21.7159|1|WARN|Microsoft.AspNetCore.Localization.RequestLocalizationMiddleware|CookieRequestCultureProvider returned the following unsupported cultures 'en-US'. |url: http://localhost/css/jsTree.css|action: 
2023-03-14 15:31:21.8433|1|WARN|Microsoft.AspNetCore.Localization.RequestLocalizationMiddleware|CookieRequestCultureProvider returned the following unsupported cultures 'en-US'. |url: http://localhost/js/jquery.contextMenu.min.js|action: 
2023-03-14 15:31:21.9329|1|WARN|Microsoft.AspNetCore.Localization.RequestLocalizationMiddleware|CookieRequestCultureProvider returned the following unsupported cultures 'en-US'. |url: http://localhost/js/Facilities/DoctorScheduleChange.js|action: 
2023-03-14 15:31:21.9698|1|WARN|Microsoft.AspNetCore.Localization.RequestLocalizationMiddleware|CookieRequestCultureProvider returned the following unsupported cultures 'en-US'. |url: http://localhost/js/Facilities/DoctorMaster.js|action: 
2023-03-14 15:31:22.2141|1|WARN|Microsoft.AspNetCore.Localization.RequestLocalizationMiddleware|CookieRequestCultureProvider returned the following unsupported cultures 'en-US'. |url: http://localhost/css/images/ui-icons_gold_256x240.png|action: 
2023-03-14 15:31:22.2493|1|WARN|Microsoft.AspNetCore.Localization.RequestLocalizationMiddleware|CookieRequestCultureProvider returned the following unsupported cultures 'en-US'. |url: http://localhost/Doctors/GetDoctorMasterList|action: 
2023-03-14 15:31:24.7074|1|WARN|Microsoft.AspNetCore.Localization.RequestLocalizationMiddleware|CookieRequestCultureProvider returned the following unsupported cultures 'en-US'. |url: http://localhost/Doctors/GetDoctorMasterList|action: 
2023-03-14 15:31:29.4651|1|WARN|Microsoft.AspNetCore.Localization.RequestLocalizationMiddleware|CookieRequestCultureProvider returned the following unsupported cultures 'en-US'. |url: http://localhost/Doctors/GetDoctorMaster|action: 
2023-03-14 15:31:30.1562|1|WARN|Microsoft.AspNetCore.Localization.RequestLocalizationMiddleware|CookieRequestCultureProvider returned the following unsupported cultures 'en-US'. |url: http://localhost/Doctors/GetBusinessLocationDoctorList|action: 
2023-03-14 15:31:30.1782|1|WARN|Microsoft.AspNetCore.Localization.RequestLocalizationMiddleware|CookieRequestCultureProvider returned the following unsupported cultures 'en-US'. |url: http://localhost/Doctors/GetSpecialtyListByDoctorId|action: 
2023-03-14 15:31:30.2048|1|WARN|Microsoft.AspNetCore.Localization.RequestLocalizationMiddleware|CookieRequestCultureProvider returned the following unsupported cultures 'en-US'. |url: http://localhost/Doctors/GetDoctorScheduleListAll|action: 
2023-03-14 15:31:30.2224|1|WARN|Microsoft.AspNetCore.Localization.RequestLocalizationMiddleware|CookieRequestCultureProvider returned the following unsupported cultures 'en-US'. |url: http://localhost/Doctors/GetDoctorScheduleChangeListAll|action: 
2023-03-14 15:31:30.5214|1|WARN|Microsoft.AspNetCore.Localization.RequestLocalizationMiddleware|CookieRequestCultureProvider returned the following unsupported cultures 'en-US'. |url: http://localhost/Doctors/GetDoctorLeaveListAll|action: 
2023-03-14 15:31:33.6803|1|WARN|Microsoft.AspNetCore.Localization.RequestLocalizationMiddleware|CookieRequestCultureProvider returned the following unsupported cultures 'en-US'. |url: http://localhost/Doctors/GetDoctorLocationbyDoctorId|action: 
2023-03-14 15:31:34.1746|1|WARN|Microsoft.AspNetCore.Localization.RequestLocalizationMiddleware|CookieRequestCultureProvider returned the following unsupported cultures 'en-US'. |url: http://localhost/Facilities/Specialty/GetSpecialtyListForBusinessKey|action: 
