2022-09-22 22:28:09.6517|1|WARN|Microsoft.AspNetCore.Localization.RequestLocalizationMiddleware|CookieRequestCultureProvider returned the following unsupported cultures 'en'. |url: http://localhost/|action: 
2022-09-22 22:28:09.7453|2|WARN|Microsoft.AspNetCore.Localization.RequestLocalizationMiddleware|CookieRequestCultureProvider returned the following unsupported UI Cultures 'en'. |url: http://localhost/|action: 
2022-09-22 22:28:09.7926|3|WARN|Microsoft.AspNetCore.HttpsPolicy.HttpsRedirectionMiddleware|Failed to determine the https port for redirect. |url: http://localhost/|action: 
2022-09-22 22:28:30.1555|1|WARN|Microsoft.AspNetCore.Localization.RequestLocalizationMiddleware|CookieRequestCultureProvider returned the following unsupported cultures 'en'. |url: http://localhost/lib/bootstrap/dist/js/bootstrap.min.js|action: 
2022-09-22 22:28:30.1884|1|WARN|Microsoft.AspNetCore.Localization.RequestLocalizationMiddleware|CookieRequestCultureProvider returned the following unsupported cultures 'en'. |url: http://localhost/js/material.min.js|action: 
2022-09-22 22:28:30.2129|1|WARN|Microsoft.AspNetCore.Localization.RequestLocalizationMiddleware|CookieRequestCultureProvider returned the following unsupported cultures 'en'. |url: http://localhost/lib/bootstrap/dist/js/popper.min.js|action: 
2022-09-22 22:28:30.2585|2|WARN|Microsoft.AspNetCore.Localization.RequestLocalizationMiddleware|CookieRequestCultureProvider returned the following unsupported UI Cultures 'en'. |url: http://localhost/js/material.min.js|action: 
2022-09-22 22:28:30.2360|2|WARN|Microsoft.AspNetCore.Localization.RequestLocalizationMiddleware|CookieRequestCultureProvider returned the following unsupported UI Cultures 'en'. |url: http://localhost/lib/bootstrap/dist/js/bootstrap.min.js|action: 
2022-09-22 22:28:25.3717|1|WARN|Microsoft.AspNetCore.Localization.RequestLocalizationMiddleware|CookieRequestCultureProvider returned the following unsupported cultures 'en'. |url: http://localhost/lib/bootstrap/dist/js/jquery-3.2.1.min.js|action: 
2022-09-22 22:28:30.2891|2|WARN|Microsoft.AspNetCore.Localization.RequestLocalizationMiddleware|CookieRequestCultureProvider returned the following unsupported UI Cultures 'en'. |url: http://localhost/lib/bootstrap/dist/js/popper.min.js|action: 
2022-09-22 22:28:30.3607|1|WARN|Microsoft.AspNetCore.Localization.RequestLocalizationMiddleware|CookieRequestCultureProvider returned the following unsupported cultures 'en'. |url: http://localhost/lib/jquery/dist/jquery.js|action: 
2022-09-22 22:28:30.4723|2|WARN|Microsoft.AspNetCore.Localization.RequestLocalizationMiddleware|CookieRequestCultureProvider returned the following unsupported UI Cultures 'en'. |url: http://localhost/lib/jquery/dist/jquery.js|action: 
2022-09-22 22:28:30.3950|2|WARN|Microsoft.AspNetCore.Localization.RequestLocalizationMiddleware|CookieRequestCultureProvider returned the following unsupported UI Cultures 'en'. |url: http://localhost/lib/bootstrap/dist/js/jquery-3.2.1.min.js|action: 
2022-09-22 22:28:30.7159|1|WARN|Microsoft.AspNetCore.Localization.RequestLocalizationMiddleware|CookieRequestCultureProvider returned the following unsupported cultures 'en'. |url: http://localhost/js/jquery-ui.min.js|action: 
2022-09-22 22:28:30.7902|2|WARN|Microsoft.AspNetCore.Localization.RequestLocalizationMiddleware|CookieRequestCultureProvider returned the following unsupported UI Cultures 'en'. |url: http://localhost/js/jquery-ui.min.js|action: 
2022-09-22 22:28:30.8501|1|WARN|Microsoft.AspNetCore.Localization.RequestLocalizationMiddleware|CookieRequestCultureProvider returned the following unsupported cultures 'en'. |url: http://localhost/js/all.min.js|action: 
2022-09-22 22:28:30.9837|1|WARN|Microsoft.AspNetCore.Localization.RequestLocalizationMiddleware|CookieRequestCultureProvider returned the following unsupported cultures 'en'. |url: http://localhost/js/bootstrap-select.js|action: 
2022-09-22 22:28:31.0035|1|WARN|Microsoft.AspNetCore.Localization.RequestLocalizationMiddleware|CookieRequestCultureProvider returned the following unsupported cultures 'en'. |url: http://localhost/js/bootbox.min.js|action: 
2022-09-22 22:28:31.0323|2|WARN|Microsoft.AspNetCore.Localization.RequestLocalizationMiddleware|CookieRequestCultureProvider returned the following unsupported UI Cultures 'en'. |url: http://localhost/js/bootstrap-select.js|action: 
2022-09-22 22:28:31.0739|2|WARN|Microsoft.AspNetCore.Localization.RequestLocalizationMiddleware|CookieRequestCultureProvider returned the following unsupported UI Cultures 'en'. |url: http://localhost/js/bootbox.min.js|action: 
2022-09-22 22:28:30.9696|2|WARN|Microsoft.AspNetCore.Localization.RequestLocalizationMiddleware|CookieRequestCultureProvider returned the following unsupported UI Cultures 'en'. |url: http://localhost/js/all.min.js|action: 
2022-09-22 22:28:30.8697|1|WARN|Microsoft.AspNetCore.Localization.RequestLocalizationMiddleware|CookieRequestCultureProvider returned the following unsupported cultures 'en'. |url: http://localhost/js/i18n/grid.locale-en.js|action: 
2022-09-22 22:28:31.4128|1|WARN|Microsoft.AspNetCore.Localization.RequestLocalizationMiddleware|CookieRequestCultureProvider returned the following unsupported cultures 'en'. |url: http://localhost/js/Inputmask/jquery.inputmask.js|action: 
2022-09-22 22:28:31.4418|1|WARN|Microsoft.AspNetCore.Localization.RequestLocalizationMiddleware|CookieRequestCultureProvider returned the following unsupported cultures 'en'. |url: http://localhost/js/Inputmask/inputmask.js|action: 
2022-09-22 22:28:31.4932|1|WARN|Microsoft.AspNetCore.Localization.RequestLocalizationMiddleware|CookieRequestCultureProvider returned the following unsupported cultures 'en'. |url: http://localhost/js/Inputmask/bindings/inputmask.binding.js|action: 
2022-09-22 22:28:31.6079|2|WARN|Microsoft.AspNetCore.Localization.RequestLocalizationMiddleware|CookieRequestCultureProvider returned the following unsupported UI Cultures 'en'. |url: http://localhost/js/Inputmask/jquery.inputmask.js|action: 
2022-09-22 22:28:31.7007|2|WARN|Microsoft.AspNetCore.Localization.RequestLocalizationMiddleware|CookieRequestCultureProvider returned the following unsupported UI Cultures 'en'. |url: http://localhost/js/Inputmask/inputmask.js|action: 
2022-09-22 22:28:31.9966|2|WARN|Microsoft.AspNetCore.Localization.RequestLocalizationMiddleware|CookieRequestCultureProvider returned the following unsupported UI Cultures 'en'. |url: http://localhost/js/Inputmask/bindings/inputmask.binding.js|action: 
2022-09-22 22:28:31.1896|2|WARN|Microsoft.AspNetCore.Localization.RequestLocalizationMiddleware|CookieRequestCultureProvider returned the following unsupported UI Cultures 'en'. |url: http://localhost/js/i18n/grid.locale-en.js|action: 
2022-09-22 22:28:33.8476|1|WARN|Microsoft.AspNetCore.Localization.RequestLocalizationMiddleware|CookieRequestCultureProvider returned the following unsupported cultures 'en'. |url: http://localhost/lib/bootstrap/dist/css/bootstrap.min.css|action: 
2022-09-22 22:28:33.9213|1|WARN|Microsoft.AspNetCore.Localization.RequestLocalizationMiddleware|CookieRequestCultureProvider returned the following unsupported cultures 'en'. |url: http://localhost/css/material.min.css|action: 
2022-09-22 22:28:33.9392|1|WARN|Microsoft.AspNetCore.Localization.RequestLocalizationMiddleware|CookieRequestCultureProvider returned the following unsupported cultures 'en'. |url: http://localhost/css/bootstrap-select.css|action: 
2022-09-22 22:28:33.9698|2|WARN|Microsoft.AspNetCore.Localization.RequestLocalizationMiddleware|CookieRequestCultureProvider returned the following unsupported UI Cultures 'en'. |url: http://localhost/lib/bootstrap/dist/css/bootstrap.min.css|action: 
2022-09-22 22:28:33.9992|2|WARN|Microsoft.AspNetCore.Localization.RequestLocalizationMiddleware|CookieRequestCultureProvider returned the following unsupported UI Cultures 'en'. |url: http://localhost/css/material.min.css|action: 
2022-09-22 22:28:34.0143|2|WARN|Microsoft.AspNetCore.Localization.RequestLocalizationMiddleware|CookieRequestCultureProvider returned the following unsupported UI Cultures 'en'. |url: http://localhost/css/bootstrap-select.css|action: 
2022-09-22 22:28:34.0712|1|WARN|Microsoft.AspNetCore.Localization.RequestLocalizationMiddleware|CookieRequestCultureProvider returned the following unsupported cultures 'en'. |url: http://localhost/css/animate.css|action: 
2022-09-22 22:28:34.3838|1|WARN|Microsoft.AspNetCore.Localization.RequestLocalizationMiddleware|CookieRequestCultureProvider returned the following unsupported cultures 'en'. |url: http://localhost/css/esyaTheme.css|action: 
2022-09-22 22:28:34.4191|1|WARN|Microsoft.AspNetCore.Localization.RequestLocalizationMiddleware|CookieRequestCultureProvider returned the following unsupported cultures 'en'. |url: http://localhost/css/all.min.css|action: 
2022-09-22 22:28:34.4651|1|WARN|Microsoft.AspNetCore.Localization.RequestLocalizationMiddleware|CookieRequestCultureProvider returned the following unsupported cultures 'en'. |url: http://localhost/css/esyafonts.css|action: 
2022-09-22 22:28:34.4870|2|WARN|Microsoft.AspNetCore.Localization.RequestLocalizationMiddleware|CookieRequestCultureProvider returned the following unsupported UI Cultures 'en'. |url: http://localhost/css/esyaTheme.css|action: 
2022-09-22 22:28:34.5135|2|WARN|Microsoft.AspNetCore.Localization.RequestLocalizationMiddleware|CookieRequestCultureProvider returned the following unsupported UI Cultures 'en'. |url: http://localhost/css/all.min.css|action: 
2022-09-22 22:28:34.5641|2|WARN|Microsoft.AspNetCore.Localization.RequestLocalizationMiddleware|CookieRequestCultureProvider returned the following unsupported UI Cultures 'en'. |url: http://localhost/css/esyafonts.css|action: 
2022-09-22 22:28:34.2489|2|WARN|Microsoft.AspNetCore.Localization.RequestLocalizationMiddleware|CookieRequestCultureProvider returned the following unsupported UI Cultures 'en'. |url: http://localhost/css/animate.css|action: 
2022-09-22 22:28:35.1287|1|WARN|Microsoft.AspNetCore.Localization.RequestLocalizationMiddleware|CookieRequestCultureProvider returned the following unsupported cultures 'en'. |url: http://localhost/css/login.css|action: 
2022-09-22 22:28:35.1498|1|WARN|Microsoft.AspNetCore.Localization.RequestLocalizationMiddleware|CookieRequestCultureProvider returned the following unsupported cultures 'en'. |url: http://localhost/js/jquery.jqGrid.min.js|action: 
2022-09-22 22:28:35.1749|2|WARN|Microsoft.AspNetCore.Localization.RequestLocalizationMiddleware|CookieRequestCultureProvider returned the following unsupported UI Cultures 'en'. |url: http://localhost/css/login.css|action: 
2022-09-22 22:28:35.2071|2|WARN|Microsoft.AspNetCore.Localization.RequestLocalizationMiddleware|CookieRequestCultureProvider returned the following unsupported UI Cultures 'en'. |url: http://localhost/js/jquery.jqGrid.min.js|action: 
2022-09-22 22:28:35.7164|1|WARN|Microsoft.AspNetCore.Localization.RequestLocalizationMiddleware|CookieRequestCultureProvider returned the following unsupported cultures 'en'. |url: http://localhost/images/esya-products-yellow-with-footer.jpg|action: 
2022-09-22 22:28:35.8696|1|WARN|Microsoft.AspNetCore.Localization.RequestLocalizationMiddleware|CookieRequestCultureProvider returned the following unsupported cultures 'en'. |url: http://localhost/fonts/fa-solid-900.woff2|action: 
2022-09-22 22:28:35.9043|1|WARN|Microsoft.AspNetCore.Localization.RequestLocalizationMiddleware|CookieRequestCultureProvider returned the following unsupported cultures 'en'. |url: http://localhost/fonts/esyaFonts/Roboto/Roboto-Regular.ttf|action: 
2022-09-22 22:28:35.9206|2|WARN|Microsoft.AspNetCore.Localization.RequestLocalizationMiddleware|CookieRequestCultureProvider returned the following unsupported UI Cultures 'en'. |url: http://localhost/images/esya-products-yellow-with-footer.jpg|action: 
2022-09-22 22:28:35.9560|2|WARN|Microsoft.AspNetCore.Localization.RequestLocalizationMiddleware|CookieRequestCultureProvider returned the following unsupported UI Cultures 'en'. |url: http://localhost/fonts/fa-solid-900.woff2|action: 
2022-09-22 22:28:35.9752|2|WARN|Microsoft.AspNetCore.Localization.RequestLocalizationMiddleware|CookieRequestCultureProvider returned the following unsupported UI Cultures 'en'. |url: http://localhost/fonts/esyaFonts/Roboto/Roboto-Regular.ttf|action: 
2022-09-22 22:28:35.7339|1|WARN|Microsoft.AspNetCore.Localization.RequestLocalizationMiddleware|CookieRequestCultureProvider returned the following unsupported cultures 'en'. |url: http://localhost/images/logo/esya-logo-black.png|action: 
2022-09-22 22:28:36.6324|1|WARN|Microsoft.AspNetCore.Localization.RequestLocalizationMiddleware|CookieRequestCultureProvider returned the following unsupported cultures 'en'. |url: http://localhost/fonts/Helvetica.ttf|action: 
2022-09-22 22:28:36.6631|2|WARN|Microsoft.AspNetCore.Localization.RequestLocalizationMiddleware|CookieRequestCultureProvider returned the following unsupported UI Cultures 'en'. |url: http://localhost/images/logo/esya-logo-black.png|action: 
2022-09-22 22:28:36.6946|1|WARN|Microsoft.AspNetCore.Localization.RequestLocalizationMiddleware|CookieRequestCultureProvider returned the following unsupported cultures 'en'. |url: http://localhost/favicon.ico|action: 
2022-09-22 22:28:36.7243|2|WARN|Microsoft.AspNetCore.Localization.RequestLocalizationMiddleware|CookieRequestCultureProvider returned the following unsupported UI Cultures 'en'. |url: http://localhost/fonts/Helvetica.ttf|action: 
2022-09-22 22:28:36.7922|2|WARN|Microsoft.AspNetCore.Localization.RequestLocalizationMiddleware|CookieRequestCultureProvider returned the following unsupported UI Cultures 'en'. |url: http://localhost/favicon.ico|action: 
2022-09-22 22:29:14.6243|1|WARN|Microsoft.AspNetCore.Localization.RequestLocalizationMiddleware|CookieRequestCultureProvider returned the following unsupported cultures 'en'. |url: http://localhost/|action: 
2022-09-22 22:29:14.7085|2|WARN|Microsoft.AspNetCore.Localization.RequestLocalizationMiddleware|CookieRequestCultureProvider returned the following unsupported UI Cultures 'en'. |url: http://localhost/|action: 
2022-09-22 22:31:21.2120|1|WARN|Microsoft.AspNetCore.Localization.RequestLocalizationMiddleware|CookieRequestCultureProvider returned the following unsupported cultures 'en'. |url: http://localhost/Home|action: 
2022-09-22 22:31:21.3276|2|WARN|Microsoft.AspNetCore.Localization.RequestLocalizationMiddleware|CookieRequestCultureProvider returned the following unsupported UI Cultures 'en'. |url: http://localhost/Home|action: 
2022-09-22 22:31:27.7526|1|WARN|Microsoft.AspNetCore.Localization.RequestLocalizationMiddleware|CookieRequestCultureProvider returned the following unsupported cultures 'en'. |url: http://localhost/css/ui.jqgrid.css|action: 
2022-09-22 22:31:29.0963|1|WARN|Microsoft.AspNetCore.Localization.RequestLocalizationMiddleware|CookieRequestCultureProvider returned the following unsupported cultures 'en'. |url: http://localhost/css/jquery-ui.min.css|action: 
2022-09-22 22:31:29.1259|2|WARN|Microsoft.AspNetCore.Localization.RequestLocalizationMiddleware|CookieRequestCultureProvider returned the following unsupported UI Cultures 'en'. |url: http://localhost/css/ui.jqgrid.css|action: 
2022-09-22 22:31:29.1454|1|WARN|Microsoft.AspNetCore.Localization.RequestLocalizationMiddleware|CookieRequestCultureProvider returned the following unsupported cultures 'en'. |url: http://localhost/js/jquery.sessionTimeout.js|action: 
2022-09-22 22:31:29.1716|2|WARN|Microsoft.AspNetCore.Localization.RequestLocalizationMiddleware|CookieRequestCultureProvider returned the following unsupported UI Cultures 'en'. |url: http://localhost/css/jquery-ui.min.css|action: 
2022-09-22 22:31:29.4866|2|WARN|Microsoft.AspNetCore.Localization.RequestLocalizationMiddleware|CookieRequestCultureProvider returned the following unsupported UI Cultures 'en'. |url: http://localhost/js/jquery.sessionTimeout.js|action: 
2022-09-22 22:31:57.1747|1|WARN|Microsoft.AspNetCore.Localization.RequestLocalizationMiddleware|CookieRequestCultureProvider returned the following unsupported cultures 'en'. |url: http://localhost/css/master.css|action: 
2022-09-22 22:32:08.1177|2|WARN|Microsoft.AspNetCore.Localization.RequestLocalizationMiddleware|CookieRequestCultureProvider returned the following unsupported UI Cultures 'en'. |url: http://localhost/css/master.css|action: 
2022-09-22 22:32:08.1951|1|WARN|Microsoft.AspNetCore.Localization.RequestLocalizationMiddleware|CookieRequestCultureProvider returned the following unsupported cultures 'en'. |url: http://localhost/css/site.css|action: 
2022-09-22 22:32:08.2319|1|WARN|Microsoft.AspNetCore.Localization.RequestLocalizationMiddleware|CookieRequestCultureProvider returned the following unsupported cultures 'en'. |url: http://localhost/js/utility/cf-input-validation.js|action: 
2022-09-22 22:32:08.2708|2|WARN|Microsoft.AspNetCore.Localization.RequestLocalizationMiddleware|CookieRequestCultureProvider returned the following unsupported UI Cultures 'en'. |url: http://localhost/css/site.css|action: 
2022-09-22 22:32:08.3193|2|WARN|Microsoft.AspNetCore.Localization.RequestLocalizationMiddleware|CookieRequestCultureProvider returned the following unsupported UI Cultures 'en'. |url: http://localhost/js/utility/cf-input-validation.js|action: 
2022-09-22 22:32:08.3991|1|WARN|Microsoft.AspNetCore.Localization.RequestLocalizationMiddleware|CookieRequestCultureProvider returned the following unsupported cultures 'en'. |url: http://localhost/css/jqgridcustomstyle.css|action: 
2022-09-22 22:32:08.4872|2|WARN|Microsoft.AspNetCore.Localization.RequestLocalizationMiddleware|CookieRequestCultureProvider returned the following unsupported UI Cultures 'en'. |url: http://localhost/css/jqgridcustomstyle.css|action: 
2022-09-22 22:32:08.5972|1|WARN|Microsoft.AspNetCore.Localization.RequestLocalizationMiddleware|CookieRequestCultureProvider returned the following unsupported cultures 'en'. |url: http://localhost/css/toastr.min.css|action: 
2022-09-22 22:32:08.6367|1|WARN|Microsoft.AspNetCore.Localization.RequestLocalizationMiddleware|CookieRequestCultureProvider returned the following unsupported cultures 'en'. |url: http://localhost/js/Inputmask/inputmask-userdefined.js|action: 
2022-09-22 22:32:08.7072|2|WARN|Microsoft.AspNetCore.Localization.RequestLocalizationMiddleware|CookieRequestCultureProvider returned the following unsupported UI Cultures 'en'. |url: http://localhost/css/toastr.min.css|action: 
2022-09-22 22:32:08.7387|2|WARN|Microsoft.AspNetCore.Localization.RequestLocalizationMiddleware|CookieRequestCultureProvider returned the following unsupported UI Cultures 'en'. |url: http://localhost/js/Inputmask/inputmask-userdefined.js|action: 
2022-09-22 22:32:09.0422|1|WARN|Microsoft.AspNetCore.Localization.RequestLocalizationMiddleware|CookieRequestCultureProvider returned the following unsupported cultures 'en'. |url: http://localhost/images/logo/esya-logo-whitebg.jpeg|action: 
2022-09-22 22:32:09.1676|2|WARN|Microsoft.AspNetCore.Localization.RequestLocalizationMiddleware|CookieRequestCultureProvider returned the following unsupported UI Cultures 'en'. |url: http://localhost/images/logo/esya-logo-whitebg.jpeg|action: 
2022-09-22 22:32:09.1891|1|WARN|Microsoft.AspNetCore.Localization.RequestLocalizationMiddleware|CookieRequestCultureProvider returned the following unsupported cultures 'en'. |url: http://localhost/images/gtpl_logo.jpg|action: 
2022-09-22 22:32:13.1373|1|WARN|Microsoft.AspNetCore.Localization.RequestLocalizationMiddleware|CookieRequestCultureProvider returned the following unsupported cultures 'en'. |url: http://localhost/fonts/fa-regular-400.woff2|action: 
2022-09-22 22:32:13.2654|2|WARN|Microsoft.AspNetCore.Localization.RequestLocalizationMiddleware|CookieRequestCultureProvider returned the following unsupported UI Cultures 'en'. |url: http://localhost/images/gtpl_logo.jpg|action: 
2022-09-22 22:32:13.4241|2|WARN|Microsoft.AspNetCore.Localization.RequestLocalizationMiddleware|CookieRequestCultureProvider returned the following unsupported UI Cultures 'en'. |url: http://localhost/fonts/fa-regular-400.woff2|action: 
2022-09-22 22:32:13.5158|1|WARN|Microsoft.AspNetCore.Localization.RequestLocalizationMiddleware|CookieRequestCultureProvider returned the following unsupported cultures 'en'. |url: http://localhost/js/toastr.min.js|action: 
2022-09-22 22:32:13.6769|2|WARN|Microsoft.AspNetCore.Localization.RequestLocalizationMiddleware|CookieRequestCultureProvider returned the following unsupported UI Cultures 'en'. |url: http://localhost/js/toastr.min.js|action: 
2022-09-22 22:32:15.0605|1|WARN|Microsoft.AspNetCore.Localization.RequestLocalizationMiddleware|CookieRequestCultureProvider returned the following unsupported cultures 'en'. |url: http://localhost/json/errormessage.json|action: 
2022-09-22 22:32:15.0998|1|WARN|Microsoft.AspNetCore.Localization.RequestLocalizationMiddleware|CookieRequestCultureProvider returned the following unsupported cultures 'en'. |url: http://localhost/json/menuitem.json|action: 
2022-09-22 22:32:15.1234|2|WARN|Microsoft.AspNetCore.Localization.RequestLocalizationMiddleware|CookieRequestCultureProvider returned the following unsupported UI Cultures 'en'. |url: http://localhost/json/errormessage.json|action: 
2022-09-22 22:32:15.2155|2|WARN|Microsoft.AspNetCore.Localization.RequestLocalizationMiddleware|CookieRequestCultureProvider returned the following unsupported UI Cultures 'en'. |url: http://localhost/json/menuitem.json|action: 
2022-09-22 22:33:17.0759|1|WARN|Microsoft.AspNetCore.Localization.RequestLocalizationMiddleware|CookieRequestCultureProvider returned the following unsupported cultures 'en'. |url: http://localhost/eSyaNatureCure/GuestBooking/V_ENC_05_00|action: 
2022-09-22 22:33:17.0913|2|WARN|Microsoft.AspNetCore.Localization.RequestLocalizationMiddleware|CookieRequestCultureProvider returned the following unsupported UI Cultures 'en'. |url: http://localhost/eSyaNatureCure/GuestBooking/V_ENC_05_00|action: 
2022-09-22 22:35:11.7761||ERROR|eSyaEnterprise_UI.Areas.eSyaNatureCure.Controllers.GuestBookingController|UD:GetActiveRoomTypes System.Exception: Internal Server Error|url: http://localhost/eSyaNatureCure/GuestBooking/V_ENC_05_00|action: V_ENC_05_00
2022-09-22 22:35:41.3829|1|WARN|Microsoft.AspNetCore.Localization.RequestLocalizationMiddleware|CookieRequestCultureProvider returned the following unsupported cultures 'en'. |url: http://localhost/eSyaNatureCure/GuestBooking/V_ENC_05_00|action: 
2022-09-22 22:35:41.4182|2|WARN|Microsoft.AspNetCore.Localization.RequestLocalizationMiddleware|CookieRequestCultureProvider returned the following unsupported UI Cultures 'en'. |url: http://localhost/eSyaNatureCure/GuestBooking/V_ENC_05_00|action: 
2022-09-22 22:35:49.4447|1|WARN|Microsoft.AspNetCore.Localization.RequestLocalizationMiddleware|CookieRequestCultureProvider returned the following unsupported cultures 'en'. |url: http://localhost/js/eSyaNatureCure/GuestBooking.js|action: 
2022-09-22 22:35:49.4709|2|WARN|Microsoft.AspNetCore.Localization.RequestLocalizationMiddleware|CookieRequestCultureProvider returned the following unsupported UI Cultures 'en'. |url: http://localhost/js/eSyaNatureCure/GuestBooking.js|action: 
2022-09-22 22:35:49.8943|1|WARN|Microsoft.AspNetCore.Localization.RequestLocalizationMiddleware|CookieRequestCultureProvider returned the following unsupported cultures 'en'. |url: http://localhost/GuestBooking/GetGuestBookingBySearchCreteria|action: 
2022-09-22 22:35:49.9640|2|WARN|Microsoft.AspNetCore.Localization.RequestLocalizationMiddleware|CookieRequestCultureProvider returned the following unsupported UI Cultures 'en'. |url: http://localhost/GuestBooking/GetGuestBookingBySearchCreteria|action: 
2022-09-22 22:39:50.5274|1|WARN|Microsoft.AspNetCore.Localization.RequestLocalizationMiddleware|CookieRequestCultureProvider returned the following unsupported cultures 'en'. |url: http://localhost/eSyaNatureCure/GuestBooking/V_ENC_05_00|action: 
2022-09-22 22:39:50.5316|2|WARN|Microsoft.AspNetCore.Localization.RequestLocalizationMiddleware|CookieRequestCultureProvider returned the following unsupported UI Cultures 'en'. |url: http://localhost/eSyaNatureCure/GuestBooking/V_ENC_05_00|action: 
2022-09-22 22:40:09.6374|1|WARN|Microsoft.AspNetCore.Localization.RequestLocalizationMiddleware|CookieRequestCultureProvider returned the following unsupported cultures 'en'. |url: http://localhost/js/eSyaNatureCure/GuestBooking.js|action: 
2022-09-22 22:40:09.6617|1|WARN|Microsoft.AspNetCore.Localization.RequestLocalizationMiddleware|CookieRequestCultureProvider returned the following unsupported cultures 'en'. |url: http://localhost/js/bootbox.min.js|action: 
2022-09-22 22:40:09.7129|1|WARN|Microsoft.AspNetCore.Localization.RequestLocalizationMiddleware|CookieRequestCultureProvider returned the following unsupported cultures 'en'. |url: http://localhost/lib/bootstrap/dist/js/jquery-3.2.1.min.js|action: 
2022-09-22 22:40:09.7464|2|WARN|Microsoft.AspNetCore.Localization.RequestLocalizationMiddleware|CookieRequestCultureProvider returned the following unsupported UI Cultures 'en'. |url: http://localhost/js/eSyaNatureCure/GuestBooking.js|action: 
2022-09-22 22:40:09.7464|2|WARN|Microsoft.AspNetCore.Localization.RequestLocalizationMiddleware|CookieRequestCultureProvider returned the following unsupported UI Cultures 'en'. |url: http://localhost/js/bootbox.min.js|action: 
2022-09-22 22:40:09.7913|2|WARN|Microsoft.AspNetCore.Localization.RequestLocalizationMiddleware|CookieRequestCultureProvider returned the following unsupported UI Cultures 'en'. |url: http://localhost/lib/bootstrap/dist/js/jquery-3.2.1.min.js|action: 
2022-09-22 22:40:09.9408|1|WARN|Microsoft.AspNetCore.Localization.RequestLocalizationMiddleware|CookieRequestCultureProvider returned the following unsupported cultures 'en'. |url: http://localhost/js/Inputmask/jquery.inputmask.js|action: 
2022-09-22 22:40:09.9641|1|WARN|Microsoft.AspNetCore.Localization.RequestLocalizationMiddleware|CookieRequestCultureProvider returned the following unsupported cultures 'en'. |url: http://localhost/js/Inputmask/inputmask-userdefined.js|action: 
2022-09-22 22:40:10.1818|2|WARN|Microsoft.AspNetCore.Localization.RequestLocalizationMiddleware|CookieRequestCultureProvider returned the following unsupported UI Cultures 'en'. |url: http://localhost/js/Inputmask/jquery.inputmask.js|action: 
2022-09-22 22:40:10.2787|1|WARN|Microsoft.AspNetCore.Localization.RequestLocalizationMiddleware|CookieRequestCultureProvider returned the following unsupported cultures 'en'. |url: http://localhost/js/Inputmask/inputmask.js|action: 
2022-09-22 22:40:10.3512|1|WARN|Microsoft.AspNetCore.Localization.RequestLocalizationMiddleware|CookieRequestCultureProvider returned the following unsupported cultures 'en'. |url: http://localhost/favicon.ico|action: 
2022-09-22 22:40:10.4703|2|WARN|Microsoft.AspNetCore.Localization.RequestLocalizationMiddleware|CookieRequestCultureProvider returned the following unsupported UI Cultures 'en'. |url: http://localhost/js/Inputmask/inputmask.js|action: 
2022-09-22 22:40:10.5464|2|WARN|Microsoft.AspNetCore.Localization.RequestLocalizationMiddleware|CookieRequestCultureProvider returned the following unsupported UI Cultures 'en'. |url: http://localhost/favicon.ico|action: 
2022-09-22 22:40:10.1854|2|WARN|Microsoft.AspNetCore.Localization.RequestLocalizationMiddleware|CookieRequestCultureProvider returned the following unsupported UI Cultures 'en'. |url: http://localhost/js/Inputmask/inputmask-userdefined.js|action: 
2022-09-22 22:40:11.0631|1|WARN|Microsoft.AspNetCore.Localization.RequestLocalizationMiddleware|CookieRequestCultureProvider returned the following unsupported cultures 'en'. |url: http://localhost/GuestBooking/GetGuestBookingBySearchCreteria|action: 
2022-09-22 22:40:11.1860|1|WARN|Microsoft.AspNetCore.Localization.RequestLocalizationMiddleware|CookieRequestCultureProvider returned the following unsupported cultures 'en'. |url: http://localhost/js/jquery.sessionTimeout.js|action: 
2022-09-22 22:40:11.2058|2|WARN|Microsoft.AspNetCore.Localization.RequestLocalizationMiddleware|CookieRequestCultureProvider returned the following unsupported UI Cultures 'en'. |url: http://localhost/GuestBooking/GetGuestBookingBySearchCreteria|action: 
2022-09-22 22:40:11.2662|2|WARN|Microsoft.AspNetCore.Localization.RequestLocalizationMiddleware|CookieRequestCultureProvider returned the following unsupported UI Cultures 'en'. |url: http://localhost/js/jquery.sessionTimeout.js|action: 
2022-09-22 22:40:11.3692|1|WARN|Microsoft.AspNetCore.Localization.RequestLocalizationMiddleware|CookieRequestCultureProvider returned the following unsupported cultures 'en'. |url: http://localhost/js/toastr.min.js|action: 
2022-09-22 22:40:11.6182|2|WARN|Microsoft.AspNetCore.Localization.RequestLocalizationMiddleware|CookieRequestCultureProvider returned the following unsupported UI Cultures 'en'. |url: http://localhost/js/toastr.min.js|action: 
2022-09-22 22:40:11.7582|1|WARN|Microsoft.AspNetCore.Localization.RequestLocalizationMiddleware|CookieRequestCultureProvider returned the following unsupported cultures 'en'. |url: http://localhost/js/Inputmask/bindings/inputmask.binding.js|action: 
2022-09-22 22:40:11.8437|2|WARN|Microsoft.AspNetCore.Localization.RequestLocalizationMiddleware|CookieRequestCultureProvider returned the following unsupported UI Cultures 'en'. |url: http://localhost/js/Inputmask/bindings/inputmask.binding.js|action: 
2022-09-22 22:40:12.0292|1|WARN|Microsoft.AspNetCore.Localization.RequestLocalizationMiddleware|CookieRequestCultureProvider returned the following unsupported cultures 'en'. |url: http://localhost/json/errormessage.json|action: 
2022-09-22 22:40:12.0685|1|WARN|Microsoft.AspNetCore.Localization.RequestLocalizationMiddleware|CookieRequestCultureProvider returned the following unsupported cultures 'en'. |url: http://localhost/json/menuitem.json|action: 
2022-09-22 22:40:12.3989|2|WARN|Microsoft.AspNetCore.Localization.RequestLocalizationMiddleware|CookieRequestCultureProvider returned the following unsupported UI Cultures 'en'. |url: http://localhost/json/errormessage.json|action: 
2022-09-22 22:40:12.4263|2|WARN|Microsoft.AspNetCore.Localization.RequestLocalizationMiddleware|CookieRequestCultureProvider returned the following unsupported UI Cultures 'en'. |url: http://localhost/json/menuitem.json|action: 
2022-09-22 22:44:36.3887|1|WARN|Microsoft.AspNetCore.Localization.RequestLocalizationMiddleware|CookieRequestCultureProvider returned the following unsupported cultures 'en'. |url: http://localhost/eSyaNatureCure/GuestBooking/V_ENC_05_00|action: 
2022-09-22 22:44:36.4156|2|WARN|Microsoft.AspNetCore.Localization.RequestLocalizationMiddleware|CookieRequestCultureProvider returned the following unsupported UI Cultures 'en'. |url: http://localhost/eSyaNatureCure/GuestBooking/V_ENC_05_00|action: 
2022-09-22 22:44:39.7682|1|WARN|Microsoft.AspNetCore.Localization.RequestLocalizationMiddleware|CookieRequestCultureProvider returned the following unsupported cultures 'en'. |url: http://localhost/GuestBooking/GetGuestBookingBySearchCreteria|action: 
2022-09-22 22:44:39.8396|2|WARN|Microsoft.AspNetCore.Localization.RequestLocalizationMiddleware|CookieRequestCultureProvider returned the following unsupported UI Cultures 'en'. |url: http://localhost/GuestBooking/GetGuestBookingBySearchCreteria|action: 
2022-09-22 22:45:21.2955|1|WARN|Microsoft.AspNetCore.Localization.RequestLocalizationMiddleware|CookieRequestCultureProvider returned the following unsupported cultures 'en'. |url: http://localhost/eSyaNatureCure/GuestBooking/V_ENC_05_00|action: 
2022-09-22 22:45:53.8113|2|WARN|Microsoft.AspNetCore.Localization.RequestLocalizationMiddleware|CookieRequestCultureProvider returned the following unsupported UI Cultures 'en'. |url: http://localhost/eSyaNatureCure/GuestBooking/V_ENC_05_00|action: 
2022-09-22 22:46:02.3437|1|WARN|Microsoft.AspNetCore.Localization.RequestLocalizationMiddleware|CookieRequestCultureProvider returned the following unsupported cultures 'en'. |url: http://localhost/Account/Logout|action: 
2022-09-22 22:46:02.4798|2|WARN|Microsoft.AspNetCore.Localization.RequestLocalizationMiddleware|CookieRequestCultureProvider returned the following unsupported UI Cultures 'en'. |url: http://localhost/Account/Logout|action: 
2022-09-22 22:46:08.7189|1|WARN|Microsoft.AspNetCore.Localization.RequestLocalizationMiddleware|CookieRequestCultureProvider returned the following unsupported cultures 'en'. |url: http://localhost/css/animate.css|action: 
2022-09-22 22:46:08.7439|1|WARN|Microsoft.AspNetCore.Localization.RequestLocalizationMiddleware|CookieRequestCultureProvider returned the following unsupported cultures 'en'. |url: http://localhost/lib/bootstrap/dist/css/bootstrap.min.css|action: 
2022-09-22 22:46:08.8335|1|WARN|Microsoft.AspNetCore.Localization.RequestLocalizationMiddleware|CookieRequestCultureProvider returned the following unsupported cultures 'en'. |url: http://localhost/css/material.min.css|action: 
2022-09-22 22:46:08.8799|2|WARN|Microsoft.AspNetCore.Localization.RequestLocalizationMiddleware|CookieRequestCultureProvider returned the following unsupported UI Cultures 'en'. |url: http://localhost/css/animate.css|action: 
2022-09-22 22:46:08.9235|2|WARN|Microsoft.AspNetCore.Localization.RequestLocalizationMiddleware|CookieRequestCultureProvider returned the following unsupported UI Cultures 'en'. |url: http://localhost/lib/bootstrap/dist/css/bootstrap.min.css|action: 
2022-09-22 22:46:09.1005|2|WARN|Microsoft.AspNetCore.Localization.RequestLocalizationMiddleware|CookieRequestCultureProvider returned the following unsupported UI Cultures 'en'. |url: http://localhost/css/material.min.css|action: 
2022-09-22 22:46:11.5971|1|WARN|Microsoft.AspNetCore.Localization.RequestLocalizationMiddleware|CookieRequestCultureProvider returned the following unsupported cultures 'en'. |url: http://localhost/css/esyaTheme.css|action: 
2022-09-22 22:46:11.7093|1|WARN|Microsoft.AspNetCore.Localization.RequestLocalizationMiddleware|CookieRequestCultureProvider returned the following unsupported cultures 'en'. |url: http://localhost/css/esyafonts.css|action: 
2022-09-22 22:46:11.8193|2|WARN|Microsoft.AspNetCore.Localization.RequestLocalizationMiddleware|CookieRequestCultureProvider returned the following unsupported UI Cultures 'en'. |url: http://localhost/css/esyaTheme.css|action: 
2022-09-22 22:46:11.8746|2|WARN|Microsoft.AspNetCore.Localization.RequestLocalizationMiddleware|CookieRequestCultureProvider returned the following unsupported UI Cultures 'en'. |url: http://localhost/css/esyafonts.css|action: 
2022-09-22 22:46:12.1694|1|WARN|Microsoft.AspNetCore.Localization.RequestLocalizationMiddleware|CookieRequestCultureProvider returned the following unsupported cultures 'en'. |url: http://localhost/css/all.min.css|action: 
2022-09-22 22:46:12.1966|1|WARN|Microsoft.AspNetCore.Localization.RequestLocalizationMiddleware|CookieRequestCultureProvider returned the following unsupported cultures 'en'. |url: http://localhost/css/login.css|action: 
2022-09-22 22:46:12.2448|2|WARN|Microsoft.AspNetCore.Localization.RequestLocalizationMiddleware|CookieRequestCultureProvider returned the following unsupported UI Cultures 'en'. |url: http://localhost/css/all.min.css|action: 
2022-09-22 22:46:12.3556|2|WARN|Microsoft.AspNetCore.Localization.RequestLocalizationMiddleware|CookieRequestCultureProvider returned the following unsupported UI Cultures 'en'. |url: http://localhost/css/login.css|action: 
2022-09-22 22:46:15.6791|1|WARN|Microsoft.AspNetCore.Localization.RequestLocalizationMiddleware|CookieRequestCultureProvider returned the following unsupported cultures 'en'. |url: http://localhost/css/sessionTimeout.css|action: 
2022-09-22 22:46:15.7080|2|WARN|Microsoft.AspNetCore.Localization.RequestLocalizationMiddleware|CookieRequestCultureProvider returned the following unsupported UI Cultures 'en'. |url: http://localhost/css/sessionTimeout.css|action: 
2022-09-22 22:46:15.9574|1|WARN|Microsoft.AspNetCore.Localization.RequestLocalizationMiddleware|CookieRequestCultureProvider returned the following unsupported cultures 'en'. |url: http://localhost/fonts/esyaFonts/Roboto/Roboto-Regular.ttf|action: 
2022-09-22 22:46:15.9910|1|WARN|Microsoft.AspNetCore.Localization.RequestLocalizationMiddleware|CookieRequestCultureProvider returned the following unsupported cultures 'en'. |url: http://localhost/fonts/Helvetica.ttf|action: 
2022-09-22 22:46:16.0315|1|WARN|Microsoft.AspNetCore.Localization.RequestLocalizationMiddleware|CookieRequestCultureProvider returned the following unsupported cultures 'en'. |url: http://localhost/images/logo/esya-logo-black.png|action: 
2022-09-22 22:46:16.0604|2|WARN|Microsoft.AspNetCore.Localization.RequestLocalizationMiddleware|CookieRequestCultureProvider returned the following unsupported UI Cultures 'en'. |url: http://localhost/fonts/esyaFonts/Roboto/Roboto-Regular.ttf|action: 
2022-09-22 22:46:16.1378|2|WARN|Microsoft.AspNetCore.Localization.RequestLocalizationMiddleware|CookieRequestCultureProvider returned the following unsupported UI Cultures 'en'. |url: http://localhost/fonts/Helvetica.ttf|action: 
2022-09-22 22:46:16.1522|2|WARN|Microsoft.AspNetCore.Localization.RequestLocalizationMiddleware|CookieRequestCultureProvider returned the following unsupported UI Cultures 'en'. |url: http://localhost/images/logo/esya-logo-black.png|action: 
2022-09-22 22:46:21.6770|1|WARN|Microsoft.AspNetCore.Localization.RequestLocalizationMiddleware|CookieRequestCultureProvider returned the following unsupported cultures 'en'. |url: http://localhost/favicon.ico|action: 
2022-09-22 22:46:31.4837|2|WARN|Microsoft.AspNetCore.Localization.RequestLocalizationMiddleware|CookieRequestCultureProvider returned the following unsupported UI Cultures 'en'. |url: http://localhost/favicon.ico|action: 
2022-09-22 22:46:31.5664|1|WARN|Microsoft.AspNetCore.Localization.RequestLocalizationMiddleware|CookieRequestCultureProvider returned the following unsupported cultures 'en'. |url: http://localhost/|action: 
2022-09-22 22:46:31.5992|1|WARN|Microsoft.AspNetCore.Localization.RequestLocalizationMiddleware|CookieRequestCultureProvider returned the following unsupported cultures 'en'. |url: http://localhost/fonts/fa-solid-900.woff|action: 
2022-09-22 22:46:31.6995|2|WARN|Microsoft.AspNetCore.Localization.RequestLocalizationMiddleware|CookieRequestCultureProvider returned the following unsupported UI Cultures 'en'. |url: http://localhost/|action: 
2022-09-22 22:46:31.7260|2|WARN|Microsoft.AspNetCore.Localization.RequestLocalizationMiddleware|CookieRequestCultureProvider returned the following unsupported UI Cultures 'en'. |url: http://localhost/fonts/fa-solid-900.woff|action: 
2022-09-22 22:46:31.9868|1|WARN|Microsoft.AspNetCore.Localization.RequestLocalizationMiddleware|CookieRequestCultureProvider returned the following unsupported cultures 'en'. |url: http://localhost/fonts/fa-solid-900.woff2|action: 
2022-09-22 22:46:32.1320|2|WARN|Microsoft.AspNetCore.Localization.RequestLocalizationMiddleware|CookieRequestCultureProvider returned the following unsupported UI Cultures 'en'. |url: http://localhost/fonts/fa-solid-900.woff2|action: 
2022-09-22 22:46:35.9801|1|WARN|Microsoft.AspNetCore.Localization.RequestLocalizationMiddleware|CookieRequestCultureProvider returned the following unsupported cultures 'en'. |url: http://localhost/js/material.min.js|action: 
2022-09-22 22:46:35.9991|1|WARN|Microsoft.AspNetCore.Localization.RequestLocalizationMiddleware|CookieRequestCultureProvider returned the following unsupported cultures 'en'. |url: http://localhost/js/all.min.js|action: 
2022-09-22 22:46:36.0475|1|WARN|Microsoft.AspNetCore.Localization.RequestLocalizationMiddleware|CookieRequestCultureProvider returned the following unsupported cultures 'en'. |url: http://localhost/lib/bootstrap/dist/js/popper.min.js|action: 
2022-09-22 22:46:36.0777|2|WARN|Microsoft.AspNetCore.Localization.RequestLocalizationMiddleware|CookieRequestCultureProvider returned the following unsupported UI Cultures 'en'. |url: http://localhost/js/material.min.js|action: 
2022-09-22 22:46:36.0996|2|WARN|Microsoft.AspNetCore.Localization.RequestLocalizationMiddleware|CookieRequestCultureProvider returned the following unsupported UI Cultures 'en'. |url: http://localhost/js/all.min.js|action: 
2022-09-22 22:46:36.1203|2|WARN|Microsoft.AspNetCore.Localization.RequestLocalizationMiddleware|CookieRequestCultureProvider returned the following unsupported UI Cultures 'en'. |url: http://localhost/lib/bootstrap/dist/js/popper.min.js|action: 
2022-09-22 22:46:36.4331|1|WARN|Microsoft.AspNetCore.Localization.RequestLocalizationMiddleware|CookieRequestCultureProvider returned the following unsupported cultures 'en'. |url: http://localhost/lib/bootstrap/dist/js/bootstrap.min.js|action: 
2022-09-22 22:46:36.4560|1|WARN|Microsoft.AspNetCore.Localization.RequestLocalizationMiddleware|CookieRequestCultureProvider returned the following unsupported cultures 'en'. |url: http://localhost/lib/bootstrap/dist/js/jquery-3.2.1.min.js|action: 
2022-09-22 22:46:36.5014|2|WARN|Microsoft.AspNetCore.Localization.RequestLocalizationMiddleware|CookieRequestCultureProvider returned the following unsupported UI Cultures 'en'. |url: http://localhost/lib/bootstrap/dist/js/bootstrap.min.js|action: 
2022-09-22 22:46:36.5253|2|WARN|Microsoft.AspNetCore.Localization.RequestLocalizationMiddleware|CookieRequestCultureProvider returned the following unsupported UI Cultures 'en'. |url: http://localhost/lib/bootstrap/dist/js/jquery-3.2.1.min.js|action: 
2022-09-22 22:46:36.5424|1|WARN|Microsoft.AspNetCore.Localization.RequestLocalizationMiddleware|CookieRequestCultureProvider returned the following unsupported cultures 'en'. |url: http://localhost/lib/jquery/dist/jquery.js|action: 
2022-09-22 22:46:36.5960|2|WARN|Microsoft.AspNetCore.Localization.RequestLocalizationMiddleware|CookieRequestCultureProvider returned the following unsupported UI Cultures 'en'. |url: http://localhost/lib/jquery/dist/jquery.js|action: 
2022-09-22 22:46:36.7445|1|WARN|Microsoft.AspNetCore.Localization.RequestLocalizationMiddleware|CookieRequestCultureProvider returned the following unsupported cultures 'en'. |url: http://localhost/js/jquery.jqGrid.min.js|action: 
2022-09-22 22:46:36.7814|1|WARN|Microsoft.AspNetCore.Localization.RequestLocalizationMiddleware|CookieRequestCultureProvider returned the following unsupported cultures 'en'. |url: http://localhost/js/bootstrap-select.js|action: 
2022-09-22 22:46:36.8440|2|WARN|Microsoft.AspNetCore.Localization.RequestLocalizationMiddleware|CookieRequestCultureProvider returned the following unsupported UI Cultures 'en'. |url: http://localhost/js/jquery.jqGrid.min.js|action: 
2022-09-22 22:46:36.8686|2|WARN|Microsoft.AspNetCore.Localization.RequestLocalizationMiddleware|CookieRequestCultureProvider returned the following unsupported UI Cultures 'en'. |url: http://localhost/js/bootstrap-select.js|action: 
2022-09-22 22:46:36.8861|1|WARN|Microsoft.AspNetCore.Localization.RequestLocalizationMiddleware|CookieRequestCultureProvider returned the following unsupported cultures 'en'. |url: http://localhost/js/bootbox.min.js|action: 
2022-09-22 22:46:37.0323|2|WARN|Microsoft.AspNetCore.Localization.RequestLocalizationMiddleware|CookieRequestCultureProvider returned the following unsupported UI Cultures 'en'. |url: http://localhost/js/bootbox.min.js|action: 
2022-09-22 22:46:37.3825|1|WARN|Microsoft.AspNetCore.Localization.RequestLocalizationMiddleware|CookieRequestCultureProvider returned the following unsupported cultures 'en'. |url: http://localhost/js/Inputmask/jquery.inputmask.js|action: 
2022-09-22 22:46:37.4156|1|WARN|Microsoft.AspNetCore.Localization.RequestLocalizationMiddleware|CookieRequestCultureProvider returned the following unsupported cultures 'en'. |url: http://localhost/js/Inputmask/bindings/inputmask.binding.js|action: 
2022-09-22 22:46:37.4635|2|WARN|Microsoft.AspNetCore.Localization.RequestLocalizationMiddleware|CookieRequestCultureProvider returned the following unsupported UI Cultures 'en'. |url: http://localhost/js/Inputmask/jquery.inputmask.js|action: 
2022-09-22 22:46:37.4854|2|WARN|Microsoft.AspNetCore.Localization.RequestLocalizationMiddleware|CookieRequestCultureProvider returned the following unsupported UI Cultures 'en'. |url: http://localhost/js/Inputmask/bindings/inputmask.binding.js|action: 
2022-09-22 22:46:37.5102|1|WARN|Microsoft.AspNetCore.Localization.RequestLocalizationMiddleware|CookieRequestCultureProvider returned the following unsupported cultures 'en'. |url: http://localhost/js/Inputmask/inputmask.js|action: 
2022-09-22 22:46:37.6130|2|WARN|Microsoft.AspNetCore.Localization.RequestLocalizationMiddleware|CookieRequestCultureProvider returned the following unsupported UI Cultures 'en'. |url: http://localhost/js/Inputmask/inputmask.js|action: 
2022-09-22 22:46:37.7696|1|WARN|Microsoft.AspNetCore.Localization.RequestLocalizationMiddleware|CookieRequestCultureProvider returned the following unsupported cultures 'en'. |url: http://localhost/js/jquery-ui.min.js|action: 
2022-09-22 22:46:37.8313|1|WARN|Microsoft.AspNetCore.Localization.RequestLocalizationMiddleware|CookieRequestCultureProvider returned the following unsupported cultures 'en'. |url: http://localhost/css/bootstrap-select.css|action: 
2022-09-22 22:46:37.8528|2|WARN|Microsoft.AspNetCore.Localization.RequestLocalizationMiddleware|CookieRequestCultureProvider returned the following unsupported UI Cultures 'en'. |url: http://localhost/js/jquery-ui.min.js|action: 
2022-09-22 22:46:37.9947|2|WARN|Microsoft.AspNetCore.Localization.RequestLocalizationMiddleware|CookieRequestCultureProvider returned the following unsupported UI Cultures 'en'. |url: http://localhost/css/bootstrap-select.css|action: 
2022-09-22 22:46:38.0289|1|WARN|Microsoft.AspNetCore.Localization.RequestLocalizationMiddleware|CookieRequestCultureProvider returned the following unsupported cultures 'en'. |url: http://localhost/js/i18n/grid.locale-en.js|action: 
2022-09-22 22:46:39.3103|2|WARN|Microsoft.AspNetCore.Localization.RequestLocalizationMiddleware|CookieRequestCultureProvider returned the following unsupported UI Cultures 'en'. |url: http://localhost/js/i18n/grid.locale-en.js|action: 
2022-09-22 22:46:40.1504|1|WARN|Microsoft.AspNetCore.Localization.RequestLocalizationMiddleware|CookieRequestCultureProvider returned the following unsupported cultures 'en'. |url: http://localhost/images/esya-products-yellow-with-footer.jpg|action: 
2022-09-22 22:46:40.1897|2|WARN|Microsoft.AspNetCore.Localization.RequestLocalizationMiddleware|CookieRequestCultureProvider returned the following unsupported UI Cultures 'en'. |url: http://localhost/images/esya-products-yellow-with-footer.jpg|action: 
2022-09-22 22:46:40.7542|1|WARN|Microsoft.AspNetCore.Localization.RequestLocalizationMiddleware|CookieRequestCultureProvider returned the following unsupported cultures 'en'. |url: http://localhost/fonts/fa-solid-900.woff2|action: 
2022-09-22 22:46:41.1515|1|WARN|Microsoft.AspNetCore.Localization.RequestLocalizationMiddleware|CookieRequestCultureProvider returned the following unsupported cultures 'en'. |url: http://localhost/favicon.ico|action: 
2022-09-22 22:46:41.1745|2|WARN|Microsoft.AspNetCore.Localization.RequestLocalizationMiddleware|CookieRequestCultureProvider returned the following unsupported UI Cultures 'en'. |url: http://localhost/fonts/fa-solid-900.woff2|action: 
2022-09-22 22:46:41.2123|2|WARN|Microsoft.AspNetCore.Localization.RequestLocalizationMiddleware|CookieRequestCultureProvider returned the following unsupported UI Cultures 'en'. |url: http://localhost/favicon.ico|action: 
2022-09-22 22:46:50.1447|1|WARN|Microsoft.AspNetCore.Localization.RequestLocalizationMiddleware|CookieRequestCultureProvider returned the following unsupported cultures 'en'. |url: http://localhost/|action: 
2022-09-22 22:46:50.2374|2|WARN|Microsoft.AspNetCore.Localization.RequestLocalizationMiddleware|CookieRequestCultureProvider returned the following unsupported UI Cultures 'en'. |url: http://localhost/|action: 
2022-09-22 22:46:52.5959|1|WARN|Microsoft.AspNetCore.Localization.RequestLocalizationMiddleware|CookieRequestCultureProvider returned the following unsupported cultures 'en'. |url: http://localhost/Home|action: 
2022-09-22 22:46:53.3030|2|WARN|Microsoft.AspNetCore.Localization.RequestLocalizationMiddleware|CookieRequestCultureProvider returned the following unsupported UI Cultures 'en'. |url: http://localhost/Home|action: 
2022-09-22 22:46:55.4450|1|WARN|Microsoft.AspNetCore.Localization.RequestLocalizationMiddleware|CookieRequestCultureProvider returned the following unsupported cultures 'en'. |url: http://localhost/js/jquery.sessionTimeout.js|action: 
2022-09-22 22:46:55.5077|1|WARN|Microsoft.AspNetCore.Localization.RequestLocalizationMiddleware|CookieRequestCultureProvider returned the following unsupported cultures 'en'. |url: http://localhost/css/master.css|action: 
2022-09-22 22:46:55.5316|1|WARN|Microsoft.AspNetCore.Localization.RequestLocalizationMiddleware|CookieRequestCultureProvider returned the following unsupported cultures 'en'. |url: http://localhost/css/jqgridcustomstyle.css|action: 
2022-09-22 22:46:55.5613|2|WARN|Microsoft.AspNetCore.Localization.RequestLocalizationMiddleware|CookieRequestCultureProvider returned the following unsupported UI Cultures 'en'. |url: http://localhost/js/jquery.sessionTimeout.js|action: 
2022-09-22 22:46:55.6161|2|WARN|Microsoft.AspNetCore.Localization.RequestLocalizationMiddleware|CookieRequestCultureProvider returned the following unsupported UI Cultures 'en'. |url: http://localhost/css/master.css|action: 
2022-09-22 22:46:55.6784|2|WARN|Microsoft.AspNetCore.Localization.RequestLocalizationMiddleware|CookieRequestCultureProvider returned the following unsupported UI Cultures 'en'. |url: http://localhost/css/jqgridcustomstyle.css|action: 
2022-09-22 22:46:56.0752|1|WARN|Microsoft.AspNetCore.Localization.RequestLocalizationMiddleware|CookieRequestCultureProvider returned the following unsupported cultures 'en'. |url: http://localhost/js/toastr.min.js|action: 
2022-09-22 22:46:56.0982|1|WARN|Microsoft.AspNetCore.Localization.RequestLocalizationMiddleware|CookieRequestCultureProvider returned the following unsupported cultures 'en'. |url: http://localhost/js/utility/cf-input-validation.js|action: 
2022-09-22 22:46:56.1172|1|WARN|Microsoft.AspNetCore.Localization.RequestLocalizationMiddleware|CookieRequestCultureProvider returned the following unsupported cultures 'en'. |url: http://localhost/css/toastr.min.css|action: 
2022-09-22 22:46:56.1684|2|WARN|Microsoft.AspNetCore.Localization.RequestLocalizationMiddleware|CookieRequestCultureProvider returned the following unsupported UI Cultures 'en'. |url: http://localhost/js/toastr.min.js|action: 
2022-09-22 22:46:56.2109|2|WARN|Microsoft.AspNetCore.Localization.RequestLocalizationMiddleware|CookieRequestCultureProvider returned the following unsupported UI Cultures 'en'. |url: http://localhost/js/utility/cf-input-validation.js|action: 
2022-09-22 22:46:56.3486|2|WARN|Microsoft.AspNetCore.Localization.RequestLocalizationMiddleware|CookieRequestCultureProvider returned the following unsupported UI Cultures 'en'. |url: http://localhost/css/toastr.min.css|action: 
2022-09-22 22:46:55.4065|1|WARN|Microsoft.AspNetCore.Localization.RequestLocalizationMiddleware|CookieRequestCultureProvider returned the following unsupported cultures 'en'. |url: http://localhost/css/ui.jqgrid.css|action: 
2022-09-22 22:46:56.6387|2|WARN|Microsoft.AspNetCore.Localization.RequestLocalizationMiddleware|CookieRequestCultureProvider returned the following unsupported UI Cultures 'en'. |url: http://localhost/css/ui.jqgrid.css|action: 
2022-09-22 22:46:56.6576|1|WARN|Microsoft.AspNetCore.Localization.RequestLocalizationMiddleware|CookieRequestCultureProvider returned the following unsupported cultures 'en'. |url: http://localhost/css/jquery-ui.min.css|action: 
2022-09-22 22:46:56.6764|1|WARN|Microsoft.AspNetCore.Localization.RequestLocalizationMiddleware|CookieRequestCultureProvider returned the following unsupported cultures 'en'. |url: http://localhost/js/Inputmask/inputmask-userdefined.js|action: 
2022-09-22 22:46:56.8096|2|WARN|Microsoft.AspNetCore.Localization.RequestLocalizationMiddleware|CookieRequestCultureProvider returned the following unsupported UI Cultures 'en'. |url: http://localhost/css/jquery-ui.min.css|action: 
2022-09-22 22:46:56.8644|2|WARN|Microsoft.AspNetCore.Localization.RequestLocalizationMiddleware|CookieRequestCultureProvider returned the following unsupported UI Cultures 'en'. |url: http://localhost/js/Inputmask/inputmask-userdefined.js|action: 
2022-09-22 22:46:57.1489|1|WARN|Microsoft.AspNetCore.Localization.RequestLocalizationMiddleware|CookieRequestCultureProvider returned the following unsupported cultures 'en'. |url: http://localhost/css/site.css|action: 
2022-09-22 22:46:57.2425|2|WARN|Microsoft.AspNetCore.Localization.RequestLocalizationMiddleware|CookieRequestCultureProvider returned the following unsupported UI Cultures 'en'. |url: http://localhost/css/site.css|action: 
2022-09-22 22:46:59.6988|1|WARN|Microsoft.AspNetCore.Localization.RequestLocalizationMiddleware|CookieRequestCultureProvider returned the following unsupported cultures 'en'. |url: http://localhost/images/gtpl_logo.jpg|action: 
2022-09-22 22:47:00.0773|1|WARN|Microsoft.AspNetCore.Localization.RequestLocalizationMiddleware|CookieRequestCultureProvider returned the following unsupported cultures 'en'. |url: http://localhost/images/logo/esya-logo-whitebg.jpeg|action: 
2022-09-22 22:47:00.4762|2|WARN|Microsoft.AspNetCore.Localization.RequestLocalizationMiddleware|CookieRequestCultureProvider returned the following unsupported UI Cultures 'en'. |url: http://localhost/images/gtpl_logo.jpg|action: 
2022-09-22 22:47:00.6505|2|WARN|Microsoft.AspNetCore.Localization.RequestLocalizationMiddleware|CookieRequestCultureProvider returned the following unsupported UI Cultures 'en'. |url: http://localhost/images/logo/esya-logo-whitebg.jpeg|action: 
2022-09-22 22:47:04.7055|1|WARN|Microsoft.AspNetCore.Localization.RequestLocalizationMiddleware|CookieRequestCultureProvider returned the following unsupported cultures 'en'. |url: http://localhost/eSyaNatureCure/GuestBooking/V_ENC_05_00|action: 
2022-09-22 22:47:05.7000|2|WARN|Microsoft.AspNetCore.Localization.RequestLocalizationMiddleware|CookieRequestCultureProvider returned the following unsupported UI Cultures 'en'. |url: http://localhost/eSyaNatureCure/GuestBooking/V_ENC_05_00|action: 
2022-09-22 22:47:00.7440|1|WARN|Microsoft.AspNetCore.Localization.RequestLocalizationMiddleware|CookieRequestCultureProvider returned the following unsupported cultures 'en'. |url: http://localhost/json/menuitem.json|action: 
2022-09-22 22:47:09.3867|1|WARN|Microsoft.AspNetCore.Localization.RequestLocalizationMiddleware|CookieRequestCultureProvider returned the following unsupported cultures 'en'. |url: http://localhost/fonts/fa-regular-400.woff|action: 
2022-09-22 22:47:09.4156|2|WARN|Microsoft.AspNetCore.Localization.RequestLocalizationMiddleware|CookieRequestCultureProvider returned the following unsupported UI Cultures 'en'. |url: http://localhost/json/menuitem.json|action: 
2022-09-22 22:47:09.5030|2|WARN|Microsoft.AspNetCore.Localization.RequestLocalizationMiddleware|CookieRequestCultureProvider returned the following unsupported UI Cultures 'en'. |url: http://localhost/fonts/fa-regular-400.woff|action: 
2022-09-22 22:47:09.8968|1|WARN|Microsoft.AspNetCore.Localization.RequestLocalizationMiddleware|CookieRequestCultureProvider returned the following unsupported cultures 'en'. |url: http://localhost/fonts/fa-regular-400.woff2|action: 
2022-09-22 22:47:09.9228|1|WARN|Microsoft.AspNetCore.Localization.RequestLocalizationMiddleware|CookieRequestCultureProvider returned the following unsupported cultures 'en'. |url: http://localhost/json/errormessage.json|action: 
2022-09-22 22:47:09.9690|2|WARN|Microsoft.AspNetCore.Localization.RequestLocalizationMiddleware|CookieRequestCultureProvider returned the following unsupported UI Cultures 'en'. |url: http://localhost/fonts/fa-regular-400.woff2|action: 
2022-09-22 22:47:09.9942|2|WARN|Microsoft.AspNetCore.Localization.RequestLocalizationMiddleware|CookieRequestCultureProvider returned the following unsupported UI Cultures 'en'. |url: http://localhost/json/errormessage.json|action: 
2022-09-22 22:47:26.7855|1|WARN|Microsoft.AspNetCore.Localization.RequestLocalizationMiddleware|CookieRequestCultureProvider returned the following unsupported cultures 'en'. |url: http://localhost/images/logo/esya-logo-whitebg.jpeg|action: 
2022-09-22 22:47:26.8075|1|WARN|Microsoft.AspNetCore.Localization.RequestLocalizationMiddleware|CookieRequestCultureProvider returned the following unsupported cultures 'en'. |url: http://localhost/js/eSyaNatureCure/GuestBooking.js|action: 
2022-09-22 22:47:26.8426|2|WARN|Microsoft.AspNetCore.Localization.RequestLocalizationMiddleware|CookieRequestCultureProvider returned the following unsupported UI Cultures 'en'. |url: http://localhost/images/logo/esya-logo-whitebg.jpeg|action: 
2022-09-22 22:47:26.8756|2|WARN|Microsoft.AspNetCore.Localization.RequestLocalizationMiddleware|CookieRequestCultureProvider returned the following unsupported UI Cultures 'en'. |url: http://localhost/js/eSyaNatureCure/GuestBooking.js|action: 
2022-09-22 22:47:26.9574|1|WARN|Microsoft.AspNetCore.Localization.RequestLocalizationMiddleware|CookieRequestCultureProvider returned the following unsupported cultures 'en'. |url: http://localhost/fonts/fa-regular-400.woff2|action: 
2022-09-22 22:47:27.0724|2|WARN|Microsoft.AspNetCore.Localization.RequestLocalizationMiddleware|CookieRequestCultureProvider returned the following unsupported UI Cultures 'en'. |url: http://localhost/fonts/fa-regular-400.woff2|action: 
2022-09-22 22:47:27.1442|1|WARN|Microsoft.AspNetCore.Localization.RequestLocalizationMiddleware|CookieRequestCultureProvider returned the following unsupported cultures 'en'. |url: http://localhost/json/errormessage.json|action: 
2022-09-22 22:47:27.1796|1|WARN|Microsoft.AspNetCore.Localization.RequestLocalizationMiddleware|CookieRequestCultureProvider returned the following unsupported cultures 'en'. |url: http://localhost/GuestBooking/GetGuestBookingBySearchCreteria|action: 
2022-09-22 22:47:27.2181|2|WARN|Microsoft.AspNetCore.Localization.RequestLocalizationMiddleware|CookieRequestCultureProvider returned the following unsupported UI Cultures 'en'. |url: http://localhost/json/errormessage.json|action: 
2022-09-22 22:47:27.2522|2|WARN|Microsoft.AspNetCore.Localization.RequestLocalizationMiddleware|CookieRequestCultureProvider returned the following unsupported UI Cultures 'en'. |url: http://localhost/GuestBooking/GetGuestBookingBySearchCreteria|action: 
2022-09-22 22:47:27.3780|1|WARN|Microsoft.AspNetCore.Localization.RequestLocalizationMiddleware|CookieRequestCultureProvider returned the following unsupported cultures 'en'. |url: http://localhost/json/menuitem.json|action: 
2022-09-22 22:47:27.4801|2|WARN|Microsoft.AspNetCore.Localization.RequestLocalizationMiddleware|CookieRequestCultureProvider returned the following unsupported UI Cultures 'en'. |url: http://localhost/json/menuitem.json|action: 
2022-09-22 22:51:17.9582|1|WARN|Microsoft.AspNetCore.Localization.RequestLocalizationMiddleware|CookieRequestCultureProvider returned the following unsupported cultures 'en'. |url: http://localhost/eSyaNatureCure/GuestBooking/V_ENC_05_00|action: 
2022-09-22 22:51:18.2362|2|WARN|Microsoft.AspNetCore.Localization.RequestLocalizationMiddleware|CookieRequestCultureProvider returned the following unsupported UI Cultures 'en'. |url: http://localhost/eSyaNatureCure/GuestBooking/V_ENC_05_00|action: 
2022-09-22 22:51:40.2718|1|WARN|Microsoft.AspNetCore.Localization.RequestLocalizationMiddleware|CookieRequestCultureProvider returned the following unsupported cultures 'en'. |url: http://localhost/js/eSyaNatureCure/GuestBooking.js|action: 
2022-09-22 22:51:40.3036|2|WARN|Microsoft.AspNetCore.Localization.RequestLocalizationMiddleware|CookieRequestCultureProvider returned the following unsupported UI Cultures 'en'. |url: http://localhost/js/eSyaNatureCure/GuestBooking.js|action: 
2022-09-22 22:51:41.4318|1|WARN|Microsoft.AspNetCore.Localization.RequestLocalizationMiddleware|CookieRequestCultureProvider returned the following unsupported cultures 'en'. |url: http://localhost/favicon.ico|action: 
2022-09-22 22:51:41.4800|2|WARN|Microsoft.AspNetCore.Localization.RequestLocalizationMiddleware|CookieRequestCultureProvider returned the following unsupported UI Cultures 'en'. |url: http://localhost/favicon.ico|action: 
2022-09-22 22:51:41.6942|1|WARN|Microsoft.AspNetCore.Localization.RequestLocalizationMiddleware|CookieRequestCultureProvider returned the following unsupported cultures 'en'. |url: http://localhost/json/errormessage.json|action: 
2022-09-22 22:51:41.7333|1|WARN|Microsoft.AspNetCore.Localization.RequestLocalizationMiddleware|CookieRequestCultureProvider returned the following unsupported cultures 'en'. |url: http://localhost/json/menuitem.json|action: 
2022-09-22 22:51:41.8520|2|WARN|Microsoft.AspNetCore.Localization.RequestLocalizationMiddleware|CookieRequestCultureProvider returned the following unsupported UI Cultures 'en'. |url: http://localhost/json/errormessage.json|action: 
2022-09-22 22:51:41.9752|2|WARN|Microsoft.AspNetCore.Localization.RequestLocalizationMiddleware|CookieRequestCultureProvider returned the following unsupported UI Cultures 'en'. |url: http://localhost/json/menuitem.json|action: 
2022-09-22 22:51:42.0594|1|WARN|Microsoft.AspNetCore.Localization.RequestLocalizationMiddleware|CookieRequestCultureProvider returned the following unsupported cultures 'en'. |url: http://localhost/GuestBooking/GetGuestBookingBySearchCreteria|action: 
2022-09-22 22:51:42.1392|2|WARN|Microsoft.AspNetCore.Localization.RequestLocalizationMiddleware|CookieRequestCultureProvider returned the following unsupported UI Cultures 'en'. |url: http://localhost/GuestBooking/GetGuestBookingBySearchCreteria|action: 
