2022-01-13 11:51:16.8807|3|WARN|Microsoft.AspNetCore.HttpsPolicy.HttpsRedirectionMiddleware|Failed to determine the https port for redirect. |url: http://localhost/|action: 
2022-01-13 11:57:11.9155|2|ERROR|Microsoft.AspNetCore.Server.IIS.Core.IISHttpServer|Connection ID "18230571297501347850", Request ID "8000000b-0001-fd00-b63f-84710c7967bb": An unhandled exception was thrown by the application. System.ObjectDisposedException: The CancellationTokenSource has been disposed.
   at System.Threading.CancellationTokenSource.ThrowObjectDisposedException()
   at System.Threading.CancellationTokenSource.Cancel()
   at Microsoft.AspNetCore.Server.IIS.Core.IISHttpContext.<>c__DisplayClass314_0.<AbortIO>b__0(Object t)|url: |action: 
2022-01-13 11:57:11.9234|2|ERROR|Microsoft.AspNetCore.Server.IIS.Core.IISHttpServer|Connection ID "17582052955454963723", Request ID "8000000d-0002-f400-b63f-84710c7967bb": An unhandled exception was thrown by the application. System.ObjectDisposedException: The CancellationTokenSource has been disposed.
   at System.Threading.CancellationTokenSource.ThrowObjectDisposedException()
   at System.Threading.CancellationTokenSource.Cancel()
   at Microsoft.AspNetCore.Server.IIS.Core.IISHttpContext.<>c__DisplayClass314_0.<AbortIO>b__0(Object t)|url: |action: 
2022-01-13 11:57:11.9234|2|ERROR|Microsoft.AspNetCore.Server.IIS.Core.IISHttpServer|Connection ID "18158513699168452611", Request ID "80000004-0000-fc00-b63f-84710c7967bb": An unhandled exception was thrown by the application. System.ObjectDisposedException: The CancellationTokenSource has been disposed.
   at System.Threading.CancellationTokenSource.ThrowObjectDisposedException()
   at System.Threading.CancellationTokenSource.Cancel()
   at Microsoft.AspNetCore.Server.IIS.Core.IISHttpContext.<>c__DisplayClass314_0.<AbortIO>b__0(Object t)|url: |action: 
2022-01-13 12:45:20.7557|3|WARN|Microsoft.AspNetCore.HttpsPolicy.HttpsRedirectionMiddleware|Failed to determine the https port for redirect. |url: http://localhost/|action: 
2022-01-13 12:45:27.9778|2|ERROR|Microsoft.AspNetCore.Server.IIS.Core.IISHttpServer|Connection ID "17582052955454963741", Request ID "80000020-0002-f400-b63f-84710c7967bb": An unhandled exception was thrown by the application. System.ObjectDisposedException: The CancellationTokenSource has been disposed.
   at System.Threading.CancellationTokenSource.ThrowObjectDisposedException()
   at System.Threading.CancellationTokenSource.Cancel()
   at Microsoft.AspNetCore.Server.IIS.Core.IISHttpContext.<>c__DisplayClass314_0.<AbortIO>b__0(Object t)|url: |action: 
2022-01-13 12:45:27.9996|2|ERROR|Microsoft.AspNetCore.Server.IIS.Core.IISHttpServer|Connection ID "17726168134940884993", Request ID "80000004-0000-f600-b63f-84710c7967bb": An unhandled exception was thrown by the application. System.ObjectDisposedException: The CancellationTokenSource has been disposed.
   at System.Threading.CancellationTokenSource.ThrowObjectDisposedException()
   at System.Threading.CancellationTokenSource.Cancel()
   at Microsoft.AspNetCore.Server.IIS.Core.IISHttpContext.<>c__DisplayClass314_0.<AbortIO>b__0(Object t)|url: |action: 
2022-01-13 12:45:27.9996|2|ERROR|Microsoft.AspNetCore.Server.IIS.Core.IISHttpServer|Connection ID "17654110549492891714", Request ID "80000046-0002-f500-b63f-84710c7967bb": An unhandled exception was thrown by the application. System.ObjectDisposedException: The CancellationTokenSource has been disposed.
   at System.Threading.CancellationTokenSource.ThrowObjectDisposedException()
   at System.Threading.CancellationTokenSource.Cancel()
   at Microsoft.AspNetCore.Server.IIS.Core.IISHttpContext.<>c__DisplayClass314_0.<AbortIO>b__0(Object t)|url: |action: 
