2021-10-05 16:46:57.3466|3|WARN|Microsoft.AspNetCore.HttpsPolicy.HttpsRedirectionMiddleware|Failed to determine the https port for redirect. |url: http://localhost/|action: 
2021-10-05 16:50:53.1031||ERROR|eSyaEnterprise_UI.Areas.eSyaNursingStation.Controllers.PatientClinicalInformationController|UD:InsertIntoPatientClinicalInformation:params:{"BusinessKey":111,"UHID":0,"IPNumber":0,"TransactionID":0,"TransactionDate":"0001-01-01T00:00:00","ChartNumber":0,"l_CL_ControlValue":[{"CLControlID":"NN","ValueType":"text","Value":"nurse"}],"Value":null,"ActiveStatus":true,"FormID":"0","UserID":0,"TerminalID":"fe80::947:acf6:843:eaf8%6"} System.Exception: Internal Server Error|url: http://localhost/PatientClinicalInformation/InsertIntoPatientClinicalInformation|action: InsertIntoPatientClinicalInformation
2021-10-05 16:51:34.4175||ERROR|eSyaEnterprise_UI.Areas.eSyaNursingStation.Controllers.PatientClinicalInformationController|UD:InsertIntoPatientClinicalInformation:params:{"BusinessKey":111,"UHID":0,"IPNumber":0,"TransactionID":0,"TransactionDate":"0001-01-01T00:00:00","ChartNumber":0,"l_CL_ControlValue":[{"CLControlID":"NN","ValueType":"text","Value":"nurse"}],"Value":null,"ActiveStatus":true,"FormID":"0","UserID":0,"TerminalID":"fe80::947:acf6:843:eaf8%6"} System.Exception: Internal Server Error|url: http://localhost/PatientClinicalInformation/InsertIntoPatientClinicalInformation|action: InsertIntoPatientClinicalInformation
2021-10-05 16:52:50.1724|3|WARN|Microsoft.AspNetCore.HttpsPolicy.HttpsRedirectionMiddleware|Failed to determine the https port for redirect. |url: http://localhost/|action: 
2021-10-05 16:55:03.1054||ERROR|eSyaEnterprise_UI.Areas.eSyaNursingStation.Controllers.PatientClinicalInformationController|UD:InsertIntoPatientClinicalInformation:params:{"BusinessKey":111,"UHID":0,"IPNumber":0,"TransactionID":0,"TransactionDate":"0001-01-01T00:00:00","ChartNumber":0,"l_CL_ControlValue":[{"CLControlID":"NN","ValueType":"text","Value":"Nurse"}],"Value":null,"ActiveStatus":true,"FormID":"0","UserID":0,"TerminalID":"fe80::947:acf6:843:eaf8%6"} System.Exception: Internal Server Error|url: http://localhost/PatientClinicalInformation/InsertIntoPatientClinicalInformation|action: InsertIntoPatientClinicalInformation
2021-10-05 17:30:40.8597|3|WARN|Microsoft.AspNetCore.HttpsPolicy.HttpsRedirectionMiddleware|Failed to determine the https port for redirect. |url: http://localhost/|action: 
2021-10-05 17:31:47.5461||ERROR|eSyaEnterprise_UI.Areas.eSyaNursingStation.Controllers.PatientClinicalInformationController|UD:InsertIntoPatientClinicalInformation:params:{"BusinessKey":111,"UHID":0,"IPNumber":0,"TransactionID":0,"TransactionDate":"0001-01-01T00:00:00","TransactioTime":"00:00:00","ChartNumber":0,"l_CL_ControlValue":[{"CLControlID":"NN","ValueType":"text","Value":"Nurse"}],"Value":null,"ActiveStatus":true,"FormID":"0","UserID":0,"TerminalID":"fe80::947:acf6:843:eaf8%6"} System.Exception: Internal Server Error|url: http://localhost/PatientClinicalInformation/InsertIntoPatientClinicalInformation|action: InsertIntoPatientClinicalInformation
2021-10-05 17:32:24.8986||ERROR|eSyaEnterprise_UI.Areas.eSyaNursingStation.Controllers.PatientClinicalInformationController|UD:InsertIntoPatientClinicalInformation:params:{"BusinessKey":111,"UHID":0,"IPNumber":0,"TransactionID":0,"TransactionDate":"0001-01-01T00:00:00","TransactioTime":"00:00:00","ChartNumber":0,"l_CL_ControlValue":[{"CLControlID":"NN","ValueType":"text","Value":"Nurse"}],"Value":null,"ActiveStatus":true,"FormID":"0","UserID":0,"TerminalID":"fe80::947:acf6:843:eaf8%6"} System.Exception: Internal Server Error|url: http://localhost/PatientClinicalInformation/InsertIntoPatientClinicalInformation|action: InsertIntoPatientClinicalInformation
2021-10-05 17:33:17.0589||ERROR|eSyaEnterprise_UI.Areas.eSyaNursingStation.Controllers.PatientClinicalInformationController|UD:InsertIntoPatientClinicalInformation:params:{"BusinessKey":111,"UHID":0,"IPNumber":0,"TransactionID":0,"TransactionDate":"0001-01-01T00:00:00","TransactioTime":"00:00:00","ChartNumber":0,"l_CL_ControlValue":[{"CLControlID":"NN","ValueType":"text","Value":"Nu"}],"Value":null,"ActiveStatus":true,"FormID":"0","UserID":0,"TerminalID":"fe80::947:acf6:843:eaf8%6"} System.Exception: Internal Server Error|url: http://localhost/PatientClinicalInformation/InsertIntoPatientClinicalInformation|action: InsertIntoPatientClinicalInformation
2021-10-05 17:38:36.3861|3|WARN|Microsoft.AspNetCore.HttpsPolicy.HttpsRedirectionMiddleware|Failed to determine the https port for redirect. |url: http://localhost/|action: 
2021-10-05 17:44:20.8065|3|WARN|Microsoft.AspNetCore.HttpsPolicy.HttpsRedirectionMiddleware|Failed to determine the https port for redirect. |url: http://localhost/|action: 
2021-10-05 17:59:39.2931|3|WARN|Microsoft.AspNetCore.HttpsPolicy.HttpsRedirectionMiddleware|Failed to determine the https port for redirect. |url: http://localhost/|action: 
2021-10-05 18:09:54.5132|3|WARN|Microsoft.AspNetCore.HttpsPolicy.HttpsRedirectionMiddleware|Failed to determine the https port for redirect. |url: http://localhost/|action: 
2021-10-05 18:37:43.8765|3|WARN|Microsoft.AspNetCore.HttpsPolicy.HttpsRedirectionMiddleware|Failed to determine the https port for redirect. |url: http://localhost/|action: 
2021-10-05 18:39:22.0572||ERROR|eSyaEnterprise_UI.Areas.eSyaNursingStation.Controllers.PatientClinicalInformationController|UD:InsertIntoPatientClinicalInformation:params:{"BusinessKey":111,"UHID":831,"IPNumber":568,"TransactionID":0,"TransactionDate":"2021-10-05T00:00:00+05:30","TransactionTime":"00:00:00","ChartNumber":0,"l_CL_ControlValue":[{"CLControlID":"NN","ValueType":"text","Value":null}],"Value":null,"ActiveStatus":true,"FormID":"0","UserID":0,"TerminalID":"fe80::947:acf6:843:eaf8%6"} System.Net.Http.HttpRequestException: No connection could be made because the target machine actively refused it ---> System.Net.Sockets.SocketException: No connection could be made because the target machine actively refused it
   at System.Net.Http.ConnectHelper.ConnectAsync(String host, Int32 port, CancellationToken cancellationToken)
   --- End of inner exception stack trace ---
   at System.Net.Http.ConnectHelper.ConnectAsync(String host, Int32 port, CancellationToken cancellationToken)
   at System.Threading.Tasks.ValueTask`1.get_Result()
   at System.Net.Http.HttpConnectionPool.CreateConnectionAsync(HttpRequestMessage request, CancellationToken cancellationToken)
   at System.Threading.Tasks.ValueTask`1.get_Result()
   at System.Net.Http.HttpConnectionPool.WaitForCreatedConnectionAsync(ValueTask`1 creationTask)
   at System.Threading.Tasks.ValueTask`1.get_Result()
   at System.Net.Http.HttpConnectionPool.SendWithRetryAsync(HttpRequestMessage request, Boolean doRequestAuth, CancellationToken cancellationToken)
   at System.Net.Http.RedirectHandler.SendAsync(HttpRequestMessage request, CancellationToken cancellationToken)
   at Microsoft.Extensions.Http.Logging.LoggingHttpMessageHandler.SendAsync(HttpRequestMessage request, CancellationToken cancellationToken)
   at Microsoft.Extensions.Http.Logging.LoggingScopeHttpMessageHandler.SendAsync(HttpRequestMessage request, CancellationToken cancellationToken)
   at System.Net.Http.HttpClient.FinishSendAsyncBuffered(Task`1 sendTask, HttpRequestMessage request, CancellationTokenSource cts, Boolean disposeCts)
   at eSyaEssentials_UI.HttpClientServices.PostAsJsonAsync[T](String url, Object value)
   at eSyaEnterprise_UI.Areas.eSyaNursingStation.Controllers.PatientClinicalInformationController.InsertIntoPatientClinicalInformation(DO_PatientClinicalInformation obj) in D:\eSya Project\Solution\eSyaEnterprise_UI\trunk\eSyaEnterprise_UI\Areas\eSyaNursingStation\Controllers\PatientClinicalInformationController.cs:line 110|url: http://localhost/PatientClinicalInformation/InsertIntoPatientClinicalInformation|action: InsertIntoPatientClinicalInformation
2021-10-05 19:12:26.4005|3|WARN|Microsoft.AspNetCore.HttpsPolicy.HttpsRedirectionMiddleware|Failed to determine the https port for redirect. |url: http://localhost/|action: 
2021-10-05 19:22:49.0680|3|WARN|Microsoft.AspNetCore.HttpsPolicy.HttpsRedirectionMiddleware|Failed to determine the https port for redirect. |url: http://localhost/|action: 
