2022-06-22 13:19:36.3217|3|WARN|Microsoft.AspNetCore.HttpsPolicy.HttpsRedirectionMiddleware|Failed to determine the https port for redirect. |url: http://localhost/|action: 
2022-06-22 13:23:26.3564|3|WARN|Microsoft.AspNetCore.HttpsPolicy.HttpsRedirectionMiddleware|Failed to determine the https port for redirect. |url: http://localhost/|action: 
2022-06-22 13:23:45.3475||ERROR|eSyaEnterprise_UI.Areas.eSyaNatureCure.Controllers.FrontOfficeController|UD:GetDashboardByDate System.Exception: Internal Server Error|url: http://localhost/FrontOffice/GetDashboardByDate|action: GetDashboardByDate
2022-06-22 13:23:48.0156||ERROR|eSyaEnterprise_UI.Areas.eSyaNatureCure.Controllers.FrontOfficeController|UD:GetDashboardByDate System.Exception: Internal Server Error|url: http://localhost/FrontOffice/GetDashboardByDate|action: GetDashboardByDate
2022-06-22 13:24:28.2193||ERROR|eSyaEnterprise_UI.Areas.eSyaNatureCure.Controllers.FrontOfficeController|UD:GetDashboardByDate System.Exception: Internal Server Error|url: http://localhost/FrontOffice/GetDashboardByDate|action: GetDashboardByDate
2022-06-22 13:25:00.4201||ERROR|eSyaEnterprise_UI.Areas.eSyaNatureCure.Controllers.FrontOfficeController|UD:GetDashboardByDate System.Exception: Internal Server Error|url: http://localhost/FrontOffice/GetDashboardByDate|action: GetDashboardByDate
2022-06-22 13:26:18.3173||ERROR|eSyaEnterprise_UI.Areas.eSyaNatureCure.Controllers.FrontOfficeController|UD:GetDashboardByDate System.Exception: Internal Server Error|url: http://localhost/FrontOffice/GetDashboardByDate|action: GetDashboardByDate
2022-06-22 13:27:06.6581||ERROR|eSyaEnterprise_UI.Areas.eSyaNatureCure.Controllers.FrontOfficeController|UD:GetDashboardByDate System.Exception: Internal Server Error|url: http://localhost/FrontOffice/GetDashboardByDate|action: GetDashboardByDate
2022-06-22 13:27:44.4307||ERROR|eSyaEnterprise_UI.Areas.eSyaNatureCure.Controllers.FrontOfficeController|UD:GetDashboardByDate System.Exception: Internal Server Error|url: http://localhost/FrontOffice/GetDashboardByDate|action: GetDashboardByDate
2022-06-22 13:31:42.4374||ERROR|eSyaEnterprise_UI.Areas.eSyaNatureCure.Controllers.FrontOfficeController|UD:GetDashboardByDate System.Threading.Tasks.TaskCanceledException: The operation was canceled. ---> System.IO.IOException: Unable to read data from the transport connection: The I/O operation has been aborted because of either a thread exit or an application request. ---> System.Net.Sockets.SocketException: The I/O operation has been aborted because of either a thread exit or an application request
   --- End of inner exception stack trace ---
   at System.Net.Sockets.Socket.AwaitableSocketAsyncEventArgs.ThrowException(SocketError error)
   at System.Net.Sockets.Socket.AwaitableSocketAsyncEventArgs.GetResult(Int16 token)
   at System.Net.Security.SslStreamInternal.<FillBufferAsync>g__InternalFillBufferAsync|38_0[TReadAdapter](TReadAdapter adap, ValueTask`1 task, Int32 min, Int32 initial)
   at System.Net.Security.SslStreamInternal.ReadAsyncInternal[TReadAdapter](TReadAdapter adapter, Memory`1 buffer)
   at System.Net.Http.HttpConnection.SendAsyncCore(HttpRequestMessage request, CancellationToken cancellationToken)
   --- End of inner exception stack trace ---
   at System.Net.Http.HttpConnection.SendAsyncCore(HttpRequestMessage request, CancellationToken cancellationToken)
   at System.Net.Http.HttpConnectionPool.SendWithNtConnectionAuthAsync(HttpConnection connection, HttpRequestMessage request, Boolean doRequestAuth, CancellationToken cancellationToken)
   at System.Net.Http.HttpConnectionPool.SendWithRetryAsync(HttpRequestMessage request, Boolean doRequestAuth, CancellationToken cancellationToken)
   at System.Net.Http.RedirectHandler.SendAsync(HttpRequestMessage request, CancellationToken cancellationToken)
   at Microsoft.Extensions.Http.Logging.LoggingHttpMessageHandler.SendAsync(HttpRequestMessage request, CancellationToken cancellationToken)
   at Microsoft.Extensions.Http.Logging.LoggingScopeHttpMessageHandler.SendAsync(HttpRequestMessage request, CancellationToken cancellationToken)
   at System.Net.Http.HttpClient.FinishSendAsyncBuffered(Task`1 sendTask, HttpRequestMessage request, CancellationTokenSource cts, Boolean disposeCts)
   at eSyaEssentials_UI.HttpClientServices.GetAsync[T](String url)
   at eSyaEnterprise_UI.Areas.eSyaNatureCure.Controllers.FrontOfficeController.GetDashboardByDate(DateTime fromDate, DateTime toDate) in D:\eSya Project\Solution\eSyaEnterprise_UI\trunk\eSyaEnterprise_UI\Areas\eSyaNatureCure\Controllers\FrontOfficeController.cs:line 96|url: http://localhost/FrontOffice/GetDashboardByDate|action: GetDashboardByDate
2022-06-22 14:24:06.3273|3|WARN|Microsoft.AspNetCore.HttpsPolicy.HttpsRedirectionMiddleware|Failed to determine the https port for redirect. |url: http://localhost/|action: 
2022-06-22 16:59:11.1623|3|WARN|Microsoft.AspNetCore.HttpsPolicy.HttpsRedirectionMiddleware|Failed to determine the https port for redirect. |url: http://localhost/|action: 
2022-06-22 17:00:38.2090||ERROR|eSyaEnterprise_UI.Areas.eSyaNatureCure.Controllers.GuestBookingController|UD:GetGuestBookingBySearchCreteria:For roomTypeId 0  System.Net.Http.HttpRequestException: An error occurred while sending the request. ---> System.IO.IOException: Unable to read data from the transport connection: An existing connection was forcibly closed by the remote host. ---> System.Net.Sockets.SocketException: An existing connection was forcibly closed by the remote host
   --- End of inner exception stack trace ---
   at System.Net.Sockets.Socket.AwaitableSocketAsyncEventArgs.ThrowException(SocketError error)
   at System.Net.Sockets.Socket.AwaitableSocketAsyncEventArgs.GetResult(Int16 token)
   at System.Net.Security.SslStreamInternal.<FillBufferAsync>g__InternalFillBufferAsync|38_0[TReadAdapter](TReadAdapter adap, ValueTask`1 task, Int32 min, Int32 initial)
   at System.Net.Security.SslStreamInternal.ReadAsyncInternal[TReadAdapter](TReadAdapter adapter, Memory`1 buffer)
   at System.Net.Http.HttpConnection.SendAsyncCore(HttpRequestMessage request, CancellationToken cancellationToken)
   --- End of inner exception stack trace ---
   at System.Net.Http.HttpConnection.SendAsyncCore(HttpRequestMessage request, CancellationToken cancellationToken)
   at System.Net.Http.HttpConnectionPool.SendWithNtConnectionAuthAsync(HttpConnection connection, HttpRequestMessage request, Boolean doRequestAuth, CancellationToken cancellationToken)
   at System.Net.Http.HttpConnectionPool.SendWithRetryAsync(HttpRequestMessage request, Boolean doRequestAuth, CancellationToken cancellationToken)
   at System.Net.Http.RedirectHandler.SendAsync(HttpRequestMessage request, CancellationToken cancellationToken)
   at Microsoft.Extensions.Http.Logging.LoggingHttpMessageHandler.SendAsync(HttpRequestMessage request, CancellationToken cancellationToken)
   at Microsoft.Extensions.Http.Logging.LoggingScopeHttpMessageHandler.SendAsync(HttpRequestMessage request, CancellationToken cancellationToken)
   at System.Net.Http.HttpClient.FinishSendAsyncBuffered(Task`1 sendTask, HttpRequestMessage request, CancellationTokenSource cts, Boolean disposeCts)
   at eSyaEssentials_UI.HttpClientServices.PostAsJsonAsync[T](String url, Object value)
   at eSyaEnterprise_UI.Areas.eSyaNatureCure.Controllers.GuestBookingController.GetGuestBookingBySearchCreteria(Int32 roomTypeId, String roomNumber, String bedNumber, String occupancyType, String gender, Nullable`1 bookingFrom, Nullable`1 bookingTo, Nullable`1 checkInDate, Nullable`1 checkOutDate) in D:\eSya Project\Solution\eSyaEnterprise_UI\trunk\eSyaEnterprise_UI\Areas\eSyaNatureCure\Controllers\GuestBookingController.cs:line 95|url: http://localhost/GuestBooking/GetGuestBookingBySearchCreteria|action: GetGuestBookingBySearchCreteria
2022-06-22 17:01:46.6910||ERROR|eSyaEnterprise_UI.Areas.eSyaNatureCure.Controllers.GuestBookingController|UD:GetGuestBookingBySearchCreteria:For roomTypeId 0  System.Net.Http.HttpRequestException: An error occurred while sending the request. ---> System.IO.IOException: Unable to read data from the transport connection: An existing connection was forcibly closed by the remote host. ---> System.Net.Sockets.SocketException: An existing connection was forcibly closed by the remote host
   --- End of inner exception stack trace ---
   at System.Net.Sockets.Socket.AwaitableSocketAsyncEventArgs.ThrowException(SocketError error)
   at System.Net.Sockets.Socket.AwaitableSocketAsyncEventArgs.GetResult(Int16 token)
   at System.Net.Security.SslStreamInternal.<FillBufferAsync>g__InternalFillBufferAsync|38_0[TReadAdapter](TReadAdapter adap, ValueTask`1 task, Int32 min, Int32 initial)
   at System.Net.Security.SslStreamInternal.ReadAsyncInternal[TReadAdapter](TReadAdapter adapter, Memory`1 buffer)
   at System.Net.Http.HttpConnection.FillAsync()
   at System.Net.Http.HttpConnection.ReadNextResponseHeaderLineAsync(Boolean foldedHeadersAllowed)
   at System.Net.Http.HttpConnection.SendAsyncCore(HttpRequestMessage request, CancellationToken cancellationToken)
   --- End of inner exception stack trace ---
   at System.Net.Http.HttpConnection.SendAsyncCore(HttpRequestMessage request, CancellationToken cancellationToken)
   at System.Net.Http.HttpConnectionPool.SendWithNtConnectionAuthAsync(HttpConnection connection, HttpRequestMessage request, Boolean doRequestAuth, CancellationToken cancellationToken)
   at System.Net.Http.HttpConnectionPool.SendWithRetryAsync(HttpRequestMessage request, Boolean doRequestAuth, CancellationToken cancellationToken)
   at System.Net.Http.RedirectHandler.SendAsync(HttpRequestMessage request, CancellationToken cancellationToken)
   at Microsoft.Extensions.Http.Logging.LoggingHttpMessageHandler.SendAsync(HttpRequestMessage request, CancellationToken cancellationToken)
   at Microsoft.Extensions.Http.Logging.LoggingScopeHttpMessageHandler.SendAsync(HttpRequestMessage request, CancellationToken cancellationToken)
   at System.Net.Http.HttpClient.FinishSendAsyncBuffered(Task`1 sendTask, HttpRequestMessage request, CancellationTokenSource cts, Boolean disposeCts)
   at eSyaEssentials_UI.HttpClientServices.PostAsJsonAsync[T](String url, Object value)
   at eSyaEnterprise_UI.Areas.eSyaNatureCure.Controllers.GuestBookingController.GetGuestBookingBySearchCreteria(Int32 roomTypeId, String roomNumber, String bedNumber, String occupancyType, String gender, Nullable`1 bookingFrom, Nullable`1 bookingTo, Nullable`1 checkInDate, Nullable`1 checkOutDate) in D:\eSya Project\Solution\eSyaEnterprise_UI\trunk\eSyaEnterprise_UI\Areas\eSyaNatureCure\Controllers\GuestBookingController.cs:line 95|url: http://localhost/GuestBooking/GetGuestBookingBySearchCreteria|action: GetGuestBookingBySearchCreteria
